#
# There is insufficient memory for the Java Runtime Environment to continue.
# Native memory allocation (mmap) failed to map 98566144 bytes. Error detail: G1 virtual space
# Possible reasons:
#   The system is out of physical RAM or swap space
#   This process is running with CompressedOops enabled, and the Java Heap may be blocking the growth of the native heap
# Possible solutions:
#   Reduce memory load on the system
#   Increase physical memory or swap space
#   Check if swap backing store is full
#   Decrease Java heap size (-Xmx/-Xms)
#   Decrease number of Java threads
#   Decrease Java thread stack sizes (-Xss)
#   Set larger code cache with -XX:ReservedCodeCacheSize=
#   JVM is running with Unscaled Compressed Oops mode in which the Java heap is
#     placed in the first 4GB address space. The Java Heap base address is the
#     maximum limit for the native heap growth. Please use -XX:HeapBaseMinAddress
#     to set the Java Heap base and to place the Java Heap above 4GB virtual address.
# This output file may be truncated or incomplete.
#
#  Out of Memory Error (os_windows.cpp:3828), pid=19572, tid=14028
#
# JRE version:  (21.0.4) (build )
# Java VM: OpenJDK 64-Bit Server VM (21.0.4+-12508038-b607.1, mixed mode, sharing, tiered, compressed oops, compressed class ptrs, g1 gc, windows-amd64)
# No core dump will be written. Minidumps are not enabled by default on client versions of Windows
#

---------------  S U M M A R Y ------------

Command Line: -Dorg.gradle.appname=gradlew org.gradle.wrapper.GradleWrapperMain -q -Ptarget-platform=android-arm,android-arm64,android-x64 -Ptarget=lib\main.dart -Pbase-application-name=android.app.Application -Pdart-obfuscation=false -Ptrack-widget-creation=true -Ptree-shake-icons=true assembleRelease

Host: AMD Ryzen 5 5600H with Radeon Graphics         , 12 cores, 5G,  Windows 11 , 64 bit Build 22621 (10.0.22621.4974)
Time: Sun Mar 23 14:22:22 2025 India Standard Time elapsed time: 0.012911 seconds (0d 0h 0m 0s)

---------------  T H R E A D  ---------------

Current thread (0x000001a22decf6b0):  JavaThread "Unknown thread" [_thread_in_vm, id=14028, stack(0x0000004f2b400000,0x0000004f2b500000) (1024K)]

Stack: [0x0000004f2b400000,0x0000004f2b500000]
Native frames: (J=compiled Java code, j=interpreted, Vv=VM code, C=native code)
V  [jvm.dll+0x6ce539]
V  [jvm.dll+0x85bf03]
V  [jvm.dll+0x85e45e]
V  [jvm.dll+0x85eb43]
V  [jvm.dll+0x27dd06]
V  [jvm.dll+0x6cada5]
V  [jvm.dll+0x6bf27a]
V  [jvm.dll+0x3541fb]
V  [jvm.dll+0x35be36]
V  [jvm.dll+0x3adbc6]
V  [jvm.dll+0x3ade98]
V  [jvm.dll+0x32691c]
V  [jvm.dll+0x32760b]
V  [jvm.dll+0x823959]
V  [jvm.dll+0x3bacf8]
V  [jvm.dll+0x80cd58]
V  [jvm.dll+0x44ef2e]
V  [jvm.dll+0x450691]
C  [jli.dll+0x52ab]
C  [ucrtbase.dll+0x29333]
C  [KERNEL32.DLL+0x1259d]
C  [ntdll.dll+0x5af38]


---------------  P R O C E S S  ---------------

Threads class SMR info:
_java_thread_list=0x00007fff1c40a808, length=0, elements={
}

Java Threads: ( => current thread )
Total: 0

Other Threads:
  0x000001a22df115a0 WorkerThread "GC Thread#0"                     [id=23488, stack(0x0000004f2b500000,0x0000004f2b600000) (1024K)]
  0x000001a22df1f280 ConcurrentGCThread "G1 Main Marker"            [id=5644, stack(0x0000004f2b600000,0x0000004f2b700000) (1024K)]
  0x000001a22df20520 WorkerThread "G1 Conc#0"                       [id=12628, stack(0x0000004f2b700000,0x0000004f2b800000) (1024K)]

[error occurred during error reporting (printing all threads), id 0xc0000005, EXCEPTION_ACCESS_VIOLATION (0xc0000005) at pc=0x00007fff1bc09957]
VM state: not at safepoint (not fully initialized)

VM Mutex/Monitor currently owned by a thread:  ([mutex/lock_event])
[0x00007fff1c4773f8] Heap_lock - owner thread: 0x000001a22decf6b0

Heap address: 0x00000000a2400000, size: 1500 MB, Compressed Oops mode: 32-bit

CDS archive(s) mapped at: [0x0000000000000000-0x0000000000000000-0x0000000000000000), size 0, SharedBaseAddress: 0x0000000800000000, ArchiveRelocationMode: 1.
Narrow klass base: 0x0000000000000000, Narrow klass shift: 0, Narrow klass range: 0x0

GC Precious Log:
 CardTable entry size: 512
 Card Set container configuration: InlinePtr #cards 5 size 8 Array Of Cards #cards 12 size 40 Howl #buckets 4 coarsen threshold 1843 Howl Bitmap #cards 512 size 80 coarsen threshold 460 Card regions per heap region 1 cards per card region 2048

Heap:
 garbage-first heap   total 0K, used 0K [0x00000000a2400000, 0x0000000100000000)
  region size 1024K, 0 young (0K), 0 survivors (0K)
 Metaspace       used 0K, committed 0K, reserved 0K
  class space    used 0K, committed 0K, reserved 0K

Heap Regions: E=young(eden), S=young(survivor), O=old, HS=humongous(starts), HC=humongous(continues), CS=collection set, F=free, TAMS=top-at-mark-start, PB=parsable bottom

Card table byte_map: [0x000001a240850000,0x000001a240b40000] _byte_map_base: 0x000001a24033e000

Marking Bits: (CMBitMap*) 0x000001a22df11ca0
 Bits: [0x000001a240b40000, 0x000001a2422b0000)

GC Heap History (0 events):
No events

Dll operation events (1 events):
Event: 0.008 Loaded shared library C:\Program Files\Android\Android Studio_new\jbr\bin\java.dll

Deoptimization events (0 events):
No events

Classes loaded (0 events):
No events

Classes unloaded (0 events):
No events

Classes redefined (0 events):
No events

Internal exceptions (0 events):
No events

ZGC Phase Switch (0 events):
No events

VM Operations (0 events):
No events

Memory protections (0 events):
No events

Nmethod flushes (0 events):
No events

Events (0 events):
No events


Dynamic libraries:
0x00007ff703f70000 - 0x00007ff703f7a000 	C:\Program Files\Android\Android Studio_new\jbr\bin\java.exe
0x00007fffafeb0000 - 0x00007fffb00c7000 	C:\WINDOWS\SYSTEM32\ntdll.dll
0x00007fffae9d0000 - 0x00007fffaea94000 	C:\WINDOWS\System32\KERNEL32.DLL
0x00007fffad640000 - 0x00007fffada11000 	C:\WINDOWS\System32\KERNELBASE.dll
0x00007fffad520000 - 0x00007fffad631000 	C:\WINDOWS\System32\ucrtbase.dll
0x00007fff9b910000 - 0x00007fff9b928000 	C:\Program Files\Android\Android Studio_new\jbr\bin\jli.dll
0x00007fff9d150000 - 0x00007fff9d16b000 	C:\Program Files\Android\Android Studio_new\jbr\bin\VCRUNTIME140.dll
0x00007fffaf0b0000 - 0x00007fffaf261000 	C:\WINDOWS\System32\USER32.dll
0x00007fffacff0000 - 0x00007fffad016000 	C:\WINDOWS\System32\win32u.dll
0x00007fffac2d0000 - 0x00007fffac562000 	C:\WINDOWS\WinSxS\amd64_microsoft.windows.common-controls_6595b64144ccf1df_6.0.22621.4830_none_270fe7d773858e80\COMCTL32.dll
0x00007fffae5e0000 - 0x00007fffae609000 	C:\WINDOWS\System32\GDI32.dll
0x00007fffaf000000 - 0x00007fffaf0a7000 	C:\WINDOWS\System32\msvcrt.dll
0x00007fffad0a0000 - 0x00007fffad1bb000 	C:\WINDOWS\System32\gdi32full.dll
0x00007fffada20000 - 0x00007fffadaba000 	C:\WINDOWS\System32\msvcp_win.dll
0x00007fffaf2f0000 - 0x00007fffaf321000 	C:\WINDOWS\System32\IMM32.DLL
0x00007fff832f0000 - 0x00007fff832fc000 	C:\Program Files\Android\Android Studio_new\jbr\bin\vcruntime140_1.dll
0x00007fff50e90000 - 0x00007fff50f1d000 	C:\Program Files\Android\Android Studio_new\jbr\bin\msvcp140.dll
0x00007fff1b8d0000 - 0x00007fff1c553000 	C:\Program Files\Android\Android Studio_new\jbr\bin\server\jvm.dll
0x00007fffaef40000 - 0x00007fffaeff1000 	C:\WINDOWS\System32\ADVAPI32.dll
0x00007fffaeb00000 - 0x00007fffaeba7000 	C:\WINDOWS\System32\sechost.dll
0x00007fffad330000 - 0x00007fffad358000 	C:\WINDOWS\System32\bcrypt.dll
0x00007fffadb80000 - 0x00007fffadc94000 	C:\WINDOWS\System32\RPCRT4.dll
0x00007fffaf270000 - 0x00007fffaf2e1000 	C:\WINDOWS\System32\WS2_32.dll
0x00007fffaced0000 - 0x00007fffacf1d000 	C:\WINDOWS\SYSTEM32\POWRPROF.dll
0x00007fffa91c0000 - 0x00007fffa91ca000 	C:\WINDOWS\SYSTEM32\VERSION.dll
0x00007fffa7f90000 - 0x00007fffa7fc4000 	C:\WINDOWS\SYSTEM32\WINMM.dll
0x00007fffacea0000 - 0x00007fffaceb3000 	C:\WINDOWS\SYSTEM32\UMPDC.dll
0x00007fffab910000 - 0x00007fffab928000 	C:\WINDOWS\SYSTEM32\kernel.appcore.dll
0x00007fff832e0000 - 0x00007fff832ea000 	C:\Program Files\Android\Android Studio_new\jbr\bin\jimage.dll
0x00007fffac860000 - 0x00007fffaca92000 	C:\WINDOWS\SYSTEM32\DBGHELP.DLL
0x00007fffaf960000 - 0x00007fffafcf0000 	C:\WINDOWS\System32\combase.dll
0x00007fffaec30000 - 0x00007fffaed07000 	C:\WINDOWS\System32\OLEAUT32.dll
0x00007fffac750000 - 0x00007fffac782000 	C:\WINDOWS\SYSTEM32\dbgcore.DLL
0x00007fffad4a0000 - 0x00007fffad51b000 	C:\WINDOWS\System32\bcryptPrimitives.dll
0x00007fff72bc0000 - 0x00007fff72be0000 	C:\Program Files\Android\Android Studio_new\jbr\bin\java.dll

dbghelp: loaded successfully - version: 4.0.5 - missing functions: none
symbol engine: initialized successfully - sym options: 0x614 - pdb path: .;C:\Program Files\Android\Android Studio_new\jbr\bin;C:\WINDOWS\SYSTEM32;C:\WINDOWS\WinSxS\amd64_microsoft.windows.common-controls_6595b64144ccf1df_6.0.22621.4830_none_270fe7d773858e80;C:\Program Files\Android\Android Studio_new\jbr\bin\server

VM Arguments:
jvm_args: -Dorg.gradle.appname=gradlew 
java_command: org.gradle.wrapper.GradleWrapperMain -q -Ptarget-platform=android-arm,android-arm64,android-x64 -Ptarget=lib\main.dart -Pbase-application-name=android.app.Application -Pdart-obfuscation=false -Ptrack-widget-creation=true -Ptree-shake-icons=true assembleRelease
java_class_path (initial): D:\ReactProjects\HRDesk\hrm06022025\hrm\android\\gradle\wrapper\gradle-wrapper.jar
Launcher Type: SUN_STANDARD

[Global flags]
     intx CICompilerCount                          = 4                                         {product} {ergonomic}
     uint ConcGCThreads                            = 3                                         {product} {ergonomic}
     uint G1ConcRefinementThreads                  = 10                                        {product} {ergonomic}
   size_t G1HeapRegionSize                         = 1048576                                   {product} {ergonomic}
    uintx GCDrainStackTargetSize                   = 64                                        {product} {ergonomic}
   size_t InitialHeapSize                          = 98566144                                  {product} {ergonomic}
   size_t MarkStackSize                            = 4194304                                   {product} {ergonomic}
   size_t MaxHeapSize                              = 1572864000                                {product} {ergonomic}
   size_t MinHeapDeltaBytes                        = 1048576                                   {product} {ergonomic}
   size_t MinHeapSize                              = 8388608                                   {product} {ergonomic}
    uintx NonNMethodCodeHeapSize                   = 5839372                                {pd product} {ergonomic}
    uintx NonProfiledCodeHeapSize                  = 122909434                              {pd product} {ergonomic}
    uintx ProfiledCodeHeapSize                     = 122909434                              {pd product} {ergonomic}
    uintx ReservedCodeCacheSize                    = 251658240                              {pd product} {ergonomic}
     bool SegmentedCodeCache                       = true                                      {product} {ergonomic}
   size_t SoftMaxHeapSize                          = 1572864000                             {manageable} {ergonomic}
     bool UseCompressedOops                        = true                           {product lp64_product} {ergonomic}
     bool UseG1GC                                  = true                                      {product} {ergonomic}
     bool UseLargePagesIndividualAllocation        = false                                  {pd product} {ergonomic}

Logging:
Log output configuration:
 #0: stdout all=warning uptime,level,tags foldmultilines=false
 #1: stderr all=off uptime,level,tags foldmultilines=false

Environment Variables:
JAVA_HOME=C:\Program Files\Android\Android Studio_new\jbr
CLASSPATH=D:\ReactProjects\HRDesk\hrm06022025\hrm\android\\gradle\wrapper\gradle-wrapper.jar
PATH=C:\Program Files\Android\Android Studio_new\jbr\bin;C:\Python313\Scripts\;C:\Python313\;C:\Program Files\Common Files\Oracle\Java\javapath;C:\Windows\system32;C:\Windows;C:\Windows\System32\Wbem;C:\Windows\System32\WindowsPowerShell\v1.0\;C:\Windows\System32\OpenSSH\;C:\Program Files (x86)\NVIDIA Corporation\PhysX\Common;C:\Program Files\Java\jdk-17.0.2\bin;C:\Program Files\Git\cmd;C:\Program Files\NVIDIA Corporation\NVIDIA NvDLISR;D:\flutter_windows_2.10.0-stable\flutter\bin;C:\WINDOWS\system32;C:\WINDOWS;C:\WINDOWS\System32\Wbem;C:\WINDOWS\System32\WindowsPowerShell\v1.0\;C:\WINDOWS\System32\OpenSSH\;%NVM_HOME%;%NVM_SYMLINK%;C:\Program Files\MySQL\MySQL Shell 8.0\bin\;C:\Users\lenovo\AppData\Local\Microsoft\WindowsApps;D:\flutter_windows_2.10.0-stable\flutter\bin;C:\Program Files\JetBrains\IntelliJ IDEA Community Edition 2022.3.2\bin;C:\Users\lenovo\AppData\Local\Programs\Microsoft VS Code\bin;C:\Users\lenovo\AppData\Roaming\npm;C:\Users\lenovo\AppData\Roaming\nvm;C:\Program Files\nodejs;C:\Users\lenovo\AppData\Local\JetBrains\Toolbox\scripts;;D:\flutter_windows_2.10.0-stable\flutter\bin\mingit\cmd
USERNAME=lenovo
OS=Windows_NT
PROCESSOR_IDENTIFIER=AMD64 Family 25 Model 80 Stepping 0, AuthenticAMD
TMP=C:\Users\lenovo\AppData\Local\Temp
TEMP=C:\Users\lenovo\AppData\Local\Temp




Periodic native trim disabled

JNI global refs:
JNI global refs: 0, weak refs: 0

JNI global refs memory usage: 0, weak refs: 0

Process memory usage:
Resident Set Size: 11708K (0% of 6139972K total physical memory with 84956K free physical memory)

OOME stack traces (most recent first):
Classloader memory used:

---------------  S Y S T E M  ---------------

OS:
 Windows 11 , 64 bit Build 22621 (10.0.22621.4974)
OS uptime: 11 days 3:45 hours
Hyper-V role detected

CPU: total 12 (initial active 12) (12 cores per cpu, 2 threads per core) family 25 model 80 stepping 0 microcode 0x0, cx8, cmov, fxsr, ht, mmx, 3dnowpref, sse, sse2, sse3, ssse3, sse4a, sse4.1, sse4.2, popcnt, lzcnt, tsc, tscinvbit, avx, avx2, aes, erms, clmul, bmi1, bmi2, adx, sha, fma, vzeroupper, clflush, clflushopt, hv, rdtscp, rdpid, fsrm, f16c, cet_ss
Processor Information for processor 0
  Max Mhz: 3301, Current Mhz: 3301, Mhz Limit: 3301
Processor Information for processor 1
  Max Mhz: 3301, Current Mhz: 1805, Mhz Limit: 3301
Processor Information for processor 2
  Max Mhz: 3301, Current Mhz: 3301, Mhz Limit: 3301
Processor Information for processor 3
  Max Mhz: 3301, Current Mhz: 1805, Mhz Limit: 3301
Processor Information for processor 4
  Max Mhz: 3301, Current Mhz: 1805, Mhz Limit: 3301
Processor Information for processor 5
  Max Mhz: 3301, Current Mhz: 3301, Mhz Limit: 3301
Processor Information for processor 6
  Max Mhz: 3301, Current Mhz: 1805, Mhz Limit: 3301
Processor Information for processor 7
  Max Mhz: 3301, Current Mhz: 1805, Mhz Limit: 3301
Processor Information for processor 8
  Max Mhz: 3301, Current Mhz: 3301, Mhz Limit: 3301
Processor Information for processor 9
  Max Mhz: 3301, Current Mhz: 3301, Mhz Limit: 3301
Processor Information for processor 10
  Max Mhz: 3301, Current Mhz: 3301, Mhz Limit: 3301
Processor Information for processor 11
  Max Mhz: 3301, Current Mhz: 1805, Mhz Limit: 3301

Memory: 4k page, system-wide physical 5996M (83M free)
TotalPageFile size 24428M (AvailPageFile size 76M)
current process WorkingSet (physical memory assigned to process): 11M, peak: 11M
current process commit charge ("private bytes"): 64M, peak: 158M

vm_info: OpenJDK 64-Bit Server VM (21.0.4+-12508038-b607.1) for windows-amd64 JRE (21.0.4+-12508038-b607.1), built on 2024-10-16T17:23:34Z by "builder" with MS VC++ 16.10 / 16.11 (VS2019)

END.
