#
# There is insufficient memory for the Java Runtime Environment to continue.
# Native memory allocation (malloc) failed to allocate 1911216 bytes. Error detail: Chunk::new
# Possible reasons:
#   The system is out of physical RAM or swap space
#   This process is running with CompressedOops enabled, and the Java Heap may be blocking the growth of the native heap
# Possible solutions:
#   Reduce memory load on the system
#   Increase physical memory or swap space
#   Check if swap backing store is full
#   Decrease Java heap size (-Xmx/-Xms)
#   Decrease number of Java threads
#   Decrease Java thread stack sizes (-Xss)
#   Set larger code cache with -XX:ReservedCodeCacheSize=
#   JVM is running with Unscaled Compressed Oops mode in which the Java heap is
#     placed in the first 4GB address space. The Java Heap base address is the
#     maximum limit for the native heap growth. Please use -XX:HeapBaseMinAddress
#     to set the Java Heap base and to place the Java Heap above 4GB virtual address.
# This output file may be truncated or incomplete.
#
#  Out of Memory Error (arena.cpp:168), pid=14556, tid=18824
#
# JRE version: OpenJDK Runtime Environment (21.0.4) (build 21.0.4+-12508038-b607.1)
# Java VM: OpenJDK 64-Bit Server VM (21.0.4+-12508038-b607.1, mixed mode, tiered, compressed oops, compressed class ptrs, g1 gc, windows-amd64)
# No core dump will be written. Minidumps are not enabled by default on client versions of Windows
#

---------------  S U M M A R Y ------------

Command Line: org.jetbrains.kotlin.cli.jvm.K2JVMCompiler @D:\React Projects\HRDesk\hrm06022025\hrm\build\shared_preferences_android\20250211_4496083187842872124.compiler.options

Host: AMD Ryzen 5 5600H with Radeon Graphics         , 12 cores, 5G,  Windows 11 , 64 bit Build 22621 (10.0.22621.4830)
Time: Tue Feb 11 20:18:22 2025 India Standard Time elapsed time: 7.635739 seconds (0d 0h 0m 7s)

---------------  T H R E A D  ---------------

Current thread (0x000001ccff057e80):  JavaThread "C2 CompilerThread0" daemon [_thread_in_native, id=18824, stack(0x000000a5d2b00000,0x000000a5d2c00000) (1024K)]


Current CompileTask:
C2:   7635 2419       4       java.lang.invoke.MethodType::makeImpl (109 bytes)

Stack: [0x000000a5d2b00000,0x000000a5d2c00000]
Native frames: (J=compiled Java code, j=interpreted, Vv=VM code, C=native code)
V  [jvm.dll+0x6ce539]
V  [jvm.dll+0x85bf03]
V  [jvm.dll+0x85e45e]
V  [jvm.dll+0x85eb43]
V  [jvm.dll+0x27dd06]
V  [jvm.dll+0xbf9cd]
V  [jvm.dll+0xbff03]
V  [jvm.dll+0x3b4db1]
V  [jvm.dll+0x380f07]
V  [jvm.dll+0x38037a]
V  [jvm.dll+0x2473f2]
V  [jvm.dll+0x2469c1]
V  [jvm.dll+0x1c58a4]
V  [jvm.dll+0x255fec]
V  [jvm.dll+0x254536]
V  [jvm.dll+0x3efab6]
V  [jvm.dll+0x804418]
V  [jvm.dll+0x6cce0d]
C  [ucrtbase.dll+0x29333]
C  [KERNEL32.DLL+0x1259d]
C  [ntdll.dll+0x5af38]


---------------  P R O C E S S  ---------------

Threads class SMR info:
_java_thread_list=0x000001ccffba8230, length=11, elements={
0x000001cce39ef850, 0x000001ccff0501e0, 0x000001ccff052b20, 0x000001ccff03b030,
0x000001ccff03c6b0, 0x000001ccff03d130, 0x000001ccff056c10, 0x000001ccff057e80,
0x000001ccff05c300, 0x000001ccff1f9980, 0x000001ccff1fa1b0
}

Java Threads: ( => current thread )
  0x000001cce39ef850 JavaThread "main"                              [_thread_in_vm, id=18472, stack(0x000000a5d1d00000,0x000000a5d1e00000) (1024K)]
  0x000001ccff0501e0 JavaThread "Reference Handler"          daemon [_thread_blocked, id=17712, stack(0x000000a5d2500000,0x000000a5d2600000) (1024K)]
  0x000001ccff052b20 JavaThread "Finalizer"                  daemon [_thread_blocked, id=22440, stack(0x000000a5d2600000,0x000000a5d2700000) (1024K)]
  0x000001ccff03b030 JavaThread "Signal Dispatcher"          daemon [_thread_blocked, id=26424, stack(0x000000a5d2700000,0x000000a5d2800000) (1024K)]
  0x000001ccff03c6b0 JavaThread "Attach Listener"            daemon [_thread_blocked, id=8940, stack(0x000000a5d2800000,0x000000a5d2900000) (1024K)]
  0x000001ccff03d130 JavaThread "Service Thread"             daemon [_thread_blocked, id=23456, stack(0x000000a5d2900000,0x000000a5d2a00000) (1024K)]
  0x000001ccff056c10 JavaThread "Monitor Deflation Thread"   daemon [_thread_blocked, id=26640, stack(0x000000a5d2a00000,0x000000a5d2b00000) (1024K)]
=>0x000001ccff057e80 JavaThread "C2 CompilerThread0"         daemon [_thread_in_native, id=18824, stack(0x000000a5d2b00000,0x000000a5d2c00000) (1024K)]
  0x000001ccff05c300 JavaThread "C1 CompilerThread0"         daemon [_thread_blocked, id=9536, stack(0x000000a5d2c00000,0x000000a5d2d00000) (1024K)]
  0x000001ccff1f9980 JavaThread "Notification Thread"        daemon [_thread_blocked, id=19780, stack(0x000000a5d2d00000,0x000000a5d2e00000) (1024K)]
  0x000001ccff1fa1b0 JavaThread "Common-Cleaner"             daemon [_thread_blocked, id=7664, stack(0x000000a5d2e00000,0x000000a5d2f00000) (1024K)]
Total: 11

Other Threads:
  0x000001ccfaa14840 VMThread "VM Thread"                           [id=23732, stack(0x000000a5d2400000,0x000000a5d2500000) (1024K)]
  0x000001ccfa9cd670 WatcherThread "VM Periodic Task Thread"        [id=19652, stack(0x000000a5d2300000,0x000000a5d2400000) (1024K)]
  0x000001cce3a32480 WorkerThread "GC Thread#0"                     [id=25780, stack(0x000000a5d1e00000,0x000000a5d1f00000) (1024K)]
  0x000001ccff916dd0 WorkerThread "GC Thread#1"                     [id=23496, stack(0x000000a5d2f00000,0x000000a5d3000000) (1024K)]
  0x000001ccff917b90 WorkerThread "GC Thread#2"                     [id=15420, stack(0x000000a5d3000000,0x000000a5d3100000) (1024K)]
  0x000001ccff906090 WorkerThread "GC Thread#3"                     [id=24408, stack(0x000000a5d3100000,0x000000a5d3200000) (1024K)]
  0x000001ccff906430 WorkerThread "GC Thread#4"                     [id=17988, stack(0x000000a5d3200000,0x000000a5d3300000) (1024K)]
  0x000001ccff9067d0 WorkerThread "GC Thread#5"                     [id=19216, stack(0x000000a5d3300000,0x000000a5d3400000) (1024K)]
  0x000001cc800a3eb0 WorkerThread "GC Thread#6"                     [id=17912, stack(0x000000a5d3400000,0x000000a5d3500000) (1024K)]
  0x000001cc800a2c90 WorkerThread "GC Thread#7"                     [id=14588, stack(0x000000a5d3500000,0x000000a5d3600000) (1024K)]
  0x000001cc800a33d0 WorkerThread "GC Thread#8"                     [id=12080, stack(0x000000a5d3900000,0x000000a5d3a00000) (1024K)]
  0x000001cc806cc170 WorkerThread "GC Thread#9"                     [id=28352, stack(0x000000a5d3a00000,0x000000a5d3b00000) (1024K)]
  0x000001cce3a3f7f0 ConcurrentGCThread "G1 Main Marker"            [id=6756, stack(0x000000a5d1f00000,0x000000a5d2000000) (1024K)]
  0x000001cce3a40460 WorkerThread "G1 Conc#0"                       [id=28160, stack(0x000000a5d2000000,0x000000a5d2100000) (1024K)]
  0x000001cc800a3770 WorkerThread "G1 Conc#1"                       [id=19332, stack(0x000000a5d3600000,0x000000a5d3700000) (1024K)]
  0x000001cc800a28f0 WorkerThread "G1 Conc#2"                       [id=15172, stack(0x000000a5d3700000,0x000000a5d3800000) (1024K)]
  0x000001ccfa8a40d0 ConcurrentGCThread "G1 Refine#0"               [id=23588, stack(0x000000a5d2100000,0x000000a5d2200000) (1024K)]
  0x000001ccfa8a5770 ConcurrentGCThread "G1 Service"                [id=5340, stack(0x000000a5d2200000,0x000000a5d2300000) (1024K)]
Total: 18

Threads with active compile tasks:
C2 CompilerThread0     7649 2419       4       java.lang.invoke.MethodType::makeImpl (109 bytes)
Total: 1

VM state: not at safepoint (normal execution)

VM Mutex/Monitor currently owned by a thread:  ([mutex/lock_event])
[0x00007ffa095471f8] CodeCache_lock - owner thread: 0x000001cce39ef850
[0x00007ffa09547378] Compile_lock - owner thread: 0x000001cce39ef850

Heap address: 0x00000000a2400000, size: 1500 MB, Compressed Oops mode: 32-bit

CDS archive(s) not mapped
Compressed class space mapped at: 0x0000000100000000-0x0000000140000000, reserved size: 1073741824
Narrow klass base: 0x0000000000000000, Narrow klass shift: 3, Narrow klass range: 0x140000000

GC Precious Log:
 CardTable entry size: 512
 Card Set container configuration: InlinePtr #cards 5 size 8 Array Of Cards #cards 12 size 40 Howl #buckets 4 coarsen threshold 1843 Howl Bitmap #cards 512 size 80 coarsen threshold 460 Card regions per heap region 1 cards per card region 2048
 CPUs: 12 total, 12 available
 Memory: 5996M
 Large Page Support: Disabled
 NUMA Support: Disabled
 Compressed Oops: Enabled (32-bit)
 Heap Region Size: 1M
 Heap Min Capacity: 8M
 Heap Initial Capacity: 94M
 Heap Max Capacity: 1500M
 Pre-touch: Disabled
 Parallel Workers: 10
 Concurrent Workers: 3
 Concurrent Refinement Workers: 10
 Periodic GC: Disabled

Heap:
 garbage-first heap   total 39936K, used 33237K [0x00000000a2400000, 0x0000000100000000)
  region size 1024K, 17 young (17408K), 2 survivors (2048K)
 Metaspace       used 40260K, committed 40960K, reserved 1114112K
  class space    used 4816K, committed 5184K, reserved 1048576K

Heap Regions: E=young(eden), S=young(survivor), O=old, HS=humongous(starts), HC=humongous(continues), CS=collection set, F=free, TAMS=top-at-mark-start, PB=parsable bottom
|   0|0x00000000a2400000, 0x00000000a2500000, 0x00000000a2500000|100%|HS|  |TAMS 0x00000000a2400000| PB 0x00000000a2400000| Complete 
|   1|0x00000000a2500000, 0x00000000a2600000, 0x00000000a2600000|100%|HC|  |TAMS 0x00000000a2500000| PB 0x00000000a2500000| Complete 
|   2|0x00000000a2600000, 0x00000000a2700000, 0x00000000a2700000|100%|HC|  |TAMS 0x00000000a2600000| PB 0x00000000a2600000| Complete 
|   3|0x00000000a2700000, 0x00000000a2800000, 0x00000000a2800000|100%|HC|  |TAMS 0x00000000a2700000| PB 0x00000000a2700000| Complete 
|   4|0x00000000a2800000, 0x00000000a2900000, 0x00000000a2900000|100%| O|  |TAMS 0x00000000a2800000| PB 0x00000000a2800000| Untracked 
|   5|0x00000000a2900000, 0x00000000a2a00000, 0x00000000a2a00000|100%| O|  |TAMS 0x00000000a2900000| PB 0x00000000a2900000| Untracked 
|   6|0x00000000a2a00000, 0x00000000a2b00000, 0x00000000a2b00000|100%| O|  |TAMS 0x00000000a2a00000| PB 0x00000000a2a00000| Untracked 
|   7|0x00000000a2b00000, 0x00000000a2c00000, 0x00000000a2c00000|100%| O|  |TAMS 0x00000000a2b00000| PB 0x00000000a2b00000| Untracked 
|   8|0x00000000a2c00000, 0x00000000a2d00000, 0x00000000a2d00000|100%| O|  |TAMS 0x00000000a2c00000| PB 0x00000000a2c00000| Untracked 
|   9|0x00000000a2d00000, 0x00000000a2e00000, 0x00000000a2e00000|100%| O|  |TAMS 0x00000000a2d00000| PB 0x00000000a2d00000| Untracked 
|  10|0x00000000a2e00000, 0x00000000a2f00000, 0x00000000a2f00000|100%| O|  |TAMS 0x00000000a2e00000| PB 0x00000000a2e00000| Untracked 
|  11|0x00000000a2f00000, 0x00000000a3000000, 0x00000000a3000000|100%| O|  |TAMS 0x00000000a2f00000| PB 0x00000000a2f00000| Untracked 
|  12|0x00000000a3000000, 0x00000000a3100000, 0x00000000a3100000|100%| O|  |TAMS 0x00000000a3000000| PB 0x00000000a3000000| Untracked 
|  13|0x00000000a3100000, 0x00000000a3200000, 0x00000000a3200000|100%| O|Cm|TAMS 0x00000000a3100000| PB 0x00000000a3100000| Complete 
|  14|0x00000000a3200000, 0x00000000a3300000, 0x00000000a3300000|100%| O|  |TAMS 0x00000000a3200000| PB 0x00000000a3200000| Untracked 
|  15|0x00000000a3300000, 0x00000000a3400000, 0x00000000a3400000|100%| O|  |TAMS 0x00000000a3300000| PB 0x00000000a3300000| Untracked 
|  16|0x00000000a3400000, 0x00000000a3475768, 0x00000000a3500000| 45%| O|  |TAMS 0x00000000a3400000| PB 0x00000000a3400000| Untracked 
|  17|0x00000000a3500000, 0x00000000a3500000, 0x00000000a3600000|  0%| F|  |TAMS 0x00000000a3500000| PB 0x00000000a3500000| Untracked 
|  18|0x00000000a3600000, 0x00000000a3600000, 0x00000000a3700000|  0%| F|  |TAMS 0x00000000a3600000| PB 0x00000000a3600000| Untracked 
|  19|0x00000000a3700000, 0x00000000a3700000, 0x00000000a3800000|  0%| F|  |TAMS 0x00000000a3700000| PB 0x00000000a3700000| Untracked 
|  20|0x00000000a3800000, 0x00000000a3800000, 0x00000000a3900000|  0%| F|  |TAMS 0x00000000a3800000| PB 0x00000000a3800000| Untracked 
|  21|0x00000000a3900000, 0x00000000a3900000, 0x00000000a3a00000|  0%| F|  |TAMS 0x00000000a3900000| PB 0x00000000a3900000| Untracked 
|  22|0x00000000a3a00000, 0x00000000a3b00000, 0x00000000a3b00000|100%| S|CS|TAMS 0x00000000a3a00000| PB 0x00000000a3a00000| Complete 
|  23|0x00000000a3b00000, 0x00000000a3c00000, 0x00000000a3c00000|100%| S|CS|TAMS 0x00000000a3b00000| PB 0x00000000a3b00000| Complete 
|  24|0x00000000a3c00000, 0x00000000a3c9d330, 0x00000000a3d00000| 61%| E|  |TAMS 0x00000000a3c00000| PB 0x00000000a3c00000| Complete 
|  25|0x00000000a3d00000, 0x00000000a3e00000, 0x00000000a3e00000|100%| E|CS|TAMS 0x00000000a3d00000| PB 0x00000000a3d00000| Complete 
|  26|0x00000000a3e00000, 0x00000000a3f00000, 0x00000000a3f00000|100%| E|CS|TAMS 0x00000000a3e00000| PB 0x00000000a3e00000| Complete 
|  27|0x00000000a3f00000, 0x00000000a4000000, 0x00000000a4000000|100%| E|CS|TAMS 0x00000000a3f00000| PB 0x00000000a3f00000| Complete 
|  28|0x00000000a4000000, 0x00000000a4100000, 0x00000000a4100000|100%| E|CS|TAMS 0x00000000a4000000| PB 0x00000000a4000000| Complete 
|  29|0x00000000a4100000, 0x00000000a4200000, 0x00000000a4200000|100%| E|CS|TAMS 0x00000000a4100000| PB 0x00000000a4100000| Complete 
|  30|0x00000000a4200000, 0x00000000a4300000, 0x00000000a4300000|100%| E|CS|TAMS 0x00000000a4200000| PB 0x00000000a4200000| Complete 
|  31|0x00000000a4300000, 0x00000000a4400000, 0x00000000a4400000|100%| E|CS|TAMS 0x00000000a4300000| PB 0x00000000a4300000| Complete 
|  32|0x00000000a4400000, 0x00000000a4500000, 0x00000000a4500000|100%| E|CS|TAMS 0x00000000a4400000| PB 0x00000000a4400000| Complete 
|  33|0x00000000a4500000, 0x00000000a4600000, 0x00000000a4600000|100%| E|CS|TAMS 0x00000000a4500000| PB 0x00000000a4500000| Complete 
|  34|0x00000000a4600000, 0x00000000a4700000, 0x00000000a4700000|100%| E|CS|TAMS 0x00000000a4600000| PB 0x00000000a4600000| Complete 
|  35|0x00000000a4700000, 0x00000000a4800000, 0x00000000a4800000|100%| E|CS|TAMS 0x00000000a4700000| PB 0x00000000a4700000| Complete 
|  36|0x00000000a4800000, 0x00000000a4900000, 0x00000000a4900000|100%| E|CS|TAMS 0x00000000a4800000| PB 0x00000000a4800000| Complete 
|  74|0x00000000a6e00000, 0x00000000a6f00000, 0x00000000a6f00000|100%| E|CS|TAMS 0x00000000a6e00000| PB 0x00000000a6e00000| Complete 
|  93|0x00000000a8100000, 0x00000000a8200000, 0x00000000a8200000|100%| E|CS|TAMS 0x00000000a8100000| PB 0x00000000a8100000| Complete 

Card table byte_map: [0x000001ccf6370000,0x000001ccf6660000] _byte_map_base: 0x000001ccf5e5e000

Marking Bits: (CMBitMap*) 0x000001cce3a32b80
 Bits: [0x000001ccf6660000, 0x000001ccf7dd0000)

Polling page: 0x000001cce19c0000

Metaspace:

Usage:
  Non-class:     34.61 MB used.
      Class:      4.70 MB used.
       Both:     39.32 MB used.

Virtual space:
  Non-class space:       64.00 MB reserved,      34.94 MB ( 55%) committed,  1 nodes.
      Class space:        1.00 GB reserved,       5.06 MB ( <1%) committed,  1 nodes.
             Both:        1.06 GB reserved,      40.00 MB (  4%) committed. 

Chunk freelists:
   Non-Class:  12.89 MB
       Class:  10.80 MB
        Both:  23.69 MB

MaxMetaspaceSize: unlimited
CompressedClassSpaceSize: 1.00 GB
Initial GC threshold: 21.00 MB
Current GC threshold: 56.56 MB
CDS: off
 - commit_granule_bytes: 65536.
 - commit_granule_words: 8192.
 - virtual_space_node_default_size: 8388608.
 - enlarge_chunks_in_place: 1.
 - use_allocation_guard: 0.


Internal statistics:

num_allocs_failed_limit: 6.
num_arena_births: 1162.
num_arena_deaths: 0.
num_vsnodes_births: 2.
num_vsnodes_deaths: 0.
num_space_committed: 639.
num_space_uncommitted: 0.
num_chunks_returned_to_freelist: 6.
num_chunks_taken_from_freelist: 2467.
num_chunk_merges: 6.
num_chunk_splits: 1800.
num_chunks_enlarged: 1287.
num_inconsistent_stats: 0.

CodeHeap 'non-profiled nmethods': size=120000Kb used=1092Kb max_used=1092Kb free=118907Kb
 bounds [0x000001ccee600000, 0x000001ccee870000, 0x000001ccf5b30000]
CodeHeap 'profiled nmethods': size=120000Kb used=4752Kb max_used=4752Kb free=115247Kb
 bounds [0x000001cce6b30000, 0x000001cce6fe0000, 0x000001ccee060000]
CodeHeap 'non-nmethods': size=5760Kb used=1488Kb max_used=1500Kb free=4271Kb
 bounds [0x000001ccee060000, 0x000001ccee2d0000, 0x000001ccee600000]
 total_blobs=3150 nmethods=2576 adapters=478
 compilation: enabled
              stopped_count=0, restarted_count=0
 full_count=0

Compilation events (20 events):
Event: 7.584 Thread 0x000001ccff05c300 2677       2       org.jetbrains.kotlin.com.intellij.psi.impl.source.CharTableImpl::subSequenceHashCode (35 bytes)
Event: 7.585 Thread 0x000001ccff05c300 nmethod 2677 0x000001cce6fca810 code [0x000001cce6fcaa00, 0x000001cce6fcaca0]
Event: 7.585 Thread 0x000001ccff05c300 2672       2       org.jetbrains.kotlin.com.intellij.lang.ASTFactory::factory (14 bytes)
Event: 7.585 Thread 0x000001ccff05c300 nmethod 2672 0x000001cce6fcae10 code [0x000001cce6fcafc0, 0x000001cce6fcb148]
Event: 7.585 Thread 0x000001ccff05c300 2687       2       org.jetbrains.kotlin.com.intellij.lang.impl.PsiBuilderImpl::createLeaf (155 bytes)
Event: 7.586 Thread 0x000001ccff05c300 nmethod 2687 0x000001cce6fcb290 code [0x000001cce6fcb500, 0x000001cce6fcbce8]
Event: 7.586 Thread 0x000001ccff05c300 2688       2       org.jetbrains.kotlin.com.intellij.psi.impl.source.CharTableImpl::intern (71 bytes)
Event: 7.586 Thread 0x000001ccff05c300 nmethod 2688 0x000001cce6fcc090 code [0x000001cce6fcc280, 0x000001cce6fcc4d8]
Event: 7.586 Thread 0x000001ccff05c300 2685       2       org.jetbrains.kotlin.com.intellij.psi.impl.source.tree.TreeElement::rawInsertAfterMeWithoutNotifications (119 bytes)
Event: 7.587 Thread 0x000001ccff05c300 nmethod 2685 0x000001cce6fcc610 code [0x000001cce6fcc840, 0x000001cce6fcced0]
Event: 7.587 Thread 0x000001ccff05c300 2686       2       org.jetbrains.kotlin.com.intellij.psi.impl.source.tree.TreeElement::setTreeNext (10 bytes)
Event: 7.587 Thread 0x000001ccff05c300 nmethod 2686 0x000001cce6fcd290 code [0x000001cce6fcd420, 0x000001cce6fcd608]
Event: 7.587 Thread 0x000001ccff05c300 2691       2       org.jetbrains.kotlin.com.intellij.psi.impl.source.tree.LeafPsiElement::<init> (15 bytes)
Event: 7.587 Thread 0x000001ccff05c300 nmethod 2691 0x000001cce6fcd710 code [0x000001cce6fcd8e0, 0x000001cce6fcdbf0]
Event: 7.587 Thread 0x000001ccff05c300 2692       2       org.jetbrains.kotlin.com.intellij.psi.impl.source.tree.LeafElement::<init> (19 bytes)
Event: 7.587 Thread 0x000001ccff05c300 nmethod 2692 0x000001cce6fcdd90 code [0x000001cce6fcdf40, 0x000001cce6fce210]
Event: 7.587 Thread 0x000001ccff05c300 2678       2       org.jetbrains.kotlin.com.intellij.util.text.ImmutableText::subSequence (25 bytes)
Event: 7.588 Thread 0x000001ccff05c300 nmethod 2678 0x000001cce6fce310 code [0x000001cce6fce4c0, 0x000001cce6fce6f0]
Event: 7.588 Thread 0x000001ccff05c300 2679       2       org.jetbrains.kotlin.com.intellij.util.text.CharSequenceSubSequence::<init> (97 bytes)
Event: 7.588 Thread 0x000001ccff05c300 nmethod 2679 0x000001cce6fce810 code [0x000001cce6fcea60, 0x000001cce6fcefd0]

GC Heap History (16 events):
Event: 1.904 GC heap before
{Heap before GC invocations=0 (full 0):
 garbage-first heap   total 96256K, used 27648K [0x00000000a2400000, 0x0000000100000000)
  region size 1024K, 23 young (23552K), 0 survivors (0K)
 Metaspace       used 14977K, committed 15104K, reserved 1114112K
  class space    used 1470K, committed 1536K, reserved 1048576K
}
Event: 1.913 GC heap after
{Heap after GC invocations=1 (full 0):
 garbage-first heap   total 96256K, used 7050K [0x00000000a2400000, 0x0000000100000000)
  region size 1024K, 3 young (3072K), 3 survivors (3072K)
 Metaspace       used 14977K, committed 15104K, reserved 1114112K
  class space    used 1470K, committed 1536K, reserved 1048576K
}
Event: 3.015 GC heap before
{Heap before GC invocations=1 (full 0):
 garbage-first heap   total 96256K, used 25482K [0x00000000a2400000, 0x0000000100000000)
  region size 1024K, 22 young (22528K), 3 survivors (3072K)
 Metaspace       used 21329K, committed 21504K, reserved 1114112K
  class space    used 2224K, committed 2304K, reserved 1048576K
}
Event: 3.025 GC heap after
{Heap after GC invocations=2 (full 0):
 garbage-first heap   total 96256K, used 7996K [0x00000000a2400000, 0x0000000100000000)
  region size 1024K, 1 young (1024K), 1 survivors (1024K)
 Metaspace       used 21329K, committed 21504K, reserved 1114112K
  class space    used 2224K, committed 2304K, reserved 1048576K
}
Event: 3.657 GC heap before
{Heap before GC invocations=3 (full 0):
 garbage-first heap   total 27648K, used 27452K [0x00000000a2400000, 0x0000000100000000)
  region size 1024K, 18 young (18432K), 1 survivors (1024K)
 Metaspace       used 23581K, committed 23808K, reserved 1114112K
  class space    used 2788K, committed 2880K, reserved 1048576K
}
Event: 3.672 GC heap after
{Heap after GC invocations=4 (full 0):
 garbage-first heap   total 32768K, used 14140K [0x00000000a2400000, 0x0000000100000000)
  region size 1024K, 5 young (5120K), 5 survivors (5120K)
 Metaspace       used 23581K, committed 23808K, reserved 1114112K
  class space    used 2788K, committed 2880K, reserved 1048576K
}
Event: 3.913 GC heap before
{Heap before GC invocations=4 (full 0):
 garbage-first heap   total 32768K, used 24380K [0x00000000a2400000, 0x0000000100000000)
  region size 1024K, 15 young (15360K), 5 survivors (5120K)
 Metaspace       used 27060K, committed 27264K, reserved 1114112K
  class space    used 3384K, committed 3520K, reserved 1048576K
}
Event: 3.926 GC heap after
{Heap after GC invocations=5 (full 0):
 garbage-first heap   total 32768K, used 15176K [0x00000000a2400000, 0x0000000100000000)
  region size 1024K, 1 young (1024K), 1 survivors (1024K)
 Metaspace       used 27060K, committed 27264K, reserved 1114112K
  class space    used 3384K, committed 3520K, reserved 1048576K
}
Event: 4.976 GC heap before
{Heap before GC invocations=5 (full 0):
 garbage-first heap   total 32768K, used 27464K [0x00000000a2400000, 0x0000000100000000)
  region size 1024K, 13 young (13312K), 1 survivors (1024K)
 Metaspace       used 29815K, committed 30016K, reserved 1114112K
  class space    used 3659K, committed 3776K, reserved 1048576K
}
Event: 4.985 GC heap after
{Heap after GC invocations=6 (full 0):
 garbage-first heap   total 32768K, used 15146K [0x00000000a2400000, 0x0000000100000000)
  region size 1024K, 2 young (2048K), 2 survivors (2048K)
 Metaspace       used 29815K, committed 30016K, reserved 1114112K
  class space    used 3659K, committed 3776K, reserved 1048576K
}
Event: 5.619 GC heap before
{Heap before GC invocations=6 (full 0):
 garbage-first heap   total 32768K, used 26410K [0x00000000a2400000, 0x0000000100000000)
  region size 1024K, 13 young (13312K), 2 survivors (2048K)
 Metaspace       used 32209K, committed 32320K, reserved 1114112K
  class space    used 3914K, committed 3968K, reserved 1048576K
}
Event: 5.629 GC heap after
{Heap after GC invocations=7 (full 0):
 garbage-first heap   total 32768K, used 16816K [0x00000000a2400000, 0x0000000100000000)
  region size 1024K, 2 young (2048K), 2 survivors (2048K)
 Metaspace       used 32209K, committed 32320K, reserved 1114112K
  class space    used 3914K, committed 3968K, reserved 1048576K
}
Event: 6.442 GC heap before
{Heap before GC invocations=7 (full 0):
 garbage-first heap   total 32768K, used 26032K [0x00000000a2400000, 0x0000000100000000)
  region size 1024K, 12 young (12288K), 2 survivors (2048K)
 Metaspace       used 34374K, committed 34624K, reserved 1114112K
  class space    used 4070K, committed 4160K, reserved 1048576K
}
Event: 6.449 GC heap after
{Heap after GC invocations=8 (full 0):
 garbage-first heap   total 39936K, used 17706K [0x00000000a2400000, 0x0000000100000000)
  region size 1024K, 1 young (1024K), 1 survivors (1024K)
 Metaspace       used 34374K, committed 34624K, reserved 1114112K
  class space    used 4070K, committed 4160K, reserved 1048576K
}
Event: 7.124 GC heap before
{Heap before GC invocations=9 (full 0):
 garbage-first heap   total 39936K, used 33066K [0x00000000a2400000, 0x0000000100000000)
  region size 1024K, 16 young (16384K), 1 survivors (1024K)
 Metaspace       used 36945K, committed 37376K, reserved 1114112K
  class space    used 4397K, committed 4608K, reserved 1048576K
}
Event: 7.132 GC heap after
{Heap after GC invocations=10 (full 0):
 garbage-first heap   total 39936K, used 18901K [0x00000000a2400000, 0x0000000100000000)
  region size 1024K, 2 young (2048K), 2 survivors (2048K)
 Metaspace       used 36945K, committed 37376K, reserved 1114112K
  class space    used 4397K, committed 4608K, reserved 1048576K
}

Dll operation events (3 events):
Event: 0.049 Loaded shared library C:\Program Files\Android\Android Studio_new\jbr\bin\java.dll
Event: 0.072 Loaded shared library C:\Program Files\Android\Android Studio_new\jbr\bin\zip.dll
Event: 2.766 Loaded shared library C:\Program Files\Android\Android Studio_new\jbr\bin\verify.dll

Deoptimization events (20 events):
Event: 7.411 Thread 0x000001cce39ef850 Uncommon trap: trap_request=0xffffff45 fr.pc=0x000001ccee639170 relative=0x0000000000000130
Event: 7.411 Thread 0x000001cce39ef850 Uncommon trap: reason=unstable_if action=reinterpret pc=0x000001ccee639170 method=sun.net.www.ParseUtil.firstEncodeIndex(Ljava/lang/String;)I @ 27 c2
Event: 7.411 Thread 0x000001cce39ef850 DEOPT PACKING pc=0x000001ccee639170 sp=0x000000a5d1df5210
Event: 7.411 Thread 0x000001cce39ef850 DEOPT UNPACKING pc=0x000001ccee0b46a2 sp=0x000000a5d1df5198 mode 2
Event: 7.412 Thread 0x000001cce39ef850 Uncommon trap: trap_request=0xffffff45 fr.pc=0x000001ccee64be64 relative=0x00000000000001c4
Event: 7.412 Thread 0x000001cce39ef850 Uncommon trap: reason=unstable_if action=reinterpret pc=0x000001ccee64be64 method=java.lang.String.indexOf(II)I @ 4 c2
Event: 7.412 Thread 0x000001cce39ef850 DEOPT PACKING pc=0x000001ccee64be64 sp=0x000000a5d1df4ff0
Event: 7.412 Thread 0x000001cce39ef850 DEOPT UNPACKING pc=0x000001ccee0b46a2 sp=0x000000a5d1df4f20 mode 2
Event: 7.412 Thread 0x000001cce39ef850 Uncommon trap: trap_request=0xffffff45 fr.pc=0x000001ccee65d6ac relative=0x000000000000020c
Event: 7.412 Thread 0x000001cce39ef850 Uncommon trap: reason=unstable_if action=reinterpret pc=0x000001ccee65d6ac method=java.lang.String.startsWith(Ljava/lang/String;I)Z @ 50 c2
Event: 7.412 Thread 0x000001cce39ef850 DEOPT PACKING pc=0x000001ccee65d6ac sp=0x000000a5d1df5040
Event: 7.412 Thread 0x000001cce39ef850 DEOPT UNPACKING pc=0x000001ccee0b46a2 sp=0x000000a5d1df4fc8 mode 2
Event: 7.425 Thread 0x000001cce39ef850 Uncommon trap: trap_request=0xffffff45 fr.pc=0x000001ccee6ff594 relative=0x0000000000000254
Event: 7.425 Thread 0x000001cce39ef850 Uncommon trap: reason=unstable_if action=reinterpret pc=0x000001ccee6ff594 method=sun.invoke.util.VerifyType.isNullType(Ljava/lang/Class;)Z @ 3 c2
Event: 7.425 Thread 0x000001cce39ef850 DEOPT PACKING pc=0x000001ccee6ff594 sp=0x000000a5d1dfcc10
Event: 7.425 Thread 0x000001cce39ef850 DEOPT UNPACKING pc=0x000001ccee0b46a2 sp=0x000000a5d1dfcb30 mode 2
Event: 7.522 Thread 0x000001cce39ef850 DEOPT PACKING pc=0x000001cce6f80f63 sp=0x000000a5d1dfbe30
Event: 7.522 Thread 0x000001cce39ef850 DEOPT UNPACKING pc=0x000001ccee0b4e42 sp=0x000000a5d1dfb338 mode 0
Event: 7.524 Thread 0x000001cce39ef850 DEOPT PACKING pc=0x000001cce6ed28d7 sp=0x000000a5d1df8430
Event: 7.524 Thread 0x000001cce39ef850 DEOPT UNPACKING pc=0x000001ccee0b4e42 sp=0x000000a5d1df7880 mode 0

Classes loaded (20 events):
Event: 7.090 Loading class java/lang/invoke/BoundMethodHandle$Species_LLLLLLLLLLLLLLLLLLLLL
Event: 7.090 Loading class java/lang/invoke/BoundMethodHandle$Species_LLLLLLLLLLLLLLLLLLLLL done
Event: 7.092 Loading class java/lang/invoke/BoundMethodHandle$Species_LLLLLLLLLLLLLLLLLLLLLL
Event: 7.092 Loading class java/lang/invoke/BoundMethodHandle$Species_LLLLLLLLLLLLLLLLLLLLLL done
Event: 7.096 Loading class java/lang/invoke/BoundMethodHandle$Species_LLLLLLLLLLLLLLLLLLLLLLL
Event: 7.096 Loading class java/lang/invoke/BoundMethodHandle$Species_LLLLLLLLLLLLLLLLLLLLLLL done
Event: 7.257 Loading class java/lang/invoke/BoundMethodHandle$Species_LLLLLLLLLLLLLLLLLLLLLLLL
Event: 7.257 Loading class java/lang/invoke/BoundMethodHandle$Species_LLLLLLLLLLLLLLLLLLLLLLLL done
Event: 7.259 Loading class java/lang/invoke/BoundMethodHandle$Species_LLLLLLLLLLLLLLLLLLLLLLLLL
Event: 7.259 Loading class java/lang/invoke/BoundMethodHandle$Species_LLLLLLLLLLLLLLLLLLLLLLLLL done
Event: 7.479 Loading class java/util/BitSet
Event: 7.479 Loading class java/util/BitSet done
Event: 7.481 Loading class java/util/PrimitiveIterator$OfInt
Event: 7.482 Loading class java/util/PrimitiveIterator
Event: 7.482 Loading class java/util/PrimitiveIterator done
Event: 7.482 Loading class java/util/PrimitiveIterator$OfInt done
Event: 7.522 Loading class java/util/AbstractMap$SimpleImmutableEntry
Event: 7.522 Loading class java/util/AbstractMap$SimpleImmutableEntry done
Event: 7.532 Loading class java/util/function/IntUnaryOperator
Event: 7.532 Loading class java/util/function/IntUnaryOperator done

Classes unloaded (0 events):
No events

Classes redefined (0 events):
No events

Internal exceptions (20 events):
Event: 7.093 Thread 0x000001cce39ef850 Exception <a 'java/lang/NoSuchMethodError'{0x00000000a3c6ed70}: 'java.lang.Object java.lang.invoke.DirectMethodHandle$Holder.invokeStatic(java.lang.Object, java.lang.Object, java.lang.Object, java.lang.Object, java.lang.Object, java.lang.Object, java.lang.Object, java.lang.Object, java.lang.Object, java.lang.Object, java.lang.Object, java.lang.Object, java.lang.Object, java.lang.Object, java.lang.Object, java.lang.Object, java.lang.Object, java.lang.Object, java.lang.Object, java.lang.Object, java.lang.Obj
Event: 7.097 Thread 0x000001cce39ef850 Exception <a 'java/lang/NoSuchMethodError'{0x00000000a3c9f5a0}: 'java.lang.Object java.lang.invoke.DirectMethodHandle$Holder.invokeStatic(java.lang.Object, java.lang.Object, java.lang.Object, java.lang.Object, java.lang.Object, java.lang.Object, java.lang.Object, java.lang.Object, java.lang.Object, java.lang.Object, java.lang.Object, java.lang.Object, java.lang.Object, java.lang.Object, java.lang.Object, java.lang.Object, java.lang.Object, java.lang.Object, java.lang.Object, java.lang.Object, java.lang.Obj
Event: 7.151 Thread 0x000001cce39ef850 Exception <a 'java/lang/NoSuchMethodError'{0x00000000a81d6ca8}: 'java.lang.Object java.lang.invoke.DirectMethodHandle$Holder.newInvokeSpecial(java.lang.Object, java.lang.Object, java.lang.Object, java.lang.Object, java.lang.Object, java.lang.Object, java.lang.Object, java.lang.Object, java.lang.Object, java.lang.Object, java.lang.Object, java.lang.Object, java.lang.Object, java.lang.Object, java.lang.Object, java.lang.Object, java.lang.Object, java.lang.Object, java.lang.Object, java.lang.Object)'> (0x0000
Event: 7.151 Thread 0x000001cce39ef850 Exception <a 'java/lang/NoSuchMethodError'{0x00000000a81dcf90}: 'java.lang.Object java.lang.invoke.DirectMethodHandle$Holder.invokeSpecial(java.lang.Object, java.lang.Object, java.lang.Object, java.lang.Object, java.lang.Object, java.lang.Object, java.lang.Object, java.lang.Object, java.lang.Object, java.lang.Object, java.lang.Object, java.lang.Object, java.lang.Object, java.lang.Object, java.lang.Object, java.lang.Object, java.lang.Object, java.lang.Object, java.lang.Object, java.lang.Object, java.lang.Ob
Event: 7.152 Thread 0x000001cce39ef850 Exception <a 'java/lang/NoSuchMethodError'{0x00000000a81e2410}: 'java.lang.Object java.lang.invoke.DelegatingMethodHandle$Holder.reinvoke_L(java.lang.Object, java.lang.Object, java.lang.Object, java.lang.Object, java.lang.Object, java.lang.Object, java.lang.Object, java.lang.Object, java.lang.Object, java.lang.Object, java.lang.Object, java.lang.Object, java.lang.Object, java.lang.Object, java.lang.Object, java.lang.Object, java.lang.Object, java.lang.Object, java.lang.Object, java.lang.Object)'> (0x000000
Event: 7.236 Thread 0x000001cce39ef850 Exception <a 'java/lang/NoSuchMethodError'{0x00000000a489e618}: 'java.lang.Object java.lang.invoke.DirectMethodHandle$Holder.newInvokeSpecial(java.lang.Object, java.lang.Object, java.lang.Object, java.lang.Object, java.lang.Object, java.lang.Object, java.lang.Object, java.lang.Object, java.lang.Object, java.lang.Object, java.lang.Object, java.lang.Object, java.lang.Object, java.lang.Object, java.lang.Object, java.lang.Object)'> (0x00000000a489e618) 
thrown [s\src\hotspot\share\interpreter\linkResolver.cpp,
Event: 7.236 Thread 0x000001cce39ef850 Exception <a 'java/lang/NoSuchMethodError'{0x00000000a48a3fd0}: 'java.lang.Object java.lang.invoke.DirectMethodHandle$Holder.invokeSpecial(java.lang.Object, java.lang.Object, java.lang.Object, java.lang.Object, java.lang.Object, java.lang.Object, java.lang.Object, java.lang.Object, java.lang.Object, java.lang.Object, java.lang.Object, java.lang.Object, java.lang.Object, java.lang.Object, java.lang.Object, java.lang.Object, java.lang.Object)'> (0x00000000a48a3fd0) 
thrown [s\src\hotspot\share\interpreter\li
Event: 7.237 Thread 0x000001cce39ef850 Exception <a 'java/lang/NoSuchMethodError'{0x00000000a48a8960}: 'java.lang.Object java.lang.invoke.DelegatingMethodHandle$Holder.reinvoke_L(java.lang.Object, java.lang.Object, java.lang.Object, java.lang.Object, java.lang.Object, java.lang.Object, java.lang.Object, java.lang.Object, java.lang.Object, java.lang.Object, java.lang.Object, java.lang.Object, java.lang.Object, java.lang.Object, java.lang.Object, java.lang.Object)'> (0x00000000a48a8960) 
thrown [s\src\hotspot\share\interpreter\linkResolver.cpp, l
Event: 7.244 Thread 0x000001cce39ef850 Exception <a 'java/lang/NoSuchMethodError'{0x00000000a4732b68}: 'java.lang.Object java.lang.invoke.DirectMethodHandle$Holder.newInvokeSpecial(java.lang.Object, java.lang.Object, java.lang.Object, java.lang.Object, java.lang.Object, java.lang.Object, java.lang.Object, java.lang.Object, java.lang.Object, java.lang.Object, java.lang.Object, java.lang.Object, java.lang.Object, java.lang.Object, java.lang.Object, java.lang.Object, java.lang.Object, java.lang.Object)'> (0x00000000a4732b68) 
thrown [s\src\hotspot
Event: 7.245 Thread 0x000001cce39ef850 Exception <a 'java/lang/NoSuchMethodError'{0x00000000a4738798}: 'java.lang.Object java.lang.invoke.DirectMethodHandle$Holder.invokeSpecial(java.lang.Object, java.lang.Object, java.lang.Object, java.lang.Object, java.lang.Object, java.lang.Object, java.lang.Object, java.lang.Object, java.lang.Object, java.lang.Object, java.lang.Object, java.lang.Object, java.lang.Object, java.lang.Object, java.lang.Object, java.lang.Object, java.lang.Object, java.lang.Object, java.lang.Object)'> (0x00000000a4738798) 
thrown
Event: 7.245 Thread 0x000001cce39ef850 Exception <a 'java/lang/NoSuchMethodError'{0x00000000a473d410}: 'java.lang.Object java.lang.invoke.DelegatingMethodHandle$Holder.reinvoke_L(java.lang.Object, java.lang.Object, java.lang.Object, java.lang.Object, java.lang.Object, java.lang.Object, java.lang.Object, java.lang.Object, java.lang.Object, java.lang.Object, java.lang.Object, java.lang.Object, java.lang.Object, java.lang.Object, java.lang.Object, java.lang.Object, java.lang.Object, java.lang.Object)'> (0x00000000a473d410) 
thrown [s\src\hotspot\s
Event: 7.251 Thread 0x000001cce39ef850 Exception <a 'java/lang/NoSuchMethodError'{0x00000000a47c5a50}: 'java.lang.Object java.lang.invoke.DirectMethodHandle$Holder.newInvokeSpecial(java.lang.Object, java.lang.Object, java.lang.Object, java.lang.Object, java.lang.Object, java.lang.Object, java.lang.Object, java.lang.Object, java.lang.Object, java.lang.Object, java.lang.Object, java.lang.Object, java.lang.Object, java.lang.Object, java.lang.Object, java.lang.Object, java.lang.Object, java.lang.Object, java.lang.Object, java.lang.Object, java.lang
Event: 7.252 Thread 0x000001cce39ef850 Exception <a 'java/lang/NoSuchMethodError'{0x00000000a47cca90}: 'java.lang.Object java.lang.invoke.DirectMethodHandle$Holder.invokeSpecial(java.lang.Object, java.lang.Object, java.lang.Object, java.lang.Object, java.lang.Object, java.lang.Object, java.lang.Object, java.lang.Object, java.lang.Object, java.lang.Object, java.lang.Object, java.lang.Object, java.lang.Object, java.lang.Object, java.lang.Object, java.lang.Object, java.lang.Object, java.lang.Object, java.lang.Object, java.lang.Object, java.lang.Ob
Event: 7.252 Thread 0x000001cce39ef850 Exception <a 'java/lang/NoSuchMethodError'{0x00000000a47d2208}: 'java.lang.Object java.lang.invoke.DelegatingMethodHandle$Holder.reinvoke_L(java.lang.Object, java.lang.Object, java.lang.Object, java.lang.Object, java.lang.Object, java.lang.Object, java.lang.Object, java.lang.Object, java.lang.Object, java.lang.Object, java.lang.Object, java.lang.Object, java.lang.Object, java.lang.Object, java.lang.Object, java.lang.Object, java.lang.Object, java.lang.Object, java.lang.Object, java.lang.Object, java.lang.O
Event: 7.258 Thread 0x000001cce39ef850 Exception <a 'java/lang/NoSuchMethodError'{0x00000000a46a13b8}: 'java.lang.Object java.lang.invoke.DirectMethodHandle$Holder.invokeStatic(java.lang.Object, java.lang.Object, java.lang.Object, java.lang.Object, java.lang.Object, java.lang.Object, java.lang.Object, java.lang.Object, java.lang.Object, java.lang.Object, java.lang.Object, java.lang.Object, java.lang.Object, java.lang.Object, java.lang.Object, java.lang.Object, java.lang.Object, java.lang.Object, java.lang.Object, java.lang.Object, java.lang.Obj
Event: 7.260 Thread 0x000001cce39ef850 Exception <a 'java/lang/NoSuchMethodError'{0x00000000a46d39c8}: 'java.lang.Object java.lang.invoke.DirectMethodHandle$Holder.invokeStatic(java.lang.Object, java.lang.Object, java.lang.Object, java.lang.Object, java.lang.Object, java.lang.Object, java.lang.Object, java.lang.Object, java.lang.Object, java.lang.Object, java.lang.Object, java.lang.Object, java.lang.Object, java.lang.Object, java.lang.Object, java.lang.Object, java.lang.Object, java.lang.Object, java.lang.Object, java.lang.Object, java.lang.Obj
Event: 7.299 Thread 0x000001cce39ef850 Exception <a 'java/lang/NoSuchMethodError'{0x00000000a453dc30}: 'java.lang.Object java.lang.invoke.DirectMethodHandle$Holder.newInvokeSpecial(java.lang.Object, java.lang.Object, java.lang.Object, java.lang.Object, java.lang.Object, java.lang.Object, java.lang.Object, java.lang.Object, java.lang.Object, java.lang.Object, java.lang.Object, java.lang.Object, java.lang.Object)'> (0x00000000a453dc30) 
thrown [s\src\hotspot\share\interpreter\linkResolver.cpp, line 784]
Event: 7.300 Thread 0x000001cce39ef850 Exception <a 'java/lang/NoSuchMethodError'{0x00000000a4542c40}: 'java.lang.Object java.lang.invoke.DirectMethodHandle$Holder.invokeSpecial(java.lang.Object, java.lang.Object, java.lang.Object, java.lang.Object, java.lang.Object, java.lang.Object, java.lang.Object, java.lang.Object, java.lang.Object, java.lang.Object, java.lang.Object, java.lang.Object, java.lang.Object, java.lang.Object)'> (0x00000000a4542c40) 
thrown [s\src\hotspot\share\interpreter\linkResolver.cpp, line 784]
Event: 7.300 Thread 0x000001cce39ef850 Exception <a 'java/lang/NoSuchMethodError'{0x00000000a4547190}: 'java.lang.Object java.lang.invoke.DelegatingMethodHandle$Holder.reinvoke_L(java.lang.Object, java.lang.Object, java.lang.Object, java.lang.Object, java.lang.Object, java.lang.Object, java.lang.Object, java.lang.Object, java.lang.Object, java.lang.Object, java.lang.Object, java.lang.Object, java.lang.Object)'> (0x00000000a4547190) 
thrown [s\src\hotspot\share\interpreter\linkResolver.cpp, line 784]
Event: 7.533 Thread 0x000001cce39ef850 Exception <a 'java/lang/NoSuchMethodError'{0x00000000a3e303e0}: 'java.lang.Object java.lang.invoke.DirectMethodHandle$Holder.newInvokeSpecial(java.lang.Object, java.lang.Object, int)'> (0x00000000a3e303e0) 
thrown [s\src\hotspot\share\interpreter\linkResolver.cpp, line 784]

ZGC Phase Switch (0 events):
No events

VM Operations (20 events):
Event: 3.913 Executing VM operation: G1CollectForAllocation (G1 Evacuation Pause)
Event: 3.926 Executing VM operation: G1CollectForAllocation (G1 Evacuation Pause) done
Event: 4.373 Executing VM operation: HandshakeAllThreads (Deoptimize)
Event: 4.373 Executing VM operation: HandshakeAllThreads (Deoptimize) done
Event: 4.976 Executing VM operation: G1CollectForAllocation (G1 Evacuation Pause)
Event: 4.985 Executing VM operation: G1CollectForAllocation (G1 Evacuation Pause) done
Event: 5.619 Executing VM operation: G1CollectForAllocation (G1 Evacuation Pause)
Event: 5.629 Executing VM operation: G1CollectForAllocation (G1 Evacuation Pause) done
Event: 5.974 Executing VM operation: HandshakeAllThreads (Deoptimize)
Event: 5.974 Executing VM operation: HandshakeAllThreads (Deoptimize) done
Event: 6.442 Executing VM operation: G1CollectForAllocation (G1 Evacuation Pause)
Event: 6.449 Executing VM operation: G1CollectForAllocation (G1 Evacuation Pause) done
Event: 6.460 Executing VM operation: G1PauseRemark
Event: 6.522 Executing VM operation: G1PauseRemark done
Event: 6.525 Executing VM operation: G1PauseCleanup
Event: 6.527 Executing VM operation: G1PauseCleanup done
Event: 6.884 Executing VM operation: HandshakeAllThreads (Deoptimize)
Event: 6.884 Executing VM operation: HandshakeAllThreads (Deoptimize) done
Event: 7.124 Executing VM operation: G1CollectForAllocation (G1 Evacuation Pause)
Event: 7.133 Executing VM operation: G1CollectForAllocation (G1 Evacuation Pause) done

Memory protections (0 events):
No events

Nmethod flushes (20 events):
Event: 6.521 Thread 0x000001ccfaa14840 flushing  nmethod 0x000001cce6b8cc10
Event: 6.521 Thread 0x000001ccfaa14840 flushing  nmethod 0x000001cce6b92910
Event: 6.521 Thread 0x000001ccfaa14840 flushing  nmethod 0x000001cce6b93010
Event: 6.521 Thread 0x000001ccfaa14840 flushing  nmethod 0x000001cce6b94e10
Event: 6.521 Thread 0x000001ccfaa14840 flushing  nmethod 0x000001cce6b95410
Event: 6.521 Thread 0x000001ccfaa14840 flushing  nmethod 0x000001cce6ba1a90
Event: 6.521 Thread 0x000001ccfaa14840 flushing  nmethod 0x000001cce6ba3c10
Event: 6.521 Thread 0x000001ccfaa14840 flushing  nmethod 0x000001cce6ba4110
Event: 6.521 Thread 0x000001ccfaa14840 flushing  nmethod 0x000001cce6ba5210
Event: 6.521 Thread 0x000001ccfaa14840 flushing  nmethod 0x000001cce6ba6810
Event: 6.521 Thread 0x000001ccfaa14840 flushing  nmethod 0x000001cce6bba690
Event: 6.521 Thread 0x000001ccfaa14840 flushing  nmethod 0x000001cce6bbb290
Event: 6.521 Thread 0x000001ccfaa14840 flushing  nmethod 0x000001cce6bbc110
Event: 6.521 Thread 0x000001ccfaa14840 flushing  nmethod 0x000001cce6bbc610
Event: 6.521 Thread 0x000001ccfaa14840 flushing  nmethod 0x000001cce6bbe710
Event: 6.521 Thread 0x000001ccfaa14840 flushing  nmethod 0x000001cce6bf5610
Event: 6.521 Thread 0x000001ccfaa14840 flushing  nmethod 0x000001cce6c12e10
Event: 6.521 Thread 0x000001ccfaa14840 flushing  nmethod 0x000001cce6c26490
Event: 6.521 Thread 0x000001ccfaa14840 flushing  nmethod 0x000001cce6c90190
Event: 6.521 Thread 0x000001ccfaa14840 flushing  nmethod 0x000001cce6c90a90

Events (20 events):
Event: 0.218 Thread 0x000001cce39ef850 Thread added: 0x000001ccff03b030
Event: 0.218 Thread 0x000001cce39ef850 Thread added: 0x000001ccff03c6b0
Event: 0.218 Thread 0x000001cce39ef850 Thread added: 0x000001ccff03d130
Event: 0.218 Thread 0x000001cce39ef850 Thread added: 0x000001ccff056c10
Event: 0.219 Thread 0x000001cce39ef850 Thread added: 0x000001ccff057e80
Event: 0.219 Thread 0x000001cce39ef850 Thread added: 0x000001ccff05c300
Event: 0.292 Thread 0x000001cce39ef850 Thread added: 0x000001ccff1f9980
Event: 0.300 Thread 0x000001cce39ef850 Thread added: 0x000001ccff1fa1b0
Event: 0.320 Loaded shared library C:\Program Files\Android\Android Studio_new\jbr\bin\net.dll
Event: 0.325 Loaded shared library C:\Program Files\Android\Android Studio_new\jbr\bin\nio.dll
Event: 0.358 Thread 0x000001ccff057e80 Thread added: 0x000001ccff2731e0
Event: 0.358 Thread 0x000001ccff057e80 Thread added: 0x000001ccff273890
Event: 0.380 Loaded shared library C:\Program Files\Android\Android Studio_new\jbr\bin\zip.dll
Event: 0.464 Thread 0x000001ccff273890 Thread exited: 0x000001ccff273890
Event: 0.537 Thread 0x000001ccff2731e0 Thread exited: 0x000001ccff2731e0
Event: 0.643 Loaded shared library C:\Program Files\Android\Android Studio_new\jbr\bin\jimage.dll
Event: 0.901 Thread 0x000001ccff05c300 Thread added: 0x000001ccff4eab60
Event: 1.185 Thread 0x000001ccff4eab60 Thread exited: 0x000001ccff4eab60
Event: 3.380 Thread 0x000001ccff05c300 Thread added: 0x000001cc80330650
Event: 5.075 Thread 0x000001cc80330650 Thread exited: 0x000001cc80330650


Dynamic libraries:
0x00007ff7d0450000 - 0x00007ff7d045a000 	C:\Program Files\Android\Android Studio_new\jbr\bin\java.exe
0x00007ffa75c50000 - 0x00007ffa75e67000 	C:\WINDOWS\SYSTEM32\ntdll.dll
0x00007ffa74090000 - 0x00007ffa74154000 	C:\WINDOWS\System32\KERNEL32.DLL
0x00007ffa73570000 - 0x00007ffa73940000 	C:\WINDOWS\System32\KERNELBASE.dll
0x00007ffa73420000 - 0x00007ffa73531000 	C:\WINDOWS\System32\ucrtbase.dll
0x00007ffa5ec70000 - 0x00007ffa5ec88000 	C:\Program Files\Android\Android Studio_new\jbr\bin\jli.dll
0x00007ffa75a40000 - 0x00007ffa75bee000 	C:\WINDOWS\System32\USER32.dll
0x00007ffa73290000 - 0x00007ffa732b6000 	C:\WINDOWS\System32\win32u.dll
0x00007ffa73b40000 - 0x00007ffa73b69000 	C:\WINDOWS\System32\GDI32.dll
0x00007ffa73070000 - 0x00007ffa7318b000 	C:\WINDOWS\System32\gdi32full.dll
0x00007ffa73380000 - 0x00007ffa7341a000 	C:\WINDOWS\System32\msvcp_win.dll
0x00007ffa72210000 - 0x00007ffa7222b000 	C:\Program Files\Android\Android Studio_new\jbr\bin\VCRUNTIME140.dll
0x00007ffa62aa0000 - 0x00007ffa62d32000 	C:\WINDOWS\WinSxS\amd64_microsoft.windows.common-controls_6595b64144ccf1df_6.0.22621.4830_none_270fe7d773858e80\COMCTL32.dll
0x00007ffa74260000 - 0x00007ffa74307000 	C:\WINDOWS\System32\msvcrt.dll
0x00007ffa73b70000 - 0x00007ffa73ba1000 	C:\WINDOWS\System32\IMM32.DLL
0x00007ffa72470000 - 0x00007ffa7247c000 	C:\Program Files\Android\Android Studio_new\jbr\bin\vcruntime140_1.dll
0x00007ffa48470000 - 0x00007ffa484fd000 	C:\Program Files\Android\Android Studio_new\jbr\bin\msvcp140.dll
0x00007ffa089a0000 - 0x00007ffa09623000 	C:\Program Files\Android\Android Studio_new\jbr\bin\server\jvm.dll
0x00007ffa73ec0000 - 0x00007ffa73f71000 	C:\WINDOWS\System32\ADVAPI32.dll
0x00007ffa73f80000 - 0x00007ffa74027000 	C:\WINDOWS\System32\sechost.dll
0x00007ffa73540000 - 0x00007ffa73568000 	C:\WINDOWS\System32\bcrypt.dll
0x00007ffa74c20000 - 0x00007ffa74d34000 	C:\WINDOWS\System32\RPCRT4.dll
0x00007ffa74460000 - 0x00007ffa744d1000 	C:\WINDOWS\System32\WS2_32.dll
0x00007ffa6dc30000 - 0x00007ffa6dc64000 	C:\WINDOWS\SYSTEM32\WINMM.dll
0x00007ffa6efa0000 - 0x00007ffa6efaa000 	C:\WINDOWS\SYSTEM32\VERSION.dll
0x00007ffa72dd0000 - 0x00007ffa72e1d000 	C:\WINDOWS\SYSTEM32\POWRPROF.dll
0x00007ffa72db0000 - 0x00007ffa72dc3000 	C:\WINDOWS\SYSTEM32\UMPDC.dll
0x00007ffa71810000 - 0x00007ffa71828000 	C:\WINDOWS\SYSTEM32\kernel.appcore.dll
0x00007ffa6d3c0000 - 0x00007ffa6d3ca000 	C:\Program Files\Android\Android Studio_new\jbr\bin\jimage.dll
0x00007ffa72770000 - 0x00007ffa729a2000 	C:\WINDOWS\SYSTEM32\DBGHELP.DLL
0x00007ffa745f0000 - 0x00007ffa74980000 	C:\WINDOWS\System32\combase.dll
0x00007ffa74380000 - 0x00007ffa74457000 	C:\WINDOWS\System32\OLEAUT32.dll
0x00007ffa72660000 - 0x00007ffa72692000 	C:\WINDOWS\SYSTEM32\dbgcore.DLL
0x00007ffa73190000 - 0x00007ffa7320b000 	C:\WINDOWS\System32\bcryptPrimitives.dll
0x00007ffa6d3a0000 - 0x00007ffa6d3c0000 	C:\Program Files\Android\Android Studio_new\jbr\bin\java.dll
0x00007ffa5d850000 - 0x00007ffa5d868000 	C:\Program Files\Android\Android Studio_new\jbr\bin\zip.dll
0x00007ffa74d40000 - 0x00007ffa755b8000 	C:\WINDOWS\System32\SHELL32.dll
0x00007ffa6fee0000 - 0x00007ffa707f0000 	C:\WINDOWS\SYSTEM32\windows.storage.dll
0x00007ffa6fda0000 - 0x00007ffa6fedf000 	C:\WINDOWS\SYSTEM32\wintypes.dll
0x00007ffa744e0000 - 0x00007ffa745ea000 	C:\WINDOWS\System32\SHCORE.dll
0x00007ffa74a00000 - 0x00007ffa74a5e000 	C:\WINDOWS\System32\shlwapi.dll
0x00007ffa72e30000 - 0x00007ffa72e5b000 	C:\WINDOWS\SYSTEM32\profapi.dll
0x00007ffa5d840000 - 0x00007ffa5d850000 	C:\Program Files\Android\Android Studio_new\jbr\bin\net.dll
0x00007ffa6de60000 - 0x00007ffa6df8c000 	C:\WINDOWS\SYSTEM32\WINHTTP.dll
0x00007ffa71c50000 - 0x00007ffa71cb9000 	C:\WINDOWS\system32\mswsock.dll
0x00007ffa46ea0000 - 0x00007ffa46eb6000 	C:\Program Files\Android\Android Studio_new\jbr\bin\nio.dll
0x00007ffa72430000 - 0x00007ffa72440000 	C:\Program Files\Android\Android Studio_new\jbr\bin\verify.dll

dbghelp: loaded successfully - version: 4.0.5 - missing functions: none
symbol engine: initialized successfully - sym options: 0x614 - pdb path: .;C:\Program Files\Android\Android Studio_new\jbr\bin;C:\WINDOWS\SYSTEM32;C:\WINDOWS\WinSxS\amd64_microsoft.windows.common-controls_6595b64144ccf1df_6.0.22621.4830_none_270fe7d773858e80;C:\Program Files\Android\Android Studio_new\jbr\bin\server

VM Arguments:
java_command: org.jetbrains.kotlin.cli.jvm.K2JVMCompiler @D:\React Projects\HRDesk\hrm06022025\hrm\build\shared_preferences_android\20250211_4496083187842872124.compiler.options
java_class_path (initial): C:\Users\lenovo\.gradle\caches\modules-2\files-2.1\org.jetbrains.kotlin\kotlin-compiler-embeddable\1.9.22\9cd4dc7773cf2a99ecd961a88fbbc9a2da3fb5e1\kotlin-compiler-embeddable-1.9.22.jar;C:\Users\lenovo\.gradle\caches\modules-2\files-2.1\org.jetbrains.kotlin\kotlin-stdlib\1.9.22\d6c44cd08d8f3f9bece8101216dbe6553365c6e3\kotlin-stdlib-1.9.22.jar;C:\Users\lenovo\.gradle\caches\modules-2\files-2.1\org.jetbrains.kotlin\kotlin-script-runtime\1.9.22\f8139a46fc677ec9badc49ae954392f4f5e7e7c7\kotlin-script-runtime-1.9.22.jar;C:\Users\lenovo\.gradle\caches\modules-2\files-2.1\org.jetbrains.kotlin\kotlin-reflect\1.6.10\1cbe9c92c12a94eea200d23c2bbaedaf3daf5132\kotlin-reflect-1.6.10.jar;C:\Users\lenovo\.gradle\caches\modules-2\files-2.1\org.jetbrains.kotlin\kotlin-daemon-embeddable\1.9.22\20e2c5df715f3240c765cfc222530e2796542021\kotlin-daemon-embeddable-1.9.22.jar;C:\Users\lenovo\.gradle\caches\modules-2\files-2.1\org.jetbrains.intellij.deps\trove4j\1.0.20200330\3afb14d5f9ceb459d724e907a21145e8ff394f02\trove4j-1.0.20200330.jar;C:\Users\lenovo\.gradle\caches\modules-2\files-2.1\org.jetbrains\annotations\13.0\919f0dfe192fb4e063e7dacadee7f8bb9a2672a9\annotations-13.0.jar
Launcher Type: SUN_STANDARD

[Global flags]
     intx CICompilerCount                          = 4                                         {product} {ergonomic}
     uint ConcGCThreads                            = 3                                         {product} {ergonomic}
     uint G1ConcRefinementThreads                  = 10                                        {product} {ergonomic}
   size_t G1HeapRegionSize                         = 1048576                                   {product} {ergonomic}
    uintx GCDrainStackTargetSize                   = 64                                        {product} {ergonomic}
   size_t InitialHeapSize                          = 98566144                                  {product} {ergonomic}
   size_t MarkStackSize                            = 4194304                                   {product} {ergonomic}
   size_t MaxHeapSize                              = 1572864000                                {product} {ergonomic}
   size_t MaxNewSize                               = 943718400                                 {product} {ergonomic}
   size_t MinHeapDeltaBytes                        = 1048576                                   {product} {ergonomic}
   size_t MinHeapSize                              = 8388608                                   {product} {ergonomic}
    uintx NonNMethodCodeHeapSize                   = 5839372                                {pd product} {ergonomic}
    uintx NonProfiledCodeHeapSize                  = 122909434                              {pd product} {ergonomic}
    uintx ProfiledCodeHeapSize                     = 122909434                              {pd product} {ergonomic}
    uintx ReservedCodeCacheSize                    = 251658240                              {pd product} {ergonomic}
     bool SegmentedCodeCache                       = true                                      {product} {ergonomic}
   size_t SoftMaxHeapSize                          = 1572864000                             {manageable} {ergonomic}
     bool UseCompressedOops                        = true                           {product lp64_product} {ergonomic}
     bool UseG1GC                                  = true                                      {product} {ergonomic}
     bool UseLargePagesIndividualAllocation        = false                                  {pd product} {ergonomic}

Logging:
Log output configuration:
 #0: stdout all=warning uptime,level,tags foldmultilines=false
 #1: stderr all=off uptime,level,tags foldmultilines=false

Environment Variables:
JAVA_HOME=C:\Program Files\Android\Android Studio_new\jbr
CLASSPATH=D:\React Projects\HRDesk\hrm06022025\hrm\android\\gradle\wrapper\gradle-wrapper.jar
PATH=C:\Program Files\Android\Android Studio_new\jbr\bin;C:\Python313\Scripts\;C:\Python313\;C:\Program Files\Common Files\Oracle\Java\javapath;C:\Windows\system32;C:\Windows;C:\Windows\System32\Wbem;C:\Windows\System32\WindowsPowerShell\v1.0\;C:\Windows\System32\OpenSSH\;C:\Program Files (x86)\NVIDIA Corporation\PhysX\Common;C:\Program Files\Java\jdk-17.0.2\bin;C:\Program Files\Git\cmd;C:\Program Files\NVIDIA Corporation\NVIDIA NvDLISR;D:\flutter_windows_2.10.0-stable\flutter\bin;C:\WINDOWS\system32;C:\WINDOWS;C:\WINDOWS\System32\Wbem;C:\WINDOWS\System32\WindowsPowerShell\v1.0\;C:\WINDOWS\System32\OpenSSH\;%NVM_HOME%;%NVM_SYMLINK%;C:\Program Files\MySQL\MySQL Shell 8.0\bin\;C:\Users\lenovo\AppData\Local\Microsoft\WindowsApps;D:\flutter_windows_2.10.0-stable\flutter\bin;C:\Program Files\JetBrains\IntelliJ IDEA Community Edition 2022.3.2\bin;C:\Users\lenovo\AppData\Local\Programs\Microsoft VS Code\bin;C:\Users\lenovo\AppData\Roaming\npm;C:\Users\lenovo\AppData\Roaming\nvm;C:\Program Files\nodejs;C:\Users\lenovo\AppData\Local\JetBrains\Toolbox\scripts;;D:\flutter_windows_2.10.0-stable\flutter\bin\mingit\cmd
USERNAME=lenovo
OS=Windows_NT
PROCESSOR_IDENTIFIER=AMD64 Family 25 Model 80 Stepping 0, AuthenticAMD
TMP=C:\Users\lenovo\AppData\Local\Temp
TEMP=C:\Users\lenovo\AppData\Local\Temp




Periodic native trim disabled

JNI global refs:
JNI global refs: 9, weak refs: 5

JNI global refs memory usage: 835, weak refs: 833

Process memory usage:
Resident Set Size: 154812K (2% of 6139972K total physical memory with 145828K free physical memory)

OOME stack traces (most recent first):
Classloader memory used:
Loader jdk.internal.loader.ClassLoaders$AppClassLoader                                 : 28441K
Loader bootstrap                                                                       : 11866K

---------------  S Y S T E M  ---------------

OS:
 Windows 11 , 64 bit Build 22621 (10.0.22621.4830)
OS uptime: 3 days 20:47 hours
Hyper-V role detected

CPU: total 12 (initial active 12) (12 cores per cpu, 2 threads per core) family 25 model 80 stepping 0 microcode 0x0, cx8, cmov, fxsr, ht, mmx, 3dnowpref, sse, sse2, sse3, ssse3, sse4a, sse4.1, sse4.2, popcnt, lzcnt, tsc, tscinvbit, avx, avx2, aes, erms, clmul, bmi1, bmi2, adx, sha, fma, vzeroupper, clflush, clflushopt, hv, rdtscp, rdpid, fsrm, f16c, cet_ss
Processor Information for all 12 processors :
  Max Mhz: 3301, Current Mhz: 3301, Mhz Limit: 3301

Memory: 4k page, system-wide physical 5996M (138M free)
TotalPageFile size 24428M (AvailPageFile size 5M)
current process WorkingSet (physical memory assigned to process): 151M, peak: 151M
current process commit charge ("private bytes"): 191M, peak: 201M

vm_info: OpenJDK 64-Bit Server VM (21.0.4+-12508038-b607.1) for windows-amd64 JRE (21.0.4+-12508038-b607.1), built on 2024-10-16T17:23:34Z by "builder" with MS VC++ 16.10 / 16.11 (VS2019)

END.
