#
# There is insufficient memory for the Java Runtime Environment to continue.
# Native memory allocation (mmap) failed to map 65536 bytes. Error detail: Failed to commit metaspace.
# Possible reasons:
#   The system is out of physical RAM or swap space
#   This process is running with CompressedOops enabled, and the Java Heap may be blocking the growth of the native heap
# Possible solutions:
#   Reduce memory load on the system
#   Increase physical memory or swap space
#   Check if swap backing store is full
#   Decrease Java heap size (-Xmx/-Xms)
#   Decrease number of Java threads
#   Decrease Java thread stack sizes (-Xss)
#   Set larger code cache with -XX:ReservedCodeCacheSize=
#   JVM is running with Unscaled Compressed Oops mode in which the Java heap is
#     placed in the first 4GB address space. The Java Heap base address is the
#     maximum limit for the native heap growth. Please use -XX:HeapBaseMinAddress
#     to set the Java Heap base and to place the Java Heap above 4GB virtual address.
# This output file may be truncated or incomplete.
#
#  Out of Memory Error (virtualSpaceNode.cpp:113), pid=10868, tid=18936
#
# JRE version: OpenJDK Runtime Environment (21.0.4) (build 21.0.4+-12508038-b607.1)
# Java VM: OpenJDK 64-Bit Server VM (21.0.4+-12508038-b607.1, mixed mode, tiered, compressed oops, compressed class ptrs, g1 gc, windows-amd64)
# No core dump will be written. Minidumps are not enabled by default on client versions of Windows
#

---------------  S U M M A R Y ------------

Command Line: -Dorg.gradle.appname=gradlew org.gradle.wrapper.GradleWrapperMain -q -Ptarget-platform=android-x86 -Ptarget=D:\React Projects\HRDesk\hrm06022025\hrm\lib\main.dart -Pbase-application-name=android.app.Application -Pdart-defines=Zmx1dHRlci5pbnNwZWN0b3Iuc3RydWN0dXJlZEVycm9ycz10cnVl -Pdart-obfuscation=false -Ptrack-widget-creation=true -Ptree-shake-icons=false -Pfilesystem-scheme=org-dartlang-root assembleDebug

Host: AMD Ryzen 5 5600H with Radeon Graphics         , 12 cores, 5G,  Windows 11 , 64 bit Build 22621 (10.0.22621.4830)
Time: Sat Feb 15 16:41:04 2025 India Standard Time elapsed time: 1.951908 seconds (0d 0h 0m 1s)

---------------  T H R E A D  ---------------

Current thread (0x0000027f92c5f890):  JavaThread "main"             [_thread_in_vm, id=18936, stack(0x000000a367f00000,0x000000a368000000) (1024K)]

Stack: [0x000000a367f00000,0x000000a368000000]
Native frames: (J=compiled Java code, j=interpreted, Vv=VM code, C=native code)
V  [jvm.dll+0x6ce539]
V  [jvm.dll+0x85bf03]
V  [jvm.dll+0x85e45e]
V  [jvm.dll+0x85eb43]
V  [jvm.dll+0x27dd06]
V  [jvm.dll+0x856dde]
V  [jvm.dll+0x672715]
V  [jvm.dll+0x1e2ab1]
V  [jvm.dll+0x1e287e]
V  [jvm.dll+0x675068]
V  [jvm.dll+0x674ea2]
V  [jvm.dll+0x67310e]
V  [jvm.dll+0x3bd7cf]
V  [jvm.dll+0x20c73b]
V  [jvm.dll+0x5b0c6f]
V  [jvm.dll+0x7d4010]
V  [jvm.dll+0x7d413e]
V  [jvm.dll+0x46d9ad]
V  [jvm.dll+0x4732f8]
C  [java.dll+0x17ec]

Java frames: (J=compiled Java code, j=interpreted, Vv=VM code)
J 857  java.lang.ClassLoader.defineClass1(Ljava/lang/ClassLoader;Ljava/lang/String;[BIILjava/security/ProtectionDomain;Ljava/lang/String;)Ljava/lang/Class; java.base@21.0.4 (0 bytes) @ 0x0000027f9d8ba769 [0x0000027f9d8ba6a0+0x00000000000000c9]
J 954 c1 java.lang.ClassLoader.defineClass(Ljava/lang/String;[BIILjava/security/ProtectionDomain;)Ljava/lang/Class; java.base@21.0.4 (43 bytes) @ 0x0000027f95f580f4 [0x0000027f95f57da0+0x0000000000000354]
J 890 c1 java.security.SecureClassLoader.defineClass(Ljava/lang/String;[BIILjava/security/CodeSource;)Ljava/lang/Class; java.base@21.0.4 (16 bytes) @ 0x0000027f95f3809c [0x0000027f95f37fc0+0x00000000000000dc]
J 842 c1 java.net.URLClassLoader.defineClass(Ljava/lang/String;Ljdk/internal/loader/Resource;)Ljava/lang/Class; java.base@21.0.4 (224 bytes) @ 0x0000027f95f21874 [0x0000027f95f20180+0x00000000000016f4]
J 759 c1 java.net.URLClassLoader$1.run()Ljava/lang/Class; java.base@21.0.4 (81 bytes) @ 0x0000027f95ef5c8c [0x0000027f95ef5040+0x0000000000000c4c]
J 815 c1 java.net.URLClassLoader$1.run()Ljava/lang/Object; java.base@21.0.4 (5 bytes) @ 0x0000027f95f105d4 [0x0000027f95f10540+0x0000000000000094]
J 668 c1 java.security.AccessController.doPrivileged(Ljava/security/PrivilegedExceptionAction;Ljava/security/AccessControlContext;)Ljava/lang/Object; java.base@21.0.4 (26 bytes) @ 0x0000027f95eba10c [0x0000027f95eb9f20+0x00000000000001ec]
J 757 c1 java.net.URLClassLoader.findClass(Ljava/lang/String;)Ljava/lang/Class; java.base@21.0.4 (47 bytes) @ 0x0000027f95ef419c [0x0000027f95ef4000+0x000000000000019c]
J 770 c1 java.lang.ClassLoader.loadClass(Ljava/lang/String;Z)Ljava/lang/Class; java.base@21.0.4 (121 bytes) @ 0x0000027f95ef9c24 [0x0000027f95ef9660+0x00000000000005c4]
J 639 c1 java.lang.ClassLoader.loadClass(Ljava/lang/String;)Ljava/lang/Class; java.base@21.0.4 (7 bytes) @ 0x0000027f95ea4c44 [0x0000027f95ea4b40+0x0000000000000104]
v  ~StubRoutines::call_stub 0x0000027f9d2d100d
j  org.gradle.launcher.daemon.client.InputForwarder.start()Lorg/gradle/launcher/daemon/client/InputForwarder;+27
j  org.gradle.launcher.daemon.client.DaemonClientInputForwarder.start()V+4
j  org.gradle.launcher.daemon.client.DaemonClient.monitorBuild(Lorg/gradle/launcher/daemon/protocol/Build;Lorg/gradle/launcher/daemon/diagnostics/DaemonDiagnostics;Lorg/gradle/internal/remote/internal/Connection;Lorg/gradle/initialization/BuildCancellationToken;Lorg/gradle/initialization/BuildEventConsumer;)Ljava/lang/Object;+37
j  org.gradle.launcher.daemon.client.DaemonClient.executeBuild(Lorg/gradle/launcher/daemon/protocol/Build;Lorg/gradle/launcher/daemon/client/DaemonClientConnection;Lorg/gradle/initialization/BuildCancellationToken;Lorg/gradle/initialization/BuildEventConsumer;)Lorg/gradle/launcher/exec/BuildActionResult;+128
j  org.gradle.launcher.daemon.client.DaemonClient.execute(Lorg/gradle/internal/invocation/BuildAction;Lorg/gradle/launcher/exec/BuildActionParameters;Lorg/gradle/initialization/BuildRequestContext;)Lorg/gradle/launcher/exec/BuildActionResult;+135
j  org.gradle.launcher.daemon.client.DaemonClient.execute(Lorg/gradle/internal/invocation/BuildAction;Ljava/lang/Object;Ljava/lang/Object;)Lorg/gradle/launcher/exec/BuildActionResult;+10
j  org.gradle.launcher.cli.RunBuildAction.run()V+74
j  org.gradle.internal.Actions$RunnableActionAdapter.execute(Ljava/lang/Object;)V+4
j  org.gradle.launcher.cli.DefaultCommandLineActionFactory$ParseAndBuildAction.execute(Lorg/gradle/launcher/bootstrap/ExecutionListener;)V+60
j  org.gradle.launcher.cli.DefaultCommandLineActionFactory$ParseAndBuildAction.execute(Ljava/lang/Object;)V+5
j  org.gradle.launcher.cli.DebugLoggerWarningAction.execute(Lorg/gradle/launcher/bootstrap/ExecutionListener;)V+9
j  org.gradle.launcher.cli.DebugLoggerWarningAction.execute(Ljava/lang/Object;)V+5
j  org.gradle.launcher.cli.WelcomeMessageAction.execute(Lorg/gradle/launcher/bootstrap/ExecutionListener;)V+218
j  org.gradle.launcher.cli.WelcomeMessageAction.execute(Ljava/lang/Object;)V+5
j  org.gradle.launcher.cli.NativeServicesInitializingAction.execute(Lorg/gradle/launcher/bootstrap/ExecutionListener;)V+35
j  org.gradle.launcher.cli.NativeServicesInitializingAction.execute(Ljava/lang/Object;)V+5
j  org.gradle.launcher.cli.ExceptionReportingAction.execute(Lorg/gradle/launcher/bootstrap/ExecutionListener;)V+5
j  org.gradle.launcher.cli.ExceptionReportingAction.execute(Ljava/lang/Object;)V+5
j  org.gradle.launcher.cli.DefaultCommandLineActionFactory$WithLogging.execute(Lorg/gradle/launcher/bootstrap/ExecutionListener;)V+299
j  org.gradle.launcher.Main.doAction([Ljava/lang/String;Lorg/gradle/launcher/bootstrap/ExecutionListener;)V+14
j  org.gradle.launcher.bootstrap.EntryPoint.run([Ljava/lang/String;)V+12
j  java.lang.invoke.DirectMethodHandle$Holder.invokeVirtual(Ljava/lang/Object;Ljava/lang/Object;Ljava/lang/Object;)V+11 java.base@21.0.4
j  java.lang.invoke.LambdaForm$MH+0x00000001000d6800.invoke(Ljava/lang/Object;Ljava/lang/Object;Ljava/lang/Object;)Ljava/lang/Object;+52 java.base@21.0.4
j  java.lang.invoke.Invokers$Holder.invokeExact_MT(Ljava/lang/Object;Ljava/lang/Object;Ljava/lang/Object;Ljava/lang/Object;)Ljava/lang/Object;+20 java.base@21.0.4
j  jdk.internal.reflect.DirectMethodHandleAccessor.invokeImpl(Ljava/lang/Object;[Ljava/lang/Object;)Ljava/lang/Object;+55 java.base@21.0.4
j  jdk.internal.reflect.DirectMethodHandleAccessor.invoke(Ljava/lang/Object;[Ljava/lang/Object;)Ljava/lang/Object;+23 java.base@21.0.4
j  java.lang.reflect.Method.invoke(Ljava/lang/Object;[Ljava/lang/Object;)Ljava/lang/Object;+102 java.base@21.0.4
j  org.gradle.launcher.bootstrap.ProcessBootstrap.runNoExit(Ljava/lang/String;[Ljava/lang/String;)V+155
j  org.gradle.launcher.bootstrap.ProcessBootstrap.run(Ljava/lang/String;[Ljava/lang/String;)V+2
j  java.lang.invoke.LambdaForm$DMH+0x00000001000c8400.invokeStatic(Ljava/lang/Object;Ljava/lang/Object;Ljava/lang/Object;)V+11 java.base@21.0.4
j  java.lang.invoke.LambdaForm$MH+0x00000001000cac00.invoke(Ljava/lang/Object;Ljava/lang/Object;Ljava/lang/Object;Ljava/lang/Object;)Ljava/lang/Object;+54 java.base@21.0.4
j  java.lang.invoke.LambdaForm$MH+0x00000001000cb000.invokeExact_MT(Ljava/lang/Object;Ljava/lang/Object;Ljava/lang/Object;Ljava/lang/Object;Ljava/lang/Object;)Ljava/lang/Object;+22 java.base@21.0.4
j  jdk.internal.reflect.DirectMethodHandleAccessor.invokeImpl(Ljava/lang/Object;[Ljava/lang/Object;)Ljava/lang/Object;+72 java.base@21.0.4
j  jdk.internal.reflect.DirectMethodHandleAccessor.invoke(Ljava/lang/Object;[Ljava/lang/Object;)Ljava/lang/Object;+23 java.base@21.0.4
j  java.lang.reflect.Method.invoke(Ljava/lang/Object;[Ljava/lang/Object;)Ljava/lang/Object;+102 java.base@21.0.4
j  org.gradle.launcher.GradleMain.main([Ljava/lang/String;)V+100
j  java.lang.invoke.LambdaForm$DMH+0x00000001000c2400.invokeStatic(Ljava/lang/Object;Ljava/lang/Object;)V+10 java.base@21.0.4
j  java.lang.invoke.LambdaForm$MH+0x00000001000c8000.invoke(Ljava/lang/Object;Ljava/lang/Object;Ljava/lang/Object;)Ljava/lang/Object;+33 java.base@21.0.4
j  java.lang.invoke.Invokers$Holder.invokeExact_MT(Ljava/lang/Object;Ljava/lang/Object;Ljava/lang/Object;Ljava/lang/Object;)Ljava/lang/Object;+20 java.base@21.0.4
j  jdk.internal.reflect.DirectMethodHandleAccessor.invokeImpl(Ljava/lang/Object;[Ljava/lang/Object;)Ljava/lang/Object;+55 java.base@21.0.4
j  jdk.internal.reflect.DirectMethodHandleAccessor.invoke(Ljava/lang/Object;[Ljava/lang/Object;)Ljava/lang/Object;+23 java.base@21.0.4
j  java.lang.reflect.Method.invoke(Ljava/lang/Object;[Ljava/lang/Object;)Ljava/lang/Object;+102 java.base@21.0.4
j  org.gradle.wrapper.BootstrapMainStarter.start([Ljava/lang/String;Ljava/io/File;)V+82
j  org.gradle.wrapper.WrapperExecutor.execute([Ljava/lang/String;Lorg/gradle/wrapper/Install;Lorg/gradle/wrapper/BootstrapMainStarter;)V+14
j  org.gradle.wrapper.GradleWrapperMain.main([Ljava/lang/String;)V+190
v  ~StubRoutines::call_stub 0x0000027f9d2d100d

Compiled method (n/a)    1974  857     n 0       java.lang.ClassLoader::defineClass1 (native)
 total in heap  [0x0000027f9d8ba510,0x0000027f9d8bab48] = 1592
 relocation     [0x0000027f9d8ba668,0x0000027f9d8ba6a0] = 56
 main code      [0x0000027f9d8ba6a0,0x0000027f9d8bab47] = 1191
 stub code      [0x0000027f9d8bab47,0x0000027f9d8bab48] = 1

[Constant Pool (empty)]

[MachCode]
[Entry Point]
  # {method} {0x0000027faa025008} 'defineClass1' '(Ljava/lang/ClassLoader;Ljava/lang/String;[BIILjava/security/ProtectionDomain;Ljava/lang/String;)Ljava/lang/Class;' in 'java/lang/ClassLoader'
  # parm0:    rdx:rdx   = 'java/lang/ClassLoader'
  # parm1:    r8:r8     = 'java/lang/String'
  # parm2:    r9:r9     = '[B'
  # parm3:    rdi       = int
  # parm4:    rsi       = int
  # parm5:    rcx:rcx   = 'java/security/ProtectionDomain'
  # parm6:    [sp+0xa0]   = 'java/lang/String'  (sp of caller)
  0x0000027f9d8ba6a0: 448b 5208 | 49c1 e203 | 493b c20f | 8407 0000 

  0x0000027f9d8ba6b0: ;   {runtime_call ic_miss_stub}
  0x0000027f9d8ba6b0: 00e9 ca40 | a6ff 6690 
[Verified Entry Point]
  0x0000027f9d8ba6b8: 8984 2400 | 80ff ff55 | 488b ec48 | 81ec 9000 | 0000 6690 | 4181 7f20 | 0100 0000 

  0x0000027f9d8ba6d4: ;   {runtime_call StubRoutines (final stubs)}
  0x0000027f9d8ba6d4: 7405 e845 | f4a4 ff48 | 837d 1000 | 488d 4510 | 480f 4445 | 1048 8944 | 2440 4889 | 4c24 7048 
  0x0000027f9d8ba6f4: 83f9 0048 | 8d44 2470 | 480f 4444 | 2470 4889 | 4424 3848 | 8974 2430 | 4889 7c24 | 284c 894c 
  0x0000027f9d8ba714: 2458 4983 | f900 488d | 4424 5848 | 0f44 4424 | 5848 8944 | 2420 4c89 | 4424 5049 | 83f8 004c 
  0x0000027f9d8ba734: 8d4c 2450 | 4c0f 444c | 2450 4889 | 5424 4848 | 83fa 004c | 8d44 2448 | 4c0f 4444 

  0x0000027f9d8ba750: ;   {oop(a 'java/lang/Class'{0x00000000a6a00438} = 'java/lang/ClassLoader')}
  0x0000027f9d8ba750: 2448 49be | 3804 a0a6 | 0000 0000 | 4c89 7424 | 784c 8d74 | 2478 498b | d6c5 f877 

  0x0000027f9d8ba76c: ;   {internal_word}
  0x0000027f9d8ba76c: 49ba 69a7 | 8b9d 7f02 | 0000 4d89 | 97a0 0300 | 0049 89a7 | 9803 0000 

  0x0000027f9d8ba784: ;   {external_word}
  0x0000027f9d8ba784: 49ba 40e7 | d19c fb7f | 0000 4180 | 3a00 0f84 | 4e00 0000 | 5241 5041 

  0x0000027f9d8ba79c: ;   {metadata({method} {0x0000027faa025008} 'defineClass1' '(Ljava/lang/ClassLoader;Ljava/lang/String;[BIILjava/security/ProtectionDomain;Ljava/lang/String;)Ljava/lang/Class;' in 'java/lang/ClassLoader')}
  0x0000027f9d8ba79c: 5148 ba00 | 5002 aa7f | 0200 0049 | 8bcf 4883 | ec20 40f6 | c40f 0f84 | 1900 0000 | 4883 ec08 
  0x0000027f9d8ba7bc: ;   {runtime_call}
  0x0000027f9d8ba7bc: 48b8 4054 | 8c9c fb7f | 0000 ffd0 | 4883 c408 | e90c 0000 

  0x0000027f9d8ba7d0: ;   {runtime_call}
  0x0000027f9d8ba7d0: 0048 b840 | 548c 9cfb | 7f00 00ff | d048 83c4 | 2041 5941 | 585a 498d | 8fb8 0300 | 0041 c787 
  0x0000027f9d8ba7f0: 4c04 0000 | 0400 0000 

  0x0000027f9d8ba7f8: ;   {runtime_call}
  0x0000027f9d8ba7f8: 48b8 ac16 | a3f1 fb7f | 0000 ffd0 | c5f8 7741 | c787 4c04 | 0000 0500 | 0000 f083 | 4424 c000 
  0x0000027f9d8ba818: 493b af50 | 0400 000f | 870e 0000 | 0041 83bf | 4804 0000 | 000f 842b | 0000 00c5 | f877 4889 
  0x0000027f9d8ba838: 45f8 498b | cf4c 8be4 | 4883 ec20 | 4883 e4f0 

  0x0000027f9d8ba848: ;   {runtime_call}
  0x0000027f9d8ba848: 48b8 60c7 | 579c fb7f | 0000 ffd0 | 498b e44d | 33e4 488b | 45f8 41c7 | 874c 0400 | 0008 0000 
  0x0000027f9d8ba868: 0041 83bf | c804 0000 | 020f 84a3 

  0x0000027f9d8ba874: ;   {external_word}
  0x0000027f9d8ba874: 0200 0049 | ba40 e7d1 | 9cfb 7f00 | 0041 803a | 000f 844c | 0000 0048 

  0x0000027f9d8ba88c: ;   {metadata({method} {0x0000027faa025008} 'defineClass1' '(Ljava/lang/ClassLoader;Ljava/lang/String;[BIILjava/security/ProtectionDomain;Ljava/lang/String;)Ljava/lang/Class;' in 'java/lang/ClassLoader')}
  0x0000027f9d8ba88c: 8945 f848 | ba00 5002 | aa7f 0200 | 0049 8bcf | 4883 ec20 | 40f6 c40f | 0f84 1900 | 0000 4883 
  0x0000027f9d8ba8ac: ;   {runtime_call}
  0x0000027f9d8ba8ac: ec08 48b8 | 4054 8c9c | fb7f 0000 | ffd0 4883 | c408 e90c 

  0x0000027f9d8ba8c0: ;   {runtime_call}
  0x0000027f9d8ba8c0: 0000 0048 | b840 548c | 9cfb 7f00 | 00ff d048 | 83c4 2048 | 8b45 f849 | c787 9803 | 0000 0000 
  0x0000027f9d8ba8e0: 0000 49c7 | 87a0 0300 | 0000 0000 | 00c5 f877 | 4885 c00f | 84fe 0100 | 00a8 030f | 8508 0000 
  0x0000027f9d8ba900: 0048 8b00 | e9ee 0100 | 00a8 010f | 8509 0000 | 0048 8b40 | fee9 dd01 | 0000 488b | 40ff 4180 
  0x0000027f9d8ba920: 7f40 000f | 84ce 0100 | 0048 83f8 | 000f 84c4 | 0100 0049 | 8b4f 2848 | 83f9 000f | 8414 0000 
  0x0000027f9d8ba940: 0048 83e9 | 0849 894f | 2849 034f | 3848 8901 | e9a2 0100 | 0048 81ec | d000 0000 | 4889 0424 
  0x0000027f9d8ba960: 4889 4c24 | 0848 8954 | 2410 4889 | 7424 1848 | 897c 2420 | 4c89 4424 | 284c 894c | 2430 4c89 
  0x0000027f9d8ba980: 5424 384c | 895c 2440 | c5fb 1144 | 2450 c5fb | 114c 2458 | c5fb 1154 | 2460 c5fb | 115c 2468 
  0x0000027f9d8ba9a0: c5fb 1164 | 2470 c5fb | 116c 2478 | c5fb 11b4 | 2480 0000 | 00c5 fb11 | bc24 8800 | 0000 c57b 
  0x0000027f9d8ba9c0: ;   {no_reloc}
  0x0000027f9d8ba9c0: 1184 2490 | 0000 00c5 | 7b11 8c24 | 9800 0000 | c57b 1194 | 24a0 0000 | 00c5 7b11 | 9c24 a800 
  0x0000027f9d8ba9e0: 0000 c57b | 11a4 24b0 | 0000 00c5 | 7b11 ac24 | b800 0000 | c57b 11b4 | 24c0 0000 | 00c5 7b11 
  0x0000027f9d8baa00: bc24 c800 | 0000 498b | d748 8bc8 | 4883 ec20 | 40f6 c40f | 0f84 1900 | 0000 4883 

  0x0000027f9d8baa1c: ;   {runtime_call}
  0x0000027f9d8baa1c: ec08 48b8 | 60dd 4a9c | fb7f 0000 | ffd0 4883 | c408 e90c 

  0x0000027f9d8baa30: ;   {runtime_call}
  0x0000027f9d8baa30: 0000 0048 | b860 dd4a | 9cfb 7f00 | 00ff d048 | 83c4 20c5 | 7b10 bc24 | c800 0000 | c57b 10b4 
  0x0000027f9d8baa50: 24c0 0000 | 00c5 7b10 | ac24 b800 | 0000 c57b | 10a4 24b0 | 0000 00c5 | 7b10 9c24 | a800 0000 
  0x0000027f9d8baa70: c57b 1094 | 24a0 0000 | 00c5 7b10 | 8c24 9800 | 0000 c57b | 1084 2490 | 0000 00c5 | fb10 bc24 
  0x0000027f9d8baa90: 8800 0000 | c5fb 10b4 | 2480 0000 | 00c5 fb10 | 6c24 78c5 | fb10 6424 | 70c5 fb10 | 5c24 68c5 
  0x0000027f9d8baab0: fb10 5424 | 60c5 fb10 | 4c24 58c5 | fb10 4424 | 504c 8b5c | 2440 4c8b | 5424 384c | 8b4c 2430 
  0x0000027f9d8baad0: 4c8b 4424 | 2848 8b7c | 2420 488b | 7424 1848 | 8b54 2410 | 488b 4c24 | 0848 8b04 | 2448 81c4 
  0x0000027f9d8baaf0: d000 0000 | c5f8 7749 | 8b8f 2804 | 0000 c781 | 0001 0000 | 0000 0000 | c949 837f | 0800 0f85 
  0x0000027f9d8bab10: 0100 0000 

  0x0000027f9d8bab14: ;   {runtime_call StubRoutines (initial stubs)}
  0x0000027f9d8bab14: c3e9 e663 | a1ff c5f8 | 7748 8945 | f84c 8be4 | 4883 ec20 | 4883 e4f0 

  0x0000027f9d8bab2c: ;   {runtime_call}
  0x0000027f9d8bab2c: 48b8 e08b | 8c9c fb7f | 0000 ffd0 | 498b e44d | 33e4 488b | 45f8 e930 | fdff fff4 
[/MachCode]


Compiled method (c1)    1981  954       3       java.lang.ClassLoader::defineClass (43 bytes)
 total in heap  [0x0000027f95f57b90,0x0000027f95f58500] = 2416
 relocation     [0x0000027f95f57ce8,0x0000027f95f57d88] = 160
 main code      [0x0000027f95f57da0,0x0000027f95f58238] = 1176
 stub code      [0x0000027f95f58238,0x0000027f95f582b0] = 120
 metadata       [0x0000027f95f582b0,0x0000027f95f582f0] = 64
 scopes data    [0x0000027f95f582f0,0x0000027f95f583e0] = 240
 scopes pcs     [0x0000027f95f583e0,0x0000027f95f584c0] = 224
 dependencies   [0x0000027f95f584c0,0x0000027f95f584d8] = 24
 nul chk table  [0x0000027f95f584d8,0x0000027f95f58500] = 40

[Constant Pool (empty)]

[MachCode]
[Entry Point]
  # {method} {0x0000027faa024e28} 'defineClass' '(Ljava/lang/String;[BIILjava/security/ProtectionDomain;)Ljava/lang/Class;' in 'java/lang/ClassLoader'
  # this:     rdx:rdx   = 'java/lang/ClassLoader'
  # parm0:    r8:r8     = 'java/lang/String'
  # parm1:    r9:r9     = '[B'
  # parm2:    rdi       = int
  # parm3:    rsi       = int
  # parm4:    rcx:rcx   = 'java/security/ProtectionDomain'
  #           [sp+0xc0]  (sp of caller)
  0x0000027f95f57da0: 448b 5208 | 49c1 e203 

  0x0000027f95f57da8: ;   {runtime_call ic_miss_stub}
  0x0000027f95f57da8: 4c3b d00f | 85cf 693c | 070f 1f84 | 0000 0000 | 000f 1f80 | 0000 0000 
[Verified Entry Point]
  0x0000027f95f57dc0: 8984 2400 | 80ff ff55 | 4881 ecb0 | 0000 0090 | 4181 7f20 | 0100 0000 

  0x0000027f95f57dd8: ;   {runtime_call StubRoutines (final stubs)}
  0x0000027f95f57dd8: 7405 e841 | 1d3b 0748 | 8954 2478 

  0x0000027f95f57de4: ;   {metadata(method data for {method} {0x0000027faa024e28} 'defineClass' '(Ljava/lang/String;[BIILjava/security/ProtectionDomain;)Ljava/lang/Class;' in 'java/lang/ClassLoader')}
  0x0000027f95f57de4: 48bb 20c7 | 9eaa 7f02 | 0000 8b83 | cc00 0000 | 83c0 0289 | 83cc 0000 | 0025 fe07 | 0000 85c0 
  0x0000027f95f57e04: 0f84 5003 | 0000 89b4 | 2494 0000 | 0089 bc24 | 9000 0000 | 4c89 8c24 | 8800 0000 

  0x0000027f95f57e20: ;   {metadata(method data for {method} {0x0000027faa024e28} 'defineClass' '(Ljava/lang/String;[BIILjava/security/ProtectionDomain;)Ljava/lang/Class;' in 'java/lang/ClassLoader')}
  0x0000027f95f57e20: 488b da48 | b820 c79e | aa7f 0200 | 0048 8380 | 1001 0000 | 0149 8bd8 | 4c8b c34c | 8bc9 488b 
  0x0000027f95f57e40: ca48 8bd1 | 4889 9c24 | 8000 0000 

  0x0000027f95f57e4c: ;   {optimized virtual_call}
  0x0000027f95f57e4c: 6666 90e8 

  0x0000027f95f57e50: ; ImmutableOopMap {[120]=Oop [128]=Oop [136]=Oop }
                      ;*invokevirtual preDefineClass {reexecute=0 rethrow=0 return_oop=0}
                      ; - java.lang.ClassLoader::defineClass@4
  0x0000027f95f57e50: 4c50 ffff 

  0x0000027f95f57e54: ;   {other}
  0x0000027f95f57e54: 0f1f 8400 | c402 0000 | 4889 8424 | 9800 0000 | 488b 5424 

  0x0000027f95f57e68: ;   {metadata(method data for {method} {0x0000027faa024e28} 'defineClass' '(Ljava/lang/String;[BIILjava/security/ProtectionDomain;)Ljava/lang/Class;' in 'java/lang/ClassLoader')}
  0x0000027f95f57e68: 7849 b820 | c79e aa7f | 0200 0049 | 8380 4801 

  0x0000027f95f57e78: ;   {metadata(method data for {method} {0x0000027faa024c48} 'defineClassSourceLocation' '(Ljava/security/ProtectionDomain;)Ljava/lang/String;' in 'java/lang/ClassLoader')}
  0x0000027f95f57e78: 0000 0149 | b860 0bb0 | aa7f 0200 | 0041 8b90 | cc00 0000 | 83c2 0241 | 8990 cc00 | 0000 81e2 
  0x0000027f95f57e98: feff 1f00 | 85d2 0f84 | d702 0000 

  0x0000027f95f57ea4: ; implicit exception: dispatches to 0x0000027f95f5819c
  0x0000027f95f57ea4: 483b 004c 

  0x0000027f95f57ea8: ;   {metadata(method data for {method} {0x0000027faa024c48} 'defineClassSourceLocation' '(Ljava/security/ProtectionDomain;)Ljava/lang/String;' in 'java/lang/ClassLoader')}
  0x0000027f95f57ea8: 8bc0 48ba | 600b b0aa | 7f02 0000 | 4883 8210 | 0100 0001 | 448b 4010 

  0x0000027f95f57ec0: ;   {metadata(method data for {method} {0x0000027faa024c48} 'defineClassSourceLocation' '(Ljava/security/ProtectionDomain;)Ljava/lang/String;' in 'java/lang/ClassLoader')}
  0x0000027f95f57ec0: 4d85 c048 | ba60 0bb0 | aa7f 0200 | 0048 be58 | 0100 0000 | 0000 0075 | 0a48 be48 | 0100 0000 
  0x0000027f95f57ee0: 0000 0048 | 8b3c 3248 | 8d7f 0148 | 893c 320f | 850f 0000 

  0x0000027f95f57ef4: ;   {oop(nullptr)}
  0x0000027f95f57ef4: 0048 bb00 | 0000 0000 | 0000 00e9 | 9b01 0000 

  0x0000027f95f57f04: ; implicit exception: dispatches to 0x0000027f95f581a1
  0x0000027f95f57f04: 493b 0049 

  0x0000027f95f57f08: ;   {metadata(method data for {method} {0x0000027faa024c48} 'defineClassSourceLocation' '(Ljava/security/ProtectionDomain;)Ljava/lang/String;' in 'java/lang/ClassLoader')}
  0x0000027f95f57f08: 8bd0 48be | 600b b0aa | 7f02 0000 | 4883 8668 | 0100 0001 | 418b 500c 

  0x0000027f95f57f20: ;   {metadata(method data for {method} {0x0000027faa024c48} 'defineClassSourceLocation' '(Ljava/security/ProtectionDomain;)Ljava/lang/String;' in 'java/lang/ClassLoader')}
  0x0000027f95f57f20: 4885 d248 | be60 0bb0 | aa7f 0200 | 0048 bfb0 | 0100 0000 | 0000 0075 | 0a48 bfa0 | 0100 0000 
  0x0000027f95f57f40: 0000 0048 | 8b1c 3e48 | 8d5b 0148 | 891c 3e0f | 850f 0000 

  0x0000027f95f57f54: ;   {oop(nullptr)}
  0x0000027f95f57f54: 0048 bb00 | 0000 0000 | 0000 00e9 | 3b01 0000 

  0x0000027f95f57f64: ;   {metadata(method data for {method} {0x0000027faa024c48} 'defineClassSourceLocation' '(Ljava/security/ProtectionDomain;)Ljava/lang/String;' in 'java/lang/ClassLoader')}
  0x0000027f95f57f64: 48be 600b | b0aa 7f02 | 0000 4883 | 86c0 0100 | 0001 483b | 024c 8bc2 

  0x0000027f95f57f7c: ;   {metadata(method data for {method} {0x0000027faa024c48} 'defineClassSourceLocation' '(Ljava/security/ProtectionDomain;)Ljava/lang/String;' in 'java/lang/ClassLoader')}
  0x0000027f95f57f7c: 48be 600b | b0aa 7f02 | 0000 4883 | 86f8 0100 

  0x0000027f95f57f8c: ;   {metadata(method data for {method} {0x0000027faa0f5f88} 'toString' '()Ljava/lang/String;' in 'java/net/URL')}
  0x0000027f95f57f8c: 0001 49b8 | c872 77aa | 7f02 0000 | 418b b0cc | 0000 0083 | c602 4189 | b0cc 0000 | 0081 e6fe 
  0x0000027f95f57fac: ff1f 0085 | f60f 84f4 | 0100 004c 

  0x0000027f95f57fb8: ;   {metadata(method data for {method} {0x0000027faa0f5f88} 'toString' '()Ljava/lang/String;' in 'java/net/URL')}
  0x0000027f95f57fb8: 8bc2 48be | c872 77aa | 7f02 0000 | 4883 8610 | 0100 0001 

  0x0000027f95f57fcc: ;   {metadata(method data for {method} {0x0000027faa0f6040} 'toExternalForm' '()Ljava/lang/String;' in 'java/net/URL')}
  0x0000027f95f57fcc: 49b8 5074 | 77aa 7f02 | 0000 418b | b0cc 0000 | 0083 c602 | 4189 b0cc | 0000 0081 | e6fe ff1f 
  0x0000027f95f57fec: 0085 f60f | 84d7 0100 | 008b 7238 

  0x0000027f95f57ff8: ; implicit exception: dispatches to 0x0000027f95f581ed
  0x0000027f95f57ff8: 483b 064c 

  0x0000027f95f57ffc: ;   {metadata(method data for {method} {0x0000027faa0f6040} 'toExternalForm' '()Ljava/lang/String;' in 'java/net/URL')}
  0x0000027f95f57ffc: 8bc6 48bf | 5074 77aa | 7f02 0000 | 458b 4008 | 49c1 e003 | 4c3b 8720 | 0100 0075 | 0d48 8387 
  0x0000027f95f5801c: 2801 0000 | 01e9 6000 | 0000 4c3b | 8730 0100 | 0075 0d48 | 8387 3801 | 0000 01e9 | 4a00 0000 
  0x0000027f95f5803c: 4883 bf20 | 0100 0000 | 7517 4c89 | 8720 0100 | 0048 c787 | 2801 0000 | 0100 0000 | e929 0000 
  0x0000027f95f5805c: 0048 83bf | 3001 0000 | 0075 174c | 8987 3001 | 0000 48c7 | 8738 0100 | 0001 0000 | 00e9 0800 
  0x0000027f95f5807c: 0000 4883 | 8710 0100 | 0001 4c8b | c248 8bd6 

  0x0000027f95f5808c: ;   {optimized virtual_call}
  0x0000027f95f5808c: 6666 90e8 

  0x0000027f95f58090: ; ImmutableOopMap {[120]=Oop [128]=Oop [136]=Oop [152]=Oop }
                      ;*invokevirtual toExternalForm {reexecute=0 rethrow=0 return_oop=0}
                      ; - java.net.URL::toExternalForm@5
                      ; - java.net.URL::toString@1
                      ; - java.lang.ClassLoader::defineClassSourceLocation@22
                      ; - java.lang.ClassLoader::defineClass@12
  0x0000027f95f58090: 6c00 fbff 

  0x0000027f95f58094: ;   {other}
  0x0000027f95f58094: 0f1f 8400 | 0405 0001 | 488b d848 | 8b84 2498 | 0000 008b | b424 9400 | 0000 8bbc | 2490 0000 
  0x0000027f95f580b4: 004c 8b8c | 2488 0000 | 004c 8b84 | 2480 0000 | 0048 8b54 

  0x0000027f95f580c8: ;   {metadata(method data for {method} {0x0000027faa024e28} 'defineClass' '(Ljava/lang/String;[BIILjava/security/ProtectionDomain;)Ljava/lang/Class;' in 'java/lang/ClassLoader')}
  0x0000027f95f580c8: 2478 48b9 | 20c7 9eaa | 7f02 0000 | 4883 8180 | 0100 0001 | 4c8b da49 | 8bd3 488b | c848 891c 
  0x0000027f95f580e8: 2466 0f1f 

  0x0000027f95f580ec: ;   {static_call}
  0x0000027f95f580ec: 4400 00e8 

  0x0000027f95f580f0: ; ImmutableOopMap {[120]=Oop [152]=Oop }
                      ;*invokestatic defineClass1 {reexecute=0 rethrow=0 return_oop=0}
                      ; - java.lang.ClassLoader::defineClass@27
  0x0000027f95f580f0: c425 9607 

  0x0000027f95f580f4: ;   {other}
  0x0000027f95f580f4: 0f1f 8400 | 6405 0002 | 488b 5424 

  0x0000027f95f58100: ;   {metadata(method data for {method} {0x0000027faa024e28} 'defineClass' '(Ljava/lang/String;[BIILjava/security/ProtectionDomain;)Ljava/lang/Class;' in 'java/lang/ClassLoader')}
  0x0000027f95f58100: 7849 b820 | c79e aa7f | 0200 0049 | 8380 9001 | 0000 014c | 8bc0 4c8b | 8c24 9800 | 0000 488b 
  0x0000027f95f58120: 5424 7848 | 8984 24a0 | 0000 000f 

  0x0000027f95f5812c: ;   {optimized virtual_call}
  0x0000027f95f5812c: 1f40 00e8 

  0x0000027f95f58130: ; ImmutableOopMap {[160]=Oop }
                      ;*invokevirtual postDefineClass {reexecute=0 rethrow=0 return_oop=0}
                      ; - java.lang.ClassLoader::defineClass@37
  0x0000027f95f58130: 6c4c fdff 

  0x0000027f95f58134: ;   {other}
  0x0000027f95f58134: 0f1f 8400 | a405 0003 | 488b 8424 | a000 0000 | 4881 c4b0 | 0000 005d 

  0x0000027f95f5814c: ;   {poll_return}
  0x0000027f95f5814c: 493b a750 | 0400 000f | 8799 0000 

  0x0000027f95f58158: ;   {metadata({method} {0x0000027faa024e28} 'defineClass' '(Ljava/lang/String;[BIILjava/security/ProtectionDomain;)Ljava/lang/Class;' in 'java/lang/ClassLoader')}
  0x0000027f95f58158: 00c3 49ba | 204e 02aa | 7f02 0000 | 4c89 5424 | 0848 c704 | 24ff ffff 

  0x0000027f95f58170: ;   {runtime_call counter_overflow Runtime1 stub}
  0x0000027f95f58170: ffe8 0a8a 

  0x0000027f95f58174: ; ImmutableOopMap {rdx=Oop r8=Oop r9=Oop rcx=Oop [120]=Oop }
                      ;*synchronization entry
                      ; - java.lang.ClassLoader::defineClass@-1
  0x0000027f95f58174: 4807 e98f 

  0x0000027f95f58178: ;   {metadata({method} {0x0000027faa024c48} 'defineClassSourceLocation' '(Ljava/security/ProtectionDomain;)Ljava/lang/String;' in 'java/lang/ClassLoader')}
  0x0000027f95f58178: fcff ff49 | ba40 4c02 | aa7f 0200 | 004c 8954 | 2408 48c7 | 0424 ffff 

  0x0000027f95f58190: ;   {runtime_call counter_overflow Runtime1 stub}
  0x0000027f95f58190: ffff e8e9 

  0x0000027f95f58194: ; ImmutableOopMap {rax=Oop [120]=Oop [128]=Oop [136]=Oop [152]=Oop }
                      ;*synchronization entry
                      ; - java.lang.ClassLoader::defineClassSourceLocation@-1
                      ; - java.lang.ClassLoader::defineClass@12
  0x0000027f95f58194: 8948 07e9 | 08fd ffff 

  0x0000027f95f5819c: ;   {runtime_call throw_null_pointer_exception Runtime1 stub}
  0x0000027f95f5819c: e8df 3848 

  0x0000027f95f581a0: ; ImmutableOopMap {rax=Oop [120]=Oop [128]=Oop [136]=Oop [152]=Oop }
                      ;*invokevirtual getCodeSource {reexecute=0 rethrow=0 return_oop=0}
                      ; - java.lang.ClassLoader::defineClassSourceLocation@1
                      ; - java.lang.ClassLoader::defineClass@12
                      ;   {runtime_call throw_null_pointer_exception Runtime1 stub}
  0x0000027f95f581a0: 07e8 da38 

  0x0000027f95f581a4: ; ImmutableOopMap {rax=Oop r8=Oop [120]=Oop [128]=Oop [136]=Oop [152]=Oop }
                      ;*invokevirtual getLocation {reexecute=0 rethrow=0 return_oop=0}
                      ; - java.lang.ClassLoader::defineClassSourceLocation@12
                      ; - java.lang.ClassLoader::defineClass@12
                      ;   {runtime_call throw_null_pointer_exception Runtime1 stub}
  0x0000027f95f581a4: 4807 e8d5 

  0x0000027f95f581a8: ; ImmutableOopMap {rdx=Oop [120]=Oop [128]=Oop [136]=Oop [152]=Oop }
                      ;*invokevirtual toString {reexecute=0 rethrow=0 return_oop=0}
                      ; - java.lang.ClassLoader::defineClassSourceLocation@22
                      ; - java.lang.ClassLoader::defineClass@12
                      ;   {metadata({method} {0x0000027faa0f5f88} 'toString' '()Ljava/lang/String;' in 'java/net/URL')}
  0x0000027f95f581a8: 3848 0749 | ba80 5f0f | aa7f 0200 | 004c 8954 | 2408 48c7 | 0424 ffff 

  0x0000027f95f581c0: ;   {runtime_call counter_overflow Runtime1 stub}
  0x0000027f95f581c0: ffff e8b9 

  0x0000027f95f581c4: ; ImmutableOopMap {rdx=Oop [120]=Oop [128]=Oop [136]=Oop [152]=Oop }
                      ;*synchronization entry
                      ; - java.net.URL::toString@-1
                      ; - java.lang.ClassLoader::defineClassSourceLocation@22
                      ; - java.lang.ClassLoader::defineClass@12
  0x0000027f95f581c4: 8948 07e9 | ebfd ffff 

  0x0000027f95f581cc: ;   {metadata({method} {0x0000027faa0f6040} 'toExternalForm' '()Ljava/lang/String;' in 'java/net/URL')}
  0x0000027f95f581cc: 49ba 3860 | 0faa 7f02 | 0000 4c89 | 5424 0848 | c704 24ff 

  0x0000027f95f581e0: ;   {runtime_call counter_overflow Runtime1 stub}
  0x0000027f95f581e0: ffff ffe8 

  0x0000027f95f581e4: ; ImmutableOopMap {rdx=Oop [120]=Oop [128]=Oop [136]=Oop [152]=Oop }
                      ;*synchronization entry
                      ; - java.net.URL::toExternalForm@-1
                      ; - java.net.URL::toString@1
                      ; - java.lang.ClassLoader::defineClassSourceLocation@22
                      ; - java.lang.ClassLoader::defineClass@12
  0x0000027f95f581e4: 9889 4807 | e908 feff 

  0x0000027f95f581ec: ;   {runtime_call throw_null_pointer_exception Runtime1 stub}
  0x0000027f95f581ec: ffe8 8e38 

  0x0000027f95f581f0: ; ImmutableOopMap {rdx=Oop rsi=Oop [120]=Oop [128]=Oop [136]=Oop [152]=Oop }
                      ;*invokevirtual toExternalForm {reexecute=0 rethrow=0 return_oop=0}
                      ; - java.net.URL::toExternalForm@5
                      ; - java.net.URL::toString@1
                      ; - java.lang.ClassLoader::defineClassSourceLocation@22
                      ; - java.lang.ClassLoader::defineClass@12
                      ;   {internal_word}
  0x0000027f95f581f0: 4807 49ba | 4c81 f595 | 7f02 0000 | 4d89 9768 

  0x0000027f95f58200: ;   {runtime_call SafepointBlob}
  0x0000027f95f58200: 0400 00e9 | f8d4 3c07 | 498b 8700 | 0500 0049 | c787 0005 | 0000 0000 | 0000 49c7 | 8708 0500 
  0x0000027f95f58220: 0000 0000 | 0048 81c4 | b000 0000 

  0x0000027f95f5822c: ;   {runtime_call unwind_exception Runtime1 stub}
  0x0000027f95f5822c: 5de9 4e29 | 4807 f4f4 | f4f4 f4f4 
[Stub Code]
  0x0000027f95f58238: ;   {no_reloc}
  0x0000027f95f58238: 0f1f 4400 

  0x0000027f95f5823c: ;   {static_stub}
  0x0000027f95f5823c: 0048 bb00 | 0000 0000 

  0x0000027f95f58244: ;   {runtime_call}
  0x0000027f95f58244: 0000 00e9 | fbff ffff 

  0x0000027f95f5824c: ;   {static_stub}
  0x0000027f95f5824c: 48bb 0000 | 0000 0000 

  0x0000027f95f58254: ;   {runtime_call}
  0x0000027f95f58254: 0000 e9fb 

  0x0000027f95f58258: ;   {static_stub}
  0x0000027f95f58258: ffff ff48 | bb00 0000 | 0000 0000 

  0x0000027f95f58264: ;   {runtime_call}
  0x0000027f95f58264: 00e9 fbff 

  0x0000027f95f58268: ;   {static_stub}
  0x0000027f95f58268: ffff 48bb | 0000 0000 | 0000 0000 

  0x0000027f95f58274: ;   {runtime_call}
  0x0000027f95f58274: e9fb ffff 

  0x0000027f95f58278: ;   {runtime_call handle_exception_from_callee Runtime1 stub}
  0x0000027f95f58278: ffe8 0256 

  0x0000027f95f5827c: ;   {external_word}
  0x0000027f95f5827c: 4807 48b9 | e07f ac9c | fb7f 0000 | 4883 e4f0 

  0x0000027f95f5828c: ;   {runtime_call}
  0x0000027f95f5828c: 48b8 5061 | 7b9c fb7f | 0000 ffd0 

  0x0000027f95f58298: ;   {section_word}
  0x0000027f95f58298: f449 ba99 | 82f5 957f | 0200 0041 

  0x0000027f95f582a4: ;   {runtime_call DeoptimizationBlob}
  0x0000027f95f582a4: 52e9 f6c6 | 3c07 f4f4 | f4f4 f4f4 
[/MachCode]


Compiled method (c1)    1990  890       3       java.security.SecureClassLoader::defineClass (16 bytes)
 total in heap  [0x0000027f95f37e10,0x0000027f95f38210] = 1024
 relocation     [0x0000027f95f37f68,0x0000027f95f37fb8] = 80
 main code      [0x0000027f95f37fc0,0x0000027f95f38118] = 344
 stub code      [0x0000027f95f38118,0x0000027f95f38168] = 80
 metadata       [0x0000027f95f38168,0x0000027f95f38170] = 8
 scopes data    [0x0000027f95f38170,0x0000027f95f381b8] = 72
 scopes pcs     [0x0000027f95f381b8,0x0000027f95f38208] = 80
 dependencies   [0x0000027f95f38208,0x0000027f95f38210] = 8

[Constant Pool (empty)]

[MachCode]
[Entry Point]
  # {method} {0x0000027faa03d460} 'defineClass' '(Ljava/lang/String;[BIILjava/security/CodeSource;)Ljava/lang/Class;' in 'java/security/SecureClassLoader'
  # this:     rdx:rdx   = 'java/security/SecureClassLoader'
  # parm0:    r8:r8     = 'java/lang/String'
  # parm1:    r9:r9     = '[B'
  # parm2:    rdi       = int
  # parm3:    rsi       = int
  # parm4:    rcx:rcx   = 'java/security/CodeSource'
  #           [sp+0x80]  (sp of caller)
  0x0000027f95f37fc0: 448b 5208 | 49c1 e203 

  0x0000027f95f37fc8: ;   {runtime_call ic_miss_stub}
  0x0000027f95f37fc8: 4c3b d00f | 85af 673e | 070f 1f84 | 0000 0000 | 000f 1f80 | 0000 0000 
[Verified Entry Point]
  0x0000027f95f37fe0: 8984 2400 | 80ff ff55 | 4883 ec70 | 4181 7f20 | 0100 0000 

  0x0000027f95f37ff4: ;   {runtime_call StubRoutines (final stubs)}
  0x0000027f95f37ff4: 7405 e825 

  0x0000027f95f37ff8: ;   {metadata(method data for {method} {0x0000027faa03d460} 'defineClass' '(Ljava/lang/String;[BIILjava/security/CodeSource;)Ljava/lang/Class;' in 'java/security/SecureClassLoader')}
  0x0000027f95f37ff8: 1b3d 0748 | bbc8 809c | aa7f 0200 | 008b 83cc | 0000 0083 | c002 8983 | cc00 0000 | 25fe 0700 
  0x0000027f95f38018: 0085 c00f | 8496 0000 | 0089 7424 | 5c89 7c24 | 584c 894c | 2450 4c89 | 4424 4848 

  0x0000027f95f38034: ;   {metadata(method data for {method} {0x0000027faa03d460} 'defineClass' '(Ljava/lang/String;[BIILjava/security/CodeSource;)Ljava/lang/Class;' in 'java/security/SecureClassLoader')}
  0x0000027f95f38034: 8bda 48b8 | c880 9caa | 7f02 0000 | 4883 8010 | 0100 0001 | 4c8b c148 | 8bc2 488b | d048 8944 
  0x0000027f95f38054: ;   {optimized virtual_call}
  0x0000027f95f38054: 2440 90e8 

  0x0000027f95f38058: ; ImmutableOopMap {[64]=Oop [72]=Oop [80]=Oop }
                      ;*invokevirtual getProtectionDomain {reexecute=0 rethrow=0 return_oop=0}
                      ; - java.security.SecureClassLoader::defineClass@9
  0x0000027f95f38058: c4f2 0100 

  0x0000027f95f3805c: ;   {other}
  0x0000027f95f3805c: 0f1f 8400 | 4c02 0000 | 488b 5424 

  0x0000027f95f38068: ;   {metadata(method data for {method} {0x0000027faa03d460} 'defineClass' '(Ljava/lang/String;[BIILjava/security/CodeSource;)Ljava/lang/Class;' in 'java/security/SecureClassLoader')}
  0x0000027f95f38068: 4049 b8c8 | 809c aa7f | 0200 0049 | 8380 4801 | 0000 014c | 8b44 2448 | 4c8b 4c24 | 508b 7c24 
  0x0000027f95f38088: 588b 7424 | 5c48 8bc8 | 488b 5424 

  0x0000027f95f38094: ;   {optimized virtual_call}
  0x0000027f95f38094: 4066 90e8 

  0x0000027f95f38098: ; ImmutableOopMap {}
                      ;*invokevirtual defineClass {reexecute=0 rethrow=0 return_oop=0}
                      ; - java.security.SecureClassLoader::defineClass@12
  0x0000027f95f38098: 24fd 0100 

  0x0000027f95f3809c: ;   {other}
  0x0000027f95f3809c: 0f1f 8400 | 8c02 0001 | 4883 c470 

  0x0000027f95f380a8: ;   {poll_return}
  0x0000027f95f380a8: 5d49 3ba7 | 5004 0000 | 0f87 2200 

  0x0000027f95f380b4: ;   {metadata({method} {0x0000027faa03d460} 'defineClass' '(Ljava/lang/String;[BIILjava/security/CodeSource;)Ljava/lang/Class;' in 'java/security/SecureClassLoader')}
  0x0000027f95f380b4: 0000 c349 | ba58 d403 | aa7f 0200 | 004c 8954 | 2408 48c7 | 0424 ffff 

  0x0000027f95f380cc: ;   {runtime_call counter_overflow Runtime1 stub}
  0x0000027f95f380cc: ffff e8ad 

  0x0000027f95f380d0: ; ImmutableOopMap {rdx=Oop r8=Oop r9=Oop rcx=Oop }
                      ;*synchronization entry
                      ; - java.security.SecureClassLoader::defineClass@-1
  0x0000027f95f380d0: 8a4a 07e9 | 49ff ffff 

  0x0000027f95f380d8: ;   {internal_word}
  0x0000027f95f380d8: 49ba a980 | f395 7f02 | 0000 4d89 | 9768 0400 

  0x0000027f95f380e8: ;   {runtime_call SafepointBlob}
  0x0000027f95f380e8: 00e9 12d6 | 3e07 498b | 8700 0500 | 0049 c787 | 0005 0000 | 0000 0000 | 49c7 8708 | 0500 0000 
  0x0000027f95f38108: 0000 0048 | 83c4 705d 

  0x0000027f95f38110: ;   {runtime_call unwind_exception Runtime1 stub}
  0x0000027f95f38110: e96b 2a4a | 07f4 f4f4 
[Stub Code]
  0x0000027f95f38118: ;   {no_reloc}
  0x0000027f95f38118: 48bb 90d6 | 03aa 7f02 

  0x0000027f95f38120: ;   {runtime_call I2C/C2I adapters}
  0x0000027f95f38120: 0000 e9b7 

  0x0000027f95f38124: ;   {static_stub}
  0x0000027f95f38124: c03e 0748 | bb20 4e02 | aa7f 0200 

  0x0000027f95f38130: ;   {runtime_call I2C/C2I adapters}
  0x0000027f95f38130: 00e9 b694 

  0x0000027f95f38134: ;   {runtime_call handle_exception_from_callee Runtime1 stub}
  0x0000027f95f38134: 3d07 e845 

  0x0000027f95f38138: ;   {external_word}
  0x0000027f95f38138: 574a 0748 | b9e0 7fac | 9cfb 7f00 | 0048 83e4 

  0x0000027f95f38148: ;   {runtime_call}
  0x0000027f95f38148: f048 b850 | 617b 9cfb | 7f00 00ff 

  0x0000027f95f38154: ;   {section_word}
  0x0000027f95f38154: d0f4 49ba | 5681 f395 | 7f02 0000 

  0x0000027f95f38160: ;   {runtime_call DeoptimizationBlob}
  0x0000027f95f38160: 4152 e939 | c83e 07f4 
[/MachCode]


---------------  P R O C E S S  ---------------

Threads class SMR info:
_java_thread_list=0x0000027faeb64bf0, length=12, elements={
0x0000027f92c5f890, 0x0000027fae03c920, 0x0000027fae03e650, 0x0000027fae040e80,
0x0000027fae0538c0, 0x0000027fae058f60, 0x0000027fae05a9d0, 0x0000027fae05f600,
0x0000027fae05fcb0, 0x0000027fae1f3480, 0x0000027fae1f5f20, 0x0000027faebc55f0
}

Java Threads: ( => current thread )
=>0x0000027f92c5f890 JavaThread "main"                              [_thread_in_vm, id=18936, stack(0x000000a367f00000,0x000000a368000000) (1024K)]
  0x0000027fae03c920 JavaThread "Reference Handler"          daemon [_thread_blocked, id=12096, stack(0x000000a368700000,0x000000a368800000) (1024K)]
  0x0000027fae03e650 JavaThread "Finalizer"                  daemon [_thread_blocked, id=5228, stack(0x000000a368800000,0x000000a368900000) (1024K)]
  0x0000027fae040e80 JavaThread "Signal Dispatcher"          daemon [_thread_blocked, id=21616, stack(0x000000a368900000,0x000000a368a00000) (1024K)]
  0x0000027fae0538c0 JavaThread "Attach Listener"            daemon [_thread_blocked, id=16980, stack(0x000000a368a00000,0x000000a368b00000) (1024K)]
  0x0000027fae058f60 JavaThread "Service Thread"             daemon [_thread_blocked, id=20660, stack(0x000000a368b00000,0x000000a368c00000) (1024K)]
  0x0000027fae05a9d0 JavaThread "Monitor Deflation Thread"   daemon [_thread_blocked, id=18200, stack(0x000000a368c00000,0x000000a368d00000) (1024K)]
  0x0000027fae05f600 JavaThread "C2 CompilerThread0"         daemon [_thread_blocked, id=24960, stack(0x000000a368d00000,0x000000a368e00000) (1024K)]
  0x0000027fae05fcb0 JavaThread "C1 CompilerThread0"         daemon [_thread_blocked, id=23752, stack(0x000000a368e00000,0x000000a368f00000) (1024K)]
  0x0000027fae1f3480 JavaThread "Notification Thread"        daemon [_thread_blocked, id=9860, stack(0x000000a368f00000,0x000000a369000000) (1024K)]
  0x0000027fae1f5f20 JavaThread "Common-Cleaner"             daemon [_thread_blocked, id=14820, stack(0x000000a369000000,0x000000a369100000) (1024K)]
  0x0000027faebc55f0 JavaThread "pool-1-thread-1"                   [_thread_blocked, id=13788, stack(0x000000a369600000,0x000000a369700000) (1024K)]
Total: 12

Other Threads:
  0x0000027fa9c89040 VMThread "VM Thread"                           [id=4976, stack(0x000000a368600000,0x000000a368700000) (1024K)]
  0x0000027fa9c3dca0 WatcherThread "VM Periodic Task Thread"        [id=1352, stack(0x000000a368500000,0x000000a368600000) (1024K)]
  0x0000027f92ca2590 WorkerThread "GC Thread#0"                     [id=13936, stack(0x000000a368000000,0x000000a368100000) (1024K)]
  0x0000027faee104b0 WorkerThread "GC Thread#1"                     [id=6696, stack(0x000000a369100000,0x000000a369200000) (1024K)]
  0x0000027faec090f0 WorkerThread "GC Thread#2"                     [id=7080, stack(0x000000a369200000,0x000000a369300000) (1024K)]
  0x0000027faebc8c90 WorkerThread "GC Thread#3"                     [id=20588, stack(0x000000a369300000,0x000000a369400000) (1024K)]
  0x0000027faec12b90 WorkerThread "GC Thread#4"                     [id=22624, stack(0x000000a369400000,0x000000a369500000) (1024K)]
  0x0000027faec12f30 WorkerThread "GC Thread#5"                     [id=6560, stack(0x000000a369500000,0x000000a369600000) (1024K)]
  0x0000027f92caf0f0 ConcurrentGCThread "G1 Main Marker"            [id=24740, stack(0x000000a368100000,0x000000a368200000) (1024K)]
  0x0000027f92cafbf0 WorkerThread "G1 Conc#0"                       [id=5424, stack(0x000000a368200000,0x000000a368300000) (1024K)]
  0x0000027fa9b12860 ConcurrentGCThread "G1 Refine#0"               [id=10548, stack(0x000000a368300000,0x000000a368400000) (1024K)]
  0x0000027f92d1e670 ConcurrentGCThread "G1 Service"                [id=536, stack(0x000000a368400000,0x000000a368500000) (1024K)]
Total: 12

Threads with active compile tasks:
Total: 0

VM state: not at safepoint (normal execution)

VM Mutex/Monitor currently owned by a thread:  ([mutex/lock_event])
[0x00007ffb9cd350f8] Metaspace_lock - owner thread: 0x0000027f92c5f890

Heap address: 0x00000000a2400000, size: 1500 MB, Compressed Oops mode: 32-bit

CDS archive(s) not mapped
Compressed class space mapped at: 0x0000000100000000-0x0000000140000000, reserved size: 1073741824
Narrow klass base: 0x0000000000000000, Narrow klass shift: 3, Narrow klass range: 0x140000000

GC Precious Log:
 CardTable entry size: 512
 Card Set container configuration: InlinePtr #cards 5 size 8 Array Of Cards #cards 12 size 40 Howl #buckets 4 coarsen threshold 1843 Howl Bitmap #cards 512 size 80 coarsen threshold 460 Card regions per heap region 1 cards per card region 2048
 CPUs: 12 total, 12 available
 Memory: 5996M
 Large Page Support: Disabled
 NUMA Support: Disabled
 Compressed Oops: Enabled (32-bit)
 Heap Region Size: 1M
 Heap Min Capacity: 8M
 Heap Initial Capacity: 94M
 Heap Max Capacity: 1500M
 Pre-touch: Disabled
 Parallel Workers: 10
 Concurrent Workers: 3
 Concurrent Refinement Workers: 10
 Periodic GC: Disabled

Heap:
 garbage-first heap   total 96256K, used 23120K [0x00000000a2400000, 0x0000000100000000)
  region size 1024K, 17 young (17408K), 3 survivors (3072K)
 Metaspace       used 16951K, committed 17152K, reserved 1114112K
  class space    used 1962K, committed 2048K, reserved 1048576K

Heap Regions: E=young(eden), S=young(survivor), O=old, HS=humongous(starts), HC=humongous(continues), CS=collection set, F=free, TAMS=top-at-mark-start, PB=parsable bottom
|   0|0x00000000a2400000, 0x00000000a2500000, 0x00000000a2500000|100%|HS|  |TAMS 0x00000000a2400000| PB 0x00000000a2400000| Complete 
|   1|0x00000000a2500000, 0x00000000a2600000, 0x00000000a2600000|100%|HC|  |TAMS 0x00000000a2500000| PB 0x00000000a2500000| Complete 
|   2|0x00000000a2600000, 0x00000000a2700000, 0x00000000a2700000|100%|HC|  |TAMS 0x00000000a2600000| PB 0x00000000a2600000| Complete 
|   3|0x00000000a2700000, 0x00000000a2800000, 0x00000000a2800000|100%|HC|  |TAMS 0x00000000a2700000| PB 0x00000000a2700000| Complete 
|   4|0x00000000a2800000, 0x00000000a2900000, 0x00000000a2900000|100%| O|  |TAMS 0x00000000a2800000| PB 0x00000000a2800000| Untracked 
|   5|0x00000000a2900000, 0x00000000a2a00000, 0x00000000a2a00000|100%| O|  |TAMS 0x00000000a2900000| PB 0x00000000a2900000| Untracked 
|   6|0x00000000a2a00000, 0x00000000a2b00000, 0x00000000a2b00000|100%| O|  |TAMS 0x00000000a2a00000| PB 0x00000000a2a00000| Untracked 
|   7|0x00000000a2b00000, 0x00000000a2b94020, 0x00000000a2c00000| 57%| O|  |TAMS 0x00000000a2b00000| PB 0x00000000a2b00000| Untracked 
|   8|0x00000000a2c00000, 0x00000000a2c00000, 0x00000000a2d00000|  0%| F|  |TAMS 0x00000000a2c00000| PB 0x00000000a2c00000| Untracked 
|   9|0x00000000a2d00000, 0x00000000a2d00000, 0x00000000a2e00000|  0%| F|  |TAMS 0x00000000a2d00000| PB 0x00000000a2d00000| Untracked 
|  10|0x00000000a2e00000, 0x00000000a2e00000, 0x00000000a2f00000|  0%| F|  |TAMS 0x00000000a2e00000| PB 0x00000000a2e00000| Untracked 
|  11|0x00000000a2f00000, 0x00000000a2f00000, 0x00000000a3000000|  0%| F|  |TAMS 0x00000000a2f00000| PB 0x00000000a2f00000| Untracked 
|  12|0x00000000a3000000, 0x00000000a3000000, 0x00000000a3100000|  0%| F|  |TAMS 0x00000000a3000000| PB 0x00000000a3000000| Untracked 
|  13|0x00000000a3100000, 0x00000000a3100000, 0x00000000a3200000|  0%| F|  |TAMS 0x00000000a3100000| PB 0x00000000a3100000| Untracked 
|  14|0x00000000a3200000, 0x00000000a3200000, 0x00000000a3300000|  0%| F|  |TAMS 0x00000000a3200000| PB 0x00000000a3200000| Untracked 
|  15|0x00000000a3300000, 0x00000000a3300000, 0x00000000a3400000|  0%| F|  |TAMS 0x00000000a3300000| PB 0x00000000a3300000| Untracked 
|  16|0x00000000a3400000, 0x00000000a3400000, 0x00000000a3500000|  0%| F|  |TAMS 0x00000000a3400000| PB 0x00000000a3400000| Untracked 
|  17|0x00000000a3500000, 0x00000000a3500000, 0x00000000a3600000|  0%| F|  |TAMS 0x00000000a3500000| PB 0x00000000a3500000| Untracked 
|  18|0x00000000a3600000, 0x00000000a3600000, 0x00000000a3700000|  0%| F|  |TAMS 0x00000000a3600000| PB 0x00000000a3600000| Untracked 
|  19|0x00000000a3700000, 0x00000000a3700000, 0x00000000a3800000|  0%| F|  |TAMS 0x00000000a3700000| PB 0x00000000a3700000| Untracked 
|  20|0x00000000a3800000, 0x00000000a3800000, 0x00000000a3900000|  0%| F|  |TAMS 0x00000000a3800000| PB 0x00000000a3800000| Untracked 
|  21|0x00000000a3900000, 0x00000000a3900000, 0x00000000a3a00000|  0%| F|  |TAMS 0x00000000a3900000| PB 0x00000000a3900000| Untracked 
|  22|0x00000000a3a00000, 0x00000000a3a00000, 0x00000000a3b00000|  0%| F|  |TAMS 0x00000000a3a00000| PB 0x00000000a3a00000| Untracked 
|  23|0x00000000a3b00000, 0x00000000a3b00000, 0x00000000a3c00000|  0%| F|  |TAMS 0x00000000a3b00000| PB 0x00000000a3b00000| Untracked 
|  24|0x00000000a3c00000, 0x00000000a3c00000, 0x00000000a3d00000|  0%| F|  |TAMS 0x00000000a3c00000| PB 0x00000000a3c00000| Untracked 
|  25|0x00000000a3d00000, 0x00000000a3d00000, 0x00000000a3e00000|  0%| F|  |TAMS 0x00000000a3d00000| PB 0x00000000a3d00000| Untracked 
|  26|0x00000000a3e00000, 0x00000000a3e00000, 0x00000000a3f00000|  0%| F|  |TAMS 0x00000000a3e00000| PB 0x00000000a3e00000| Untracked 
|  27|0x00000000a3f00000, 0x00000000a3f00000, 0x00000000a4000000|  0%| F|  |TAMS 0x00000000a3f00000| PB 0x00000000a3f00000| Untracked 
|  28|0x00000000a4000000, 0x00000000a4000000, 0x00000000a4100000|  0%| F|  |TAMS 0x00000000a4000000| PB 0x00000000a4000000| Untracked 
|  29|0x00000000a4100000, 0x00000000a4100000, 0x00000000a4200000|  0%| F|  |TAMS 0x00000000a4100000| PB 0x00000000a4100000| Untracked 
|  30|0x00000000a4200000, 0x00000000a4200000, 0x00000000a4300000|  0%| F|  |TAMS 0x00000000a4200000| PB 0x00000000a4200000| Untracked 
|  31|0x00000000a4300000, 0x00000000a4300000, 0x00000000a4400000|  0%| F|  |TAMS 0x00000000a4300000| PB 0x00000000a4300000| Untracked 
|  32|0x00000000a4400000, 0x00000000a4400000, 0x00000000a4500000|  0%| F|  |TAMS 0x00000000a4400000| PB 0x00000000a4400000| Untracked 
|  33|0x00000000a4500000, 0x00000000a4500000, 0x00000000a4600000|  0%| F|  |TAMS 0x00000000a4500000| PB 0x00000000a4500000| Untracked 
|  34|0x00000000a4600000, 0x00000000a4600000, 0x00000000a4700000|  0%| F|  |TAMS 0x00000000a4600000| PB 0x00000000a4600000| Untracked 
|  35|0x00000000a4700000, 0x00000000a4700000, 0x00000000a4800000|  0%| F|  |TAMS 0x00000000a4700000| PB 0x00000000a4700000| Untracked 
|  36|0x00000000a4800000, 0x00000000a4800000, 0x00000000a4900000|  0%| F|  |TAMS 0x00000000a4800000| PB 0x00000000a4800000| Untracked 
|  37|0x00000000a4900000, 0x00000000a4900000, 0x00000000a4a00000|  0%| F|  |TAMS 0x00000000a4900000| PB 0x00000000a4900000| Untracked 
|  38|0x00000000a4a00000, 0x00000000a4a00000, 0x00000000a4b00000|  0%| F|  |TAMS 0x00000000a4a00000| PB 0x00000000a4a00000| Untracked 
|  39|0x00000000a4b00000, 0x00000000a4b00000, 0x00000000a4c00000|  0%| F|  |TAMS 0x00000000a4b00000| PB 0x00000000a4b00000| Untracked 
|  40|0x00000000a4c00000, 0x00000000a4c00000, 0x00000000a4d00000|  0%| F|  |TAMS 0x00000000a4c00000| PB 0x00000000a4c00000| Untracked 
|  41|0x00000000a4d00000, 0x00000000a4d00000, 0x00000000a4e00000|  0%| F|  |TAMS 0x00000000a4d00000| PB 0x00000000a4d00000| Untracked 
|  42|0x00000000a4e00000, 0x00000000a4e00000, 0x00000000a4f00000|  0%| F|  |TAMS 0x00000000a4e00000| PB 0x00000000a4e00000| Untracked 
|  43|0x00000000a4f00000, 0x00000000a4f00000, 0x00000000a5000000|  0%| F|  |TAMS 0x00000000a4f00000| PB 0x00000000a4f00000| Untracked 
|  44|0x00000000a5000000, 0x00000000a5000000, 0x00000000a5100000|  0%| F|  |TAMS 0x00000000a5000000| PB 0x00000000a5000000| Untracked 
|  45|0x00000000a5100000, 0x00000000a5100000, 0x00000000a5200000|  0%| F|  |TAMS 0x00000000a5100000| PB 0x00000000a5100000| Untracked 
|  46|0x00000000a5200000, 0x00000000a5200000, 0x00000000a5300000|  0%| F|  |TAMS 0x00000000a5200000| PB 0x00000000a5200000| Untracked 
|  47|0x00000000a5300000, 0x00000000a5300000, 0x00000000a5400000|  0%| F|  |TAMS 0x00000000a5300000| PB 0x00000000a5300000| Untracked 
|  48|0x00000000a5400000, 0x00000000a5400000, 0x00000000a5500000|  0%| F|  |TAMS 0x00000000a5400000| PB 0x00000000a5400000| Untracked 
|  49|0x00000000a5500000, 0x00000000a5500000, 0x00000000a5600000|  0%| F|  |TAMS 0x00000000a5500000| PB 0x00000000a5500000| Untracked 
|  50|0x00000000a5600000, 0x00000000a5600000, 0x00000000a5700000|  0%| F|  |TAMS 0x00000000a5600000| PB 0x00000000a5600000| Untracked 
|  51|0x00000000a5700000, 0x00000000a5700000, 0x00000000a5800000|  0%| F|  |TAMS 0x00000000a5700000| PB 0x00000000a5700000| Untracked 
|  52|0x00000000a5800000, 0x00000000a5800000, 0x00000000a5900000|  0%| F|  |TAMS 0x00000000a5800000| PB 0x00000000a5800000| Untracked 
|  53|0x00000000a5900000, 0x00000000a5900000, 0x00000000a5a00000|  0%| F|  |TAMS 0x00000000a5900000| PB 0x00000000a5900000| Untracked 
|  54|0x00000000a5a00000, 0x00000000a5a00000, 0x00000000a5b00000|  0%| F|  |TAMS 0x00000000a5a00000| PB 0x00000000a5a00000| Untracked 
|  55|0x00000000a5b00000, 0x00000000a5b00000, 0x00000000a5c00000|  0%| F|  |TAMS 0x00000000a5b00000| PB 0x00000000a5b00000| Untracked 
|  56|0x00000000a5c00000, 0x00000000a5c00000, 0x00000000a5d00000|  0%| F|  |TAMS 0x00000000a5c00000| PB 0x00000000a5c00000| Untracked 
|  57|0x00000000a5d00000, 0x00000000a5d00000, 0x00000000a5e00000|  0%| F|  |TAMS 0x00000000a5d00000| PB 0x00000000a5d00000| Untracked 
|  58|0x00000000a5e00000, 0x00000000a5e00000, 0x00000000a5f00000|  0%| F|  |TAMS 0x00000000a5e00000| PB 0x00000000a5e00000| Untracked 
|  59|0x00000000a5f00000, 0x00000000a5f00000, 0x00000000a6000000|  0%| F|  |TAMS 0x00000000a5f00000| PB 0x00000000a5f00000| Untracked 
|  60|0x00000000a6000000, 0x00000000a6000000, 0x00000000a6100000|  0%| F|  |TAMS 0x00000000a6000000| PB 0x00000000a6000000| Untracked 
|  61|0x00000000a6100000, 0x00000000a6100000, 0x00000000a6200000|  0%| F|  |TAMS 0x00000000a6100000| PB 0x00000000a6100000| Untracked 
|  62|0x00000000a6200000, 0x00000000a6200000, 0x00000000a6300000|  0%| F|  |TAMS 0x00000000a6200000| PB 0x00000000a6200000| Untracked 
|  63|0x00000000a6300000, 0x00000000a6300000, 0x00000000a6400000|  0%| F|  |TAMS 0x00000000a6300000| PB 0x00000000a6300000| Untracked 
|  64|0x00000000a6400000, 0x00000000a6400000, 0x00000000a6500000|  0%| F|  |TAMS 0x00000000a6400000| PB 0x00000000a6400000| Untracked 
|  65|0x00000000a6500000, 0x00000000a6500000, 0x00000000a6600000|  0%| F|  |TAMS 0x00000000a6500000| PB 0x00000000a6500000| Untracked 
|  66|0x00000000a6600000, 0x00000000a6600000, 0x00000000a6700000|  0%| F|  |TAMS 0x00000000a6600000| PB 0x00000000a6600000| Untracked 
|  67|0x00000000a6700000, 0x00000000a6700000, 0x00000000a6800000|  0%| F|  |TAMS 0x00000000a6700000| PB 0x00000000a6700000| Untracked 
|  68|0x00000000a6800000, 0x00000000a6900000, 0x00000000a6900000|100%| S|CS|TAMS 0x00000000a6800000| PB 0x00000000a6800000| Complete 
|  69|0x00000000a6900000, 0x00000000a6a00000, 0x00000000a6a00000|100%| S|CS|TAMS 0x00000000a6900000| PB 0x00000000a6900000| Complete 
|  70|0x00000000a6a00000, 0x00000000a6b00000, 0x00000000a6b00000|100%| S|CS|TAMS 0x00000000a6a00000| PB 0x00000000a6a00000| Complete 
|  71|0x00000000a6b00000, 0x00000000a6b00000, 0x00000000a6c00000|  0%| F|  |TAMS 0x00000000a6b00000| PB 0x00000000a6b00000| Untracked 
|  72|0x00000000a6c00000, 0x00000000a6c00000, 0x00000000a6d00000|  0%| F|  |TAMS 0x00000000a6c00000| PB 0x00000000a6c00000| Untracked 
|  73|0x00000000a6d00000, 0x00000000a6d00000, 0x00000000a6e00000|  0%| F|  |TAMS 0x00000000a6d00000| PB 0x00000000a6d00000| Untracked 
|  74|0x00000000a6e00000, 0x00000000a6e00000, 0x00000000a6f00000|  0%| F|  |TAMS 0x00000000a6e00000| PB 0x00000000a6e00000| Untracked 
|  75|0x00000000a6f00000, 0x00000000a6f00000, 0x00000000a7000000|  0%| F|  |TAMS 0x00000000a6f00000| PB 0x00000000a6f00000| Untracked 
|  76|0x00000000a7000000, 0x00000000a7000000, 0x00000000a7100000|  0%| F|  |TAMS 0x00000000a7000000| PB 0x00000000a7000000| Untracked 
|  77|0x00000000a7100000, 0x00000000a7100000, 0x00000000a7200000|  0%| F|  |TAMS 0x00000000a7100000| PB 0x00000000a7100000| Untracked 
|  78|0x00000000a7200000, 0x00000000a7200000, 0x00000000a7300000|  0%| F|  |TAMS 0x00000000a7200000| PB 0x00000000a7200000| Untracked 
|  79|0x00000000a7300000, 0x00000000a7300000, 0x00000000a7400000|  0%| F|  |TAMS 0x00000000a7300000| PB 0x00000000a7300000| Untracked 
|  80|0x00000000a7400000, 0x00000000a7467a70, 0x00000000a7500000| 40%| E|  |TAMS 0x00000000a7400000| PB 0x00000000a7400000| Complete 
|  81|0x00000000a7500000, 0x00000000a7600000, 0x00000000a7600000|100%| E|CS|TAMS 0x00000000a7500000| PB 0x00000000a7500000| Complete 
|  82|0x00000000a7600000, 0x00000000a7700000, 0x00000000a7700000|100%| E|CS|TAMS 0x00000000a7600000| PB 0x00000000a7600000| Complete 
|  83|0x00000000a7700000, 0x00000000a7800000, 0x00000000a7800000|100%| E|CS|TAMS 0x00000000a7700000| PB 0x00000000a7700000| Complete 
|  84|0x00000000a7800000, 0x00000000a7900000, 0x00000000a7900000|100%| E|CS|TAMS 0x00000000a7800000| PB 0x00000000a7800000| Complete 
|  85|0x00000000a7900000, 0x00000000a7a00000, 0x00000000a7a00000|100%| E|CS|TAMS 0x00000000a7900000| PB 0x00000000a7900000| Complete 
|  86|0x00000000a7a00000, 0x00000000a7b00000, 0x00000000a7b00000|100%| E|CS|TAMS 0x00000000a7a00000| PB 0x00000000a7a00000| Complete 
|  87|0x00000000a7b00000, 0x00000000a7c00000, 0x00000000a7c00000|100%| E|CS|TAMS 0x00000000a7b00000| PB 0x00000000a7b00000| Complete 
|  88|0x00000000a7c00000, 0x00000000a7d00000, 0x00000000a7d00000|100%| E|CS|TAMS 0x00000000a7c00000| PB 0x00000000a7c00000| Complete 
|  89|0x00000000a7d00000, 0x00000000a7e00000, 0x00000000a7e00000|100%| E|CS|TAMS 0x00000000a7d00000| PB 0x00000000a7d00000| Complete 
|  90|0x00000000a7e00000, 0x00000000a7f00000, 0x00000000a7f00000|100%| E|CS|TAMS 0x00000000a7e00000| PB 0x00000000a7e00000| Complete 
|  91|0x00000000a7f00000, 0x00000000a8000000, 0x00000000a8000000|100%| E|CS|TAMS 0x00000000a7f00000| PB 0x00000000a7f00000| Complete 
|  92|0x00000000a8000000, 0x00000000a8100000, 0x00000000a8100000|100%| E|  |TAMS 0x00000000a8000000| PB 0x00000000a8000000| Complete 
|  93|0x00000000a8100000, 0x00000000a8200000, 0x00000000a8200000|100%| E|CS|TAMS 0x00000000a8100000| PB 0x00000000a8100000| Complete 

Card table byte_map: [0x0000027fa55f0000,0x0000027fa58e0000] _byte_map_base: 0x0000027fa50de000

Marking Bits: (CMBitMap*) 0x0000027f92ca2c90
 Bits: [0x0000027fa58e0000, 0x0000027fa7050000)

Polling page: 0x0000027f90bd0000

Metaspace:

Usage:
  Non-class:     14.64 MB used.
      Class:      1.92 MB used.
       Both:     16.55 MB used.

Virtual space:
  Non-class space:       64.00 MB reserved,      14.75 MB ( 23%) committed,  1 nodes.
      Class space:        1.00 GB reserved,       2.00 MB ( <1%) committed,  1 nodes.
             Both:        1.06 GB reserved,      16.75 MB (  2%) committed. 

Chunk freelists:
   Non-Class:  400.00 KB
       Class:  13.98 MB
        Both:  14.38 MB

MaxMetaspaceSize: unlimited
CompressedClassSpaceSize: 1.00 GB
Initial GC threshold: 21.00 MB
Current GC threshold: 21.00 MB
CDS: off
 - commit_granule_bytes: 65536.
 - commit_granule_words: 8192.
 - virtual_space_node_default_size: 8388608.
 - enlarge_chunks_in_place: 1.
 - use_allocation_guard: 0.


Internal statistics:

num_allocs_failed_limit: 0.
num_arena_births: 202.
num_arena_deaths: 0.
num_vsnodes_births: 2.
num_vsnodes_deaths: 0.
num_space_committed: 268.
num_space_uncommitted: 0.
num_chunks_returned_to_freelist: 0.
num_chunks_taken_from_freelist: 472.
num_chunk_merges: 0.
num_chunk_splits: 308.
num_chunks_enlarged: 223.
num_inconsistent_stats: 0.

CodeHeap 'non-profiled nmethods': size=120000Kb used=492Kb max_used=492Kb free=119507Kb
 bounds [0x0000027f9d870000, 0x0000027f9dae0000, 0x0000027fa4da0000]
CodeHeap 'profiled nmethods': size=120000Kb used=2462Kb max_used=2462Kb free=117537Kb
 bounds [0x0000027f95da0000, 0x0000027f96010000, 0x0000027f9d2d0000]
CodeHeap 'non-nmethods': size=5760Kb used=1364Kb max_used=1380Kb free=4395Kb
 bounds [0x0000027f9d2d0000, 0x0000027f9d540000, 0x0000027f9d870000]
 total_blobs=1809 nmethods=1322 adapters=392
 compilation: enabled
              stopped_count=0, restarted_count=0
 full_count=0

Compilation events (20 events):
Event: 1.660 Thread 0x0000027fae05fcb0 nmethod 1311 0x0000027f96000a90 code [0x0000027f96000c60, 0x0000027f96001068]
Event: 1.668 Thread 0x0000027fae05fcb0 1313       3       java.lang.Long::<init> (10 bytes)
Event: 1.668 Thread 0x0000027fae05fcb0 nmethod 1313 0x0000027f96001210 code [0x0000027f960013c0, 0x0000027f96001588]
Event: 1.668 Thread 0x0000027fae05fcb0 1314       3       java.lang.invoke.DirectMethodHandle::preparedLambdaForm (244 bytes)
Event: 1.669 Thread 0x0000027fae05fcb0 nmethod 1314 0x0000027f96001690 code [0x0000027f96001980, 0x0000027f960028c0]
Event: 1.673 Thread 0x0000027fae05fcb0 1315       3       sun.nio.fs.WindowsPath::elementAsString (62 bytes)
Event: 1.673 Thread 0x0000027fae05fcb0 nmethod 1315 0x0000027f96002f10 code [0x0000027f96003120, 0x0000027f960035b8]
Event: 1.677 Thread 0x0000027fae05fcb0 1316       3       com.esotericsoftware.kryo.io.Output::writeString (125 bytes)
Event: 1.677 Thread 0x0000027fae05fcb0 nmethod 1316 0x0000027f96003910 code [0x0000027f96003b40, 0x0000027f960041a0]
Event: 1.677 Thread 0x0000027fae05fcb0 1317       3       com.esotericsoftware.kryo.io.Output::require (209 bytes)
Event: 1.678 Thread 0x0000027fae05fcb0 nmethod 1317 0x0000027f96004390 code [0x0000027f96004700, 0x0000027f96005900]
Event: 1.678 Thread 0x0000027fae05fcb0 1319       3       java.util.concurrent.locks.ReentrantLock$Sync::tryRelease (51 bytes)
Event: 1.678 Thread 0x0000027fae05fcb0 nmethod 1319 0x0000027f96005f90 code [0x0000027f96006140, 0x0000027f96006478]
Event: 1.678 Thread 0x0000027fae05fcb0 1318       3       org.gradle.internal.serialize.kryo.KryoBackedEncoder::writeString (23 bytes)
Event: 1.678 Thread 0x0000027fae05fcb0 nmethod 1318 0x0000027f96006590 code [0x0000027f96006760, 0x0000027f960069b8]
Event: 1.788 Thread 0x0000027fae05fcb0 1320       3       java.util.concurrent.locks.ReentrantLock::unlock (10 bytes)
Event: 1.789 Thread 0x0000027fae05fcb0 nmethod 1320 0x0000027f96006b10 code [0x0000027f96006ce0, 0x0000027f96006fb8]
Event: 1.896 Thread 0x0000027fae05fcb0 1321       3       java.util.concurrent.locks.AbstractQueuedSynchronizer::signalNext (34 bytes)
Event: 1.896 Thread 0x0000027fae05fcb0 nmethod 1321 0x0000027f96007110 code [0x0000027f96007300, 0x0000027f960077a0]
Event: 1.949 Thread 0x0000027fae05f600 1322       4       java.lang.AbstractStringBuilder::append (45 bytes)

GC Heap History (2 events):
Event: 1.259 GC heap before
{Heap before GC invocations=0 (full 0):
 garbage-first heap   total 96256K, used 26624K [0x00000000a2400000, 0x0000000100000000)
  region size 1024K, 23 young (23552K), 0 survivors (0K)
 Metaspace       used 11736K, committed 11968K, reserved 1114112K
  class space    used 1235K, committed 1344K, reserved 1048576K
}
Event: 1.268 GC heap after
{Heap after GC invocations=1 (full 0):
 garbage-first heap   total 96256K, used 10832K [0x00000000a2400000, 0x0000000100000000)
  region size 1024K, 3 young (3072K), 3 survivors (3072K)
 Metaspace       used 11736K, committed 11968K, reserved 1114112K
  class space    used 1235K, committed 1344K, reserved 1048576K
}

Dll operation events (3 events):
Event: 0.007 Loaded shared library C:\Program Files\Android\Android Studio_new\jbr\bin\java.dll
Event: 0.013 Loaded shared library C:\Program Files\Android\Android Studio_new\jbr\bin\zip.dll
Event: 0.154 Loaded shared library C:\Program Files\Android\Android Studio_new\jbr\bin\verify.dll

Deoptimization events (20 events):
Event: 1.619 Thread 0x0000027f92c5f890 DEOPT PACKING pc=0x0000027f9d89b084 sp=0x000000a367ffb040
Event: 1.619 Thread 0x0000027f92c5f890 DEOPT UNPACKING pc=0x0000027f9d3246a2 sp=0x000000a367ffaf68 mode 2
Event: 1.619 Thread 0x0000027f92c5f890 Uncommon trap: trap_request=0xffffffde fr.pc=0x0000027f9d89b084 relative=0x00000000000008c4
Event: 1.619 Thread 0x0000027f92c5f890 Uncommon trap: reason=class_check action=maybe_recompile pc=0x0000027f9d89b084 method=java.util.HashMap.putVal(ILjava/lang/Object;Ljava/lang/Object;ZZ)Ljava/lang/Object; @ 203 c2
Event: 1.619 Thread 0x0000027f92c5f890 DEOPT PACKING pc=0x0000027f9d89b084 sp=0x000000a367ffb040
Event: 1.619 Thread 0x0000027f92c5f890 DEOPT UNPACKING pc=0x0000027f9d3246a2 sp=0x000000a367ffaf68 mode 2
Event: 1.620 Thread 0x0000027f92c5f890 Uncommon trap: trap_request=0xffffffde fr.pc=0x0000027f9d89b084 relative=0x00000000000008c4
Event: 1.620 Thread 0x0000027f92c5f890 Uncommon trap: reason=class_check action=maybe_recompile pc=0x0000027f9d89b084 method=java.util.HashMap.putVal(ILjava/lang/Object;Ljava/lang/Object;ZZ)Ljava/lang/Object; @ 203 c2
Event: 1.620 Thread 0x0000027f92c5f890 DEOPT PACKING pc=0x0000027f9d89b084 sp=0x000000a367ffb040
Event: 1.620 Thread 0x0000027f92c5f890 DEOPT UNPACKING pc=0x0000027f9d3246a2 sp=0x000000a367ffaf68 mode 2
Event: 1.621 Thread 0x0000027f92c5f890 Uncommon trap: trap_request=0xffffffde fr.pc=0x0000027f9d89b084 relative=0x00000000000008c4
Event: 1.621 Thread 0x0000027f92c5f890 Uncommon trap: reason=class_check action=maybe_recompile pc=0x0000027f9d89b084 method=java.util.HashMap.putVal(ILjava/lang/Object;Ljava/lang/Object;ZZ)Ljava/lang/Object; @ 203 c2
Event: 1.621 Thread 0x0000027f92c5f890 DEOPT PACKING pc=0x0000027f9d89b084 sp=0x000000a367ffb040
Event: 1.621 Thread 0x0000027f92c5f890 DEOPT UNPACKING pc=0x0000027f9d3246a2 sp=0x000000a367ffaf68 mode 2
Event: 1.627 Thread 0x0000027f92c5f890 DEOPT PACKING pc=0x0000027f95eb8dba sp=0x000000a367ffc490
Event: 1.627 Thread 0x0000027f92c5f890 DEOPT UNPACKING pc=0x0000027f9d324e42 sp=0x000000a367ffb950 mode 0
Event: 1.675 Thread 0x0000027f92c5f890 Uncommon trap: trap_request=0xffffff45 fr.pc=0x0000027f9d8c2170 relative=0x00000000000004f0
Event: 1.675 Thread 0x0000027f92c5f890 Uncommon trap: reason=unstable_if action=reinterpret pc=0x0000027f9d8c2170 method=java.util.regex.Matcher.match(II)Z @ 76 c2
Event: 1.675 Thread 0x0000027f92c5f890 DEOPT PACKING pc=0x0000027f9d8c2170 sp=0x000000a367ffca00
Event: 1.675 Thread 0x0000027f92c5f890 DEOPT UNPACKING pc=0x0000027f9d3246a2 sp=0x000000a367ffc9b8 mode 2

Classes loaded (20 events):
Event: 1.659 Loading class sun/nio/ch/SourceChannelImpl
Event: 1.659 Loading class java/nio/channels/Pipe$SourceChannel
Event: 1.659 Loading class java/nio/channels/Pipe$SourceChannel done
Event: 1.659 Loading class sun/nio/ch/SourceChannelImpl done
Event: 1.659 Loading class sun/nio/ch/SinkChannelImpl
Event: 1.659 Loading class java/nio/channels/Pipe$SinkChannel
Event: 1.659 Loading class java/nio/channels/Pipe$SinkChannel done
Event: 1.659 Loading class sun/nio/ch/SinkChannelImpl done
Event: 1.660 Loading class sun/nio/ch/SelectionKeyImpl
Event: 1.660 Loading class java/nio/channels/spi/AbstractSelectionKey
Event: 1.660 Loading class java/nio/channels/SelectionKey
Event: 1.660 Loading class java/nio/channels/SelectionKey done
Event: 1.660 Loading class java/nio/channels/spi/AbstractSelectionKey done
Event: 1.660 Loading class sun/nio/ch/SelectionKeyImpl done
Event: 1.660 Loading class java/lang/invoke/ConstantBootstraps
Event: 1.661 Loading class java/lang/invoke/ConstantBootstraps done
Event: 1.667 Loading class java/lang/Long$LongCache
Event: 1.667 Loading class java/lang/Long$LongCache done
Event: 1.678 Loading class java/nio/channels/spi/AbstractSelector$1
Event: 1.678 Loading class java/nio/channels/spi/AbstractSelector$1 done

Classes unloaded (0 events):
No events

Classes redefined (0 events):
No events

Internal exceptions (20 events):
Event: 0.314 Thread 0x0000027f92c5f890 Exception <a 'java/lang/NoSuchMethodError'{0x00000000a7feb7f8}: 'void java.lang.invoke.DirectMethodHandle$Holder.invokeSpecial(java.lang.Object, java.lang.Object, java.lang.Object)'> (0x00000000a7feb7f8) 
thrown [s\src\hotspot\share\interpreter\linkResolver.cpp, line 784]
Event: 0.333 Thread 0x0000027f92c5f890 Exception <a 'java/lang/NoSuchMethodError'{0x00000000a7e55cf8}: 'void java.lang.invoke.DirectMethodHandle$Holder.invokeStatic(java.lang.Object, java.lang.Object, java.lang.Object)'> (0x00000000a7e55cf8) 
thrown [s\src\hotspot\share\interpreter\linkResolver.cpp, line 784]
Event: 0.336 Thread 0x0000027f92c5f890 Exception <a 'java/lang/NoSuchMethodError'{0x00000000a7e687e8}: 'java.lang.Object java.lang.invoke.Invokers$Holder.invokeExact_MT(java.lang.Object, java.lang.Object, java.lang.Object, java.lang.Object, java.lang.Object)'> (0x00000000a7e687e8) 
thrown [s\src\hotspot\share\interpreter\linkResolver.cpp, line 784]
Event: 0.349 Thread 0x0000027f92c5f890 Exception <a 'java/lang/NoSuchMethodError'{0x00000000a7edb428}: 'int java.lang.invoke.DirectMethodHandle$Holder.invokeStaticInit(java.lang.Object, java.lang.Object)'> (0x00000000a7edb428) 
thrown [s\src\hotspot\share\interpreter\linkResolver.cpp, line 784]
Event: 1.210 Thread 0x0000027f92c5f890 Exception <a 'java/lang/NoSuchMethodError'{0x00000000a6c60d70}: 'void java.lang.invoke.DirectMethodHandle$Holder.invokeInterface(java.lang.Object, java.lang.Object, java.lang.Object)'> (0x00000000a6c60d70) 
thrown [s\src\hotspot\share\interpreter\linkResolver.cpp, line 784]
Event: 1.221 Thread 0x0000027f92c5f890 Exception <a 'java/lang/NoClassDefFoundError'{0x00000000a6caa460}: org/slf4j/impl/StaticMarkerBinder> (0x00000000a6caa460) 
thrown [s\src\hotspot\share\classfile\systemDictionary.cpp, line 301]
Event: 1.236 Thread 0x0000027f92c5f890 Exception <a 'java/lang/NoSuchMethodError'{0x00000000a6b3d810}: 'java.lang.Object java.lang.invoke.DirectMethodHandle$Holder.invokeVirtual(java.lang.Object, java.lang.Object, java.lang.Object, java.lang.Object, java.lang.Object, java.lang.Object, java.lang.Object)'> (0x00000000a6b3d810) 
thrown [s\src\hotspot\share\interpreter\linkResolver.cpp, line 784]
Event: 1.239 Thread 0x0000027f92c5f890 Exception <a 'java/lang/NoSuchMethodError'{0x00000000a6b506a0}: 'java.lang.Object java.lang.invoke.DirectMethodHandle$Holder.invokeStatic(java.lang.Object, java.lang.Object, int)'> (0x00000000a6b506a0) 
thrown [s\src\hotspot\share\interpreter\linkResolver.cpp, line 784]
Event: 1.240 Thread 0x0000027f92c5f890 Exception <a 'java/lang/NoSuchMethodError'{0x00000000a6b5be50}: 'void java.lang.invoke.DelegatingMethodHandle$Holder.delegate(java.lang.Object, java.lang.Object, int, java.lang.Object)'> (0x00000000a6b5be50) 
thrown [s\src\hotspot\share\interpreter\linkResolver.cpp, line 784]
Event: 1.240 Thread 0x0000027f92c5f890 Exception <a 'java/lang/NoSuchMethodError'{0x00000000a6b5fd60}: 'int java.lang.invoke.DirectMethodHandle$Holder.invokeSpecial(java.lang.Object, java.lang.Object, java.lang.Object)'> (0x00000000a6b5fd60) 
thrown [s\src\hotspot\share\interpreter\linkResolver.cpp, line 784]
Event: 1.269 Thread 0x0000027f92c5f890 Exception <a 'java/lang/NoSuchMethodError'{0x00000000a81072b0}: 'java.lang.Object java.lang.invoke.DirectMethodHandle$Holder.invokeVirtual(java.lang.Object, java.lang.Object, java.lang.Object)'> (0x00000000a81072b0) 
thrown [s\src\hotspot\share\interpreter\linkResolver.cpp, line 784]
Event: 1.327 Thread 0x0000027f92c5f890 Exception <a 'java/lang/NoSuchMethodError'{0x00000000a7ff0208}: 'java.lang.Object java.lang.invoke.DirectMethodHandle$Holder.invokeVirtual(java.lang.Object, java.lang.Object, java.lang.Object, java.lang.Object)'> (0x00000000a7ff0208) 
thrown [s\src\hotspot\share\interpreter\linkResolver.cpp, line 784]
Event: 1.339 Thread 0x0000027f92c5f890 Exception <a 'java/lang/NoSuchMethodError'{0x00000000a7e734f8}: 'java.lang.Object java.lang.invoke.DirectMethodHandle$Holder.invokeVirtual(java.lang.Object, java.lang.Object, java.lang.Object, java.lang.Object, java.lang.Object, java.lang.Object)'> (0x00000000a7e734f8) 
thrown [s\src\hotspot\share\interpreter\linkResolver.cpp, line 784]
Event: 1.454 Thread 0x0000027f92c5f890 Exception <a 'java/lang/NoSuchMethodError'{0x00000000a7a514c8}: 'java.lang.Object java.lang.invoke.DirectMethodHandle$Holder.invokeVirtual(java.lang.Object, java.lang.Object, java.lang.Object, java.lang.Object, java.lang.Object)'> (0x00000000a7a514c8) 
thrown [s\src\hotspot\share\interpreter\linkResolver.cpp, line 784]
Event: 1.456 Thread 0x0000027f92c5f890 Exception <a 'java/lang/NoSuchMethodError'{0x00000000a7a64968}: 'java.lang.Object java.lang.invoke.Invokers$Holder.invokeExact_MT(java.lang.Object, java.lang.Object, java.lang.Object, java.lang.Object, java.lang.Object, java.lang.Object)'> (0x00000000a7a64968) 
thrown [s\src\hotspot\share\interpreter\linkResolver.cpp, line 784]
Event: 1.487 Thread 0x0000027f92c5f890 Exception <a 'java/lang/NoSuchMethodError'{0x00000000a79d8fd8}: 'java.lang.Object java.lang.invoke.DirectMethodHandle$Holder.invokeVirtual(java.lang.Object, java.lang.Object, java.lang.Object, java.lang.Object, java.lang.Object, java.lang.Object, java.lang.Object, java.lang.Object)'> (0x00000000a79d8fd8) 
thrown [s\src\hotspot\share\interpreter\linkResolver.cpp, line 784]
Event: 1.510 Thread 0x0000027f92c5f890 Exception <a 'java/lang/NoSuchMethodError'{0x00000000a78f41c0}: 'java.lang.Object java.lang.invoke.DirectMethodHandle$Holder.invokeStaticInit(java.lang.Object, int, int, int, int)'> (0x00000000a78f41c0) 
thrown [s\src\hotspot\share\interpreter\linkResolver.cpp, line 784]
Event: 1.543 Thread 0x0000027f92c5f890 Exception <a 'java/lang/NoSuchMethodError'{0x00000000a771d3b0}: 'java.lang.Object java.lang.invoke.DirectMethodHandle$Holder.invokeStaticInit(java.lang.Object, java.lang.Object, int, int, int, int)'> (0x00000000a771d3b0) 
thrown [s\src\hotspot\share\interpreter\linkResolver.cpp, line 784]
Event: 1.589 Thread 0x0000027f92c5f890 Implicit null exception at 0x0000027f9d8a8b24 to 0x0000027f9d8a9178
Event: 1.589 Thread 0x0000027f92c5f890 Implicit null exception at 0x0000027f9d8b8c20 to 0x0000027f9d8b926c

ZGC Phase Switch (0 events):
No events

VM Operations (16 events):
Event: 0.145 Executing VM operation: HandshakeAllThreads (Deoptimize)
Event: 0.145 Executing VM operation: HandshakeAllThreads (Deoptimize) done
Event: 1.070 Executing VM operation: HandshakeAllThreads (Deoptimize)
Event: 1.070 Executing VM operation: HandshakeAllThreads (Deoptimize) done
Event: 1.070 Executing VM operation: Cleanup
Event: 1.070 Executing VM operation: Cleanup done
Event: 1.079 Executing VM operation: HandshakeAllThreads (Deoptimize)
Event: 1.079 Executing VM operation: HandshakeAllThreads (Deoptimize) done
Event: 1.238 Executing VM operation: HandshakeAllThreads (Deoptimize)
Event: 1.238 Executing VM operation: HandshakeAllThreads (Deoptimize) done
Event: 1.258 Executing VM operation: G1CollectForAllocation (G1 Evacuation Pause)
Event: 1.268 Executing VM operation: G1CollectForAllocation (G1 Evacuation Pause) done
Event: 1.319 Executing VM operation: HandshakeAllThreads (Deoptimize)
Event: 1.320 Executing VM operation: HandshakeAllThreads (Deoptimize) done
Event: 1.536 Executing VM operation: HandshakeAllThreads (Deoptimize)
Event: 1.536 Executing VM operation: HandshakeAllThreads (Deoptimize) done

Memory protections (0 events):
No events

Nmethod flushes (0 events):
No events

Events (20 events):
Event: 0.012 Thread 0x0000027f92c5f890 Thread added: 0x0000027f92c5f890
Event: 0.062 Thread 0x0000027f92c5f890 Thread added: 0x0000027fae03c920
Event: 0.062 Thread 0x0000027f92c5f890 Thread added: 0x0000027fae03e650
Event: 0.063 Thread 0x0000027f92c5f890 Thread added: 0x0000027fae040e80
Event: 0.063 Thread 0x0000027f92c5f890 Thread added: 0x0000027fae0538c0
Event: 0.063 Thread 0x0000027f92c5f890 Thread added: 0x0000027fae058f60
Event: 0.063 Thread 0x0000027f92c5f890 Thread added: 0x0000027fae05a9d0
Event: 0.066 Thread 0x0000027f92c5f890 Thread added: 0x0000027fae05f600
Event: 0.066 Thread 0x0000027f92c5f890 Thread added: 0x0000027fae05fcb0
Event: 0.098 Thread 0x0000027f92c5f890 Thread added: 0x0000027fae1f3480
Event: 0.109 Thread 0x0000027f92c5f890 Thread added: 0x0000027fae1f5f20
Event: 0.121 Loaded shared library C:\Program Files\Android\Android Studio_new\jbr\bin\net.dll
Event: 0.127 Loaded shared library C:\Program Files\Android\Android Studio_new\jbr\bin\nio.dll
Event: 0.141 Loaded shared library C:\Program Files\Android\Android Studio_new\jbr\bin\zip.dll
Event: 0.229 Loaded shared library C:\Program Files\Android\Android Studio_new\jbr\bin\jimage.dll
Event: 1.252 Loaded shared library C:\Users\lenovo\.gradle\native\c067742578af261105cb4f569cf0c3c89f3d7b1fecec35dd04571415982c5e48\windows-amd64\native-platform.dll
Event: 1.285 Thread 0x0000027f92c5f890 Thread added: 0x0000027faebc55f0
Event: 1.406 Loaded shared library C:\Program Files\Android\Android Studio_new\jbr\bin\management.dll
Event: 1.411 Loaded shared library C:\Program Files\Android\Android Studio_new\jbr\bin\management_ext.dll
Event: 1.569 Loaded shared library C:\Program Files\Android\Android Studio_new\jbr\bin\extnet.dll


Dynamic libraries:
0x00007ff6be5a0000 - 0x00007ff6be5aa000 	C:\Program Files\Android\Android Studio_new\jbr\bin\java.exe
0x00007ffc04d10000 - 0x00007ffc04f27000 	C:\WINDOWS\SYSTEM32\ntdll.dll
0x00007ffc04160000 - 0x00007ffc04224000 	C:\WINDOWS\System32\KERNEL32.DLL
0x00007ffc02130000 - 0x00007ffc02500000 	C:\WINDOWS\System32\KERNELBASE.dll
0x00007ffc026e0000 - 0x00007ffc027f1000 	C:\WINDOWS\System32\ucrtbase.dll
0x00007ffbf32b0000 - 0x00007ffbf32cb000 	C:\Program Files\Android\Android Studio_new\jbr\bin\VCRUNTIME140.dll
0x00007ffbfa910000 - 0x00007ffbfa928000 	C:\Program Files\Android\Android Studio_new\jbr\bin\jli.dll
0x00007ffc02ae0000 - 0x00007ffc02c8e000 	C:\WINDOWS\System32\USER32.dll
0x00007ffbf1350000 - 0x00007ffbf15e2000 	C:\WINDOWS\WinSxS\amd64_microsoft.windows.common-controls_6595b64144ccf1df_6.0.22621.4830_none_270fe7d773858e80\COMCTL32.dll
0x00007ffc028b0000 - 0x00007ffc028d6000 	C:\WINDOWS\System32\win32u.dll
0x00007ffc04ac0000 - 0x00007ffc04b67000 	C:\WINDOWS\System32\msvcrt.dll
0x00007ffc02e20000 - 0x00007ffc02e49000 	C:\WINDOWS\System32\GDI32.dll
0x00007ffc028e0000 - 0x00007ffc029fb000 	C:\WINDOWS\System32\gdi32full.dll
0x00007ffc02640000 - 0x00007ffc026da000 	C:\WINDOWS\System32\msvcp_win.dll
0x00007ffc04bf0000 - 0x00007ffc04c21000 	C:\WINDOWS\System32\IMM32.DLL
0x00007ffc01480000 - 0x00007ffc0148c000 	C:\Program Files\Android\Android Studio_new\jbr\bin\vcruntime140_1.dll
0x00007ffbc67e0000 - 0x00007ffbc686d000 	C:\Program Files\Android\Android Studio_new\jbr\bin\msvcp140.dll
0x00007ffb9c190000 - 0x00007ffb9ce13000 	C:\Program Files\Android\Android Studio_new\jbr\bin\server\jvm.dll
0x00007ffc02f70000 - 0x00007ffc03021000 	C:\WINDOWS\System32\ADVAPI32.dll
0x00007ffc03030000 - 0x00007ffc030d7000 	C:\WINDOWS\System32\sechost.dll
0x00007ffc02880000 - 0x00007ffc028a8000 	C:\WINDOWS\System32\bcrypt.dll
0x00007ffc02e50000 - 0x00007ffc02f64000 	C:\WINDOWS\System32\RPCRT4.dll
0x00007ffc04c50000 - 0x00007ffc04cc1000 	C:\WINDOWS\System32\WS2_32.dll
0x00007ffc01e90000 - 0x00007ffc01edd000 	C:\WINDOWS\SYSTEM32\POWRPROF.dll
0x00007ffbfa900000 - 0x00007ffbfa90a000 	C:\WINDOWS\SYSTEM32\VERSION.dll
0x00007ffbfce30000 - 0x00007ffbfce64000 	C:\WINDOWS\SYSTEM32\WINMM.dll
0x00007ffc01e70000 - 0x00007ffc01e83000 	C:\WINDOWS\SYSTEM32\UMPDC.dll
0x00007ffc00040000 - 0x00007ffc00058000 	C:\WINDOWS\SYSTEM32\kernel.appcore.dll
0x00007ffbf32a0000 - 0x00007ffbf32aa000 	C:\Program Files\Android\Android Studio_new\jbr\bin\jimage.dll
0x00007ffc01830000 - 0x00007ffc01a62000 	C:\WINDOWS\SYSTEM32\DBGHELP.DLL
0x00007ffc037a0000 - 0x00007ffc03b30000 	C:\WINDOWS\System32\combase.dll
0x00007ffc02a00000 - 0x00007ffc02ad7000 	C:\WINDOWS\System32\OLEAUT32.dll
0x00007ffc01720000 - 0x00007ffc01752000 	C:\WINDOWS\SYSTEM32\dbgcore.DLL
0x00007ffc02500000 - 0x00007ffc0257b000 	C:\WINDOWS\System32\bcryptPrimitives.dll
0x00007ffbf1a30000 - 0x00007ffbf1a50000 	C:\Program Files\Android\Android Studio_new\jbr\bin\java.dll
0x00007ffbf1a10000 - 0x00007ffbf1a28000 	C:\Program Files\Android\Android Studio_new\jbr\bin\zip.dll
0x00007ffc04240000 - 0x00007ffc04ab8000 	C:\WINDOWS\System32\SHELL32.dll
0x00007ffbfefa0000 - 0x00007ffbff8b0000 	C:\WINDOWS\SYSTEM32\windows.storage.dll
0x00007ffbfee60000 - 0x00007ffbfef9f000 	C:\WINDOWS\SYSTEM32\wintypes.dll
0x00007ffc02c90000 - 0x00007ffc02d9a000 	C:\WINDOWS\System32\SHCORE.dll
0x00007ffc03d50000 - 0x00007ffc03dae000 	C:\WINDOWS\System32\shlwapi.dll
0x00007ffc01ef0000 - 0x00007ffc01f1b000 	C:\WINDOWS\SYSTEM32\profapi.dll
0x00007ffbf1910000 - 0x00007ffbf1920000 	C:\Program Files\Android\Android Studio_new\jbr\bin\net.dll
0x00007ffbfcd00000 - 0x00007ffbfce2c000 	C:\WINDOWS\SYSTEM32\WINHTTP.dll
0x00007ffc00600000 - 0x00007ffc0066a000 	C:\WINDOWS\system32\mswsock.dll
0x00007ffbf0410000 - 0x00007ffbf0426000 	C:\Program Files\Android\Android Studio_new\jbr\bin\nio.dll
0x00007ffc01370000 - 0x00007ffc01380000 	C:\Program Files\Android\Android Studio_new\jbr\bin\verify.dll
0x00007ffbf0780000 - 0x00007ffbf07a7000 	C:\Users\lenovo\.gradle\native\c067742578af261105cb4f569cf0c3c89f3d7b1fecec35dd04571415982c5e48\windows-amd64\native-platform.dll
0x00007ffbf0460000 - 0x00007ffbf0469000 	C:\Program Files\Android\Android Studio_new\jbr\bin\management.dll
0x00007ffbf0400000 - 0x00007ffbf040b000 	C:\Program Files\Android\Android Studio_new\jbr\bin\management_ext.dll
0x00007ffc04230000 - 0x00007ffc04238000 	C:\WINDOWS\System32\PSAPI.DLL
0x00007ffc01b70000 - 0x00007ffc01b8b000 	C:\WINDOWS\SYSTEM32\CRYPTSP.dll
0x00007ffc00060000 - 0x00007ffc00095000 	C:\WINDOWS\system32\rsaenh.dll
0x00007ffc006b0000 - 0x00007ffc006d8000 	C:\WINDOWS\SYSTEM32\USERENV.dll
0x00007ffc00fc0000 - 0x00007ffc00fcc000 	C:\WINDOWS\SYSTEM32\CRYPTBASE.dll
0x00007ffbffb40000 - 0x00007ffbffb6d000 	C:\WINDOWS\SYSTEM32\IPHLPAPI.DLL
0x00007ffc03b30000 - 0x00007ffc03b39000 	C:\WINDOWS\System32\NSI.dll
0x00007ffbf1900000 - 0x00007ffbf1909000 	C:\Program Files\Android\Android Studio_new\jbr\bin\extnet.dll
0x00007ffbcd820000 - 0x00007ffbcd828000 	C:\WINDOWS\system32\wshunix.dll

dbghelp: loaded successfully - version: 4.0.5 - missing functions: none
symbol engine: initialized successfully - sym options: 0x614 - pdb path: .;C:\Program Files\Android\Android Studio_new\jbr\bin;C:\WINDOWS\SYSTEM32;C:\WINDOWS\WinSxS\amd64_microsoft.windows.common-controls_6595b64144ccf1df_6.0.22621.4830_none_270fe7d773858e80;C:\Program Files\Android\Android Studio_new\jbr\bin\server;C:\Users\lenovo\.gradle\native\c067742578af261105cb4f569cf0c3c89f3d7b1fecec35dd04571415982c5e48\windows-amd64

VM Arguments:
jvm_args: -Dorg.gradle.appname=gradlew 
java_command: org.gradle.wrapper.GradleWrapperMain -q -Ptarget-platform=android-x86 -Ptarget=D:\React Projects\HRDesk\hrm06022025\hrm\lib\main.dart -Pbase-application-name=android.app.Application -Pdart-defines=Zmx1dHRlci5pbnNwZWN0b3Iuc3RydWN0dXJlZEVycm9ycz10cnVl -Pdart-obfuscation=false -Ptrack-widget-creation=true -Ptree-shake-icons=false -Pfilesystem-scheme=org-dartlang-root assembleDebug
java_class_path (initial): D:\React Projects\HRDesk\hrm06022025\hrm\android\\gradle\wrapper\gradle-wrapper.jar
Launcher Type: SUN_STANDARD

[Global flags]
     intx CICompilerCount                          = 4                                         {product} {ergonomic}
     uint ConcGCThreads                            = 3                                         {product} {ergonomic}
     uint G1ConcRefinementThreads                  = 10                                        {product} {ergonomic}
   size_t G1HeapRegionSize                         = 1048576                                   {product} {ergonomic}
    uintx GCDrainStackTargetSize                   = 64                                        {product} {ergonomic}
   size_t InitialHeapSize                          = 98566144                                  {product} {ergonomic}
   size_t MarkStackSize                            = 4194304                                   {product} {ergonomic}
   size_t MaxHeapSize                              = 1572864000                                {product} {ergonomic}
   size_t MaxNewSize                               = 943718400                                 {product} {ergonomic}
   size_t MinHeapDeltaBytes                        = 1048576                                   {product} {ergonomic}
   size_t MinHeapSize                              = 8388608                                   {product} {ergonomic}
    uintx NonNMethodCodeHeapSize                   = 5839372                                {pd product} {ergonomic}
    uintx NonProfiledCodeHeapSize                  = 122909434                              {pd product} {ergonomic}
    uintx ProfiledCodeHeapSize                     = 122909434                              {pd product} {ergonomic}
    uintx ReservedCodeCacheSize                    = 251658240                              {pd product} {ergonomic}
     bool SegmentedCodeCache                       = true                                      {product} {ergonomic}
   size_t SoftMaxHeapSize                          = 1572864000                             {manageable} {ergonomic}
     bool UseCompressedOops                        = true                           {product lp64_product} {ergonomic}
     bool UseG1GC                                  = true                                      {product} {ergonomic}
     bool UseLargePagesIndividualAllocation        = false                                  {pd product} {ergonomic}

Logging:
Log output configuration:
 #0: stdout all=warning uptime,level,tags foldmultilines=false
 #1: stderr all=off uptime,level,tags foldmultilines=false

Environment Variables:
JAVA_HOME=C:\Program Files\Android\Android Studio_new\jbr
CLASSPATH=D:\React Projects\HRDesk\hrm06022025\hrm\android\\gradle\wrapper\gradle-wrapper.jar
PATH=C:\Program Files\Android\Android Studio_new\jbr\bin;C:\Python313\Scripts\;C:\Python313\;C:\Program Files\Common Files\Oracle\Java\javapath;C:\Windows\system32;C:\Windows;C:\Windows\System32\Wbem;C:\Windows\System32\WindowsPowerShell\v1.0\;C:\Windows\System32\OpenSSH\;C:\Program Files (x86)\NVIDIA Corporation\PhysX\Common;C:\Program Files\Java\jdk-17.0.2\bin;C:\Program Files\Git\cmd;C:\Program Files\NVIDIA Corporation\NVIDIA NvDLISR;D:\flutter_windows_2.10.0-stable\flutter\bin;C:\WINDOWS\system32;C:\WINDOWS;C:\WINDOWS\System32\Wbem;C:\WINDOWS\System32\WindowsPowerShell\v1.0\;C:\WINDOWS\System32\OpenSSH\;%NVM_HOME%;%NVM_SYMLINK%;C:\Program Files\MySQL\MySQL Shell 8.0\bin\;C:\Users\lenovo\AppData\Local\Microsoft\WindowsApps;D:\flutter_windows_2.10.0-stable\flutter\bin;C:\Program Files\JetBrains\IntelliJ IDEA Community Edition 2022.3.2\bin;C:\Users\lenovo\AppData\Local\Programs\Microsoft VS Code\bin;C:\Users\lenovo\AppData\Roaming\npm;C:\Users\lenovo\AppData\Roaming\nvm;C:\Program Files\nodejs;C:\Users\lenovo\AppData\Local\JetBrains\Toolbox\scripts;;D:\flutter_windows_2.10.0-stable\flutter\bin\mingit\cmd
USERNAME=lenovo
OS=Windows_NT
PROCESSOR_IDENTIFIER=AMD64 Family 25 Model 80 Stepping 0, AuthenticAMD
TMP=C:\Users\lenovo\AppData\Local\Temp
TEMP=C:\Users\lenovo\AppData\Local\Temp




Periodic native trim disabled

JNI global refs:
JNI global refs: 19, weak refs: 0

JNI global refs memory usage: 835, weak refs: 833

Process memory usage:
Resident Set Size: 95736K (1% of 6139972K total physical memory with 40560K free physical memory)

OOME stack traces (most recent first):
Classloader memory used:
Loader bootstrap                                                                       : 12202K
Loader org.gradle.internal.classloader.VisitableURLClassLoader                         : 4270K
Loader java.net.URLClassLoader                                                         : 225K
Loader jdk.internal.loader.ClassLoaders$AppClassLoader                                 : 146K
Loader jdk.internal.loader.ClassLoaders$PlatformClassLoader                            : 108K

Classes loaded by more than one classloader:
Class org.gradle.cli.AbstractPropertiesCommandLineConverter                           : loaded 2 times (x 79B)
Class org.gradle.cli.CommandLineParser                                                : loaded 2 times (x 75B)
Class org.gradle.internal.service.UnknownServiceException                             : loaded 2 times (x 79B)
Class org.gradle.cli.SystemPropertiesCommandLineConverter                             : loaded 2 times (x 79B)
Class org.gradle.cli.CommandLineArgumentException                                     : loaded 2 times (x 78B)
Class org.gradle.cli.CommandLineParser$KnownOptionParserState                         : loaded 2 times (x 72B)
Class org.gradle.internal.InternalTransformer                                         : loaded 2 times (x 66B)
Class org.gradle.internal.classpath.DefaultClassPath$ImmutableUniqueList              : loaded 2 times (x 195B)
Class org.gradle.cli.CommandLineParser$OptionAwareParserState                         : loaded 2 times (x 73B)
Class org.gradle.cli.ParsedCommandLine                                                : loaded 2 times (x 76B)
Class org.gradle.internal.classpath.ClassPath                                         : loaded 2 times (x 66B)
Class org.gradle.cli.CommandLineParser$UnknownOptionParserState                       : loaded 2 times (x 72B)
Class org.gradle.cli.ParsedCommandLineOption                                          : loaded 2 times (x 72B)
Class org.gradle.api.UncheckedIOException                                             : loaded 2 times (x 78B)
Class org.gradle.cli.CommandLineParser$AfterFirstSubCommand                           : loaded 2 times (x 73B)
Class org.gradle.api.internal.classpath.ModuleRegistry                                : loaded 2 times (x 66B)
Class org.gradle.internal.installation.GradleInstallation$1                           : loaded 2 times (x 71B)
Class org.gradle.cli.CommandLineOption                                                : loaded 2 times (x 82B)
Class org.gradle.cli.CommandLineParser$BeforeFirstSubCommand                          : loaded 2 times (x 73B)
Class org.gradle.internal.service.ServiceLookupException                              : loaded 2 times (x 78B)
Class org.gradle.cli.CommandLineParser$OptionParserState                              : loaded 2 times (x 71B)
Class org.gradle.internal.classloader.ClasspathUtil                                   : loaded 2 times (x 67B)
Class org.gradle.api.specs.Spec                                                       : loaded 2 times (x 66B)
Class org.gradle.internal.classpath.DefaultClassPath                                  : loaded 2 times (x 86B)
Class org.gradle.internal.Cast                                                        : loaded 2 times (x 67B)
Class org.gradle.api.Action                                                           : loaded 2 times (x 66B)
Class org.gradle.cli.AbstractCommandLineConverter                                     : loaded 2 times (x 75B)
Class org.gradle.api.GradleException                                                  : loaded 2 times (x 78B)
Class org.gradle.internal.IoActions                                                   : loaded 2 times (x 67B)
Class org.gradle.cli.CommandLineConverter                                             : loaded 2 times (x 66B)
Class org.gradle.cli.CommandLineParser$MissingOptionArgState                          : loaded 2 times (x 73B)
Class org.gradle.cli.CommandLineParser$ParserState                                    : loaded 2 times (x 72B)
Class org.gradle.cli.CommandLineParser$OptionString                                   : loaded 2 times (x 69B)
Class org.gradle.internal.installation.CurrentGradleInstallationLocator               : loaded 2 times (x 67B)
Class org.gradle.internal.installation.CurrentGradleInstallation                      : loaded 2 times (x 69B)
Class org.gradle.util.internal.GUtil                                                  : loaded 2 times (x 67B)
Class org.gradle.cli.CommandLineParser$AfterOptions                                   : loaded 2 times (x 73B)
Class org.gradle.internal.installation.GradleInstallation                             : loaded 2 times (x 71B)

---------------  S Y S T E M  ---------------

OS:
 Windows 11 , 64 bit Build 22621 (10.0.22621.4830)
OS uptime: 1 days 22:07 hours
Hyper-V role detected

CPU: total 12 (initial active 12) (12 cores per cpu, 2 threads per core) family 25 model 80 stepping 0 microcode 0x0, cx8, cmov, fxsr, ht, mmx, 3dnowpref, sse, sse2, sse3, ssse3, sse4a, sse4.1, sse4.2, popcnt, lzcnt, tsc, tscinvbit, avx, avx2, aes, erms, clmul, bmi1, bmi2, adx, sha, fma, vzeroupper, clflush, clflushopt, hv, rdtscp, rdpid, fsrm, f16c, cet_ss
Processor Information for processor 0
  Max Mhz: 3301, Current Mhz: 2630, Mhz Limit: 3301
Processor Information for processor 1
  Max Mhz: 3301, Current Mhz: 3301, Mhz Limit: 3301
Processor Information for processor 2
  Max Mhz: 3301, Current Mhz: 2630, Mhz Limit: 3301
Processor Information for processor 3
  Max Mhz: 3301, Current Mhz: 3301, Mhz Limit: 3301
Processor Information for processor 4
  Max Mhz: 3301, Current Mhz: 2630, Mhz Limit: 3301
Processor Information for processor 5
  Max Mhz: 3301, Current Mhz: 2630, Mhz Limit: 3301
Processor Information for processor 6
  Max Mhz: 3301, Current Mhz: 3301, Mhz Limit: 3301
Processor Information for processor 7
  Max Mhz: 3301, Current Mhz: 2630, Mhz Limit: 3301
Processor Information for processor 8
  Max Mhz: 3301, Current Mhz: 3301, Mhz Limit: 3301
Processor Information for processor 9
  Max Mhz: 3301, Current Mhz: 2630, Mhz Limit: 3301
Processor Information for processor 10
  Max Mhz: 3301, Current Mhz: 3301, Mhz Limit: 3301
Processor Information for processor 11
  Max Mhz: 3301, Current Mhz: 2630, Mhz Limit: 3301

Memory: 4k page, system-wide physical 5996M (40M free)
TotalPageFile size 24428M (AvailPageFile size 0M)
current process WorkingSet (physical memory assigned to process): 93M, peak: 93M
current process commit charge ("private bytes"): 196M, peak: 198M

vm_info: OpenJDK 64-Bit Server VM (21.0.4+-12508038-b607.1) for windows-amd64 JRE (21.0.4+-12508038-b607.1), built on 2024-10-16T17:23:34Z by "builder" with MS VC++ 16.10 / 16.11 (VS2019)

END.
