#
# There is insufficient memory for the Java Runtime Environment to continue.
# Native memory allocation (mmap) failed to map 19922944 bytes for Failed to commit area from 0x0000000705e00000 to 0x0000000707100000 of length 19922944.
# Possible reasons:
#   The system is out of physical RAM or swap space
#   The process is running with CompressedOops enabled, and the Java Heap may be blocking the growth of the native heap
# Possible solutions:
#   Reduce memory load on the system
#   Increase physical memory or swap space
#   Check if swap backing store is full
#   Decrease Java heap size (-Xmx/-Xms)
#   Decrease number of Java threads
#   Decrease Java thread stack sizes (-Xss)
#   Set larger code cache with -XX:ReservedCodeCacheSize=
#   JVM is running with Zero Based Compressed Oops mode in which the Java heap is
#     placed in the first 32GB address space. The Java Heap base address is the
#     maximum limit for the native heap growth. Please use -XX:HeapBaseMinAddress
#     to set the Java Heap base and to place the Java Heap above 32GB virtual address.
# This output file may be truncated or incomplete.
#
#  Out of Memory Error (./src/hotspot/os/windows/os_windows.cpp:3619), pid=4316, tid=21536
#
# JRE version: OpenJDK Runtime Environment (11.0.13) (build 11.0.13+0-b1751.21-8125866)
# Java VM: OpenJDK 64-Bit Server VM (11.0.13+0-b1751.21-8125866, mixed mode, tiered, compressed oops, g1 gc, windows-amd64)
# No core dump will be written. Minidumps are not enabled by default on client versions of Windows
#

---------------  S U M M A R Y ------------

Command Line: -XX:+HeapDumpOnOutOfMemoryError --add-opens=java.base/java.util=ALL-UNNAMED --add-opens=java.base/java.lang=ALL-UNNAMED --add-opens=java.base/java.lang.invoke=ALL-UNNAMED --add-opens=java.prefs/java.util.prefs=ALL-UNNAMED --add-opens=java.base/java.nio.charset=ALL-UNNAMED --add-opens=java.base/java.net=ALL-UNNAMED --add-opens=java.base/java.util.concurrent.atomic=ALL-UNNAMED -Xmx4G -Dfile.encoding=windows-1252 -Duser.country=IN -Duser.language=en -Duser.variant -javaagent:C:\Users\lenovo\.gradle\wrapper\dists\gradle-8.3-all\6en3ugtfdg5xnpx44z4qbwgas\gradle-8.3\lib\agents\gradle-instrumentation-agent-8.3.jar org.gradle.launcher.daemon.bootstrap.GradleDaemon 8.3

Host: AMD Ryzen 5 5600H with Radeon Graphics         , 12 cores, 5G,  Windows 11 , 64 bit Build 22621 (10.0.22621.4830)
Time: Fri Feb  7 18:04:21 2025 India Standard Time elapsed time: 3.400475 seconds (0d 0h 0m 3s)

---------------  T H R E A D  ---------------

Current thread (0x000001abed212000):  VMThread "VM Thread" [stack: 0x00000099cbd00000,0x00000099cbe00000] [id=21536]

Stack: [0x00000099cbd00000,0x00000099cbe00000]
[error occurred during error reporting (printing stack bounds), id 0xc0000005, EXCEPTION_ACCESS_VIOLATION (0xc0000005) at pc=0x000001abd170112d]

Native frames: (J=compiled Java code, j=interpreted, Vv=VM code, C=native code)
V  [jvm.dll+0x6100fa]
V  [jvm.dll+0x747090]
V  [jvm.dll+0x7486ad]
V  [jvm.dll+0x748ce5]
V  [jvm.dll+0x748c9b]
V  [jvm.dll+0x60f224]
V  [jvm.dll+0x60f9b8]
C  [ntdll.dll+0xa545f]
C  [ntdll.dll+0x1e886]
C  [ntdll.dll+0xa445e]
C  0x000001abd170112d

VM_Operation (0x00000099ccff6040): G1CollectForAllocation, mode: safepoint, requested by thread 0x000001abefb7a000


---------------  P R O C E S S  ---------------

Threads class SMR info:
_java_thread_list=0x000001abf159aef0, length=31, elements={
0x000001abcdbf5000, 0x000001abed226800, 0x000001abed228800, 0x000001abeda97800,
0x000001abeda98800, 0x000001abeda99800, 0x000001abeda9d000, 0x000001abeda9e800,
0x000001abedaa1800, 0x000001abed1cd000, 0x000001abf0b00800, 0x000001abee020000,
0x000001abeee38000, 0x000001abf0d41000, 0x000001abefbe0800, 0x000001abf0444000,
0x000001abefb7a000, 0x000001abf0aab000, 0x000001abefeec800, 0x000001abf0a87000,
0x000001abf0a84800, 0x000001abf0a87800, 0x000001abf0a8b000, 0x000001abf0a85000,
0x000001abf0a86000, 0x000001abf0a88800, 0x000001abf0a89800, 0x000001abf0a8a000,
0x000001abf0b0e000, 0x000001abf0b14000, 0x000001abf0b10000
}

Java Threads: ( => current thread )
  0x000001abcdbf5000 JavaThread "main" [_thread_blocked, id=9396, stack(0x00000099cb700000,0x00000099cb800000)]
  0x000001abed226800 JavaThread "Reference Handler" daemon [_thread_blocked, id=29040, stack(0x00000099cbe00000,0x00000099cbf00000)]
  0x000001abed228800 JavaThread "Finalizer" daemon [_thread_blocked, id=3864, stack(0x00000099cbf00000,0x00000099cc000000)]
  0x000001abeda97800 JavaThread "Signal Dispatcher" daemon [_thread_blocked, id=26176, stack(0x00000099cc000000,0x00000099cc100000)]
  0x000001abeda98800 JavaThread "Attach Listener" daemon [_thread_blocked, id=17964, stack(0x00000099cc100000,0x00000099cc200000)]
  0x000001abeda99800 JavaThread "Service Thread" daemon [_thread_blocked, id=22608, stack(0x00000099cc200000,0x00000099cc300000)]
  0x000001abeda9d000 JavaThread "C2 CompilerThread0" daemon [_thread_blocked, id=14272, stack(0x00000099cc300000,0x00000099cc400000)]
  0x000001abeda9e800 JavaThread "C1 CompilerThread0" daemon [_thread_blocked, id=10348, stack(0x00000099cc400000,0x00000099cc500000)]
  0x000001abedaa1800 JavaThread "Sweeper thread" daemon [_thread_blocked, id=4568, stack(0x00000099cc500000,0x00000099cc600000)]
  0x000001abed1cd000 JavaThread "Common-Cleaner" daemon [_thread_blocked, id=27568, stack(0x00000099cc600000,0x00000099cc700000)]
  0x000001abf0b00800 JavaThread "Daemon health stats" [_thread_blocked, id=21952, stack(0x00000099cca00000,0x00000099ccb00000)]
  0x000001abee020000 JavaThread "Incoming local TCP Connector on port 64673" [_thread_in_native, id=7896, stack(0x00000099cc800000,0x00000099cc900000)]
  0x000001abeee38000 JavaThread "Daemon periodic checks" [_thread_blocked, id=27672, stack(0x00000099ccb00000,0x00000099ccc00000)]
  0x000001abf0d41000 JavaThread "Daemon" [_thread_blocked, id=26072, stack(0x00000099ccc00000,0x00000099ccd00000)]
  0x000001abefbe0800 JavaThread "Handler for socket connection from /127.0.0.1:64673 to /127.0.0.1:64674" [_thread_in_native, id=24672, stack(0x00000099ccd00000,0x00000099cce00000)]
  0x000001abf0444000 JavaThread "Cancel handler" [_thread_blocked, id=25324, stack(0x00000099cce00000,0x00000099ccf00000)]
  0x000001abefb7a000 JavaThread "Daemon worker" [_thread_blocked, id=14676, stack(0x00000099ccf00000,0x00000099cd000000)]
  0x000001abf0aab000 JavaThread "Asynchronous log dispatcher for DefaultDaemonConnection: socket connection from /127.0.0.1:64673 to /127.0.0.1:64674" [_thread_blocked, id=15960, stack(0x00000099cd000000,0x00000099cd100000)]
  0x000001abefeec800 JavaThread "Stdin handler" [_thread_blocked, id=13516, stack(0x00000099cd100000,0x00000099cd200000)]
  0x000001abf0a87000 JavaThread "Daemon client event forwarder" [_thread_blocked, id=27948, stack(0x00000099cd200000,0x00000099cd300000)]
  0x000001abf0a84800 JavaThread "Cache worker for journal cache (C:\Users\lenovo\.gradle\caches\journal-1)" [_thread_blocked, id=9668, stack(0x00000099cdd00000,0x00000099cde00000)]
  0x000001abf0a87800 JavaThread "File lock request listener" [_thread_in_native, id=12960, stack(0x00000099cde00000,0x00000099cdf00000)]
  0x000001abf0a8b000 JavaThread "Cache worker for file hash cache (C:\Users\lenovo\.gradle\caches\8.3\fileHashes)" [_thread_blocked, id=27760, stack(0x00000099cdf00000,0x00000099ce000000)]
  0x000001abf0a85000 JavaThread "File watcher server" daemon [_thread_in_native, id=21596, stack(0x00000099ce000000,0x00000099ce100000)]
  0x000001abf0a86000 JavaThread "File watcher consumer" daemon [_thread_blocked, id=16864, stack(0x00000099ce100000,0x00000099ce200000)]
  0x000001abf0a88800 JavaThread "Cache worker for checksums cache (D:\React Projects\HRDesk\hrm06022025\hrm\android\.gradle\8.3\checksums)" [_thread_blocked, id=9244, stack(0x00000099ce200000,0x00000099ce300000)]
  0x000001abf0a89800 JavaThread "Cache worker for file hash cache (D:\React Projects\HRDesk\hrm06022025\hrm\android\.gradle\8.3\fileHashes)" [_thread_blocked, id=9692, stack(0x00000099ce300000,0x00000099ce400000)]
  0x000001abf0a8a000 JavaThread "Cache worker for cache directory md-supplier (C:\Users\lenovo\.gradle\caches\8.3\md-supplier)" [_thread_blocked, id=19748, stack(0x00000099ce400000,0x00000099ce500000)]
  0x000001abf0b0e000 JavaThread "Cache worker for file content cache (C:\Users\lenovo\.gradle\caches\8.3\fileContent)" [_thread_blocked, id=10304, stack(0x00000099ce500000,0x00000099ce600000)]
  0x000001abf0b14000 JavaThread "Cache worker for cache directory md-rule (C:\Users\lenovo\.gradle\caches\8.3\md-rule)" [_thread_blocked, id=15056, stack(0x00000099ce600000,0x00000099ce700000)]
  0x000001abf0b10000 JavaThread "Cache worker for execution history cache (C:\Users\lenovo\.gradle\caches\8.3\executionHistory)" [_thread_blocked, id=12016, stack(0x00000099ce700000,0x00000099ce800000)]

Other Threads:
=>0x000001abed212000 VMThread "VM Thread" [stack: 0x00000099cbd00000,0x00000099cbe00000] [id=21536]
  0x000001abedf93800 WatcherThread [stack: 0x00000099cc700000,0x00000099cc800000] [id=3572]
  0x000001abcdc0f000 GCTaskThread "GC Thread#0" [stack: 0x00000099cb800000,0x00000099cb900000] [id=8264]
  0x000001abee304800 GCTaskThread "GC Thread#1" [stack: 0x00000099cc900000,0x00000099cca00000] [id=19916]
  0x000001abefed7800 GCTaskThread "GC Thread#2" [stack: 0x00000099cd300000,0x00000099cd400000] [id=14464]
  0x000001abeea27800 GCTaskThread "GC Thread#3" [stack: 0x00000099cd400000,0x00000099cd500000] [id=6956]
  0x000001abf0439000 GCTaskThread "GC Thread#4" [stack: 0x00000099cd500000,0x00000099cd600000] [id=10064]
  0x000001abefe6b000 GCTaskThread "GC Thread#5" [stack: 0x00000099cd600000,0x00000099cd700000] [id=16476]
  0x000001abef0c5800 GCTaskThread "GC Thread#6" [stack: 0x00000099cd700000,0x00000099cd800000] [id=9788]
  0x000001abf00d1000 GCTaskThread "GC Thread#7" [stack: 0x00000099cd800000,0x00000099cd900000] [id=5264]
  0x000001abef14b000 GCTaskThread "GC Thread#8" [stack: 0x00000099cd900000,0x00000099cda00000] [id=28136]
  0x000001abf0f18800 GCTaskThread "GC Thread#9" [stack: 0x00000099cda00000,0x00000099cdb00000] [id=9360]
  0x000001abcdc6e000 ConcurrentGCThread "G1 Main Marker" [stack: 0x00000099cb900000,0x00000099cba00000] [id=20936]
  0x000001abcdc6f800 ConcurrentGCThread "G1 Conc#0" [stack: 0x00000099cba00000,0x00000099cbb00000] [id=27208]
  0x000001abf08b9800 ConcurrentGCThread "G1 Conc#1" [stack: 0x00000099cdb00000,0x00000099cdc00000] [id=15148]
  0x000001abf0910800 ConcurrentGCThread "G1 Conc#2" [stack: 0x00000099cdc00000,0x00000099cdd00000] [id=8000]
  0x000001abed075800 ConcurrentGCThread "G1 Refine#0" [stack: 0x00000099cbb00000,0x00000099cbc00000] [id=11640]
  0x000001abed077000 ConcurrentGCThread "G1 Young RemSet Sampling" [stack: 0x00000099cbc00000,0x00000099cbd00000] [id=14384]

Threads with active compile tasks:

VM state:at safepoint (normal execution)

VM Mutex/Monitor currently owned by a thread:  ([mutex/lock_event])
[0x000001abcdbf1c90] Threads_lock - owner thread: 0x000001abed212000
[0x000001abcdbf2620] Heap_lock - owner thread: 0x000001abefb7a000

Heap address: 0x0000000700000000, size: 4096 MB, Compressed Oops mode: Zero based, Oop shift amount: 3
Narrow klass base: 0x0000000800000000, Narrow klass shift: 0
Compressed class space size: 1073741824 Address: 0x0000000800000000

Heap:
 garbage-first heap   total 115712K, used 21815K [0x0000000700000000, 0x0000000800000000)
  region size 1024K, 5 young (5120K), 5 survivors (5120K)
 Metaspace       used 31008K, capacity 31717K, committed 32048K, reserved 1077248K
  class space    used 4083K, capacity 4378K, committed 4480K, reserved 1048576K
Heap Regions: E=young(eden), S=young(survivor), O=old, HS=humongous(starts), HC=humongous(continues), CS=collection set, F=free, A=archive, TAMS=top-at-mark-start (previous, next)
|   0|0x0000000700000000, 0x0000000700100000, 0x0000000700100000|100%|HS|  |TAMS 0x0000000700100000, 0x0000000700000000| Complete 
|   1|0x0000000700100000, 0x0000000700200000, 0x0000000700200000|100%|HC|  |TAMS 0x0000000700200000, 0x0000000700100000| Complete 
|   2|0x0000000700200000, 0x0000000700300000, 0x0000000700300000|100%|HC|  |TAMS 0x0000000700300000, 0x0000000700200000| Complete 
|   3|0x0000000700300000, 0x0000000700400000, 0x0000000700400000|100%|HC|  |TAMS 0x0000000700400000, 0x0000000700300000| Complete 
|   4|0x0000000700400000, 0x0000000700500000, 0x0000000700500000|100%| O|  |TAMS 0x0000000700500000, 0x0000000700400000| Untracked 
|   5|0x0000000700500000, 0x0000000700600000, 0x0000000700600000|100%| O|  |TAMS 0x0000000700600000, 0x0000000700500000| Untracked 
|   6|0x0000000700600000, 0x0000000700700000, 0x0000000700700000|100%| O|  |TAMS 0x0000000700700000, 0x0000000700600000| Untracked 
|   7|0x0000000700700000, 0x0000000700800000, 0x0000000700800000|100%| O|  |TAMS 0x0000000700800000, 0x0000000700700000| Untracked 
|   8|0x0000000700800000, 0x0000000700900000, 0x0000000700900000|100%| O|  |TAMS 0x0000000700900000, 0x0000000700800000| Untracked 
|   9|0x0000000700900000, 0x0000000700a00000, 0x0000000700a00000|100%| O|  |TAMS 0x0000000700a00000, 0x0000000700900000| Untracked 
|  10|0x0000000700a00000, 0x0000000700b00000, 0x0000000700b00000|100%| O|  |TAMS 0x0000000700b00000, 0x0000000700a00000| Untracked 
|  11|0x0000000700b00000, 0x0000000700c00000, 0x0000000700c00000|100%| O|  |TAMS 0x0000000700c00000, 0x0000000700b00000| Untracked 
|  12|0x0000000700c00000, 0x0000000700d00000, 0x0000000700d00000|100%| O|  |TAMS 0x0000000700d00000, 0x0000000700c00000| Untracked 
|  13|0x0000000700d00000, 0x0000000700e00000, 0x0000000700e00000|100%| O|  |TAMS 0x0000000700e00000, 0x0000000700d00000| Untracked 
|  14|0x0000000700e00000, 0x0000000700f00000, 0x0000000700f00000|100%| O|  |TAMS 0x0000000700ebd200, 0x0000000700e00000| Untracked 
|  15|0x0000000700f00000, 0x0000000701000000, 0x0000000701000000|100%| O|  |TAMS 0x0000000700f00000, 0x0000000700f00000| Untracked 
|  16|0x0000000701000000, 0x0000000701100000, 0x0000000701100000|100%| O|  |TAMS 0x0000000701000000, 0x0000000701000000| Untracked 
|  17|0x0000000701100000, 0x000000070112fe00, 0x0000000701200000| 18%| O|  |TAMS 0x0000000701100000, 0x0000000701100000| Untracked 
|  18|0x0000000701200000, 0x0000000701200000, 0x0000000701300000|  0%| F|  |TAMS 0x0000000701200000, 0x0000000701200000| Untracked 
|  19|0x0000000701300000, 0x0000000701300000, 0x0000000701400000|  0%| F|  |TAMS 0x0000000701300000, 0x0000000701300000| Untracked 
|  20|0x0000000701400000, 0x0000000701400000, 0x0000000701500000|  0%| F|  |TAMS 0x0000000701400000, 0x0000000701400000| Untracked 
|  21|0x0000000701500000, 0x0000000701500000, 0x0000000701600000|  0%| F|  |TAMS 0x0000000701500000, 0x0000000701500000| Untracked 
|  22|0x0000000701600000, 0x0000000701600000, 0x0000000701700000|  0%| F|  |TAMS 0x0000000701600000, 0x0000000701600000| Untracked 
|  23|0x0000000701700000, 0x0000000701700000, 0x0000000701800000|  0%| F|  |TAMS 0x0000000701700000, 0x0000000701700000| Untracked 
|  24|0x0000000701800000, 0x0000000701800000, 0x0000000701900000|  0%| F|  |TAMS 0x0000000701800000, 0x0000000701800000| Untracked 
|  25|0x0000000701900000, 0x0000000701900000, 0x0000000701a00000|  0%| F|  |TAMS 0x0000000701900000, 0x0000000701900000| Untracked 
|  26|0x0000000701a00000, 0x0000000701a00000, 0x0000000701b00000|  0%| F|  |TAMS 0x0000000701a00000, 0x0000000701a00000| Untracked 
|  27|0x0000000701b00000, 0x0000000701b00000, 0x0000000701c00000|  0%| F|  |TAMS 0x0000000701b00000, 0x0000000701b00000| Untracked 
|  28|0x0000000701c00000, 0x0000000701c00000, 0x0000000701d00000|  0%| F|  |TAMS 0x0000000701c00000, 0x0000000701c00000| Untracked 
|  29|0x0000000701d00000, 0x0000000701d00000, 0x0000000701e00000|  0%| F|  |TAMS 0x0000000701d00000, 0x0000000701d00000| Untracked 
|  30|0x0000000701e00000, 0x0000000701e00000, 0x0000000701f00000|  0%| F|  |TAMS 0x0000000701e00000, 0x0000000701e00000| Untracked 
|  31|0x0000000701f00000, 0x0000000701f00000, 0x0000000702000000|  0%| F|  |TAMS 0x0000000701f00000, 0x0000000701f00000| Untracked 
|  32|0x0000000702000000, 0x0000000702000000, 0x0000000702100000|  0%| F|  |TAMS 0x0000000702000000, 0x0000000702000000| Untracked 
|  33|0x0000000702100000, 0x0000000702100000, 0x0000000702200000|  0%| F|  |TAMS 0x0000000702100000, 0x0000000702100000| Untracked 
|  34|0x0000000702200000, 0x0000000702200000, 0x0000000702300000|  0%| F|  |TAMS 0x0000000702200000, 0x0000000702200000| Untracked 
|  35|0x0000000702300000, 0x0000000702300000, 0x0000000702400000|  0%| F|  |TAMS 0x0000000702300000, 0x0000000702300000| Untracked 
|  36|0x0000000702400000, 0x0000000702400000, 0x0000000702500000|  0%| F|  |TAMS 0x0000000702400000, 0x0000000702400000| Untracked 
|  37|0x0000000702500000, 0x0000000702500000, 0x0000000702600000|  0%| F|  |TAMS 0x0000000702500000, 0x0000000702500000| Untracked 
|  38|0x0000000702600000, 0x0000000702600000, 0x0000000702700000|  0%| F|  |TAMS 0x0000000702600000, 0x0000000702600000| Untracked 
|  39|0x0000000702700000, 0x0000000702700000, 0x0000000702800000|  0%| F|  |TAMS 0x0000000702700000, 0x0000000702700000| Untracked 
|  40|0x0000000702800000, 0x0000000702800000, 0x0000000702900000|  0%| F|  |TAMS 0x0000000702800000, 0x0000000702800000| Untracked 
|  41|0x0000000702900000, 0x0000000702900000, 0x0000000702a00000|  0%| F|  |TAMS 0x0000000702900000, 0x0000000702900000| Untracked 
|  42|0x0000000702a00000, 0x0000000702a00000, 0x0000000702b00000|  0%| F|  |TAMS 0x0000000702a00000, 0x0000000702a00000| Untracked 
|  43|0x0000000702b00000, 0x0000000702b00000, 0x0000000702c00000|  0%| F|  |TAMS 0x0000000702b00000, 0x0000000702b00000| Untracked 
|  44|0x0000000702c00000, 0x0000000702c1e140, 0x0000000702d00000| 11%| S|CS|TAMS 0x0000000702c00000, 0x0000000702c00000| Complete 
|  45|0x0000000702d00000, 0x0000000702d00000, 0x0000000702e00000|  0%| F|  |TAMS 0x0000000702d00000, 0x0000000702d00000| Untracked 
|  46|0x0000000702e00000, 0x0000000702e00000, 0x0000000702f00000|  0%| F|  |TAMS 0x0000000702e00000, 0x0000000702e00000| Untracked 
|  47|0x0000000702f00000, 0x0000000702f00000, 0x0000000703000000|  0%| F|  |TAMS 0x0000000702f00000, 0x0000000702f00000| Untracked 
|  48|0x0000000703000000, 0x0000000703100000, 0x0000000703100000|100%| S|CS|TAMS 0x0000000703000000, 0x0000000703000000| Complete 
|  49|0x0000000703100000, 0x0000000703200000, 0x0000000703200000|100%| S|CS|TAMS 0x0000000703100000, 0x0000000703100000| Complete 
|  50|0x0000000703200000, 0x0000000703300000, 0x0000000703300000|100%| S|CS|TAMS 0x0000000703200000, 0x0000000703200000| Complete 
|  51|0x0000000703300000, 0x0000000703400000, 0x0000000703400000|100%| S|CS|TAMS 0x0000000703300000, 0x0000000703300000| Complete 
|  52|0x0000000703400000, 0x0000000703400000, 0x0000000703500000|  0%| F|  |TAMS 0x0000000703400000, 0x0000000703400000| Untracked 
|  53|0x0000000703500000, 0x0000000703500000, 0x0000000703600000|  0%| F|  |TAMS 0x0000000703500000, 0x0000000703500000| Untracked 
|  54|0x0000000703600000, 0x0000000703600000, 0x0000000703700000|  0%| F|  |TAMS 0x0000000703600000, 0x0000000703600000| Untracked 
|  55|0x0000000703700000, 0x0000000703700000, 0x0000000703800000|  0%| F|  |TAMS 0x0000000703700000, 0x0000000703700000| Untracked 
|  56|0x0000000703800000, 0x0000000703800000, 0x0000000703900000|  0%| F|  |TAMS 0x0000000703800000, 0x0000000703800000| Untracked 
|  57|0x0000000703900000, 0x0000000703900000, 0x0000000703a00000|  0%| F|  |TAMS 0x0000000703900000, 0x0000000703900000| Untracked 
|  58|0x0000000703a00000, 0x0000000703a00000, 0x0000000703b00000|  0%| F|  |TAMS 0x0000000703a00000, 0x0000000703a00000| Untracked 
|  59|0x0000000703b00000, 0x0000000703b00000, 0x0000000703c00000|  0%| F|  |TAMS 0x0000000703b00000, 0x0000000703b00000| Untracked 
|  60|0x0000000703c00000, 0x0000000703c00000, 0x0000000703d00000|  0%| F|  |TAMS 0x0000000703c00000, 0x0000000703c00000| Untracked 
|  61|0x0000000703d00000, 0x0000000703d00000, 0x0000000703e00000|  0%| F|  |TAMS 0x0000000703d00000, 0x0000000703d00000| Untracked 
|  62|0x0000000703e00000, 0x0000000703e00000, 0x0000000703f00000|  0%| F|  |TAMS 0x0000000703e00000, 0x0000000703e00000| Untracked 
|  63|0x0000000703f00000, 0x0000000703f00000, 0x0000000704000000|  0%| F|  |TAMS 0x0000000703f00000, 0x0000000703f00000| Untracked 
|  64|0x0000000704000000, 0x0000000704000000, 0x0000000704100000|  0%| F|  |TAMS 0x0000000704000000, 0x0000000704000000| Untracked 
|  65|0x0000000704100000, 0x0000000704100000, 0x0000000704200000|  0%| F|  |TAMS 0x0000000704100000, 0x0000000704100000| Untracked 
|  66|0x0000000704200000, 0x0000000704200000, 0x0000000704300000|  0%| F|  |TAMS 0x0000000704200000, 0x0000000704200000| Untracked 
|  67|0x0000000704300000, 0x0000000704300000, 0x0000000704400000|  0%| F|  |TAMS 0x0000000704300000, 0x0000000704300000| Untracked 
|  68|0x0000000704400000, 0x0000000704400000, 0x0000000704500000|  0%| F|  |TAMS 0x0000000704400000, 0x0000000704400000| Untracked 
|  69|0x0000000704500000, 0x0000000704500000, 0x0000000704600000|  0%| F|  |TAMS 0x0000000704500000, 0x0000000704500000| Untracked 
|  70|0x0000000704600000, 0x0000000704600000, 0x0000000704700000|  0%| F|  |TAMS 0x0000000704600000, 0x0000000704600000| Untracked 
|  71|0x0000000704700000, 0x0000000704700000, 0x0000000704800000|  0%| F|  |TAMS 0x0000000704700000, 0x0000000704700000| Untracked 
|  72|0x0000000704800000, 0x0000000704800000, 0x0000000704900000|  0%| F|  |TAMS 0x0000000704800000, 0x0000000704800000| Untracked 
|  73|0x0000000704900000, 0x0000000704900000, 0x0000000704a00000|  0%| F|  |TAMS 0x0000000704900000, 0x0000000704900000| Untracked 
|  74|0x0000000704a00000, 0x0000000704a00000, 0x0000000704b00000|  0%| F|  |TAMS 0x0000000704a00000, 0x0000000704a00000| Untracked 
|  75|0x0000000704b00000, 0x0000000704b00000, 0x0000000704c00000|  0%| F|  |TAMS 0x0000000704b00000, 0x0000000704b00000| Untracked 
|  76|0x0000000704c00000, 0x0000000704c00000, 0x0000000704d00000|  0%| F|  |TAMS 0x0000000704c00000, 0x0000000704c00000| Untracked 
|  77|0x0000000704d00000, 0x0000000704d00000, 0x0000000704e00000|  0%| F|  |TAMS 0x0000000704d00000, 0x0000000704d00000| Untracked 
|  78|0x0000000704e00000, 0x0000000704e00000, 0x0000000704f00000|  0%| F|  |TAMS 0x0000000704e00000, 0x0000000704e00000| Untracked 
|  79|0x0000000704f00000, 0x0000000704f00000, 0x0000000705000000|  0%| F|  |TAMS 0x0000000704f00000, 0x0000000704f00000| Untracked 
|  80|0x0000000705000000, 0x0000000705000000, 0x0000000705100000|  0%| F|  |TAMS 0x0000000705000000, 0x0000000705000000| Untracked 
|  81|0x0000000705100000, 0x0000000705100000, 0x0000000705200000|  0%| F|  |TAMS 0x0000000705100000, 0x0000000705100000| Untracked 
|  82|0x0000000705200000, 0x0000000705200000, 0x0000000705300000|  0%| F|  |TAMS 0x0000000705200000, 0x0000000705200000| Untracked 
|  83|0x0000000705300000, 0x0000000705300000, 0x0000000705400000|  0%| F|  |TAMS 0x0000000705300000, 0x0000000705300000| Untracked 
|  84|0x0000000705400000, 0x0000000705400000, 0x0000000705500000|  0%| F|  |TAMS 0x0000000705400000, 0x0000000705400000| Untracked 
|  85|0x0000000705500000, 0x0000000705500000, 0x0000000705600000|  0%| F|  |TAMS 0x0000000705500000, 0x0000000705500000| Untracked 
|  86|0x0000000705600000, 0x0000000705600000, 0x0000000705700000|  0%| F|  |TAMS 0x0000000705600000, 0x0000000705600000| Untracked 
|  87|0x0000000705700000, 0x0000000705700000, 0x0000000705800000|  0%| F|  |TAMS 0x0000000705700000, 0x0000000705700000| Untracked 
|  88|0x0000000705800000, 0x0000000705800000, 0x0000000705900000|  0%| F|  |TAMS 0x0000000705800000, 0x0000000705800000| Untracked 
|  89|0x0000000705900000, 0x0000000705900000, 0x0000000705a00000|  0%| F|  |TAMS 0x0000000705900000, 0x0000000705900000| Untracked 
|  90|0x0000000705a00000, 0x0000000705a00000, 0x0000000705b00000|  0%| F|  |TAMS 0x0000000705a00000, 0x0000000705a00000| Untracked 
|  91|0x0000000705b00000, 0x0000000705b00000, 0x0000000705c00000|  0%| F|  |TAMS 0x0000000705b00000, 0x0000000705b00000| Untracked 
|  92|0x0000000705c00000, 0x0000000705c00000, 0x0000000705d00000|  0%| F|  |TAMS 0x0000000705c00000, 0x0000000705c00000| Untracked 
|  93|0x0000000705d00000, 0x0000000705d00000, 0x0000000705e00000|  0%| F|  |TAMS 0x0000000705d00000, 0x0000000705d00000| Untracked 

Card table byte_map: [0x000001abe1460000,0x000001abe1c60000] _byte_map_base: 0x000001abddc60000

Marking Bits (Prev, Next): (CMBitMap*) 0x000001abcdc5d2c0, (CMBitMap*) 0x000001abcdc5d288
 Prev Bits: [0x000001abe6460000, 0x000001abea460000)
 Next Bits: [0x000001abe2460000, 0x000001abe6460000)

Polling page: 0x000001abcbba0000

Metaspace:

Usage:
  Non-class:     26.70 MB capacity,    26.29 MB ( 98%) used,   341.20 KB (  1%) free+waste,    73.50 KB ( <1%) overhead. 
      Class:      4.28 MB capacity,     3.99 MB ( 93%) used,   257.15 KB (  6%) free+waste,    37.13 KB ( <1%) overhead. 
       Both:     30.97 MB capacity,    30.28 MB ( 98%) used,   598.34 KB (  2%) free+waste,   110.63 KB ( <1%) overhead. 

Virtual space:
  Non-class space:       28.00 MB reserved,      26.92 MB ( 96%) committed 
      Class space:        1.00 GB reserved,       4.38 MB ( <1%) committed 
             Both:        1.03 GB reserved,      31.30 MB (  3%) committed 

Chunk freelists:
   Non-Class:  37.00 KB
       Class:  6.00 KB
        Both:  43.00 KB

MaxMetaspaceSize: 17179869184.00 GB
CompressedClassSpaceSize: 1.00 GB
Initial GC threshold: 20.80 MB
Current GC threshold: 35.08 MB
CDS: off

CodeHeap 'non-profiled nmethods': size=120000Kb used=1296Kb max_used=1296Kb free=118704Kb
 bounds [0x000001abd91d0000, 0x000001abd9440000, 0x000001abe0700000]
CodeHeap 'profiled nmethods': size=120000Kb used=5716Kb max_used=5716Kb free=114283Kb
 bounds [0x000001abd1ca0000, 0x000001abd2240000, 0x000001abd91d0000]
CodeHeap 'non-nmethods': size=5760Kb used=1238Kb max_used=1279Kb free=4521Kb
 bounds [0x000001abd1700000, 0x000001abd1970000, 0x000001abd1ca0000]
 total_blobs=3144 nmethods=2631 adapters=425
 compilation: enabled
              stopped_count=0, restarted_count=0
 full_count=0

Compilation events (20 events):
Event: 3.328 Thread 0x000001abeda9e800 2623       3       org.objectweb.asm.Frame::setInputFrameFromDescriptor (175 bytes)
Event: 3.328 Thread 0x000001abeda9e800 nmethod 2623 0x000001abd222da90 code [0x000001abd222dcc0, 0x000001abd222e4d8]
Event: 3.328 Thread 0x000001abeda9e800 2620       3       org.gradle.model.internal.asm.ClassVisitorScope::publicMethod (9 bytes)
Event: 3.328 Thread 0x000001abeda9e800 nmethod 2620 0x000001abd222e890 code [0x000001abd222ea60, 0x000001abd222eca8]
Event: 3.328 Thread 0x000001abeda9e800 2626       3       org.objectweb.asm.MethodWriter::putMethodInfo (1274 bytes)
Event: 3.331 Thread 0x000001abeda9e800 nmethod 2626 0x000001abd222ed90 code [0x000001abd222f460, 0x000001abd2231de8]
Event: 3.331 Thread 0x000001abeda9e800 2627       3       org.objectweb.asm.Handler::putExceptionTable (63 bytes)
Event: 3.331 Thread 0x000001abeda9e800 nmethod 2627 0x000001abd2233110 code [0x000001abd2233340, 0x000001abd22337a8]
Event: 3.331 Thread 0x000001abeda9e800 2625       3       org.objectweb.asm.MethodWriter::visitEnd (1 bytes)
Event: 3.331 Thread 0x000001abeda9e800 nmethod 2625 0x000001abd2233a90 code [0x000001abd2233c40, 0x000001abd2233d38]
Event: 3.331 Thread 0x000001abeda9e800 2619       3       com.google.common.collect.Maps::newLinkedHashMap (8 bytes)
Event: 3.331 Thread 0x000001abeda9e800 nmethod 2619 0x000001abd2233e10 code [0x000001abd2233fe0, 0x000001abd22342b8]
Event: 3.343 Thread 0x000001abeda9e800 2628       3       com.google.common.base.Preconditions::checkArgument (28 bytes)
Event: 3.344 Thread 0x000001abeda9e800 nmethod 2628 0x000001abd2234410 code [0x000001abd2234620, 0x000001abd2234c78]
Event: 3.344 Thread 0x000001abeda9e800 2629       3       com.google.common.io.BaseEncoding$Alphabet::encode (7 bytes)
Event: 3.344 Thread 0x000001abeda9e800 nmethod 2629 0x000001abd2234f10 code [0x000001abd22350c0, 0x000001abd22351f8]
Event: 3.357 Thread 0x000001abeda9d000 2630       4       jdk.internal.perf.PerfCounter::addElapsedTimeFrom (10 bytes)
Event: 3.359 Thread 0x000001abeda9d000 nmethod 2630 0x000001abd9313610 code [0x000001abd93137a0, 0x000001abd9313a58]
Event: 3.366 Thread 0x000001abeda9d000 2631       4       sun.net.util.IPAddressUtil::checkHostString (53 bytes)
Event: 3.367 Thread 0x000001abeda9d000 nmethod 2631 0x000001abd9313c90 code [0x000001abd9313e20, 0x000001abd9313e98]

GC Heap History (13 events):
Event: 0.574 GC heap before
{Heap before GC invocations=0 (full 0):
 garbage-first heap   total 96256K, used 27648K [0x0000000700000000, 0x0000000800000000)
  region size 1024K, 24 young (24576K), 0 survivors (0K)
 Metaspace       used 10091K, capacity 10271K, committed 10368K, reserved 1058816K
  class space    used 1011K, capacity 1084K, committed 1152K, reserved 1048576K
}
Event: 0.583 GC heap after
{Heap after GC invocations=1 (full 0):
 garbage-first heap   total 96256K, used 10687K [0x0000000700000000, 0x0000000800000000)
  region size 1024K, 3 young (3072K), 3 survivors (3072K)
 Metaspace       used 10091K, capacity 10271K, committed 10368K, reserved 1058816K
  class space    used 1011K, capacity 1084K, committed 1152K, reserved 1048576K
}
Event: 1.119 GC heap before
{Heap before GC invocations=1 (full 0):
 garbage-first heap   total 96256K, used 63935K [0x0000000700000000, 0x0000000800000000)
  region size 1024K, 54 young (55296K), 3 survivors (3072K)
 Metaspace       used 11660K, capacity 11925K, committed 12160K, reserved 1060864K
  class space    used 1214K, capacity 1294K, committed 1408K, reserved 1048576K
}
Event: 1.126 GC heap after
{Heap after GC invocations=2 (full 0):
 garbage-first heap   total 96256K, used 15165K [0x0000000700000000, 0x0000000800000000)
  region size 1024K, 7 young (7168K), 7 survivors (7168K)
 Metaspace       used 11660K, capacity 11925K, committed 12160K, reserved 1060864K
  class space    used 1214K, capacity 1294K, committed 1408K, reserved 1048576K
}
Event: 2.013 GC heap before
{Heap before GC invocations=2 (full 0):
 garbage-first heap   total 96256K, used 64317K [0x0000000700000000, 0x0000000800000000)
  region size 1024K, 55 young (56320K), 7 survivors (7168K)
 Metaspace       used 20445K, capacity 20906K, committed 21120K, reserved 1067008K
  class space    used 2430K, capacity 2594K, committed 2688K, reserved 1048576K
}
Event: 2.019 GC heap after
{Heap after GC invocations=3 (full 0):
 garbage-first heap   total 96256K, used 18044K [0x0000000700000000, 0x0000000800000000)
  region size 1024K, 3 young (3072K), 3 survivors (3072K)
 Metaspace       used 20445K, capacity 20906K, committed 21120K, reserved 1067008K
  class space    used 2430K, capacity 2594K, committed 2688K, reserved 1048576K
}
Event: 2.058 GC heap before
{Heap before GC invocations=3 (full 0):
 garbage-first heap   total 96256K, used 24188K [0x0000000700000000, 0x0000000800000000)
  region size 1024K, 10 young (10240K), 3 survivors (3072K)
 Metaspace       used 20753K, capacity 21168K, committed 21296K, reserved 1069056K
  class space    used 2485K, capacity 2659K, committed 2688K, reserved 1048576K
}
Event: 2.061 GC heap after
{Heap after GC invocations=4 (full 0):
 garbage-first heap   total 96256K, used 18163K [0x0000000700000000, 0x0000000800000000)
  region size 1024K, 3 young (3072K), 3 survivors (3072K)
 Metaspace       used 20753K, capacity 21168K, committed 21296K, reserved 1069056K
  class space    used 2485K, capacity 2659K, committed 2688K, reserved 1048576K
}
Event: 2.461 GC heap before
{Heap before GC invocations=5 (full 0):
 garbage-first heap   total 96256K, used 57075K [0x0000000700000000, 0x0000000800000000)
  region size 1024K, 41 young (41984K), 3 survivors (3072K)
 Metaspace       used 24278K, capacity 24898K, committed 25008K, reserved 1071104K
  class space    used 3046K, capacity 3290K, committed 3328K, reserved 1048576K
}
Event: 2.465 GC heap after
{Heap after GC invocations=6 (full 0):
 garbage-first heap   total 96256K, used 19296K [0x0000000700000000, 0x0000000800000000)
  region size 1024K, 5 young (5120K), 5 survivors (5120K)
 Metaspace       used 24278K, capacity 24898K, committed 25008K, reserved 1071104K
  class space    used 3046K, capacity 3290K, committed 3328K, reserved 1048576K
}
Event: 2.899 GC heap before
{Heap before GC invocations=6 (full 0):
 garbage-first heap   total 96256K, used 60256K [0x0000000700000000, 0x0000000800000000)
  region size 1024K, 45 young (46080K), 5 survivors (5120K)
 Metaspace       used 28005K, capacity 28692K, committed 28976K, reserved 1075200K
  class space    used 3614K, capacity 3858K, committed 3968K, reserved 1048576K
}
Event: 2.904 GC heap after
{Heap after GC invocations=7 (full 0):
 garbage-first heap   total 96256K, used 20887K [0x0000000700000000, 0x0000000800000000)
  region size 1024K, 4 young (4096K), 4 survivors (4096K)
 Metaspace       used 28005K, capacity 28692K, committed 28976K, reserved 1075200K
  class space    used 3614K, capacity 3858K, committed 3968K, reserved 1048576K
}
Event: 3.391 GC heap before
{Heap before GC invocations=7 (full 0):
 garbage-first heap   total 96256K, used 62871K [0x0000000700000000, 0x0000000800000000)
  region size 1024K, 45 young (46080K), 4 survivors (4096K)
 Metaspace       used 31008K, capacity 31717K, committed 32048K, reserved 1077248K
  class space    used 4083K, capacity 4378K, committed 4480K, reserved 1048576K
}

Deoptimization events (20 events):
Event: 2.477 Thread 0x000001abefb7a000 DEOPT PACKING pc=0x000001abd20e1ade sp=0x00000099ccffbb00
Event: 2.477 Thread 0x000001abefb7a000 DEOPT UNPACKING pc=0x000001abd174a95e sp=0x00000099ccffb020 mode 0
Event: 2.890 Thread 0x000001abefb7a000 Uncommon trap: trap_request=0xffffff4d fr.pc=0x000001abd92693b8 relative=0x00000000000001f8
Event: 2.890 Thread 0x000001abefb7a000 Uncommon trap: reason=unstable_if action=reinterpret pc=0x000001abd92693b8 method=java.net.URI.match(CJJ)Z @ 19 c2
Event: 2.890 Thread 0x000001abefb7a000 DEOPT PACKING pc=0x000001abd92693b8 sp=0x00000099ccffa5c0
Event: 2.890 Thread 0x000001abefb7a000 DEOPT UNPACKING pc=0x000001abd174a1af sp=0x00000099ccffa4b8 mode 2
Event: 2.890 Thread 0x000001abefb7a000 Uncommon trap: trap_request=0xffffff4d fr.pc=0x000001abd9234934 relative=0x00000000000001f4
Event: 2.891 Thread 0x000001abefb7a000 Uncommon trap: reason=unstable_if action=reinterpret pc=0x000001abd9234934 method=java.net.URI.match(CJJ)Z @ 19 c2
Event: 2.891 Thread 0x000001abefb7a000 DEOPT PACKING pc=0x000001abd9234934 sp=0x00000099ccffa410
Event: 2.891 Thread 0x000001abefb7a000 DEOPT UNPACKING pc=0x000001abd174a1af sp=0x00000099ccffa300 mode 2
Event: 3.028 Thread 0x000001abefb7a000 DEOPT PACKING pc=0x000001abd206c719 sp=0x00000099ccff7db0
Event: 3.028 Thread 0x000001abefb7a000 DEOPT UNPACKING pc=0x000001abd174a95e sp=0x00000099ccff72f8 mode 0
Event: 3.158 Thread 0x000001abefb7a000 Uncommon trap: trap_request=0xffffff4d fr.pc=0x000001abd92c76d4 relative=0x0000000000000214
Event: 3.158 Thread 0x000001abefb7a000 Uncommon trap: reason=unstable_if action=reinterpret pc=0x000001abd92c76d4 method=java.util.HashMap.hash(Ljava/lang/Object;)I @ 1 c2
Event: 3.158 Thread 0x000001abefb7a000 DEOPT PACKING pc=0x000001abd92c76d4 sp=0x00000099ccff85e0
Event: 3.158 Thread 0x000001abefb7a000 DEOPT UNPACKING pc=0x000001abd174a1af sp=0x00000099ccff8518 mode 2
Event: 3.159 Thread 0x000001abefb7a000 Uncommon trap: trap_request=0xffffff4d fr.pc=0x000001abd91e87b8 relative=0x0000000000000098
Event: 3.159 Thread 0x000001abefb7a000 Uncommon trap: reason=unstable_if action=reinterpret pc=0x000001abd91e87b8 method=java.util.HashMap.hash(Ljava/lang/Object;)I @ 1 c2
Event: 3.159 Thread 0x000001abefb7a000 DEOPT PACKING pc=0x000001abd91e87b8 sp=0x00000099ccff8350
Event: 3.159 Thread 0x000001abefb7a000 DEOPT UNPACKING pc=0x000001abd174a1af sp=0x00000099ccff82e8 mode 2

Classes redefined (0 events):
No events

Internal exceptions (20 events):
Event: 2.111 Thread 0x000001abefb7a000 Exception <a 'java/lang/NoSuchMethodError'{0x0000000705a33fe0}: 'java.lang.Object java.lang.invoke.DirectMethodHandle$Holder.invokeStatic(java.lang.Object, java.lang.Object, java.lang.Object, int)'> (0x0000000705a33fe0) thrown at [./src/hotspot/share/interpreter/linkResolver.cpp, line 773]
Event: 2.111 Thread 0x000001abefb7a000 Exception <a 'java/lang/NoSuchMethodError'{0x0000000705a381a8}: 'java.lang.Object java.lang.invoke.DirectMethodHandle$Holder.invokeSpecial(java.lang.Object, java.lang.Object, java.lang.Object, java.lang.Object, int)'> (0x0000000705a381a8) thrown at [./src/hotspot/share/interpreter/linkResolver.cpp, line 773]
Event: 2.111 Thread 0x000001abefb7a000 Exception <a 'java/lang/NoSuchMethodError'{0x0000000705a3bb90}: 'java.lang.Object java.lang.invoke.Invokers$Holder.linkToTargetMethod(java.lang.Object, java.lang.Object, int, java.lang.Object)'> (0x0000000705a3bb90) thrown at [./src/hotspot/share/interpreter/linkResolver.cpp, line 773]
Event: 2.344 Thread 0x000001abefb7a000 Exception <a 'java/lang/NoSuchMethodError'{0x0000000704003100}: 'int java.lang.invoke.DirectMethodHandle$Holder.invokeSpecialIFC(java.lang.Object, java.lang.Object, java.lang.Object, java.lang.Object)'> (0x0000000704003100) thrown at [./src/hotspot/share/interpreter/linkResolver.cpp, line 773]
Event: 2.345 Thread 0x000001abefb7a000 Exception <a 'java/lang/NoSuchMethodError'{0x00000007040110b8}: 'java.lang.Object java.lang.invoke.DirectMethodHandle$Holder.invokeInterface(java.lang.Object, java.lang.Object, java.lang.Object)'> (0x00000007040110b8) thrown at [./src/hotspot/share/interpreter/linkResolver.cpp, line 773]
Event: 2.345 Thread 0x000001abefb7a000 Exception <a 'java/lang/IncompatibleClassChangeError'{0x0000000704014590}: Found class java.lang.Object, but interface was expected> (0x0000000704014590) thrown at [./src/hotspot/share/interpreter/linkResolver.cpp, line 839]
Event: 2.431 Thread 0x000001abefb7a000 Exception <a 'java/lang/NoSuchMethodError'{0x0000000703afc380}: 'java.lang.Object java.lang.invoke.DirectMethodHandle$Holder.invokeSpecial(java.lang.Object, java.lang.Object, java.lang.Object, java.lang.Object, java.lang.Object, java.lang.Object, java.lang.Object, java.lang.Object, java.lang.Object)'> (0x0000000703afc380) thrown at [./src/hotspot/share/interpreter/linkResolver.cpp, line 773]
Event: 2.507 Thread 0x000001abefb7a000 Exception <a 'java/lang/NoSuchMethodError'{0x00000007058d3100}: 'java.lang.Object java.lang.invoke.DirectMethodHandle$Holder.invokeVirtual(java.lang.Object, java.lang.Object, java.lang.Object, java.lang.Object)'> (0x00000007058d3100) thrown at [./src/hotspot/share/interpreter/linkResolver.cpp, line 773]
Event: 2.526 Thread 0x000001abefb7a000 Exception <a 'java/lang/NoSuchMethodError'{0x000000070551f178}: 'java.lang.Object java.lang.invoke.Invokers$Holder.linkToTargetMethod(java.lang.Object, java.lang.Object, java.lang.Object, java.lang.Object, java.lang.Object, java.lang.Object, java.lang.Object)'> (0x000000070551f178) thrown at [./src/hotspot/share/interpreter/linkResolver.cpp, line 773]
Event: 2.611 Thread 0x000001abefb7a000 Exception <a 'java/lang/NoSuchMethodError'{0x0000000704c80798}: 'void java.lang.invoke.DirectMethodHandle$Holder.invokeStatic(java.lang.Object, java.lang.Object, java.lang.Object, java.lang.Object, java.lang.Object)'> (0x0000000704c80798) thrown at [./src/hotspot/share/interpreter/linkResolver.cpp, line 773]
Event: 2.827 Thread 0x000001abefb7a000 Exception <a 'java/lang/NoSuchMethodError'{0x0000000703cd81f0}: 'void java.lang.invoke.DirectMethodHandle$Holder.invokeStatic(java.lang.Object, java.lang.Object, java.lang.Object, java.lang.Object)'> (0x0000000703cd81f0) thrown at [./src/hotspot/share/interpreter/linkResolver.cpp, line 773]
Event: 2.829 Thread 0x000001abefb7a000 Exception <a 'java/lang/NoSuchMethodError'{0x0000000703cfa448}: 'int java.lang.invoke.DirectMethodHandle$Holder.invokeVirtual(java.lang.Object, java.lang.Object)'> (0x0000000703cfa448) thrown at [./src/hotspot/share/interpreter/linkResolver.cpp, line 773]
Event: 2.833 Thread 0x000001abefb7a000 Exception <a 'java/lang/NoSuchMethodError'{0x0000000703b37b08}: 'int java.lang.invoke.DirectMethodHandle$Holder.invokeVirtual(java.lang.Object, java.lang.Object, java.lang.Object)'> (0x0000000703b37b08) thrown at [./src/hotspot/share/interpreter/linkResolver.cpp, line 773]
Event: 3.010 Thread 0x000001abefb7a000 Exception <a 'java/lang/NoSuchMethodError'{0x00000007050b2ad8}: 'java.lang.Object java.lang.invoke.DirectMethodHandle$Holder.invokeSpecialIFC(java.lang.Object, java.lang.Object, java.lang.Object, java.lang.Object)'> (0x00000007050b2ad8) thrown at [./src/hotspot/share/interpreter/linkResolver.cpp, line 773]
Event: 3.018 Thread 0x000001abefb7a000 Exception <a 'java/lang/NoSuchMethodError'{0x0000000704fa6a58}: 'java.lang.Object java.lang.invoke.Invokers$Holder.linkToTargetMethod(java.lang.Object, java.lang.Object, java.lang.Object, java.lang.Object, java.lang.Object, java.lang.Object, java.lang.Object, java.lang.Object, java.lang.Object, java.lang.Object)'> (0x0000000704fa6a58) thrown at [./src/hotspot/share/interpreter/linkResolver.cpp, line 773]
Event: 3.025 Thread 0x000001abefb7a000 Exception <a 'java/lang/NoSuchMethodError'{0x0000000704e989d8}: 'java.lang.Object java.lang.invoke.DirectMethodHandle$Holder.invokeSpecial(java.lang.Object, java.lang.Object, java.lang.Object, java.lang.Object, java.lang.Object, java.lang.Object, java.lang.Object, java.lang.Object, java.lang.Object, java.lang.Object, java.lang.Object, java.lang.Object)'> (0x0000000704e989d8) thrown at [./src/hotspot/share/interpreter/linkResolver.cpp, line 773]
Event: 3.026 Thread 0x000001abefb7a000 Exception <a 'java/lang/NoSuchMethodError'{0x0000000704e9dda8}: 'java.lang.Object java.lang.invoke.Invokers$Holder.linkToTargetMethod(java.lang.Object, java.lang.Object, java.lang.Object, java.lang.Object, java.lang.Object, java.lang.Object, java.lang.Object, java.lang.Object, java.lang.Object, java.lang.Object, java.lang.Object)'> (0x0000000704e9dda8) thrown at [./src/hotspot/share/interpreter/linkResolver.cpp, line 773]
Event: 3.039 Thread 0x000001abefb7a000 Exception <a 'java/lang/NoSuchMethodError'{0x0000000704daf380}: 'java.lang.Object java.lang.invoke.DirectMethodHandle$Holder.invokeStaticInit(java.lang.Object, java.lang.Object, java.lang.Object, java.lang.Object)'> (0x0000000704daf380) thrown at [./src/hotspot/share/interpreter/linkResolver.cpp, line 773]
Event: 3.158 Thread 0x000001abefb7a000 Implicit null exception at 0x000001abd92c74f5 to 0x000001abd92c76c4
Event: 3.159 Thread 0x000001abefb7a000 Implicit null exception at 0x000001abd91e872f to 0x000001abd91e87a9

Events (20 events):
Event: 3.382 loading class org/gradle/internal/execution/history/ExecutionHistoryStore done
Event: 3.388 loading class org/gradle/api/internal/artifacts/DefaultDependencyManagementServices$TransformGradleUserHomeServices$1
Event: 3.388 loading class org/gradle/api/internal/artifacts/DefaultDependencyManagementServices$TransformGradleUserHomeServices$1 done
Event: 3.389 loading class org/gradle/api/internal/artifacts/transform/DefaultTransformInvocationFactory
Event: 3.389 loading class org/gradle/api/internal/artifacts/transform/DefaultTransformInvocationFactory done
Event: 3.390 loading class org/gradle/internal/execution/UnitOfWork
Event: 3.390 loading class org/gradle/internal/execution/UnitOfWork done
Event: 3.390 loading class org/gradle/api/internal/artifacts/transform/TransformException
Event: 3.390 loading class org/gradle/api/internal/artifacts/transform/TransformException done
Event: 3.390 loading class com/google/common/collect/ImmutableSet$Builder
Event: 3.390 loading class com/google/common/collect/ImmutableSet$Builder done
Event: 3.391 loading class com/google/common/collect/ImmutableSet$Builder
Event: 3.391 loading class com/google/common/collect/ImmutableSet$Builder done
Event: 3.391 loading class org/gradle/internal/service/scopes/ExecutionGlobalServices$AnnotationHandlerRegistration
Event: 3.391 loading class org/gradle/internal/service/scopes/ExecutionGlobalServices$AnnotationHandlerRegistration done
Event: 3.391 loading class com/google/common/collect/ImmutableSet$Builder
Event: 3.391 loading class com/google/common/collect/ImmutableSet$Builder done
Event: 3.391 loading class org/gradle/internal/reflect/annotations/impl/DefaultTypeAnnotationMetadataStore
Event: 3.391 loading class org/gradle/internal/reflect/annotations/impl/DefaultTypeAnnotationMetadataStore done
Event: 3.391 Executing VM operation: G1CollectForAllocation


Dynamic libraries:
0x00007ff761730000 - 0x00007ff76173a000 	C:\Program Files\Android\Android Studio\jre\bin\java.exe
0x00007ffb7b6f0000 - 0x00007ffb7b907000 	C:\WINDOWS\SYSTEM32\ntdll.dll
0x00007ffb7a320000 - 0x00007ffb7a3e4000 	C:\WINDOWS\System32\KERNEL32.DLL
0x00007ffb78b40000 - 0x00007ffb78f10000 	C:\WINDOWS\System32\KERNELBASE.dll
0x00007ffb78a20000 - 0x00007ffb78b31000 	C:\WINDOWS\System32\ucrtbase.dll
0x00007ffb68f10000 - 0x00007ffb68f27000 	C:\Program Files\Android\Android Studio\jre\bin\VCRUNTIME140.dll
0x00007ffb42900000 - 0x00007ffb42919000 	C:\Program Files\Android\Android Studio\jre\bin\jli.dll
0x00007ffb79510000 - 0x00007ffb796be000 	C:\WINDOWS\System32\USER32.dll
0x00007ffb791a0000 - 0x00007ffb791c6000 	C:\WINDOWS\System32\win32u.dll
0x00007ffb79750000 - 0x00007ffb79779000 	C:\WINDOWS\System32\GDI32.dll
0x00007ffb792c0000 - 0x00007ffb793db000 	C:\WINDOWS\System32\gdi32full.dll
0x00007ffb79100000 - 0x00007ffb7919a000 	C:\WINDOWS\System32\msvcp_win.dll
0x00007ffb77c80000 - 0x00007ffb77f12000 	C:\WINDOWS\WinSxS\amd64_microsoft.windows.common-controls_6595b64144ccf1df_6.0.22621.4830_none_270fe7d773858e80\COMCTL32.dll
0x00007ffb797d0000 - 0x00007ffb79877000 	C:\WINDOWS\System32\msvcrt.dll
0x00007ffb79790000 - 0x00007ffb797c1000 	C:\WINDOWS\System32\IMM32.DLL
0x00007ffb01200000 - 0x00007ffb0129d000 	C:\Program Files\Android\Android Studio\jre\bin\msvcp140.dll
0x00007ffb006f0000 - 0x00007ffb011f2000 	C:\Program Files\Android\Android Studio\jre\bin\server\jvm.dll
0x00007ffb79450000 - 0x00007ffb79501000 	C:\WINDOWS\System32\ADVAPI32.dll
0x00007ffb7b2a0000 - 0x00007ffb7b347000 	C:\WINDOWS\System32\sechost.dll
0x00007ffb791d0000 - 0x00007ffb791f8000 	C:\WINDOWS\System32\bcrypt.dll
0x00007ffb79c10000 - 0x00007ffb79d24000 	C:\WINDOWS\System32\RPCRT4.dll
0x00007ffb796c0000 - 0x00007ffb796c8000 	C:\WINDOWS\System32\PSAPI.DLL
0x00007ffb756b0000 - 0x00007ffb756b9000 	C:\WINDOWS\SYSTEM32\WSOCK32.dll
0x00007ffb7b050000 - 0x00007ffb7b0c1000 	C:\WINDOWS\System32\WS2_32.dll
0x00007ffb73870000 - 0x00007ffb738a4000 	C:\WINDOWS\SYSTEM32\WINMM.dll
0x00007ffb755c0000 - 0x00007ffb755ca000 	C:\WINDOWS\SYSTEM32\VERSION.dll
0x00007ffb76b10000 - 0x00007ffb76b28000 	C:\WINDOWS\SYSTEM32\kernel.appcore.dll
0x00007ffb68950000 - 0x00007ffb68961000 	C:\Program Files\Android\Android Studio\jre\bin\verify.dll
0x00007ffb78220000 - 0x00007ffb78452000 	C:\WINDOWS\SYSTEM32\DBGHELP.DLL
0x00007ffb79880000 - 0x00007ffb79c10000 	C:\WINDOWS\System32\combase.dll
0x00007ffb79dc0000 - 0x00007ffb79e97000 	C:\WINDOWS\System32\OLEAUT32.dll
0x00007ffb78100000 - 0x00007ffb78132000 	C:\WINDOWS\SYSTEM32\dbgcore.DLL
0x00007ffb789a0000 - 0x00007ffb78a1b000 	C:\WINDOWS\System32\bcryptPrimitives.dll
0x00007ffb68900000 - 0x00007ffb68929000 	C:\Program Files\Android\Android Studio\jre\bin\java.dll
0x00007ffb70fb0000 - 0x00007ffb70fbb000 	C:\Program Files\Android\Android Studio\jre\bin\jimage.dll
0x00007ffb70fc0000 - 0x00007ffb70fcf000 	C:\Program Files\Android\Android Studio\jre\bin\instrument.dll
0x00007ffb688c0000 - 0x00007ffb688d8000 	C:\Program Files\Android\Android Studio\jre\bin\zip.dll
0x00007ffb7a720000 - 0x00007ffb7af98000 	C:\WINDOWS\System32\SHELL32.dll
0x00007ffb75980000 - 0x00007ffb76290000 	C:\WINDOWS\SYSTEM32\windows.storage.dll
0x00007ffb75840000 - 0x00007ffb7597f000 	C:\WINDOWS\SYSTEM32\wintypes.dll
0x00007ffb7a610000 - 0x00007ffb7a71a000 	C:\WINDOWS\System32\SHCORE.dll
0x00007ffb7a3f0000 - 0x00007ffb7a44e000 	C:\WINDOWS\System32\shlwapi.dll
0x00007ffb788d0000 - 0x00007ffb788fb000 	C:\WINDOWS\SYSTEM32\profapi.dll
0x00007ffb68840000 - 0x00007ffb6885a000 	C:\Program Files\Android\Android Studio\jre\bin\net.dll
0x00007ffb73740000 - 0x00007ffb7386c000 	C:\WINDOWS\SYSTEM32\WINHTTP.dll
0x00007ffb776e0000 - 0x00007ffb77749000 	C:\WINDOWS\system32\mswsock.dll
0x00007ffb68580000 - 0x00007ffb68594000 	C:\Program Files\Android\Android Studio\jre\bin\nio.dll
0x00007ffb34930000 - 0x00007ffb34957000 	C:\Users\lenovo\.gradle\native\68d5fa5c4cc2d200863cafc0d521ce42e7d3e7ee720ec0a83991735586a16f82\windows-amd64\native-platform.dll
0x00007ffb01ac0000 - 0x00007ffb01c04000 	C:\Users\lenovo\.gradle\native\e376f236ea51e6404a007f0833ffe2c6e607c4080706a723a18a27aeea778392\windows-amd64\native-platform-file-events.dll
0x00007ffb688f0000 - 0x00007ffb688fa000 	C:\Program Files\Android\Android Studio\jre\bin\management.dll
0x00007ffb68830000 - 0x00007ffb6883d000 	C:\Program Files\Android\Android Studio\jre\bin\management_ext.dll
0x00007ffb78550000 - 0x00007ffb7856b000 	C:\WINDOWS\SYSTEM32\CRYPTSP.dll
0x00007ffb76b30000 - 0x00007ffb76b65000 	C:\WINDOWS\system32\rsaenh.dll
0x00007ffb77790000 - 0x00007ffb777b8000 	C:\WINDOWS\SYSTEM32\USERENV.dll
0x00007ffb779d0000 - 0x00007ffb779dc000 	C:\WINDOWS\SYSTEM32\CRYPTBASE.dll
0x00007ffb764f0000 - 0x00007ffb7651d000 	C:\WINDOWS\SYSTEM32\IPHLPAPI.DLL
0x00007ffb79780000 - 0x00007ffb79789000 	C:\WINDOWS\System32\NSI.dll
0x00007ffb738c0000 - 0x00007ffb738d9000 	C:\WINDOWS\SYSTEM32\dhcpcsvc6.DLL
0x00007ffb73720000 - 0x00007ffb7373f000 	C:\WINDOWS\SYSTEM32\dhcpcsvc.DLL
0x00007ffb76560000 - 0x00007ffb76662000 	C:\WINDOWS\SYSTEM32\DNSAPI.dll

dbghelp: loaded successfully - version: 4.0.5 - missing functions: none
symbol engine: initialized successfully - sym options: 0x614 - pdb path: .;C:\Program Files\Android\Android Studio\jre\bin;C:\WINDOWS\SYSTEM32;C:\WINDOWS\WinSxS\amd64_microsoft.windows.common-controls_6595b64144ccf1df_6.0.22621.4830_none_270fe7d773858e80;C:\Program Files\Android\Android Studio\jre\bin\server;C:\Users\lenovo\.gradle\native\68d5fa5c4cc2d200863cafc0d521ce42e7d3e7ee720ec0a83991735586a16f82\windows-amd64;C:\Users\lenovo\.gradle\native\e376f236ea51e6404a007f0833ffe2c6e607c4080706a723a18a27aeea778392\windows-amd64

VM Arguments:
jvm_args: -XX:+HeapDumpOnOutOfMemoryError --add-opens=java.base/java.util=ALL-UNNAMED --add-opens=java.base/java.lang=ALL-UNNAMED --add-opens=java.base/java.lang.invoke=ALL-UNNAMED --add-opens=java.prefs/java.util.prefs=ALL-UNNAMED --add-opens=java.base/java.nio.charset=ALL-UNNAMED --add-opens=java.base/java.net=ALL-UNNAMED --add-opens=java.base/java.util.concurrent.atomic=ALL-UNNAMED -Xmx4G -Dfile.encoding=windows-1252 -Duser.country=IN -Duser.language=en -Duser.variant -javaagent:C:\Users\lenovo\.gradle\wrapper\dists\gradle-8.3-all\6en3ugtfdg5xnpx44z4qbwgas\gradle-8.3\lib\agents\gradle-instrumentation-agent-8.3.jar 
java_command: org.gradle.launcher.daemon.bootstrap.GradleDaemon 8.3
java_class_path (initial): C:\Users\lenovo\.gradle\wrapper\dists\gradle-8.3-all\6en3ugtfdg5xnpx44z4qbwgas\gradle-8.3\lib\gradle-launcher-8.3.jar
Launcher Type: SUN_STANDARD

[Global flags]
     intx CICompilerCount                          = 4                                         {product} {ergonomic}
     uint ConcGCThreads                            = 3                                         {product} {ergonomic}
     uint G1ConcRefinementThreads                  = 10                                        {product} {ergonomic}
   size_t G1HeapRegionSize                         = 1048576                                   {product} {ergonomic}
    uintx GCDrainStackTargetSize                   = 64                                        {product} {ergonomic}
     bool HeapDumpOnOutOfMemoryError               = true                                   {manageable} {command line}
   size_t InitialHeapSize                          = 98566144                                  {product} {ergonomic}
   size_t MarkStackSize                            = 4194304                                   {product} {ergonomic}
   size_t MaxHeapSize                              = 4294967296                                {product} {command line}
   size_t MaxNewSize                               = 2576351232                                {product} {ergonomic}
   size_t MinHeapDeltaBytes                        = 1048576                                   {product} {ergonomic}
    uintx NonNMethodCodeHeapSize                   = 5836300                                {pd product} {ergonomic}
    uintx NonProfiledCodeHeapSize                  = 122910970                              {pd product} {ergonomic}
    uintx ProfiledCodeHeapSize                     = 122910970                              {pd product} {ergonomic}
    uintx ReservedCodeCacheSize                    = 251658240                              {pd product} {ergonomic}
     bool SegmentedCodeCache                       = true                                      {product} {ergonomic}
     bool UseCompressedClassPointers               = true                                 {lp64_product} {ergonomic}
     bool UseCompressedOops                        = true                                 {lp64_product} {ergonomic}
     bool UseG1GC                                  = true                                      {product} {ergonomic}
     bool UseLargePagesIndividualAllocation        = false                                  {pd product} {ergonomic}

Logging:
Log output configuration:
 #0: stdout all=warning uptime,level,tags
 #1: stderr all=off uptime,level,tags

Environment Variables:
JAVA_HOME=C:\Program Files\Android\Android Studio\jre
CLASSPATH=D:\React Projects\HRDesk\hrm06022025\hrm\android\\gradle\wrapper\gradle-wrapper.jar
PATH=C:\Program Files\Android\Android Studio\jre\bin;C:\Python313\Scripts\;C:\Python313\;C:\Program Files\Common Files\Oracle\Java\javapath;C:\Windows\system32;C:\Windows;C:\Windows\System32\Wbem;C:\Windows\System32\WindowsPowerShell\v1.0\;C:\Windows\System32\OpenSSH\;C:\Program Files (x86)\NVIDIA Corporation\PhysX\Common;C:\Program Files\Java\jdk-17.0.2\bin;C:\Program Files\Git\cmd;C:\Program Files\NVIDIA Corporation\NVIDIA NvDLISR;D:\flutter_windows_2.10.0-stable\flutter\bin;C:\WINDOWS\system32;C:\WINDOWS;C:\WINDOWS\System32\Wbem;C:\WINDOWS\System32\WindowsPowerShell\v1.0\;C:\WINDOWS\System32\OpenSSH\;%NVM_HOME%;%NVM_SYMLINK%;C:\Program Files\MySQL\MySQL Shell 8.0\bin\;C:\Users\lenovo\AppData\Local\Microsoft\WindowsApps;D:\flutter_windows_2.10.0-stable\flutter\bin;C:\Program Files\JetBrains\IntelliJ IDEA Community Edition 2022.3.2\bin;;C:\Users\lenovo\AppData\Local\Programs\Microsoft VS Code\bin;C:\Users\lenovo\AppData\Roaming\npm;C:\Users\lenovo\AppData\Roaming\nvm;C:\Program Files\nodejs;D:\flutter_windows_2.10.0-stable\flutter\bin\mingit\cmd
USERNAME=lenovo
OS=Windows_NT
PROCESSOR_IDENTIFIER=AMD64 Family 25 Model 80 Stepping 0, AuthenticAMD



---------------  S Y S T E M  ---------------

OS: Windows 11 , 64 bit Build 22621 (10.0.22621.4830)
OS uptime: 2 days 8:37 hours
Hyper-V role detected

CPU:total 12 (initial active 12) (12 cores per cpu, 2 threads per core) family 25 model 80 stepping 0 microcode 0x0, cmov, cx8, fxsr, mmx, sse, sse2, sse3, ssse3, sse4.1, sse4.2, popcnt, avx, avx2, aes, clmul, erms, mmxext, 3dnowpref, lzcnt, sse4a, ht, tsc, tscinvbit, tscinv, bmi1, bmi2, adx, sha, fma

Memory: 4k page, system-wide physical 5996M (354M free)
TotalPageFile size 24428M (AvailPageFile size 26M)
current process WorkingSet (physical memory assigned to process): 203M, peak: 203M
current process commit charge ("private bytes"): 259M, peak: 278M

vm_info: OpenJDK 64-Bit Server VM (11.0.13+0-b1751.21-8125866) for windows-amd64 JRE (11.0.13+0-b1751.21-8125866), built on Feb  2 2022 03:00:22 by "builder" with MS VC++ 14.0 (VS2015)

END.
