#
# There is insufficient memory for the Java Runtime Environment to continue.
# Native memory allocation (mmap) failed to map 65536 bytes. Error detail: Failed to commit metaspace.
# Possible reasons:
#   The system is out of physical RAM or swap space
#   This process is running with CompressedOops enabled, and the Java Heap may be blocking the growth of the native heap
# Possible solutions:
#   Reduce memory load on the system
#   Increase physical memory or swap space
#   Check if swap backing store is full
#   Decrease Java heap size (-Xmx/-Xms)
#   Decrease number of Java threads
#   Decrease Java thread stack sizes (-Xss)
#   Set larger code cache with -XX:ReservedCodeCacheSize=
#   JVM is running with Unscaled Compressed Oops mode in which the Java heap is
#     placed in the first 4GB address space. The Java Heap base address is the
#     maximum limit for the native heap growth. Please use -XX:HeapBaseMinAddress
#     to set the Java Heap base and to place the Java Heap above 4GB virtual address.
# This output file may be truncated or incomplete.
#
#  Out of Memory Error (virtualSpaceNode.cpp:113), pid=31864, tid=28992
#
# JRE version: OpenJDK Runtime Environment (21.0.4) (build 21.0.4+-12508038-b607.1)
# Java VM: OpenJDK 64-Bit Server VM (21.0.4+-12508038-b607.1, mixed mode, tiered, compressed oops, compressed class ptrs, g1 gc, windows-amd64)
# No core dump will be written. Minidumps are not enabled by default on client versions of Windows
#

---------------  S U M M A R Y ------------

Command Line: -Dorg.gradle.appname=gradlew org.gradle.wrapper.GradleWrapperMain -q -Ptarget-platform=android-x86 -Ptarget=D:\ReactProjects\HRDesk\hrm06022025\hrm\lib\main.dart -Pbase-application-name=android.app.Application -Pdart-defines=Zmx1dHRlci5pbnNwZWN0b3Iuc3RydWN0dXJlZEVycm9ycz10cnVl -Pdart-obfuscation=false -Ptrack-widget-creation=true -Ptree-shake-icons=false -Pfilesystem-scheme=org-dartlang-root assembleDebug

Host: AMD Ryzen 5 5600H with Radeon Graphics         , 12 cores, 5G,  Windows 11 , 64 bit Build 22621 (10.0.22621.4974)
Time: Thu Mar 20 22:20:23 2025 India Standard Time elapsed time: 36.390362 seconds (0d 0h 0m 36s)

---------------  T H R E A D  ---------------

Current thread (0x00000288dbebf3d0):  JavaThread "main"             [_thread_in_vm, id=28992, stack(0x000000edfe400000,0x000000edfe500000) (1024K)]

Stack: [0x000000edfe400000,0x000000edfe500000]
Native frames: (J=compiled Java code, j=interpreted, Vv=VM code, C=native code)
V  [jvm.dll+0x6ce539]
V  [jvm.dll+0x85bf03]
V  [jvm.dll+0x85e45e]
V  [jvm.dll+0x85eb43]
V  [jvm.dll+0x27dd06]
V  [jvm.dll+0x856dde]
V  [jvm.dll+0x672715]
V  [jvm.dll+0x1e2ab1]
V  [jvm.dll+0x1e287e]
V  [jvm.dll+0x675068]
V  [jvm.dll+0x674ea2]
V  [jvm.dll+0x67310e]
V  [jvm.dll+0x26908f]
V  [jvm.dll+0x67d0f5]
V  [jvm.dll+0x21482c]
V  [jvm.dll+0x214d75]
V  [jvm.dll+0x215756]
V  [jvm.dll+0x20a7a9]
V  [jvm.dll+0x5b0c43]
V  [jvm.dll+0x7d4010]
V  [jvm.dll+0x7d413e]
V  [jvm.dll+0x46d9ad]
V  [jvm.dll+0x4732f8]
C  [java.dll+0x17ec]

Java frames: (J=compiled Java code, j=interpreted, Vv=VM code)
J 803  java.lang.ClassLoader.defineClass1(Ljava/lang/ClassLoader;Ljava/lang/String;[BIILjava/security/ProtectionDomain;Ljava/lang/String;)Ljava/lang/Class; java.base@21.0.4 (0 bytes) @ 0x00000288e8db16e9 [0x00000288e8db1620+0x00000000000000c9]
J 957 c1 java.lang.ClassLoader.defineClass(Ljava/lang/String;[BIILjava/security/ProtectionDomain;)Ljava/lang/Class; java.base@21.0.4 (43 bytes) @ 0x00000288e1459df4 [0x00000288e1459aa0+0x0000000000000354]
J 908 c1 java.security.SecureClassLoader.defineClass(Ljava/lang/String;[BIILjava/security/CodeSource;)Ljava/lang/Class; java.base@21.0.4 (16 bytes) @ 0x00000288e144469c [0x00000288e14445c0+0x00000000000000dc]
J 838 c1 java.net.URLClassLoader.defineClass(Ljava/lang/String;Ljdk/internal/loader/Resource;)Ljava/lang/Class; java.base@21.0.4 (224 bytes) @ 0x00000288e14218e4 [0x00000288e1420200+0x00000000000016e4]
J 800 c1 java.net.URLClassLoader$1.run()Ljava/lang/Class; java.base@21.0.4 (81 bytes) @ 0x00000288e140cc7c [0x00000288e140c040+0x0000000000000c3c]
J 742 c1 java.net.URLClassLoader$1.run()Ljava/lang/Object; java.base@21.0.4 (5 bytes) @ 0x00000288e13ee554 [0x00000288e13ee4c0+0x0000000000000094]
J 649 c1 java.security.AccessController.doPrivileged(Ljava/security/PrivilegedExceptionAction;Ljava/security/AccessControlContext;)Ljava/lang/Object; java.base@21.0.4 (26 bytes) @ 0x00000288e13b300c [0x00000288e13b2e20+0x00000000000001ec]
J 740 c1 java.net.URLClassLoader.findClass(Ljava/lang/String;)Ljava/lang/Class; java.base@21.0.4 (47 bytes) @ 0x00000288e13ed81c [0x00000288e13ed680+0x000000000000019c]
J 754 c1 java.lang.ClassLoader.loadClass(Ljava/lang/String;Z)Ljava/lang/Class; java.base@21.0.4 (121 bytes) @ 0x00000288e13f1e24 [0x00000288e13f1860+0x00000000000005c4]
J 624 c1 java.lang.ClassLoader.loadClass(Ljava/lang/String;)Ljava/lang/Class; java.base@21.0.4 (7 bytes) @ 0x00000288e13a39c4 [0x00000288e13a38c0+0x0000000000000104]
v  ~StubRoutines::call_stub 0x00000288e87d100d
j  org.gradle.internal.logging.serializer.SpanSerializer.read(Lorg/gradle/internal/serialize/Decoder;)Lorg/gradle/internal/logging/events/StyledTextOutputEvent$Span;+0
j  org.gradle.internal.logging.serializer.SpanSerializer.read(Lorg/gradle/internal/serialize/Decoder;)Ljava/lang/Object;+2
j  org.gradle.internal.serialize.AbstractCollectionSerializer.read(Lorg/gradle/internal/serialize/Decoder;)Ljava/util/Collection;+28
j  org.gradle.internal.serialize.AbstractCollectionSerializer.read(Lorg/gradle/internal/serialize/Decoder;)Ljava/lang/Object;+2
j  org.gradle.internal.logging.serializer.StyledTextOutputEventSerializer.read(Lorg/gradle/internal/serialize/Decoder;)Lorg/gradle/internal/logging/events/StyledTextOutputEvent;+63
j  org.gradle.internal.logging.serializer.StyledTextOutputEventSerializer.read(Lorg/gradle/internal/serialize/Decoder;)Ljava/lang/Object;+2
J 1388 c1 org.gradle.internal.serialize.DefaultSerializerRegistry$TaggedTypeSerializer.read(Lorg/gradle/internal/serialize/Decoder;)Ljava/lang/Object; (69 bytes) @ 0x00000288e15254b4 [0x00000288e15249e0+0x0000000000000ad4]
j  org.gradle.launcher.daemon.protocol.DaemonMessageSerializer$OutputMessageSerializer.read(Lorg/gradle/internal/serialize/Decoder;)Lorg/gradle/launcher/daemon/protocol/OutputMessage;+9
j  org.gradle.launcher.daemon.protocol.DaemonMessageSerializer$OutputMessageSerializer.read(Lorg/gradle/internal/serialize/Decoder;)Ljava/lang/Object;+2
J 1388 c1 org.gradle.internal.serialize.DefaultSerializerRegistry$TaggedTypeSerializer.read(Lorg/gradle/internal/serialize/Decoder;)Ljava/lang/Object; (69 bytes) @ 0x00000288e15254b4 [0x00000288e15249e0+0x0000000000000ad4]
j  org.gradle.internal.serialize.Serializers$StatefulSerializerAdapter$1.read()Ljava/lang/Object;+11
j  org.gradle.internal.remote.internal.inet.SocketConnection.receive()Ljava/lang/Object;+4
j  org.gradle.launcher.daemon.client.DaemonClientConnection.receive()Lorg/gradle/launcher/daemon/protocol/Message;+4
j  org.gradle.launcher.daemon.client.DaemonClientConnection.receive()Ljava/lang/Object;+1
j  org.gradle.launcher.daemon.client.DaemonClient.monitorBuild(Lorg/gradle/launcher/daemon/protocol/Build;Lorg/gradle/launcher/daemon/diagnostics/DaemonDiagnostics;Lorg/gradle/internal/remote/internal/Connection;Lorg/gradle/initialization/BuildCancellationToken;Lorg/gradle/initialization/BuildEventConsumer;)Ljava/lang/Object;+44
j  org.gradle.launcher.daemon.client.DaemonClient.executeBuild(Lorg/gradle/launcher/daemon/protocol/Build;Lorg/gradle/launcher/daemon/client/DaemonClientConnection;Lorg/gradle/initialization/BuildCancellationToken;Lorg/gradle/initialization/BuildEventConsumer;)Lorg/gradle/launcher/exec/BuildActionResult;+128
j  org.gradle.launcher.daemon.client.DaemonClient.execute(Lorg/gradle/internal/invocation/BuildAction;Lorg/gradle/launcher/exec/BuildActionParameters;Lorg/gradle/initialization/BuildRequestContext;)Lorg/gradle/launcher/exec/BuildActionResult;+135
j  org.gradle.launcher.daemon.client.DaemonClient.execute(Lorg/gradle/internal/invocation/BuildAction;Ljava/lang/Object;Ljava/lang/Object;)Lorg/gradle/launcher/exec/BuildActionResult;+10
j  org.gradle.launcher.cli.RunBuildAction.run()V+74
j  org.gradle.internal.Actions$RunnableActionAdapter.execute(Ljava/lang/Object;)V+4
j  org.gradle.launcher.cli.DefaultCommandLineActionFactory$ParseAndBuildAction.execute(Lorg/gradle/launcher/bootstrap/ExecutionListener;)V+60
j  org.gradle.launcher.cli.DefaultCommandLineActionFactory$ParseAndBuildAction.execute(Ljava/lang/Object;)V+5
j  org.gradle.launcher.cli.DebugLoggerWarningAction.execute(Lorg/gradle/launcher/bootstrap/ExecutionListener;)V+9
j  org.gradle.launcher.cli.DebugLoggerWarningAction.execute(Ljava/lang/Object;)V+5
j  org.gradle.launcher.cli.WelcomeMessageAction.execute(Lorg/gradle/launcher/bootstrap/ExecutionListener;)V+218
j  org.gradle.launcher.cli.WelcomeMessageAction.execute(Ljava/lang/Object;)V+5
j  org.gradle.launcher.cli.NativeServicesInitializingAction.execute(Lorg/gradle/launcher/bootstrap/ExecutionListener;)V+35
j  org.gradle.launcher.cli.NativeServicesInitializingAction.execute(Ljava/lang/Object;)V+5
j  org.gradle.launcher.cli.ExceptionReportingAction.execute(Lorg/gradle/launcher/bootstrap/ExecutionListener;)V+5
j  org.gradle.launcher.cli.ExceptionReportingAction.execute(Ljava/lang/Object;)V+5
j  org.gradle.launcher.cli.DefaultCommandLineActionFactory$WithLogging.execute(Lorg/gradle/launcher/bootstrap/ExecutionListener;)V+299
j  org.gradle.launcher.Main.doAction([Ljava/lang/String;Lorg/gradle/launcher/bootstrap/ExecutionListener;)V+14
j  org.gradle.launcher.bootstrap.EntryPoint.run([Ljava/lang/String;)V+12
j  java.lang.invoke.DirectMethodHandle$Holder.invokeVirtual(Ljava/lang/Object;Ljava/lang/Object;Ljava/lang/Object;)V+11 java.base@21.0.4
j  java.lang.invoke.LambdaForm$MH+0x00000001000d6800.invoke(Ljava/lang/Object;Ljava/lang/Object;Ljava/lang/Object;)Ljava/lang/Object;+52 java.base@21.0.4
j  java.lang.invoke.Invokers$Holder.invokeExact_MT(Ljava/lang/Object;Ljava/lang/Object;Ljava/lang/Object;Ljava/lang/Object;)Ljava/lang/Object;+20 java.base@21.0.4
j  jdk.internal.reflect.DirectMethodHandleAccessor.invokeImpl(Ljava/lang/Object;[Ljava/lang/Object;)Ljava/lang/Object;+55 java.base@21.0.4
j  jdk.internal.reflect.DirectMethodHandleAccessor.invoke(Ljava/lang/Object;[Ljava/lang/Object;)Ljava/lang/Object;+23 java.base@21.0.4
j  java.lang.reflect.Method.invoke(Ljava/lang/Object;[Ljava/lang/Object;)Ljava/lang/Object;+102 java.base@21.0.4
j  org.gradle.launcher.bootstrap.ProcessBootstrap.runNoExit(Ljava/lang/String;[Ljava/lang/String;)V+155
j  org.gradle.launcher.bootstrap.ProcessBootstrap.run(Ljava/lang/String;[Ljava/lang/String;)V+2
j  java.lang.invoke.LambdaForm$DMH+0x00000001000c8400.invokeStatic(Ljava/lang/Object;Ljava/lang/Object;Ljava/lang/Object;)V+11 java.base@21.0.4
j  java.lang.invoke.LambdaForm$MH+0x00000001000cac00.invoke(Ljava/lang/Object;Ljava/lang/Object;Ljava/lang/Object;Ljava/lang/Object;)Ljava/lang/Object;+54 java.base@21.0.4
j  java.lang.invoke.LambdaForm$MH+0x00000001000cb000.invokeExact_MT(Ljava/lang/Object;Ljava/lang/Object;Ljava/lang/Object;Ljava/lang/Object;Ljava/lang/Object;)Ljava/lang/Object;+22 java.base@21.0.4
j  jdk.internal.reflect.DirectMethodHandleAccessor.invokeImpl(Ljava/lang/Object;[Ljava/lang/Object;)Ljava/lang/Object;+72 java.base@21.0.4
j  jdk.internal.reflect.DirectMethodHandleAccessor.invoke(Ljava/lang/Object;[Ljava/lang/Object;)Ljava/lang/Object;+23 java.base@21.0.4
j  java.lang.reflect.Method.invoke(Ljava/lang/Object;[Ljava/lang/Object;)Ljava/lang/Object;+102 java.base@21.0.4
j  org.gradle.launcher.GradleMain.main([Ljava/lang/String;)V+100
j  java.lang.invoke.LambdaForm$DMH+0x00000001000c2400.invokeStatic(Ljava/lang/Object;Ljava/lang/Object;)V+10 java.base@21.0.4
j  java.lang.invoke.LambdaForm$MH+0x00000001000c8000.invoke(Ljava/lang/Object;Ljava/lang/Object;Ljava/lang/Object;)Ljava/lang/Object;+33 java.base@21.0.4
j  java.lang.invoke.Invokers$Holder.invokeExact_MT(Ljava/lang/Object;Ljava/lang/Object;Ljava/lang/Object;Ljava/lang/Object;)Ljava/lang/Object;+20 java.base@21.0.4
j  jdk.internal.reflect.DirectMethodHandleAccessor.invokeImpl(Ljava/lang/Object;[Ljava/lang/Object;)Ljava/lang/Object;+55 java.base@21.0.4
j  jdk.internal.reflect.DirectMethodHandleAccessor.invoke(Ljava/lang/Object;[Ljava/lang/Object;)Ljava/lang/Object;+23 java.base@21.0.4
j  java.lang.reflect.Method.invoke(Ljava/lang/Object;[Ljava/lang/Object;)Ljava/lang/Object;+102 java.base@21.0.4
j  org.gradle.wrapper.BootstrapMainStarter.start([Ljava/lang/String;Ljava/io/File;)V+82
j  org.gradle.wrapper.WrapperExecutor.execute([Ljava/lang/String;Lorg/gradle/wrapper/Install;Lorg/gradle/wrapper/BootstrapMainStarter;)V+14
j  org.gradle.wrapper.GradleWrapperMain.main([Ljava/lang/String;)V+190
v  ~StubRoutines::call_stub 0x00000288e87d100d

Compiled method (n/a)   36504  803     n 0       java.lang.ClassLoader::defineClass1 (native)
 total in heap  [0x00000288e8db1490,0x00000288e8db1ac8] = 1592
 relocation     [0x00000288e8db15e8,0x00000288e8db1620] = 56
 main code      [0x00000288e8db1620,0x00000288e8db1ac7] = 1191
 stub code      [0x00000288e8db1ac7,0x00000288e8db1ac8] = 1

[Constant Pool (empty)]

[MachCode]
[Entry Point]
  # {method} {0x00000288f6025008} 'defineClass1' '(Ljava/lang/ClassLoader;Ljava/lang/String;[BIILjava/security/ProtectionDomain;Ljava/lang/String;)Ljava/lang/Class;' in 'java/lang/ClassLoader'
  # parm0:    rdx:rdx   = 'java/lang/ClassLoader'
  # parm1:    r8:r8     = 'java/lang/String'
  # parm2:    r9:r9     = '[B'
  # parm3:    rdi       = int
  # parm4:    rsi       = int
  # parm5:    rcx:rcx   = 'java/security/ProtectionDomain'
  # parm6:    [sp+0xa0]   = 'java/lang/String'  (sp of caller)
  0x00000288e8db1620: 448b 5208 | 49c1 e203 | 493b c20f | 8407 0000 

  0x00000288e8db1630: ;   {runtime_call ic_miss_stub}
  0x00000288e8db1630: 00e9 4ad1 | a6ff 6690 
[Verified Entry Point]
  0x00000288e8db1638: 8984 2400 | 80ff ff55 | 488b ec48 | 81ec 9000 | 0000 6690 | 4181 7f20 | 0100 0000 

  0x00000288e8db1654: ;   {runtime_call StubRoutines (final stubs)}
  0x00000288e8db1654: 7405 e8c5 | 84a5 ff48 | 837d 1000 | 488d 4510 | 480f 4445 | 1048 8944 | 2440 4889 | 4c24 7048 
  0x00000288e8db1674: 83f9 0048 | 8d44 2470 | 480f 4444 | 2470 4889 | 4424 3848 | 8974 2430 | 4889 7c24 | 284c 894c 
  0x00000288e8db1694: 2458 4983 | f900 488d | 4424 5848 | 0f44 4424 | 5848 8944 | 2420 4c89 | 4424 5049 | 83f8 004c 
  0x00000288e8db16b4: 8d4c 2450 | 4c0f 444c | 2450 4889 | 5424 4848 | 83fa 004c | 8d44 2448 | 4c0f 4444 

  0x00000288e8db16d0: ;   {oop(a 'java/lang/Class'{0x00000000a6aaa570} = 'java/lang/ClassLoader')}
  0x00000288e8db16d0: 2448 49be | 70a5 aaa6 | 0000 0000 | 4c89 7424 | 784c 8d74 | 2478 498b | d6c5 f877 

  0x00000288e8db16ec: ;   {internal_word}
  0x00000288e8db16ec: 49ba e916 | dbe8 8802 | 0000 4d89 | 97a0 0300 | 0049 89a7 | 9803 0000 

  0x00000288e8db1704: ;   {external_word}
  0x00000288e8db1704: 49ba 40e7 | 0c2e ff7f | 0000 4180 | 3a00 0f84 | 4e00 0000 | 5241 5041 

  0x00000288e8db171c: ;   {metadata({method} {0x00000288f6025008} 'defineClass1' '(Ljava/lang/ClassLoader;Ljava/lang/String;[BIILjava/security/ProtectionDomain;Ljava/lang/String;)Ljava/lang/Class;' in 'java/lang/ClassLoader')}
  0x00000288e8db171c: 5148 ba00 | 5002 f688 | 0200 0049 | 8bcf 4883 | ec20 40f6 | c40f 0f84 | 1900 0000 | 4883 ec08 
  0x00000288e8db173c: ;   {runtime_call}
  0x00000288e8db173c: 48b8 4054 | c72d ff7f | 0000 ffd0 | 4883 c408 | e90c 0000 

  0x00000288e8db1750: ;   {runtime_call}
  0x00000288e8db1750: 0048 b840 | 54c7 2dff | 7f00 00ff | d048 83c4 | 2041 5941 | 585a 498d | 8fb8 0300 | 0041 c787 
  0x00000288e8db1770: 4c04 0000 | 0400 0000 

  0x00000288e8db1778: ;   {runtime_call}
  0x00000288e8db1778: 48b8 ac16 | b984 ff7f | 0000 ffd0 | c5f8 7741 | c787 4c04 | 0000 0500 | 0000 f083 | 4424 c000 
  0x00000288e8db1798: 493b af50 | 0400 000f | 870e 0000 | 0041 83bf | 4804 0000 | 000f 842b | 0000 00c5 | f877 4889 
  0x00000288e8db17b8: 45f8 498b | cf4c 8be4 | 4883 ec20 | 4883 e4f0 

  0x00000288e8db17c8: ;   {runtime_call}
  0x00000288e8db17c8: 48b8 60c7 | 922d ff7f | 0000 ffd0 | 498b e44d | 33e4 488b | 45f8 41c7 | 874c 0400 | 0008 0000 
  0x00000288e8db17e8: 0041 83bf | c804 0000 | 020f 84a3 

  0x00000288e8db17f4: ;   {external_word}
  0x00000288e8db17f4: 0200 0049 | ba40 e70c | 2eff 7f00 | 0041 803a | 000f 844c | 0000 0048 

  0x00000288e8db180c: ;   {metadata({method} {0x00000288f6025008} 'defineClass1' '(Ljava/lang/ClassLoader;Ljava/lang/String;[BIILjava/security/ProtectionDomain;Ljava/lang/String;)Ljava/lang/Class;' in 'java/lang/ClassLoader')}
  0x00000288e8db180c: 8945 f848 | ba00 5002 | f688 0200 | 0049 8bcf | 4883 ec20 | 40f6 c40f | 0f84 1900 | 0000 4883 
  0x00000288e8db182c: ;   {runtime_call}
  0x00000288e8db182c: ec08 48b8 | 4054 c72d | ff7f 0000 | ffd0 4883 | c408 e90c 

  0x00000288e8db1840: ;   {runtime_call}
  0x00000288e8db1840: 0000 0048 | b840 54c7 | 2dff 7f00 | 00ff d048 | 83c4 2048 | 8b45 f849 | c787 9803 | 0000 0000 
  0x00000288e8db1860: 0000 49c7 | 87a0 0300 | 0000 0000 | 00c5 f877 | 4885 c00f | 84fe 0100 | 00a8 030f | 8508 0000 
  0x00000288e8db1880: 0048 8b00 | e9ee 0100 | 00a8 010f | 8509 0000 | 0048 8b40 | fee9 dd01 | 0000 488b | 40ff 4180 
  0x00000288e8db18a0: 7f40 000f | 84ce 0100 | 0048 83f8 | 000f 84c4 | 0100 0049 | 8b4f 2848 | 83f9 000f | 8414 0000 
  0x00000288e8db18c0: 0048 83e9 | 0849 894f | 2849 034f | 3848 8901 | e9a2 0100 | 0048 81ec | d000 0000 | 4889 0424 
  0x00000288e8db18e0: 4889 4c24 | 0848 8954 | 2410 4889 | 7424 1848 | 897c 2420 | 4c89 4424 | 284c 894c | 2430 4c89 
  0x00000288e8db1900: 5424 384c | 895c 2440 | c5fb 1144 | 2450 c5fb | 114c 2458 | c5fb 1154 | 2460 c5fb | 115c 2468 
  0x00000288e8db1920: c5fb 1164 | 2470 c5fb | 116c 2478 | c5fb 11b4 | 2480 0000 | 00c5 fb11 | bc24 8800 | 0000 c57b 
  0x00000288e8db1940: ;   {no_reloc}
  0x00000288e8db1940: 1184 2490 | 0000 00c5 | 7b11 8c24 | 9800 0000 | c57b 1194 | 24a0 0000 | 00c5 7b11 | 9c24 a800 
  0x00000288e8db1960: 0000 c57b | 11a4 24b0 | 0000 00c5 | 7b11 ac24 | b800 0000 | c57b 11b4 | 24c0 0000 | 00c5 7b11 
  0x00000288e8db1980: bc24 c800 | 0000 498b | d748 8bc8 | 4883 ec20 | 40f6 c40f | 0f84 1900 | 0000 4883 

  0x00000288e8db199c: ;   {runtime_call}
  0x00000288e8db199c: ec08 48b8 | 60dd 852d | ff7f 0000 | ffd0 4883 | c408 e90c 

  0x00000288e8db19b0: ;   {runtime_call}
  0x00000288e8db19b0: 0000 0048 | b860 dd85 | 2dff 7f00 | 00ff d048 | 83c4 20c5 | 7b10 bc24 | c800 0000 | c57b 10b4 
  0x00000288e8db19d0: 24c0 0000 | 00c5 7b10 | ac24 b800 | 0000 c57b | 10a4 24b0 | 0000 00c5 | 7b10 9c24 | a800 0000 
  0x00000288e8db19f0: c57b 1094 | 24a0 0000 | 00c5 7b10 | 8c24 9800 | 0000 c57b | 1084 2490 | 0000 00c5 | fb10 bc24 
  0x00000288e8db1a10: 8800 0000 | c5fb 10b4 | 2480 0000 | 00c5 fb10 | 6c24 78c5 | fb10 6424 | 70c5 fb10 | 5c24 68c5 
  0x00000288e8db1a30: fb10 5424 | 60c5 fb10 | 4c24 58c5 | fb10 4424 | 504c 8b5c | 2440 4c8b | 5424 384c | 8b4c 2430 
  0x00000288e8db1a50: 4c8b 4424 | 2848 8b7c | 2420 488b | 7424 1848 | 8b54 2410 | 488b 4c24 | 0848 8b04 | 2448 81c4 
  0x00000288e8db1a70: d000 0000 | c5f8 7749 | 8b8f 2804 | 0000 c781 | 0001 0000 | 0000 0000 | c949 837f | 0800 0f85 
  0x00000288e8db1a90: 0100 0000 

  0x00000288e8db1a94: ;   {runtime_call StubRoutines (initial stubs)}
  0x00000288e8db1a94: c3e9 66f4 | a1ff c5f8 | 7748 8945 | f84c 8be4 | 4883 ec20 | 4883 e4f0 

  0x00000288e8db1aac: ;   {runtime_call}
  0x00000288e8db1aac: 48b8 e08b | c72d ff7f | 0000 ffd0 | 498b e44d | 33e4 488b | 45f8 e930 | fdff fff4 
[/MachCode]


Compiled method (c1)   36517  957       3       java.lang.ClassLoader::defineClass (43 bytes)
 total in heap  [0x00000288e1459890,0x00000288e145a200] = 2416
 relocation     [0x00000288e14599e8,0x00000288e1459a88] = 160
 main code      [0x00000288e1459aa0,0x00000288e1459f38] = 1176
 stub code      [0x00000288e1459f38,0x00000288e1459fb0] = 120
 metadata       [0x00000288e1459fb0,0x00000288e1459ff0] = 64
 scopes data    [0x00000288e1459ff0,0x00000288e145a0e0] = 240
 scopes pcs     [0x00000288e145a0e0,0x00000288e145a1c0] = 224
 dependencies   [0x00000288e145a1c0,0x00000288e145a1d8] = 24
 nul chk table  [0x00000288e145a1d8,0x00000288e145a200] = 40

[Constant Pool (empty)]

[MachCode]
[Entry Point]
  # {method} {0x00000288f6024e28} 'defineClass' '(Ljava/lang/String;[BIILjava/security/ProtectionDomain;)Ljava/lang/Class;' in 'java/lang/ClassLoader'
  # this:     rdx:rdx   = 'java/lang/ClassLoader'
  # parm0:    r8:r8     = 'java/lang/String'
  # parm1:    r9:r9     = '[B'
  # parm2:    rdi       = int
  # parm3:    rsi       = int
  # parm4:    rcx:rcx   = 'java/security/ProtectionDomain'
  #           [sp+0xc0]  (sp of caller)
  0x00000288e1459aa0: 448b 5208 | 49c1 e203 

  0x00000288e1459aa8: ;   {runtime_call ic_miss_stub}
  0x00000288e1459aa8: 4c3b d00f | 85cf 4c3c | 070f 1f84 | 0000 0000 | 000f 1f80 | 0000 0000 
[Verified Entry Point]
  0x00000288e1459ac0: 8984 2400 | 80ff ff55 | 4881 ecb0 | 0000 0090 | 4181 7f20 | 0100 0000 

  0x00000288e1459ad8: ;   {runtime_call StubRoutines (final stubs)}
  0x00000288e1459ad8: 7405 e841 | 003b 0748 | 8954 2478 

  0x00000288e1459ae4: ;   {metadata(method data for {method} {0x00000288f6024e28} 'defineClass' '(Ljava/lang/String;[BIILjava/security/ProtectionDomain;)Ljava/lang/Class;' in 'java/lang/ClassLoader')}
  0x00000288e1459ae4: 48bb d0fb | 9ff6 8802 | 0000 8b83 | cc00 0000 | 83c0 0289 | 83cc 0000 | 0025 fe07 | 0000 85c0 
  0x00000288e1459b04: 0f84 5003 | 0000 89b4 | 2494 0000 | 0089 bc24 | 9000 0000 | 4c89 8c24 | 8800 0000 

  0x00000288e1459b20: ;   {metadata(method data for {method} {0x00000288f6024e28} 'defineClass' '(Ljava/lang/String;[BIILjava/security/ProtectionDomain;)Ljava/lang/Class;' in 'java/lang/ClassLoader')}
  0x00000288e1459b20: 488b da48 | b8d0 fb9f | f688 0200 | 0048 8380 | 1001 0000 | 0149 8bd8 | 4c8b c34c | 8bc9 488b 
  0x00000288e1459b40: ca48 8bd1 | 4889 9c24 | 8000 0000 

  0x00000288e1459b4c: ;   {optimized virtual_call}
  0x00000288e1459b4c: 6666 90e8 

  0x00000288e1459b50: ; ImmutableOopMap {[120]=Oop [128]=Oop [136]=Oop }
                      ;*invokevirtual preDefineClass {reexecute=0 rethrow=0 return_oop=0}
                      ; - java.lang.ClassLoader::defineClass@4
  0x00000288e1459b50: 4c12 0000 

  0x00000288e1459b54: ;   {other}
  0x00000288e1459b54: 0f1f 8400 | c402 0000 | 4889 8424 | 9800 0000 | 488b 5424 

  0x00000288e1459b68: ;   {metadata(method data for {method} {0x00000288f6024e28} 'defineClass' '(Ljava/lang/String;[BIILjava/security/ProtectionDomain;)Ljava/lang/Class;' in 'java/lang/ClassLoader')}
  0x00000288e1459b68: 7849 b8d0 | fb9f f688 | 0200 0049 | 8380 4801 

  0x00000288e1459b78: ;   {metadata(method data for {method} {0x00000288f6024c48} 'defineClassSourceLocation' '(Ljava/security/ProtectionDomain;)Ljava/lang/String;' in 'java/lang/ClassLoader')}
  0x00000288e1459b78: 0000 0149 | b868 09b0 | f688 0200 | 0041 8b90 | cc00 0000 | 83c2 0241 | 8990 cc00 | 0000 81e2 
  0x00000288e1459b98: feff 1f00 | 85d2 0f84 | d702 0000 

  0x00000288e1459ba4: ; implicit exception: dispatches to 0x00000288e1459e9c
  0x00000288e1459ba4: 483b 004c 

  0x00000288e1459ba8: ;   {metadata(method data for {method} {0x00000288f6024c48} 'defineClassSourceLocation' '(Ljava/security/ProtectionDomain;)Ljava/lang/String;' in 'java/lang/ClassLoader')}
  0x00000288e1459ba8: 8bc0 48ba | 6809 b0f6 | 8802 0000 | 4883 8210 | 0100 0001 | 448b 4010 

  0x00000288e1459bc0: ;   {metadata(method data for {method} {0x00000288f6024c48} 'defineClassSourceLocation' '(Ljava/security/ProtectionDomain;)Ljava/lang/String;' in 'java/lang/ClassLoader')}
  0x00000288e1459bc0: 4d85 c048 | ba68 09b0 | f688 0200 | 0048 be58 | 0100 0000 | 0000 0075 | 0a48 be48 | 0100 0000 
  0x00000288e1459be0: 0000 0048 | 8b3c 3248 | 8d7f 0148 | 893c 320f | 850f 0000 

  0x00000288e1459bf4: ;   {oop(nullptr)}
  0x00000288e1459bf4: 0048 bb00 | 0000 0000 | 0000 00e9 | 9b01 0000 

  0x00000288e1459c04: ; implicit exception: dispatches to 0x00000288e1459ea1
  0x00000288e1459c04: 493b 0049 

  0x00000288e1459c08: ;   {metadata(method data for {method} {0x00000288f6024c48} 'defineClassSourceLocation' '(Ljava/security/ProtectionDomain;)Ljava/lang/String;' in 'java/lang/ClassLoader')}
  0x00000288e1459c08: 8bd0 48be | 6809 b0f6 | 8802 0000 | 4883 8668 | 0100 0001 | 418b 500c 

  0x00000288e1459c20: ;   {metadata(method data for {method} {0x00000288f6024c48} 'defineClassSourceLocation' '(Ljava/security/ProtectionDomain;)Ljava/lang/String;' in 'java/lang/ClassLoader')}
  0x00000288e1459c20: 4885 d248 | be68 09b0 | f688 0200 | 0048 bfb0 | 0100 0000 | 0000 0075 | 0a48 bfa0 | 0100 0000 
  0x00000288e1459c40: 0000 0048 | 8b1c 3e48 | 8d5b 0148 | 891c 3e0f | 850f 0000 

  0x00000288e1459c54: ;   {oop(nullptr)}
  0x00000288e1459c54: 0048 bb00 | 0000 0000 | 0000 00e9 | 3b01 0000 

  0x00000288e1459c64: ;   {metadata(method data for {method} {0x00000288f6024c48} 'defineClassSourceLocation' '(Ljava/security/ProtectionDomain;)Ljava/lang/String;' in 'java/lang/ClassLoader')}
  0x00000288e1459c64: 48be 6809 | b0f6 8802 | 0000 4883 | 86c0 0100 | 0001 483b | 024c 8bc2 

  0x00000288e1459c7c: ;   {metadata(method data for {method} {0x00000288f6024c48} 'defineClassSourceLocation' '(Ljava/security/ProtectionDomain;)Ljava/lang/String;' in 'java/lang/ClassLoader')}
  0x00000288e1459c7c: 48be 6809 | b0f6 8802 | 0000 4883 | 86f8 0100 

  0x00000288e1459c8c: ;   {metadata(method data for {method} {0x00000288f60f5f88} 'toString' '()Ljava/lang/String;' in 'java/net/URL')}
  0x00000288e1459c8c: 0001 49b8 | f875 77f6 | 8802 0000 | 418b b0cc | 0000 0083 | c602 4189 | b0cc 0000 | 0081 e6fe 
  0x00000288e1459cac: ff1f 0085 | f60f 84f4 | 0100 004c 

  0x00000288e1459cb8: ;   {metadata(method data for {method} {0x00000288f60f5f88} 'toString' '()Ljava/lang/String;' in 'java/net/URL')}
  0x00000288e1459cb8: 8bc2 48be | f875 77f6 | 8802 0000 | 4883 8610 | 0100 0001 

  0x00000288e1459ccc: ;   {metadata(method data for {method} {0x00000288f60f6040} 'toExternalForm' '()Ljava/lang/String;' in 'java/net/URL')}
  0x00000288e1459ccc: 49b8 8077 | 77f6 8802 | 0000 418b | b0cc 0000 | 0083 c602 | 4189 b0cc | 0000 0081 | e6fe ff1f 
  0x00000288e1459cec: 0085 f60f | 84d7 0100 | 008b 7238 

  0x00000288e1459cf8: ; implicit exception: dispatches to 0x00000288e1459eed
  0x00000288e1459cf8: 483b 064c 

  0x00000288e1459cfc: ;   {metadata(method data for {method} {0x00000288f60f6040} 'toExternalForm' '()Ljava/lang/String;' in 'java/net/URL')}
  0x00000288e1459cfc: 8bc6 48bf | 8077 77f6 | 8802 0000 | 458b 4008 | 49c1 e003 | 4c3b 8720 | 0100 0075 | 0d48 8387 
  0x00000288e1459d1c: 2801 0000 | 01e9 6000 | 0000 4c3b | 8730 0100 | 0075 0d48 | 8387 3801 | 0000 01e9 | 4a00 0000 
  0x00000288e1459d3c: 4883 bf20 | 0100 0000 | 7517 4c89 | 8720 0100 | 0048 c787 | 2801 0000 | 0100 0000 | e929 0000 
  0x00000288e1459d5c: 0048 83bf | 3001 0000 | 0075 174c | 8987 3001 | 0000 48c7 | 8738 0100 | 0001 0000 | 00e9 0800 
  0x00000288e1459d7c: 0000 4883 | 8710 0100 | 0001 4c8b | c248 8bd6 

  0x00000288e1459d8c: ;   {optimized virtual_call}
  0x00000288e1459d8c: 6666 90e8 

  0x00000288e1459d90: ; ImmutableOopMap {[120]=Oop [128]=Oop [136]=Oop [152]=Oop }
                      ;*invokevirtual toExternalForm {reexecute=0 rethrow=0 return_oop=0}
                      ; - java.net.URL::toExternalForm@5
                      ; - java.net.URL::toString@1
                      ; - java.lang.ClassLoader::defineClassSourceLocation@22
                      ; - java.lang.ClassLoader::defineClass@12
  0x00000288e1459d90: 6c9c faff 

  0x00000288e1459d94: ;   {other}
  0x00000288e1459d94: 0f1f 8400 | 0405 0001 | 488b d848 | 8b84 2498 | 0000 008b | b424 9400 | 0000 8bbc | 2490 0000 
  0x00000288e1459db4: 004c 8b8c | 2488 0000 | 004c 8b84 | 2480 0000 | 0048 8b54 

  0x00000288e1459dc8: ;   {metadata(method data for {method} {0x00000288f6024e28} 'defineClass' '(Ljava/lang/String;[BIILjava/security/ProtectionDomain;)Ljava/lang/Class;' in 'java/lang/ClassLoader')}
  0x00000288e1459dc8: 2478 48b9 | d0fb 9ff6 | 8802 0000 | 4883 8180 | 0100 0001 | 4c8b da49 | 8bd3 488b | c848 891c 
  0x00000288e1459de8: 2466 0f1f 

  0x00000288e1459dec: ;   {static_call}
  0x00000288e1459dec: 4400 00e8 

  0x00000288e1459df0: ; ImmutableOopMap {[120]=Oop [152]=Oop }
                      ;*invokestatic defineClass1 {reexecute=0 rethrow=0 return_oop=0}
                      ; - java.lang.ClassLoader::defineClass@27
  0x00000288e1459df0: 4478 9507 

  0x00000288e1459df4: ;   {other}
  0x00000288e1459df4: 0f1f 8400 | 6405 0002 | 488b 5424 

  0x00000288e1459e00: ;   {metadata(method data for {method} {0x00000288f6024e28} 'defineClass' '(Ljava/lang/String;[BIILjava/security/ProtectionDomain;)Ljava/lang/Class;' in 'java/lang/ClassLoader')}
  0x00000288e1459e00: 7849 b8d0 | fb9f f688 | 0200 0049 | 8380 9001 | 0000 014c | 8bc0 4c8b | 8c24 9800 | 0000 488b 
  0x00000288e1459e20: 5424 7848 | 8984 24a0 | 0000 000f 

  0x00000288e1459e2c: ;   {optimized virtual_call}
  0x00000288e1459e2c: 1f40 00e8 

  0x00000288e1459e30: ; ImmutableOopMap {[160]=Oop }
                      ;*invokevirtual postDefineClass {reexecute=0 rethrow=0 return_oop=0}
                      ; - java.lang.ClassLoader::defineClass@37
  0x00000288e1459e30: ecdf feff 

  0x00000288e1459e34: ;   {other}
  0x00000288e1459e34: 0f1f 8400 | a405 0003 | 488b 8424 | a000 0000 | 4881 c4b0 | 0000 005d 

  0x00000288e1459e4c: ;   {poll_return}
  0x00000288e1459e4c: 493b a750 | 0400 000f | 8799 0000 

  0x00000288e1459e58: ;   {metadata({method} {0x00000288f6024e28} 'defineClass' '(Ljava/lang/String;[BIILjava/security/ProtectionDomain;)Ljava/lang/Class;' in 'java/lang/ClassLoader')}
  0x00000288e1459e58: 00c3 49ba | 204e 02f6 | 8802 0000 | 4c89 5424 | 0848 c704 | 24ff ffff 

  0x00000288e1459e70: ;   {runtime_call counter_overflow Runtime1 stub}
  0x00000288e1459e70: ffe8 0a72 

  0x00000288e1459e74: ; ImmutableOopMap {rdx=Oop r8=Oop r9=Oop rcx=Oop [120]=Oop }
                      ;*synchronization entry
                      ; - java.lang.ClassLoader::defineClass@-1
  0x00000288e1459e74: 4807 e98f 

  0x00000288e1459e78: ;   {metadata({method} {0x00000288f6024c48} 'defineClassSourceLocation' '(Ljava/security/ProtectionDomain;)Ljava/lang/String;' in 'java/lang/ClassLoader')}
  0x00000288e1459e78: fcff ff49 | ba40 4c02 | f688 0200 | 004c 8954 | 2408 48c7 | 0424 ffff 

  0x00000288e1459e90: ;   {runtime_call counter_overflow Runtime1 stub}
  0x00000288e1459e90: ffff e8e9 

  0x00000288e1459e94: ; ImmutableOopMap {rax=Oop [120]=Oop [128]=Oop [136]=Oop [152]=Oop }
                      ;*synchronization entry
                      ; - java.lang.ClassLoader::defineClassSourceLocation@-1
                      ; - java.lang.ClassLoader::defineClass@12
  0x00000288e1459e94: 7148 07e9 | 08fd ffff 

  0x00000288e1459e9c: ;   {runtime_call throw_null_pointer_exception Runtime1 stub}
  0x00000288e1459e9c: e8df 1b48 

  0x00000288e1459ea0: ; ImmutableOopMap {rax=Oop [120]=Oop [128]=Oop [136]=Oop [152]=Oop }
                      ;*invokevirtual getCodeSource {reexecute=0 rethrow=0 return_oop=0}
                      ; - java.lang.ClassLoader::defineClassSourceLocation@1
                      ; - java.lang.ClassLoader::defineClass@12
                      ;   {runtime_call throw_null_pointer_exception Runtime1 stub}
  0x00000288e1459ea0: 07e8 da1b 

  0x00000288e1459ea4: ; ImmutableOopMap {rax=Oop r8=Oop [120]=Oop [128]=Oop [136]=Oop [152]=Oop }
                      ;*invokevirtual getLocation {reexecute=0 rethrow=0 return_oop=0}
                      ; - java.lang.ClassLoader::defineClassSourceLocation@12
                      ; - java.lang.ClassLoader::defineClass@12
                      ;   {runtime_call throw_null_pointer_exception Runtime1 stub}
  0x00000288e1459ea4: 4807 e8d5 

  0x00000288e1459ea8: ; ImmutableOopMap {rdx=Oop [120]=Oop [128]=Oop [136]=Oop [152]=Oop }
                      ;*invokevirtual toString {reexecute=0 rethrow=0 return_oop=0}
                      ; - java.lang.ClassLoader::defineClassSourceLocation@22
                      ; - java.lang.ClassLoader::defineClass@12
                      ;   {metadata({method} {0x00000288f60f5f88} 'toString' '()Ljava/lang/String;' in 'java/net/URL')}
  0x00000288e1459ea8: 1b48 0749 | ba80 5f0f | f688 0200 | 004c 8954 | 2408 48c7 | 0424 ffff 

  0x00000288e1459ec0: ;   {runtime_call counter_overflow Runtime1 stub}
  0x00000288e1459ec0: ffff e8b9 

  0x00000288e1459ec4: ; ImmutableOopMap {rdx=Oop [120]=Oop [128]=Oop [136]=Oop [152]=Oop }
                      ;*synchronization entry
                      ; - java.net.URL::toString@-1
                      ; - java.lang.ClassLoader::defineClassSourceLocation@22
                      ; - java.lang.ClassLoader::defineClass@12
  0x00000288e1459ec4: 7148 07e9 | ebfd ffff 

  0x00000288e1459ecc: ;   {metadata({method} {0x00000288f60f6040} 'toExternalForm' '()Ljava/lang/String;' in 'java/net/URL')}
  0x00000288e1459ecc: 49ba 3860 | 0ff6 8802 | 0000 4c89 | 5424 0848 | c704 24ff 

  0x00000288e1459ee0: ;   {runtime_call counter_overflow Runtime1 stub}
  0x00000288e1459ee0: ffff ffe8 

  0x00000288e1459ee4: ; ImmutableOopMap {rdx=Oop [120]=Oop [128]=Oop [136]=Oop [152]=Oop }
                      ;*synchronization entry
                      ; - java.net.URL::toExternalForm@-1
                      ; - java.net.URL::toString@1
                      ; - java.lang.ClassLoader::defineClassSourceLocation@22
                      ; - java.lang.ClassLoader::defineClass@12
  0x00000288e1459ee4: 9871 4807 | e908 feff 

  0x00000288e1459eec: ;   {runtime_call throw_null_pointer_exception Runtime1 stub}
  0x00000288e1459eec: ffe8 8e1b 

  0x00000288e1459ef0: ; ImmutableOopMap {rdx=Oop rsi=Oop [120]=Oop [128]=Oop [136]=Oop [152]=Oop }
                      ;*invokevirtual toExternalForm {reexecute=0 rethrow=0 return_oop=0}
                      ; - java.net.URL::toExternalForm@5
                      ; - java.net.URL::toString@1
                      ; - java.lang.ClassLoader::defineClassSourceLocation@22
                      ; - java.lang.ClassLoader::defineClass@12
                      ;   {internal_word}
  0x00000288e1459ef0: 4807 49ba | 4c9e 45e1 | 8802 0000 | 4d89 9768 

  0x00000288e1459f00: ;   {runtime_call SafepointBlob}
  0x00000288e1459f00: 0400 00e9 | f8b7 3c07 | 498b 8700 | 0500 0049 | c787 0005 | 0000 0000 | 0000 49c7 | 8708 0500 
  0x00000288e1459f20: 0000 0000 | 0048 81c4 | b000 0000 

  0x00000288e1459f2c: ;   {runtime_call unwind_exception Runtime1 stub}
  0x00000288e1459f2c: 5de9 4e0c | 4807 f4f4 | f4f4 f4f4 
[Stub Code]
  0x00000288e1459f38: ;   {no_reloc}
  0x00000288e1459f38: 0f1f 4400 

  0x00000288e1459f3c: ;   {static_stub}
  0x00000288e1459f3c: 0048 bb00 | 0000 0000 

  0x00000288e1459f44: ;   {runtime_call}
  0x00000288e1459f44: 0000 00e9 | fbff ffff 

  0x00000288e1459f4c: ;   {static_stub}
  0x00000288e1459f4c: 48bb 0000 | 0000 0000 

  0x00000288e1459f54: ;   {runtime_call}
  0x00000288e1459f54: 0000 e9fb 

  0x00000288e1459f58: ;   {static_stub}
  0x00000288e1459f58: ffff ff48 | bb00 0000 | 0000 0000 

  0x00000288e1459f64: ;   {runtime_call}
  0x00000288e1459f64: 00e9 fbff 

  0x00000288e1459f68: ;   {static_stub}
  0x00000288e1459f68: ffff 48bb | 0000 0000 | 0000 0000 

  0x00000288e1459f74: ;   {runtime_call}
  0x00000288e1459f74: e9fb ffff 

  0x00000288e1459f78: ;   {runtime_call handle_exception_from_callee Runtime1 stub}
  0x00000288e1459f78: ffe8 0239 

  0x00000288e1459f7c: ;   {external_word}
  0x00000288e1459f7c: 4807 48b9 | e07f e72d | ff7f 0000 | 4883 e4f0 

  0x00000288e1459f8c: ;   {runtime_call}
  0x00000288e1459f8c: 48b8 5061 | b62d ff7f | 0000 ffd0 

  0x00000288e1459f98: ;   {section_word}
  0x00000288e1459f98: f449 ba99 | 9f45 e188 | 0200 0041 

  0x00000288e1459fa4: ;   {runtime_call DeoptimizationBlob}
  0x00000288e1459fa4: 52e9 f6a9 | 3c07 f4f4 | f4f4 f4f4 
[/MachCode]


Compiled method (c1)   36563  908       3       java.security.SecureClassLoader::defineClass (16 bytes)
 total in heap  [0x00000288e1444410,0x00000288e1444810] = 1024
 relocation     [0x00000288e1444568,0x00000288e14445b8] = 80
 main code      [0x00000288e14445c0,0x00000288e1444718] = 344
 stub code      [0x00000288e1444718,0x00000288e1444768] = 80
 metadata       [0x00000288e1444768,0x00000288e1444770] = 8
 scopes data    [0x00000288e1444770,0x00000288e14447b8] = 72
 scopes pcs     [0x00000288e14447b8,0x00000288e1444808] = 80
 dependencies   [0x00000288e1444808,0x00000288e1444810] = 8

[Constant Pool (empty)]

[MachCode]
[Entry Point]
  # {method} {0x00000288f603d460} 'defineClass' '(Ljava/lang/String;[BIILjava/security/CodeSource;)Ljava/lang/Class;' in 'java/security/SecureClassLoader'
  # this:     rdx:rdx   = 'java/security/SecureClassLoader'
  # parm0:    r8:r8     = 'java/lang/String'
  # parm1:    r9:r9     = '[B'
  # parm2:    rdi       = int
  # parm3:    rsi       = int
  # parm4:    rcx:rcx   = 'java/security/CodeSource'
  #           [sp+0x80]  (sp of caller)
  0x00000288e14445c0: 448b 5208 | 49c1 e203 

  0x00000288e14445c8: ;   {runtime_call ic_miss_stub}
  0x00000288e14445c8: 4c3b d00f | 85af a13d | 070f 1f84 | 0000 0000 | 000f 1f80 | 0000 0000 
[Verified Entry Point]
  0x00000288e14445e0: 8984 2400 | 80ff ff55 | 4883 ec70 | 4181 7f20 | 0100 0000 

  0x00000288e14445f4: ;   {runtime_call StubRoutines (final stubs)}
  0x00000288e14445f4: 7405 e825 

  0x00000288e14445f8: ;   {metadata(method data for {method} {0x00000288f603d460} 'defineClass' '(Ljava/lang/String;[BIILjava/security/CodeSource;)Ljava/lang/Class;' in 'java/security/SecureClassLoader')}
  0x00000288e14445f8: 553c 0748 | bba0 be9c | f688 0200 | 008b 83cc | 0000 0083 | c002 8983 | cc00 0000 | 25fe 0700 
  0x00000288e1444618: 0085 c00f | 8496 0000 | 0089 7424 | 5c89 7c24 | 584c 894c | 2450 4c89 | 4424 4848 

  0x00000288e1444634: ;   {metadata(method data for {method} {0x00000288f603d460} 'defineClass' '(Ljava/lang/String;[BIILjava/security/CodeSource;)Ljava/lang/Class;' in 'java/security/SecureClassLoader')}
  0x00000288e1444634: 8bda 48b8 | a0be 9cf6 | 8802 0000 | 4883 8010 | 0100 0001 | 4c8b c148 | 8bc2 488b | d048 8944 
  0x00000288e1444654: ;   {optimized virtual_call}
  0x00000288e1444654: 2440 90e8 

  0x00000288e1444658: ; ImmutableOopMap {[64]=Oop [72]=Oop [80]=Oop }
                      ;*invokevirtual getProtectionDomain {reexecute=0 rethrow=0 return_oop=0}
                      ; - java.security.SecureClassLoader::defineClass@9
  0x00000288e1444658: c428 0000 

  0x00000288e144465c: ;   {other}
  0x00000288e144465c: 0f1f 8400 | 4c02 0000 | 488b 5424 

  0x00000288e1444668: ;   {metadata(method data for {method} {0x00000288f603d460} 'defineClass' '(Ljava/lang/String;[BIILjava/security/CodeSource;)Ljava/lang/Class;' in 'java/security/SecureClassLoader')}
  0x00000288e1444668: 4049 b8a0 | be9c f688 | 0200 0049 | 8380 4801 | 0000 014c | 8b44 2448 | 4c8b 4c24 | 508b 7c24 
  0x00000288e1444688: 588b 7424 | 5c48 8bc8 | 488b 5424 

  0x00000288e1444694: ;   {optimized virtual_call}
  0x00000288e1444694: 4066 90e8 

  0x00000288e1444698: ; ImmutableOopMap {}
                      ;*invokevirtual defineClass {reexecute=0 rethrow=0 return_oop=0}
                      ; - java.security.SecureClassLoader::defineClass@12
  0x00000288e1444698: 2454 0100 

  0x00000288e144469c: ;   {other}
  0x00000288e144469c: 0f1f 8400 | 8c02 0001 | 4883 c470 

  0x00000288e14446a8: ;   {poll_return}
  0x00000288e14446a8: 5d49 3ba7 | 5004 0000 | 0f87 2200 

  0x00000288e14446b4: ;   {metadata({method} {0x00000288f603d460} 'defineClass' '(Ljava/lang/String;[BIILjava/security/CodeSource;)Ljava/lang/Class;' in 'java/security/SecureClassLoader')}
  0x00000288e14446b4: 0000 c349 | ba58 d403 | f688 0200 | 004c 8954 | 2408 48c7 | 0424 ffff 

  0x00000288e14446cc: ;   {runtime_call counter_overflow Runtime1 stub}
  0x00000288e14446cc: ffff e8ad 

  0x00000288e14446d0: ; ImmutableOopMap {rdx=Oop r8=Oop r9=Oop rcx=Oop }
                      ;*synchronization entry
                      ; - java.security.SecureClassLoader::defineClass@-1
  0x00000288e14446d0: c949 07e9 | 49ff ffff 

  0x00000288e14446d8: ;   {internal_word}
  0x00000288e14446d8: 49ba a946 | 44e1 8802 | 0000 4d89 | 9768 0400 

  0x00000288e14446e8: ;   {runtime_call SafepointBlob}
  0x00000288e14446e8: 00e9 1210 | 3e07 498b | 8700 0500 | 0049 c787 | 0005 0000 | 0000 0000 | 49c7 8708 | 0500 0000 
  0x00000288e1444708: 0000 0048 | 83c4 705d 

  0x00000288e1444710: ;   {runtime_call unwind_exception Runtime1 stub}
  0x00000288e1444710: e96b 6449 | 07f4 f4f4 
[Stub Code]
  0x00000288e1444718: ;   {no_reloc}
  0x00000288e1444718: 48bb 90d6 | 03f6 8802 

  0x00000288e1444720: ;   {runtime_call I2C/C2I adapters}
  0x00000288e1444720: 0000 e9b7 

  0x00000288e1444724: ;   {static_stub}
  0x00000288e1444724: fa3d 0748 | bb20 4e02 | f688 0200 

  0x00000288e1444730: ;   {runtime_call I2C/C2I adapters}
  0x00000288e1444730: 00e9 b6ce 

  0x00000288e1444734: ;   {runtime_call handle_exception_from_callee Runtime1 stub}
  0x00000288e1444734: 3c07 e845 

  0x00000288e1444738: ;   {external_word}
  0x00000288e1444738: 9149 0748 | b9e0 7fe7 | 2dff 7f00 | 0048 83e4 

  0x00000288e1444748: ;   {runtime_call}
  0x00000288e1444748: f048 b850 | 61b6 2dff | 7f00 00ff 

  0x00000288e1444754: ;   {section_word}
  0x00000288e1444754: d0f4 49ba | 5647 44e1 | 8802 0000 

  0x00000288e1444760: ;   {runtime_call DeoptimizationBlob}
  0x00000288e1444760: 4152 e939 | 023e 07f4 
[/MachCode]


---------------  P R O C E S S  ---------------

Threads class SMR info:
_java_thread_list=0x00000288fabc8c80, length=14, elements={
0x00000288dbebf3d0, 0x00000288f5368940, 0x00000288f536a280, 0x00000288f537f8e0,
0x00000288f537ff50, 0x00000288f536ca10, 0x00000288f536d1b0, 0x00000288f53b32e0,
0x00000288f53b3ac0, 0x00000288f553efb0, 0x00000288f5540a20, 0x00000288fa8ace80,
0x00000288fa75f980, 0x00000288faa38f10
}

Java Threads: ( => current thread )
=>0x00000288dbebf3d0 JavaThread "main"                              [_thread_in_vm, id=28992, stack(0x000000edfe400000,0x000000edfe500000) (1024K)]
  0x00000288f5368940 JavaThread "Reference Handler"          daemon [_thread_blocked, id=25932, stack(0x000000edfec00000,0x000000edfed00000) (1024K)]
  0x00000288f536a280 JavaThread "Finalizer"                  daemon [_thread_blocked, id=224, stack(0x000000edfed00000,0x000000edfee00000) (1024K)]
  0x00000288f537f8e0 JavaThread "Signal Dispatcher"          daemon [_thread_blocked, id=27280, stack(0x000000edfee00000,0x000000edfef00000) (1024K)]
  0x00000288f537ff50 JavaThread "Attach Listener"            daemon [_thread_blocked, id=10000, stack(0x000000edfef00000,0x000000edff000000) (1024K)]
  0x00000288f536ca10 JavaThread "Service Thread"             daemon [_thread_blocked, id=19784, stack(0x000000edff000000,0x000000edff100000) (1024K)]
  0x00000288f536d1b0 JavaThread "Monitor Deflation Thread"   daemon [_thread_blocked, id=21968, stack(0x000000edff100000,0x000000edff200000) (1024K)]
  0x00000288f53b32e0 JavaThread "C2 CompilerThread0"         daemon [_thread_blocked, id=15640, stack(0x000000edff200000,0x000000edff300000) (1024K)]
  0x00000288f53b3ac0 JavaThread "C1 CompilerThread0"         daemon [_thread_blocked, id=32796, stack(0x000000edff300000,0x000000edff400000) (1024K)]
  0x00000288f553efb0 JavaThread "Notification Thread"        daemon [_thread_blocked, id=1820, stack(0x000000edff400000,0x000000edff500000) (1024K)]
  0x00000288f5540a20 JavaThread "Common-Cleaner"             daemon [_thread_blocked, id=32256, stack(0x000000edff500000,0x000000edff600000) (1024K)]
  0x00000288fa8ace80 JavaThread "pool-1-thread-1"                   [_thread_blocked, id=29204, stack(0x000000edffb00000,0x000000edffc00000) (1024K)]
  0x00000288fa75f980 JavaThread "DisconnectableInputStream source reader" daemon [_thread_in_native, id=32344, stack(0x000000edffd00000,0x000000edffe00000) (1024K)]
  0x00000288faa38f10 JavaThread "Forward input"                     [_thread_blocked, id=15788, stack(0x000000edffe00000,0x000000edfff00000) (1024K)]
Total: 14

Other Threads:
  0x00000288f516fcc0 VMThread "VM Thread"                           [id=11448, stack(0x000000edfeb00000,0x000000edfec00000) (1024K)]
  0x00000288f515e2a0 WatcherThread "VM Periodic Task Thread"        [id=4028, stack(0x000000edfea00000,0x000000edfeb00000) (1024K)]
  0x00000288de1a3810 WorkerThread "GC Thread#0"                     [id=12924, stack(0x000000edfe500000,0x000000edfe600000) (1024K)]
  0x00000288f516f580 WorkerThread "GC Thread#1"                     [id=2068, stack(0x000000edff600000,0x000000edff700000) (1024K)]
  0x00000288f516f920 WorkerThread "GC Thread#2"                     [id=6160, stack(0x000000edff700000,0x000000edff800000) (1024K)]
  0x00000288f5170060 WorkerThread "GC Thread#3"                     [id=3292, stack(0x000000edff800000,0x000000edff900000) (1024K)]
  0x00000288f5170400 WorkerThread "GC Thread#4"                     [id=13548, stack(0x000000edff900000,0x000000edffa00000) (1024K)]
  0x00000288f51707a0 WorkerThread "GC Thread#5"                     [id=28944, stack(0x000000edffa00000,0x000000edffb00000) (1024K)]
  0x00000288de1cd600 ConcurrentGCThread "G1 Main Marker"            [id=31228, stack(0x000000edfe600000,0x000000edfe700000) (1024K)]
  0x00000288de1cf510 WorkerThread "G1 Conc#0"                       [id=6292, stack(0x000000edfe700000,0x000000edfe800000) (1024K)]
  0x00000288de21eb10 ConcurrentGCThread "G1 Refine#0"               [id=6252, stack(0x000000edfe800000,0x000000edfe900000) (1024K)]
  0x00000288f502e890 ConcurrentGCThread "G1 Service"                [id=12616, stack(0x000000edfe900000,0x000000edfea00000) (1024K)]
Total: 12

Threads with active compile tasks:
Total: 0

VM state: not at safepoint (normal execution)

VM Mutex/Monitor currently owned by a thread:  ([mutex/lock_event])
[0x00007fff2e0e50f8] Metaspace_lock - owner thread: 0x00000288dbebf3d0

Heap address: 0x00000000a2400000, size: 1500 MB, Compressed Oops mode: 32-bit

CDS archive(s) not mapped
Compressed class space mapped at: 0x0000000100000000-0x0000000140000000, reserved size: 1073741824
Narrow klass base: 0x0000000000000000, Narrow klass shift: 3, Narrow klass range: 0x140000000

GC Precious Log:
 CardTable entry size: 512
 Card Set container configuration: InlinePtr #cards 5 size 8 Array Of Cards #cards 12 size 40 Howl #buckets 4 coarsen threshold 1843 Howl Bitmap #cards 512 size 80 coarsen threshold 460 Card regions per heap region 1 cards per card region 2048
 CPUs: 12 total, 12 available
 Memory: 5996M
 Large Page Support: Disabled
 NUMA Support: Disabled
 Compressed Oops: Enabled (32-bit)
 Heap Region Size: 1M
 Heap Min Capacity: 8M
 Heap Initial Capacity: 94M
 Heap Max Capacity: 1500M
 Pre-touch: Disabled
 Parallel Workers: 10
 Concurrent Workers: 3
 Concurrent Refinement Workers: 10
 Periodic GC: Disabled

Heap:
 garbage-first heap   total 96256K, used 24816K [0x00000000a2400000, 0x0000000100000000)
  region size 1024K, 18 young (18432K), 3 survivors (3072K)
 Metaspace       used 17235K, committed 17536K, reserved 1114112K
  class space    used 1982K, committed 2176K, reserved 1048576K

Heap Regions: E=young(eden), S=young(survivor), O=old, HS=humongous(starts), HC=humongous(continues), CS=collection set, F=free, TAMS=top-at-mark-start, PB=parsable bottom
|   0|0x00000000a2400000, 0x00000000a2500000, 0x00000000a2500000|100%|HS|  |TAMS 0x00000000a2400000| PB 0x00000000a2400000| Complete 
|   1|0x00000000a2500000, 0x00000000a2600000, 0x00000000a2600000|100%|HC|  |TAMS 0x00000000a2500000| PB 0x00000000a2500000| Complete 
|   2|0x00000000a2600000, 0x00000000a2700000, 0x00000000a2700000|100%|HC|  |TAMS 0x00000000a2600000| PB 0x00000000a2600000| Complete 
|   3|0x00000000a2700000, 0x00000000a2800000, 0x00000000a2800000|100%|HC|  |TAMS 0x00000000a2700000| PB 0x00000000a2700000| Complete 
|   4|0x00000000a2800000, 0x00000000a2900000, 0x00000000a2900000|100%| O|  |TAMS 0x00000000a2800000| PB 0x00000000a2800000| Untracked 
|   5|0x00000000a2900000, 0x00000000a2a00000, 0x00000000a2a00000|100%| O|  |TAMS 0x00000000a2900000| PB 0x00000000a2900000| Untracked 
|   6|0x00000000a2a00000, 0x00000000a2b00000, 0x00000000a2b00000|100%| O|  |TAMS 0x00000000a2a00000| PB 0x00000000a2a00000| Untracked 
|   7|0x00000000a2b00000, 0x00000000a2b3c000, 0x00000000a2c00000| 23%| O|  |TAMS 0x00000000a2b00000| PB 0x00000000a2b00000| Untracked 
|   8|0x00000000a2c00000, 0x00000000a2c00000, 0x00000000a2d00000|  0%| F|  |TAMS 0x00000000a2c00000| PB 0x00000000a2c00000| Untracked 
|   9|0x00000000a2d00000, 0x00000000a2d00000, 0x00000000a2e00000|  0%| F|  |TAMS 0x00000000a2d00000| PB 0x00000000a2d00000| Untracked 
|  10|0x00000000a2e00000, 0x00000000a2e00000, 0x00000000a2f00000|  0%| F|  |TAMS 0x00000000a2e00000| PB 0x00000000a2e00000| Untracked 
|  11|0x00000000a2f00000, 0x00000000a2f00000, 0x00000000a3000000|  0%| F|  |TAMS 0x00000000a2f00000| PB 0x00000000a2f00000| Untracked 
|  12|0x00000000a3000000, 0x00000000a3000000, 0x00000000a3100000|  0%| F|  |TAMS 0x00000000a3000000| PB 0x00000000a3000000| Untracked 
|  13|0x00000000a3100000, 0x00000000a3100000, 0x00000000a3200000|  0%| F|  |TAMS 0x00000000a3100000| PB 0x00000000a3100000| Untracked 
|  14|0x00000000a3200000, 0x00000000a3200000, 0x00000000a3300000|  0%| F|  |TAMS 0x00000000a3200000| PB 0x00000000a3200000| Untracked 
|  15|0x00000000a3300000, 0x00000000a3300000, 0x00000000a3400000|  0%| F|  |TAMS 0x00000000a3300000| PB 0x00000000a3300000| Untracked 
|  16|0x00000000a3400000, 0x00000000a3400000, 0x00000000a3500000|  0%| F|  |TAMS 0x00000000a3400000| PB 0x00000000a3400000| Untracked 
|  17|0x00000000a3500000, 0x00000000a3500000, 0x00000000a3600000|  0%| F|  |TAMS 0x00000000a3500000| PB 0x00000000a3500000| Untracked 
|  18|0x00000000a3600000, 0x00000000a3600000, 0x00000000a3700000|  0%| F|  |TAMS 0x00000000a3600000| PB 0x00000000a3600000| Untracked 
|  19|0x00000000a3700000, 0x00000000a3700000, 0x00000000a3800000|  0%| F|  |TAMS 0x00000000a3700000| PB 0x00000000a3700000| Untracked 
|  20|0x00000000a3800000, 0x00000000a3800000, 0x00000000a3900000|  0%| F|  |TAMS 0x00000000a3800000| PB 0x00000000a3800000| Untracked 
|  21|0x00000000a3900000, 0x00000000a3900000, 0x00000000a3a00000|  0%| F|  |TAMS 0x00000000a3900000| PB 0x00000000a3900000| Untracked 
|  22|0x00000000a3a00000, 0x00000000a3a00000, 0x00000000a3b00000|  0%| F|  |TAMS 0x00000000a3a00000| PB 0x00000000a3a00000| Untracked 
|  23|0x00000000a3b00000, 0x00000000a3b00000, 0x00000000a3c00000|  0%| F|  |TAMS 0x00000000a3b00000| PB 0x00000000a3b00000| Untracked 
|  24|0x00000000a3c00000, 0x00000000a3c00000, 0x00000000a3d00000|  0%| F|  |TAMS 0x00000000a3c00000| PB 0x00000000a3c00000| Untracked 
|  25|0x00000000a3d00000, 0x00000000a3d00000, 0x00000000a3e00000|  0%| F|  |TAMS 0x00000000a3d00000| PB 0x00000000a3d00000| Untracked 
|  26|0x00000000a3e00000, 0x00000000a3e00000, 0x00000000a3f00000|  0%| F|  |TAMS 0x00000000a3e00000| PB 0x00000000a3e00000| Untracked 
|  27|0x00000000a3f00000, 0x00000000a3f00000, 0x00000000a4000000|  0%| F|  |TAMS 0x00000000a3f00000| PB 0x00000000a3f00000| Untracked 
|  28|0x00000000a4000000, 0x00000000a4000000, 0x00000000a4100000|  0%| F|  |TAMS 0x00000000a4000000| PB 0x00000000a4000000| Untracked 
|  29|0x00000000a4100000, 0x00000000a4100000, 0x00000000a4200000|  0%| F|  |TAMS 0x00000000a4100000| PB 0x00000000a4100000| Untracked 
|  30|0x00000000a4200000, 0x00000000a4200000, 0x00000000a4300000|  0%| F|  |TAMS 0x00000000a4200000| PB 0x00000000a4200000| Untracked 
|  31|0x00000000a4300000, 0x00000000a4300000, 0x00000000a4400000|  0%| F|  |TAMS 0x00000000a4300000| PB 0x00000000a4300000| Untracked 
|  32|0x00000000a4400000, 0x00000000a4400000, 0x00000000a4500000|  0%| F|  |TAMS 0x00000000a4400000| PB 0x00000000a4400000| Untracked 
|  33|0x00000000a4500000, 0x00000000a4500000, 0x00000000a4600000|  0%| F|  |TAMS 0x00000000a4500000| PB 0x00000000a4500000| Untracked 
|  34|0x00000000a4600000, 0x00000000a4600000, 0x00000000a4700000|  0%| F|  |TAMS 0x00000000a4600000| PB 0x00000000a4600000| Untracked 
|  35|0x00000000a4700000, 0x00000000a4700000, 0x00000000a4800000|  0%| F|  |TAMS 0x00000000a4700000| PB 0x00000000a4700000| Untracked 
|  36|0x00000000a4800000, 0x00000000a4800000, 0x00000000a4900000|  0%| F|  |TAMS 0x00000000a4800000| PB 0x00000000a4800000| Untracked 
|  37|0x00000000a4900000, 0x00000000a4900000, 0x00000000a4a00000|  0%| F|  |TAMS 0x00000000a4900000| PB 0x00000000a4900000| Untracked 
|  38|0x00000000a4a00000, 0x00000000a4a00000, 0x00000000a4b00000|  0%| F|  |TAMS 0x00000000a4a00000| PB 0x00000000a4a00000| Untracked 
|  39|0x00000000a4b00000, 0x00000000a4b00000, 0x00000000a4c00000|  0%| F|  |TAMS 0x00000000a4b00000| PB 0x00000000a4b00000| Untracked 
|  40|0x00000000a4c00000, 0x00000000a4c00000, 0x00000000a4d00000|  0%| F|  |TAMS 0x00000000a4c00000| PB 0x00000000a4c00000| Untracked 
|  41|0x00000000a4d00000, 0x00000000a4d00000, 0x00000000a4e00000|  0%| F|  |TAMS 0x00000000a4d00000| PB 0x00000000a4d00000| Untracked 
|  42|0x00000000a4e00000, 0x00000000a4e00000, 0x00000000a4f00000|  0%| F|  |TAMS 0x00000000a4e00000| PB 0x00000000a4e00000| Untracked 
|  43|0x00000000a4f00000, 0x00000000a4f00000, 0x00000000a5000000|  0%| F|  |TAMS 0x00000000a4f00000| PB 0x00000000a4f00000| Untracked 
|  44|0x00000000a5000000, 0x00000000a5000000, 0x00000000a5100000|  0%| F|  |TAMS 0x00000000a5000000| PB 0x00000000a5000000| Untracked 
|  45|0x00000000a5100000, 0x00000000a5100000, 0x00000000a5200000|  0%| F|  |TAMS 0x00000000a5100000| PB 0x00000000a5100000| Untracked 
|  46|0x00000000a5200000, 0x00000000a5200000, 0x00000000a5300000|  0%| F|  |TAMS 0x00000000a5200000| PB 0x00000000a5200000| Untracked 
|  47|0x00000000a5300000, 0x00000000a5300000, 0x00000000a5400000|  0%| F|  |TAMS 0x00000000a5300000| PB 0x00000000a5300000| Untracked 
|  48|0x00000000a5400000, 0x00000000a5400000, 0x00000000a5500000|  0%| F|  |TAMS 0x00000000a5400000| PB 0x00000000a5400000| Untracked 
|  49|0x00000000a5500000, 0x00000000a5500000, 0x00000000a5600000|  0%| F|  |TAMS 0x00000000a5500000| PB 0x00000000a5500000| Untracked 
|  50|0x00000000a5600000, 0x00000000a5600000, 0x00000000a5700000|  0%| F|  |TAMS 0x00000000a5600000| PB 0x00000000a5600000| Untracked 
|  51|0x00000000a5700000, 0x00000000a5700000, 0x00000000a5800000|  0%| F|  |TAMS 0x00000000a5700000| PB 0x00000000a5700000| Untracked 
|  52|0x00000000a5800000, 0x00000000a5800000, 0x00000000a5900000|  0%| F|  |TAMS 0x00000000a5800000| PB 0x00000000a5800000| Untracked 
|  53|0x00000000a5900000, 0x00000000a5900000, 0x00000000a5a00000|  0%| F|  |TAMS 0x00000000a5900000| PB 0x00000000a5900000| Untracked 
|  54|0x00000000a5a00000, 0x00000000a5a00000, 0x00000000a5b00000|  0%| F|  |TAMS 0x00000000a5a00000| PB 0x00000000a5a00000| Untracked 
|  55|0x00000000a5b00000, 0x00000000a5b00000, 0x00000000a5c00000|  0%| F|  |TAMS 0x00000000a5b00000| PB 0x00000000a5b00000| Untracked 
|  56|0x00000000a5c00000, 0x00000000a5c00000, 0x00000000a5d00000|  0%| F|  |TAMS 0x00000000a5c00000| PB 0x00000000a5c00000| Untracked 
|  57|0x00000000a5d00000, 0x00000000a5d00000, 0x00000000a5e00000|  0%| F|  |TAMS 0x00000000a5d00000| PB 0x00000000a5d00000| Untracked 
|  58|0x00000000a5e00000, 0x00000000a5e00000, 0x00000000a5f00000|  0%| F|  |TAMS 0x00000000a5e00000| PB 0x00000000a5e00000| Untracked 
|  59|0x00000000a5f00000, 0x00000000a5f00000, 0x00000000a6000000|  0%| F|  |TAMS 0x00000000a5f00000| PB 0x00000000a5f00000| Untracked 
|  60|0x00000000a6000000, 0x00000000a6000000, 0x00000000a6100000|  0%| F|  |TAMS 0x00000000a6000000| PB 0x00000000a6000000| Untracked 
|  61|0x00000000a6100000, 0x00000000a6100000, 0x00000000a6200000|  0%| F|  |TAMS 0x00000000a6100000| PB 0x00000000a6100000| Untracked 
|  62|0x00000000a6200000, 0x00000000a6200000, 0x00000000a6300000|  0%| F|  |TAMS 0x00000000a6200000| PB 0x00000000a6200000| Untracked 
|  63|0x00000000a6300000, 0x00000000a6300000, 0x00000000a6400000|  0%| F|  |TAMS 0x00000000a6300000| PB 0x00000000a6300000| Untracked 
|  64|0x00000000a6400000, 0x00000000a6400000, 0x00000000a6500000|  0%| F|  |TAMS 0x00000000a6400000| PB 0x00000000a6400000| Untracked 
|  65|0x00000000a6500000, 0x00000000a6500000, 0x00000000a6600000|  0%| F|  |TAMS 0x00000000a6500000| PB 0x00000000a6500000| Untracked 
|  66|0x00000000a6600000, 0x00000000a6600000, 0x00000000a6700000|  0%| F|  |TAMS 0x00000000a6600000| PB 0x00000000a6600000| Untracked 
|  67|0x00000000a6700000, 0x00000000a6700000, 0x00000000a6800000|  0%| F|  |TAMS 0x00000000a6700000| PB 0x00000000a6700000| Untracked 
|  68|0x00000000a6800000, 0x00000000a6900000, 0x00000000a6900000|100%| S|CS|TAMS 0x00000000a6800000| PB 0x00000000a6800000| Complete 
|  69|0x00000000a6900000, 0x00000000a6a00000, 0x00000000a6a00000|100%| S|CS|TAMS 0x00000000a6900000| PB 0x00000000a6900000| Complete 
|  70|0x00000000a6a00000, 0x00000000a6b00000, 0x00000000a6b00000|100%| S|CS|TAMS 0x00000000a6a00000| PB 0x00000000a6a00000| Complete 
|  71|0x00000000a6b00000, 0x00000000a6b00000, 0x00000000a6c00000|  0%| F|  |TAMS 0x00000000a6b00000| PB 0x00000000a6b00000| Untracked 
|  72|0x00000000a6c00000, 0x00000000a6c00000, 0x00000000a6d00000|  0%| F|  |TAMS 0x00000000a6c00000| PB 0x00000000a6c00000| Untracked 
|  73|0x00000000a6d00000, 0x00000000a6d00000, 0x00000000a6e00000|  0%| F|  |TAMS 0x00000000a6d00000| PB 0x00000000a6d00000| Untracked 
|  74|0x00000000a6e00000, 0x00000000a6e00000, 0x00000000a6f00000|  0%| F|  |TAMS 0x00000000a6e00000| PB 0x00000000a6e00000| Untracked 
|  75|0x00000000a6f00000, 0x00000000a6f00000, 0x00000000a7000000|  0%| F|  |TAMS 0x00000000a6f00000| PB 0x00000000a6f00000| Untracked 
|  76|0x00000000a7000000, 0x00000000a7000000, 0x00000000a7100000|  0%| F|  |TAMS 0x00000000a7000000| PB 0x00000000a7000000| Untracked 
|  77|0x00000000a7100000, 0x00000000a7100000, 0x00000000a7200000|  0%| F|  |TAMS 0x00000000a7100000| PB 0x00000000a7100000| Untracked 
|  78|0x00000000a7200000, 0x00000000a7200000, 0x00000000a7300000|  0%| F|  |TAMS 0x00000000a7200000| PB 0x00000000a7200000| Untracked 
|  79|0x00000000a7300000, 0x00000000a7330950, 0x00000000a7400000| 18%| E|  |TAMS 0x00000000a7300000| PB 0x00000000a7300000| Complete 
|  80|0x00000000a7400000, 0x00000000a7500000, 0x00000000a7500000|100%| E|CS|TAMS 0x00000000a7400000| PB 0x00000000a7400000| Complete 
|  81|0x00000000a7500000, 0x00000000a7600000, 0x00000000a7600000|100%| E|CS|TAMS 0x00000000a7500000| PB 0x00000000a7500000| Complete 
|  82|0x00000000a7600000, 0x00000000a7700000, 0x00000000a7700000|100%| E|CS|TAMS 0x00000000a7600000| PB 0x00000000a7600000| Complete 
|  83|0x00000000a7700000, 0x00000000a7800000, 0x00000000a7800000|100%| E|CS|TAMS 0x00000000a7700000| PB 0x00000000a7700000| Complete 
|  84|0x00000000a7800000, 0x00000000a7900000, 0x00000000a7900000|100%| E|CS|TAMS 0x00000000a7800000| PB 0x00000000a7800000| Complete 
|  85|0x00000000a7900000, 0x00000000a7a00000, 0x00000000a7a00000|100%| E|CS|TAMS 0x00000000a7900000| PB 0x00000000a7900000| Complete 
|  86|0x00000000a7a00000, 0x00000000a7b00000, 0x00000000a7b00000|100%| E|CS|TAMS 0x00000000a7a00000| PB 0x00000000a7a00000| Complete 
|  87|0x00000000a7b00000, 0x00000000a7c00000, 0x00000000a7c00000|100%| E|CS|TAMS 0x00000000a7b00000| PB 0x00000000a7b00000| Complete 
|  88|0x00000000a7c00000, 0x00000000a7d00000, 0x00000000a7d00000|100%| E|CS|TAMS 0x00000000a7c00000| PB 0x00000000a7c00000| Complete 
|  89|0x00000000a7d00000, 0x00000000a7e00000, 0x00000000a7e00000|100%| E|CS|TAMS 0x00000000a7d00000| PB 0x00000000a7d00000| Complete 
|  90|0x00000000a7e00000, 0x00000000a7f00000, 0x00000000a7f00000|100%| E|CS|TAMS 0x00000000a7e00000| PB 0x00000000a7e00000| Complete 
|  91|0x00000000a7f00000, 0x00000000a8000000, 0x00000000a8000000|100%| E|CS|TAMS 0x00000000a7f00000| PB 0x00000000a7f00000| Complete 
|  92|0x00000000a8000000, 0x00000000a8100000, 0x00000000a8100000|100%| E|CS|TAMS 0x00000000a8000000| PB 0x00000000a8000000| Complete 
|  93|0x00000000a8100000, 0x00000000a8200000, 0x00000000a8200000|100%| E|CS|TAMS 0x00000000a8100000| PB 0x00000000a8100000| Complete 

Card table byte_map: [0x00000288f0ae0000,0x00000288f0dd0000] _byte_map_base: 0x00000288f05ce000

Marking Bits: (CMBitMap*) 0x00000288de1a3f10
 Bits: [0x00000288f0dd0000, 0x00000288f2540000)

Polling page: 0x00000288dc080000

Metaspace:

Usage:
  Non-class:     14.90 MB used.
      Class:      1.94 MB used.
       Both:     16.83 MB used.

Virtual space:
  Non-class space:       64.00 MB reserved,      15.00 MB ( 23%) committed,  1 nodes.
      Class space:        1.00 GB reserved,       2.12 MB ( <1%) committed,  1 nodes.
             Both:        1.06 GB reserved,      17.12 MB (  2%) committed. 

Chunk freelists:
   Non-Class:  368.00 KB
       Class:  13.73 MB
        Both:  14.09 MB

MaxMetaspaceSize: unlimited
CompressedClassSpaceSize: 1.00 GB
Initial GC threshold: 21.00 MB
Current GC threshold: 21.00 MB
CDS: off
 - commit_granule_bytes: 65536.
 - commit_granule_words: 8192.
 - virtual_space_node_default_size: 8388608.
 - enlarge_chunks_in_place: 1.
 - use_allocation_guard: 0.


Internal statistics:

num_allocs_failed_limit: 0.
num_arena_births: 202.
num_arena_deaths: 0.
num_vsnodes_births: 2.
num_vsnodes_deaths: 0.
num_space_committed: 274.
num_space_uncommitted: 0.
num_chunks_returned_to_freelist: 0.
num_chunks_taken_from_freelist: 477.
num_chunk_merges: 0.
num_chunk_splits: 311.
num_chunks_enlarged: 227.
num_inconsistent_stats: 0.

CodeHeap 'non-profiled nmethods': size=120000Kb used=503Kb max_used=503Kb free=119496Kb
 bounds [0x00000288e8d70000, 0x00000288e8fe0000, 0x00000288f02a0000]
CodeHeap 'profiled nmethods': size=120000Kb used=2719Kb max_used=2719Kb free=117281Kb
 bounds [0x00000288e12a0000, 0x00000288e1550000, 0x00000288e87d0000]
CodeHeap 'non-nmethods': size=5760Kb used=1367Kb max_used=1380Kb free=4392Kb
 bounds [0x00000288e87d0000, 0x00000288e8a40000, 0x00000288e8d70000]
 total_blobs=1946 nmethods=1458 adapters=393
 compilation: enabled
              stopped_count=0, restarted_count=0
 full_count=0

Compilation events (20 events):
Event: 26.732 Thread 0x00000288f53b3ac0 1449       3       org.gradle.internal.time.MonotonicClock::getCurrentTime (70 bytes)
Event: 26.733 Thread 0x00000288f53b3ac0 nmethod 1449 0x00000288e1543b90 code [0x00000288e1543d80, 0x00000288e1544150]
Event: 26.733 Thread 0x00000288f53b3ac0 1450       3       org.gradle.internal.time.MonotonicClock::syncIsDue (28 bytes)
Event: 26.733 Thread 0x00000288f53b3ac0 nmethod 1450 0x00000288e1544390 code [0x00000288e1544540, 0x00000288e1544720]
Event: 26.825 Thread 0x00000288f53b3ac0 1451       3       java.util.concurrent.locks.AbstractQueuedSynchronizer$Node::clearStatus (12 bytes)
Event: 26.825 Thread 0x00000288f53b3ac0 nmethod 1451 0x00000288e1544810 code [0x00000288e15449c0, 0x00000288e1544b70]
Event: 26.825 Thread 0x00000288f53b3ac0 1452       3       jdk.internal.misc.Unsafe::putIntOpaque (9 bytes)
Event: 26.825 Thread 0x00000288f53b3ac0 nmethod 1452 0x00000288e1544c10 code [0x00000288e1544da0, 0x00000288e1544eb8]
Event: 26.825 Thread 0x00000288f53b3ac0 1453       3       java.util.concurrent.locks.ReentrantLock$NonfairSync::tryAcquire (27 bytes)
Event: 26.826 Thread 0x00000288f53b3ac0 nmethod 1453 0x00000288e1544f90 code [0x00000288e1545140, 0x00000288e15453c8]
Event: 26.932 Thread 0x00000288f53b3ac0 1454       3       java.util.concurrent.locks.AbstractQueuedSynchronizer$ConditionObject::unlinkCancelledWaiters (91 bytes)
Event: 26.933 Thread 0x00000288f53b3ac0 nmethod 1454 0x00000288e1545490 code [0x00000288e1545660, 0x00000288e1545ae8]
Event: 26.933 Thread 0x00000288f53b3ac0 1455       3       java.util.concurrent.ScheduledThreadPoolExecutor$DelayedWorkQueue::finishPoll (43 bytes)
Event: 26.933 Thread 0x00000288f53b3ac0 nmethod 1455 0x00000288e1545c10 code [0x00000288e1545de0, 0x00000288e1546370]
Event: 26.933 Thread 0x00000288f53b3ac0 1456       3       java.util.concurrent.ScheduledThreadPoolExecutor$ScheduledFutureTask::run (57 bytes)
Event: 26.934 Thread 0x00000288f53b3ac0 nmethod 1456 0x00000288e1546510 code [0x00000288e1546740, 0x00000288e1546be8]
Event: 27.525 Thread 0x00000288f53b3ac0 1457       3       java.util.concurrent.locks.AbstractQueuedSynchronizer$Node::getAndUnsetStatus (14 bytes)
Event: 27.525 Thread 0x00000288f53b3ac0 nmethod 1457 0x00000288e1546d90 code [0x00000288e1546f40, 0x00000288e1547220]
Event: 27.726 Thread 0x00000288f53b3ac0 1458       3       org.gradle.internal.logging.console.ThrottlingOutputEventListener::renderNow (40 bytes)
Event: 27.726 Thread 0x00000288f53b3ac0 nmethod 1458 0x00000288e1547390 code [0x00000288e1547580, 0x00000288e1547a70]

GC Heap History (2 events):
Event: 1.283 GC heap before
{Heap before GC invocations=0 (full 0):
 garbage-first heap   total 96256K, used 26624K [0x00000000a2400000, 0x0000000100000000)
  region size 1024K, 23 young (23552K), 0 survivors (0K)
 Metaspace       used 11668K, committed 11904K, reserved 1114112K
  class space    used 1231K, committed 1344K, reserved 1048576K
}
Event: 1.295 GC heap after
{Heap after GC invocations=1 (full 0):
 garbage-first heap   total 96256K, used 10480K [0x00000000a2400000, 0x0000000100000000)
  region size 1024K, 3 young (3072K), 3 survivors (3072K)
 Metaspace       used 11668K, committed 11904K, reserved 1114112K
  class space    used 1231K, committed 1344K, reserved 1048576K
}

Dll operation events (3 events):
Event: 0.010 Loaded shared library C:\Program Files\Android\Android Studio_new\jbr\bin\java.dll
Event: 0.016 Loaded shared library C:\Program Files\Android\Android Studio_new\jbr\bin\zip.dll
Event: 0.196 Loaded shared library C:\Program Files\Android\Android Studio_new\jbr\bin\verify.dll

Deoptimization events (20 events):
Event: 1.980 Thread 0x00000288dbebf3d0 Uncommon trap: trap_request=0xffffffde fr.pc=0x00000288e8d9a384 relative=0x00000000000008c4
Event: 1.980 Thread 0x00000288dbebf3d0 Uncommon trap: reason=class_check action=maybe_recompile pc=0x00000288e8d9a384 method=java.util.HashMap.putVal(ILjava/lang/Object;Ljava/lang/Object;ZZ)Ljava/lang/Object; @ 203 c2
Event: 1.980 Thread 0x00000288dbebf3d0 DEOPT PACKING pc=0x00000288e8d9a384 sp=0x000000edfe4fb110
Event: 1.980 Thread 0x00000288dbebf3d0 DEOPT UNPACKING pc=0x00000288e88246a2 sp=0x000000edfe4fb038 mode 2
Event: 1.981 Thread 0x00000288dbebf3d0 Uncommon trap: trap_request=0xffffffde fr.pc=0x00000288e8d9a384 relative=0x00000000000008c4
Event: 1.981 Thread 0x00000288dbebf3d0 Uncommon trap: reason=class_check action=maybe_recompile pc=0x00000288e8d9a384 method=java.util.HashMap.putVal(ILjava/lang/Object;Ljava/lang/Object;ZZ)Ljava/lang/Object; @ 203 c2
Event: 1.981 Thread 0x00000288dbebf3d0 DEOPT PACKING pc=0x00000288e8d9a384 sp=0x000000edfe4fb110
Event: 1.981 Thread 0x00000288dbebf3d0 DEOPT UNPACKING pc=0x00000288e88246a2 sp=0x000000edfe4fb038 mode 2
Event: 1.981 Thread 0x00000288dbebf3d0 Uncommon trap: trap_request=0xffffffde fr.pc=0x00000288e8d9a384 relative=0x00000000000008c4
Event: 1.981 Thread 0x00000288dbebf3d0 Uncommon trap: reason=class_check action=maybe_recompile pc=0x00000288e8d9a384 method=java.util.HashMap.putVal(ILjava/lang/Object;Ljava/lang/Object;ZZ)Ljava/lang/Object; @ 203 c2
Event: 1.981 Thread 0x00000288dbebf3d0 DEOPT PACKING pc=0x00000288e8d9a384 sp=0x000000edfe4fb110
Event: 1.981 Thread 0x00000288dbebf3d0 DEOPT UNPACKING pc=0x00000288e88246a2 sp=0x000000edfe4fb038 mode 2
Event: 1.983 Thread 0x00000288dbebf3d0 Uncommon trap: trap_request=0xffffffde fr.pc=0x00000288e8d9a384 relative=0x00000000000008c4
Event: 1.983 Thread 0x00000288dbebf3d0 Uncommon trap: reason=class_check action=maybe_recompile pc=0x00000288e8d9a384 method=java.util.HashMap.putVal(ILjava/lang/Object;Ljava/lang/Object;ZZ)Ljava/lang/Object; @ 203 c2
Event: 1.983 Thread 0x00000288dbebf3d0 DEOPT PACKING pc=0x00000288e8d9a384 sp=0x000000edfe4fb110
Event: 1.983 Thread 0x00000288dbebf3d0 DEOPT UNPACKING pc=0x00000288e88246a2 sp=0x000000edfe4fb038 mode 2
Event: 2.100 Thread 0x00000288dbebf3d0 Uncommon trap: trap_request=0xffffff45 fr.pc=0x00000288e8dbcb70 relative=0x00000000000004f0
Event: 2.100 Thread 0x00000288dbebf3d0 Uncommon trap: reason=unstable_if action=reinterpret pc=0x00000288e8dbcb70 method=java.util.regex.Matcher.match(II)Z @ 76 c2
Event: 2.100 Thread 0x00000288dbebf3d0 DEOPT PACKING pc=0x00000288e8dbcb70 sp=0x000000edfe4fcad0
Event: 2.100 Thread 0x00000288dbebf3d0 DEOPT UNPACKING pc=0x00000288e88246a2 sp=0x000000edfe4fca88 mode 2

Classes loaded (20 events):
Event: 2.373 Loading class java/nio/channels/ClosedChannelException done
Event: 2.373 Loading class java/nio/channels/AsynchronousCloseException done
Event: 2.374 Loading class java/util/concurrent/ForkJoinPool
Event: 2.375 Loading class java/util/concurrent/ForkJoinPool done
Event: 2.375 Loading class java/util/concurrent/ForkJoinPool$ForkJoinWorkerThreadFactory
Event: 2.375 Loading class java/util/concurrent/ForkJoinPool$ForkJoinWorkerThreadFactory done
Event: 2.375 Loading class java/util/concurrent/CountDownLatch
Event: 2.375 Loading class java/util/concurrent/CountDownLatch done
Event: 2.375 Loading class java/util/concurrent/ForkJoinPool$WorkQueue
Event: 2.375 Loading class java/util/concurrent/ForkJoinPool$WorkQueue done
Event: 2.376 Loading class java/util/concurrent/ForkJoinTask
Event: 2.376 Loading class java/util/concurrent/ForkJoinTask done
Event: 2.376 Loading class java/util/concurrent/ForkJoinPool$DefaultForkJoinWorkerThreadFactory
Event: 2.376 Loading class java/util/concurrent/ForkJoinPool$DefaultForkJoinWorkerThreadFactory done
Event: 2.376 Loading class java/util/concurrent/ForkJoinPool$2
Event: 2.376 Loading class jdk/internal/access/JavaUtilConcurrentFJPAccess
Event: 2.376 Loading class jdk/internal/access/JavaUtilConcurrentFJPAccess done
Event: 2.376 Loading class java/util/concurrent/ForkJoinPool$2 done
Event: 15.225 Loading class java/lang/invoke/MethodHandle$1
Event: 15.225 Loading class java/lang/invoke/MethodHandle$1 done

Classes unloaded (0 events):
No events

Classes redefined (0 events):
No events

Internal exceptions (20 events):
Event: 0.379 Thread 0x00000288dbebf3d0 Exception <a 'java/lang/NoSuchMethodError'{0x00000000a7fea118}: 'void java.lang.invoke.DirectMethodHandle$Holder.invokeSpecial(java.lang.Object, java.lang.Object, java.lang.Object)'> (0x00000000a7fea118) 
thrown [s\src\hotspot\share\interpreter\linkResolver.cpp, line 784]
Event: 0.399 Thread 0x00000288dbebf3d0 Exception <a 'java/lang/NoSuchMethodError'{0x00000000a7e54650}: 'void java.lang.invoke.DirectMethodHandle$Holder.invokeStatic(java.lang.Object, java.lang.Object, java.lang.Object)'> (0x00000000a7e54650) 
thrown [s\src\hotspot\share\interpreter\linkResolver.cpp, line 784]
Event: 0.402 Thread 0x00000288dbebf3d0 Exception <a 'java/lang/NoSuchMethodError'{0x00000000a7e67140}: 'java.lang.Object java.lang.invoke.Invokers$Holder.invokeExact_MT(java.lang.Object, java.lang.Object, java.lang.Object, java.lang.Object, java.lang.Object)'> (0x00000000a7e67140) 
thrown [s\src\hotspot\share\interpreter\linkResolver.cpp, line 784]
Event: 0.412 Thread 0x00000288dbebf3d0 Exception <a 'java/lang/NoSuchMethodError'{0x00000000a7ed93d8}: 'int java.lang.invoke.DirectMethodHandle$Holder.invokeStaticInit(java.lang.Object, java.lang.Object)'> (0x00000000a7ed93d8) 
thrown [s\src\hotspot\share\interpreter\linkResolver.cpp, line 784]
Event: 1.216 Thread 0x00000288dbebf3d0 Exception <a 'java/lang/NoSuchMethodError'{0x00000000a6c5ef00}: 'void java.lang.invoke.DirectMethodHandle$Holder.invokeInterface(java.lang.Object, java.lang.Object, java.lang.Object)'> (0x00000000a6c5ef00) 
thrown [s\src\hotspot\share\interpreter\linkResolver.cpp, line 784]
Event: 1.227 Thread 0x00000288dbebf3d0 Exception <a 'java/lang/NoClassDefFoundError'{0x00000000a6ca8178}: org/slf4j/impl/StaticMarkerBinder> (0x00000000a6ca8178) 
thrown [s\src\hotspot\share\classfile\systemDictionary.cpp, line 301]
Event: 1.246 Thread 0x00000288dbebf3d0 Exception <a 'java/lang/NoSuchMethodError'{0x00000000a6b3ae28}: 'java.lang.Object java.lang.invoke.DirectMethodHandle$Holder.invokeVirtual(java.lang.Object, java.lang.Object, java.lang.Object, java.lang.Object, java.lang.Object, java.lang.Object, java.lang.Object)'> (0x00000000a6b3ae28) 
thrown [s\src\hotspot\share\interpreter\linkResolver.cpp, line 784]
Event: 1.251 Thread 0x00000288dbebf3d0 Exception <a 'java/lang/NoSuchMethodError'{0x00000000a6b4df68}: 'java.lang.Object java.lang.invoke.DirectMethodHandle$Holder.invokeStatic(java.lang.Object, java.lang.Object, int)'> (0x00000000a6b4df68) 
thrown [s\src\hotspot\share\interpreter\linkResolver.cpp, line 784]
Event: 1.252 Thread 0x00000288dbebf3d0 Exception <a 'java/lang/NoSuchMethodError'{0x00000000a6b59718}: 'void java.lang.invoke.DelegatingMethodHandle$Holder.delegate(java.lang.Object, java.lang.Object, int, java.lang.Object)'> (0x00000000a6b59718) 
thrown [s\src\hotspot\share\interpreter\linkResolver.cpp, line 784]
Event: 1.253 Thread 0x00000288dbebf3d0 Exception <a 'java/lang/NoSuchMethodError'{0x00000000a6b5d628}: 'int java.lang.invoke.DirectMethodHandle$Holder.invokeSpecial(java.lang.Object, java.lang.Object, java.lang.Object)'> (0x00000000a6b5d628) 
thrown [s\src\hotspot\share\interpreter\linkResolver.cpp, line 784]
Event: 1.297 Thread 0x00000288dbebf3d0 Exception <a 'java/lang/NoSuchMethodError'{0x00000000a8105ba8}: 'java.lang.Object java.lang.invoke.DirectMethodHandle$Holder.invokeVirtual(java.lang.Object, java.lang.Object, java.lang.Object)'> (0x00000000a8105ba8) 
thrown [s\src\hotspot\share\interpreter\linkResolver.cpp, line 784]
Event: 1.403 Thread 0x00000288dbebf3d0 Exception <a 'java/lang/NoSuchMethodError'{0x00000000a7e283b8}: 'java.lang.Object java.lang.invoke.DirectMethodHandle$Holder.invokeVirtual(java.lang.Object, java.lang.Object, java.lang.Object, java.lang.Object)'> (0x00000000a7e283b8) 
thrown [s\src\hotspot\share\interpreter\linkResolver.cpp, line 784]
Event: 1.421 Thread 0x00000288dbebf3d0 Exception <a 'java/lang/NoSuchMethodError'{0x00000000a7eac098}: 'java.lang.Object java.lang.invoke.DirectMethodHandle$Holder.invokeVirtual(java.lang.Object, java.lang.Object, java.lang.Object, java.lang.Object, java.lang.Object, java.lang.Object)'> (0x00000000a7eac098) 
thrown [s\src\hotspot\share\interpreter\linkResolver.cpp, line 784]
Event: 1.562 Thread 0x00000288dbebf3d0 Exception <a 'java/lang/NoSuchMethodError'{0x00000000a7a83e50}: 'java.lang.Object java.lang.invoke.DirectMethodHandle$Holder.invokeVirtual(java.lang.Object, java.lang.Object, java.lang.Object, java.lang.Object, java.lang.Object)'> (0x00000000a7a83e50) 
thrown [s\src\hotspot\share\interpreter\linkResolver.cpp, line 784]
Event: 1.564 Thread 0x00000288dbebf3d0 Exception <a 'java/lang/NoSuchMethodError'{0x00000000a7a972f0}: 'java.lang.Object java.lang.invoke.Invokers$Holder.invokeExact_MT(java.lang.Object, java.lang.Object, java.lang.Object, java.lang.Object, java.lang.Object, java.lang.Object)'> (0x00000000a7a972f0) 
thrown [s\src\hotspot\share\interpreter\linkResolver.cpp, line 784]
Event: 1.603 Thread 0x00000288dbebf3d0 Exception <a 'java/lang/NoSuchMethodError'{0x00000000a7803d60}: 'java.lang.Object java.lang.invoke.DirectMethodHandle$Holder.invokeVirtual(java.lang.Object, java.lang.Object, java.lang.Object, java.lang.Object, java.lang.Object, java.lang.Object, java.lang.Object, java.lang.Object)'> (0x00000000a7803d60) 
thrown [s\src\hotspot\share\interpreter\linkResolver.cpp, line 784]
Event: 1.645 Thread 0x00000288dbebf3d0 Exception <a 'java/lang/NoSuchMethodError'{0x00000000a771f180}: 'java.lang.Object java.lang.invoke.DirectMethodHandle$Holder.invokeStaticInit(java.lang.Object, int, int, int, int)'> (0x00000000a771f180) 
thrown [s\src\hotspot\share\interpreter\linkResolver.cpp, line 784]
Event: 1.889 Thread 0x00000288dbebf3d0 Exception <a 'java/lang/NoSuchMethodError'{0x00000000a77962b0}: 'java.lang.Object java.lang.invoke.DirectMethodHandle$Holder.invokeStaticInit(java.lang.Object, java.lang.Object, int, int, int, int)'> (0x00000000a77962b0) 
thrown [s\src\hotspot\share\interpreter\linkResolver.cpp, line 784]
Event: 1.944 Thread 0x00000288dbebf3d0 Implicit null exception at 0x00000288e8da72a4 to 0x00000288e8da78e8
Event: 1.944 Thread 0x00000288dbebf3d0 Implicit null exception at 0x00000288e8dbd9a0 to 0x00000288e8dbdfec

ZGC Phase Switch (0 events):
No events

VM Operations (20 events):
Event: 0.183 Executing VM operation: HandshakeAllThreads (Deoptimize)
Event: 0.183 Executing VM operation: HandshakeAllThreads (Deoptimize) done
Event: 1.065 Executing VM operation: HandshakeAllThreads (Deoptimize)
Event: 1.065 Executing VM operation: HandshakeAllThreads (Deoptimize) done
Event: 1.065 Executing VM operation: Cleanup
Event: 1.065 Executing VM operation: Cleanup done
Event: 1.250 Executing VM operation: HandshakeAllThreads (Deoptimize)
Event: 1.250 Executing VM operation: HandshakeAllThreads (Deoptimize) done
Event: 1.282 Executing VM operation: G1CollectForAllocation (G1 Evacuation Pause)
Event: 1.295 Executing VM operation: G1CollectForAllocation (G1 Evacuation Pause) done
Event: 1.391 Executing VM operation: HandshakeAllThreads (Deoptimize)
Event: 1.391 Executing VM operation: HandshakeAllThreads (Deoptimize) done
Event: 1.696 Executing VM operation: HandshakeAllThreads (Deoptimize)
Event: 1.696 Executing VM operation: HandshakeAllThreads (Deoptimize) done
Event: 2.709 Executing VM operation: Cleanup
Event: 2.709 Executing VM operation: Cleanup done
Event: 15.846 Executing VM operation: Cleanup
Event: 15.846 Executing VM operation: Cleanup done
Event: 19.894 Executing VM operation: Cleanup
Event: 19.894 Executing VM operation: Cleanup done

Memory protections (0 events):
No events

Nmethod flushes (0 events):
No events

Events (20 events):
Event: 0.075 Thread 0x00000288dbebf3d0 Thread added: 0x00000288f536a280
Event: 0.076 Thread 0x00000288dbebf3d0 Thread added: 0x00000288f537f8e0
Event: 0.076 Thread 0x00000288dbebf3d0 Thread added: 0x00000288f537ff50
Event: 0.076 Thread 0x00000288dbebf3d0 Thread added: 0x00000288f536ca10
Event: 0.076 Thread 0x00000288dbebf3d0 Thread added: 0x00000288f536d1b0
Event: 0.077 Thread 0x00000288dbebf3d0 Thread added: 0x00000288f53b32e0
Event: 0.077 Thread 0x00000288dbebf3d0 Thread added: 0x00000288f53b3ac0
Event: 0.118 Thread 0x00000288dbebf3d0 Thread added: 0x00000288f553efb0
Event: 0.131 Thread 0x00000288dbebf3d0 Thread added: 0x00000288f5540a20
Event: 0.150 Loaded shared library C:\Program Files\Android\Android Studio_new\jbr\bin\net.dll
Event: 0.160 Loaded shared library C:\Program Files\Android\Android Studio_new\jbr\bin\nio.dll
Event: 0.177 Loaded shared library C:\Program Files\Android\Android Studio_new\jbr\bin\zip.dll
Event: 0.271 Loaded shared library C:\Program Files\Android\Android Studio_new\jbr\bin\jimage.dll
Event: 1.275 Loaded shared library C:\Users\lenovo\.gradle\native\c067742578af261105cb4f569cf0c3c89f3d7b1fecec35dd04571415982c5e48\windows-amd64\native-platform.dll
Event: 1.324 Thread 0x00000288dbebf3d0 Thread added: 0x00000288fa8ace80
Event: 1.506 Loaded shared library C:\Program Files\Android\Android Studio_new\jbr\bin\management.dll
Event: 1.513 Loaded shared library C:\Program Files\Android\Android Studio_new\jbr\bin\management_ext.dll
Event: 1.917 Loaded shared library C:\Program Files\Android\Android Studio_new\jbr\bin\extnet.dll
Event: 2.370 Thread 0x00000288dbebf3d0 Thread added: 0x00000288fa75f980
Event: 2.373 Thread 0x00000288dbebf3d0 Thread added: 0x00000288faa38f10


Dynamic libraries:
0x00007ff66be60000 - 0x00007ff66be6a000 	C:\Program Files\Android\Android Studio_new\jbr\bin\java.exe
0x00007fffafeb0000 - 0x00007fffb00c7000 	C:\WINDOWS\SYSTEM32\ntdll.dll
0x00007fffae9d0000 - 0x00007fffaea94000 	C:\WINDOWS\System32\KERNEL32.DLL
0x00007fffad640000 - 0x00007fffada11000 	C:\WINDOWS\System32\KERNELBASE.dll
0x00007fffad520000 - 0x00007fffad631000 	C:\WINDOWS\System32\ucrtbase.dll
0x00007fff887e0000 - 0x00007fff887fb000 	C:\Program Files\Android\Android Studio_new\jbr\bin\VCRUNTIME140.dll
0x00007fffa89b0000 - 0x00007fffa89c8000 	C:\Program Files\Android\Android Studio_new\jbr\bin\jli.dll
0x00007fffaf0b0000 - 0x00007fffaf261000 	C:\WINDOWS\System32\USER32.dll
0x00007fffac2d0000 - 0x00007fffac562000 	C:\WINDOWS\WinSxS\amd64_microsoft.windows.common-controls_6595b64144ccf1df_6.0.22621.4830_none_270fe7d773858e80\COMCTL32.dll
0x00007fffacff0000 - 0x00007fffad016000 	C:\WINDOWS\System32\win32u.dll
0x00007fffaf000000 - 0x00007fffaf0a7000 	C:\WINDOWS\System32\msvcrt.dll
0x00007fffae5e0000 - 0x00007fffae609000 	C:\WINDOWS\System32\GDI32.dll
0x00007fffad0a0000 - 0x00007fffad1bb000 	C:\WINDOWS\System32\gdi32full.dll
0x00007fffada20000 - 0x00007fffadaba000 	C:\WINDOWS\System32\msvcp_win.dll
0x00007fffaf2f0000 - 0x00007fffaf321000 	C:\WINDOWS\System32\IMM32.DLL
0x00007fff9de50000 - 0x00007fff9de5c000 	C:\Program Files\Android\Android Studio_new\jbr\bin\vcruntime140_1.dll
0x00007fff9c160000 - 0x00007fff9c1ed000 	C:\Program Files\Android\Android Studio_new\jbr\bin\msvcp140.dll
0x00007fff2d540000 - 0x00007fff2e1c3000 	C:\Program Files\Android\Android Studio_new\jbr\bin\server\jvm.dll
0x00007fffaef40000 - 0x00007fffaeff1000 	C:\WINDOWS\System32\ADVAPI32.dll
0x00007fffaeb00000 - 0x00007fffaeba7000 	C:\WINDOWS\System32\sechost.dll
0x00007fffad330000 - 0x00007fffad358000 	C:\WINDOWS\System32\bcrypt.dll
0x00007fffadb80000 - 0x00007fffadc94000 	C:\WINDOWS\System32\RPCRT4.dll
0x00007fffaf270000 - 0x00007fffaf2e1000 	C:\WINDOWS\System32\WS2_32.dll
0x00007fffaced0000 - 0x00007fffacf1d000 	C:\WINDOWS\SYSTEM32\POWRPROF.dll
0x00007fffa7f90000 - 0x00007fffa7fc4000 	C:\WINDOWS\SYSTEM32\WINMM.dll
0x00007fffa91c0000 - 0x00007fffa91ca000 	C:\WINDOWS\SYSTEM32\VERSION.dll
0x00007fffacea0000 - 0x00007fffaceb3000 	C:\WINDOWS\SYSTEM32\UMPDC.dll
0x00007fffab910000 - 0x00007fffab928000 	C:\WINDOWS\SYSTEM32\kernel.appcore.dll
0x00007fff9dbe0000 - 0x00007fff9dbea000 	C:\Program Files\Android\Android Studio_new\jbr\bin\jimage.dll
0x00007fffac860000 - 0x00007fffaca92000 	C:\WINDOWS\SYSTEM32\DBGHELP.DLL
0x00007fffaf960000 - 0x00007fffafcf0000 	C:\WINDOWS\System32\combase.dll
0x00007fffaec30000 - 0x00007fffaed07000 	C:\WINDOWS\System32\OLEAUT32.dll
0x00007fffac750000 - 0x00007fffac782000 	C:\WINDOWS\SYSTEM32\dbgcore.DLL
0x00007fffad4a0000 - 0x00007fffad51b000 	C:\WINDOWS\System32\bcryptPrimitives.dll
0x00007fff84b90000 - 0x00007fff84bb0000 	C:\Program Files\Android\Android Studio_new\jbr\bin\java.dll
0x00007fff81bf0000 - 0x00007fff81c08000 	C:\Program Files\Android\Android Studio_new\jbr\bin\zip.dll
0x00007fffadca0000 - 0x00007fffae528000 	C:\WINDOWS\System32\SHELL32.dll
0x00007fffad360000 - 0x00007fffad49f000 	C:\WINDOWS\System32\wintypes.dll
0x00007fffaa110000 - 0x00007fffaaa1d000 	C:\WINDOWS\SYSTEM32\windows.storage.dll
0x00007fffaf850000 - 0x00007fffaf95a000 	C:\WINDOWS\System32\SHCORE.dll
0x00007fffae7c0000 - 0x00007fffae81e000 	C:\WINDOWS\System32\shlwapi.dll
0x00007fffacf20000 - 0x00007fffacf4b000 	C:\WINDOWS\SYSTEM32\profapi.dll
0x00007fff9c420000 - 0x00007fff9c430000 	C:\Program Files\Android\Android Studio_new\jbr\bin\net.dll
0x00007fffa7e60000 - 0x00007fffa7f8c000 	C:\WINDOWS\SYSTEM32\WINHTTP.dll
0x00007fffabd30000 - 0x00007fffabd9a000 	C:\WINDOWS\system32\mswsock.dll
0x00007fff7b0d0000 - 0x00007fff7b0e6000 	C:\Program Files\Android\Android Studio_new\jbr\bin\nio.dll
0x00007fff878b0000 - 0x00007fff878c0000 	C:\Program Files\Android\Android Studio_new\jbr\bin\verify.dll
0x00007fff9c130000 - 0x00007fff9c157000 	C:\Users\lenovo\.gradle\native\c067742578af261105cb4f569cf0c3c89f3d7b1fecec35dd04571415982c5e48\windows-amd64\native-platform.dll
0x00007fff9a500000 - 0x00007fff9a509000 	C:\Program Files\Android\Android Studio_new\jbr\bin\management.dll
0x00007fff92190000 - 0x00007fff9219b000 	C:\Program Files\Android\Android Studio_new\jbr\bin\management_ext.dll
0x00007fffaec10000 - 0x00007fffaec18000 	C:\WINDOWS\System32\PSAPI.DLL
0x00007fffacba0000 - 0x00007fffacbbb000 	C:\WINDOWS\SYSTEM32\CRYPTSP.dll
0x00007fffab870000 - 0x00007fffab8a7000 	C:\WINDOWS\system32\rsaenh.dll
0x00007fffabde0000 - 0x00007fffabe08000 	C:\WINDOWS\SYSTEM32\USERENV.dll
0x00007fffabf60000 - 0x00007fffabf6c000 	C:\WINDOWS\SYSTEM32\CRYPTBASE.dll
0x00007fffaac80000 - 0x00007fffaacad000 	C:\WINDOWS\SYSTEM32\IPHLPAPI.DLL
0x00007fffaec20000 - 0x00007fffaec29000 	C:\WINDOWS\System32\NSI.dll
0x00007fff9b910000 - 0x00007fff9b919000 	C:\Program Files\Android\Android Studio_new\jbr\bin\extnet.dll
0x00007fff878a0000 - 0x00007fff878a8000 	C:\WINDOWS\system32\wshunix.dll

dbghelp: loaded successfully - version: 4.0.5 - missing functions: none
symbol engine: initialized successfully - sym options: 0x614 - pdb path: .;C:\Program Files\Android\Android Studio_new\jbr\bin;C:\WINDOWS\SYSTEM32;C:\WINDOWS\WinSxS\amd64_microsoft.windows.common-controls_6595b64144ccf1df_6.0.22621.4830_none_270fe7d773858e80;C:\Program Files\Android\Android Studio_new\jbr\bin\server;C:\Users\lenovo\.gradle\native\c067742578af261105cb4f569cf0c3c89f3d7b1fecec35dd04571415982c5e48\windows-amd64

VM Arguments:
jvm_args: -Dorg.gradle.appname=gradlew 
java_command: org.gradle.wrapper.GradleWrapperMain -q -Ptarget-platform=android-x86 -Ptarget=D:\ReactProjects\HRDesk\hrm06022025\hrm\lib\main.dart -Pbase-application-name=android.app.Application -Pdart-defines=Zmx1dHRlci5pbnNwZWN0b3Iuc3RydWN0dXJlZEVycm9ycz10cnVl -Pdart-obfuscation=false -Ptrack-widget-creation=true -Ptree-shake-icons=false -Pfilesystem-scheme=org-dartlang-root assembleDebug
java_class_path (initial): D:\ReactProjects\HRDesk\hrm06022025\hrm\android\\gradle\wrapper\gradle-wrapper.jar
Launcher Type: SUN_STANDARD

[Global flags]
     intx CICompilerCount                          = 4                                         {product} {ergonomic}
     uint ConcGCThreads                            = 3                                         {product} {ergonomic}
     uint G1ConcRefinementThreads                  = 10                                        {product} {ergonomic}
   size_t G1HeapRegionSize                         = 1048576                                   {product} {ergonomic}
    uintx GCDrainStackTargetSize                   = 64                                        {product} {ergonomic}
   size_t InitialHeapSize                          = 98566144                                  {product} {ergonomic}
   size_t MarkStackSize                            = 4194304                                   {product} {ergonomic}
   size_t MaxHeapSize                              = 1572864000                                {product} {ergonomic}
   size_t MaxNewSize                               = 943718400                                 {product} {ergonomic}
   size_t MinHeapDeltaBytes                        = 1048576                                   {product} {ergonomic}
   size_t MinHeapSize                              = 8388608                                   {product} {ergonomic}
    uintx NonNMethodCodeHeapSize                   = 5839372                                {pd product} {ergonomic}
    uintx NonProfiledCodeHeapSize                  = 122909434                              {pd product} {ergonomic}
    uintx ProfiledCodeHeapSize                     = 122909434                              {pd product} {ergonomic}
    uintx ReservedCodeCacheSize                    = 251658240                              {pd product} {ergonomic}
     bool SegmentedCodeCache                       = true                                      {product} {ergonomic}
   size_t SoftMaxHeapSize                          = 1572864000                             {manageable} {ergonomic}
     bool UseCompressedOops                        = true                           {product lp64_product} {ergonomic}
     bool UseG1GC                                  = true                                      {product} {ergonomic}
     bool UseLargePagesIndividualAllocation        = false                                  {pd product} {ergonomic}

Logging:
Log output configuration:
 #0: stdout all=warning uptime,level,tags foldmultilines=false
 #1: stderr all=off uptime,level,tags foldmultilines=false

Environment Variables:
JAVA_HOME=C:\Program Files\Android\Android Studio_new\jbr
CLASSPATH=D:\ReactProjects\HRDesk\hrm06022025\hrm\android\\gradle\wrapper\gradle-wrapper.jar
PATH=C:\Program Files\Android\Android Studio_new\jbr\bin;C:\Python313\Scripts\;C:\Python313\;C:\Program Files\Common Files\Oracle\Java\javapath;C:\Windows\system32;C:\Windows;C:\Windows\System32\Wbem;C:\Windows\System32\WindowsPowerShell\v1.0\;C:\Windows\System32\OpenSSH\;C:\Program Files (x86)\NVIDIA Corporation\PhysX\Common;C:\Program Files\Java\jdk-17.0.2\bin;C:\Program Files\Git\cmd;C:\Program Files\NVIDIA Corporation\NVIDIA NvDLISR;D:\flutter_windows_2.10.0-stable\flutter\bin;C:\WINDOWS\system32;C:\WINDOWS;C:\WINDOWS\System32\Wbem;C:\WINDOWS\System32\WindowsPowerShell\v1.0\;C:\WINDOWS\System32\OpenSSH\;%NVM_HOME%;%NVM_SYMLINK%;C:\Program Files\MySQL\MySQL Shell 8.0\bin\;C:\Users\lenovo\AppData\Local\Microsoft\WindowsApps;D:\flutter_windows_2.10.0-stable\flutter\bin;C:\Program Files\JetBrains\IntelliJ IDEA Community Edition 2022.3.2\bin;C:\Users\lenovo\AppData\Local\Programs\Microsoft VS Code\bin;C:\Users\lenovo\AppData\Roaming\npm;C:\Users\lenovo\AppData\Roaming\nvm;C:\Program Files\nodejs;C:\Users\lenovo\AppData\Local\JetBrains\Toolbox\scripts;;D:\flutter_windows_2.10.0-stable\flutter\bin\mingit\cmd
USERNAME=lenovo
OS=Windows_NT
PROCESSOR_IDENTIFIER=AMD64 Family 25 Model 80 Stepping 0, AuthenticAMD
TMP=C:\Users\lenovo\AppData\Local\Temp
TEMP=C:\Users\lenovo\AppData\Local\Temp




Periodic native trim disabled

JNI global refs:
JNI global refs: 19, weak refs: 0

JNI global refs memory usage: 835, weak refs: 833

Process memory usage:
Resident Set Size: 17344K (0% of 6139972K total physical memory with 84372K free physical memory)

OOME stack traces (most recent first):
Classloader memory used:
Loader bootstrap                                                                       : 12397K
Loader org.gradle.internal.classloader.VisitableURLClassLoader                         : 4357K
Loader java.net.URLClassLoader                                                         : 225K
Loader jdk.internal.loader.ClassLoaders$AppClassLoader                                 : 146K
Loader jdk.internal.loader.ClassLoaders$PlatformClassLoader                            : 108K

Classes loaded by more than one classloader:
Class org.gradle.cli.AbstractPropertiesCommandLineConverter                           : loaded 2 times (x 79B)
Class org.gradle.cli.CommandLineParser                                                : loaded 2 times (x 75B)
Class org.gradle.internal.service.UnknownServiceException                             : loaded 2 times (x 79B)
Class org.gradle.cli.SystemPropertiesCommandLineConverter                             : loaded 2 times (x 79B)
Class org.gradle.cli.CommandLineArgumentException                                     : loaded 2 times (x 78B)
Class org.gradle.cli.CommandLineParser$KnownOptionParserState                         : loaded 2 times (x 72B)
Class org.gradle.internal.InternalTransformer                                         : loaded 2 times (x 66B)
Class org.gradle.internal.classpath.DefaultClassPath$ImmutableUniqueList              : loaded 2 times (x 195B)
Class org.gradle.cli.CommandLineParser$OptionAwareParserState                         : loaded 2 times (x 73B)
Class org.gradle.cli.ParsedCommandLine                                                : loaded 2 times (x 76B)
Class org.gradle.internal.classpath.ClassPath                                         : loaded 2 times (x 66B)
Class org.gradle.cli.CommandLineParser$UnknownOptionParserState                       : loaded 2 times (x 72B)
Class org.gradle.cli.ParsedCommandLineOption                                          : loaded 2 times (x 72B)
Class org.gradle.api.UncheckedIOException                                             : loaded 2 times (x 78B)
Class org.gradle.cli.CommandLineParser$AfterFirstSubCommand                           : loaded 2 times (x 73B)
Class org.gradle.api.internal.classpath.ModuleRegistry                                : loaded 2 times (x 66B)
Class org.gradle.internal.installation.GradleInstallation$1                           : loaded 2 times (x 71B)
Class org.gradle.cli.CommandLineOption                                                : loaded 2 times (x 82B)
Class org.gradle.cli.CommandLineParser$BeforeFirstSubCommand                          : loaded 2 times (x 73B)
Class org.gradle.internal.service.ServiceLookupException                              : loaded 2 times (x 78B)
Class org.gradle.cli.CommandLineParser$OptionParserState                              : loaded 2 times (x 71B)
Class org.gradle.internal.classloader.ClasspathUtil                                   : loaded 2 times (x 67B)
Class org.gradle.api.specs.Spec                                                       : loaded 2 times (x 66B)
Class org.gradle.internal.classpath.DefaultClassPath                                  : loaded 2 times (x 86B)
Class org.gradle.internal.Cast                                                        : loaded 2 times (x 67B)
Class org.gradle.api.Action                                                           : loaded 2 times (x 66B)
Class org.gradle.cli.AbstractCommandLineConverter                                     : loaded 2 times (x 75B)
Class org.gradle.api.GradleException                                                  : loaded 2 times (x 78B)
Class org.gradle.internal.IoActions                                                   : loaded 2 times (x 67B)
Class org.gradle.cli.CommandLineConverter                                             : loaded 2 times (x 66B)
Class org.gradle.cli.CommandLineParser$MissingOptionArgState                          : loaded 2 times (x 73B)
Class org.gradle.cli.CommandLineParser$ParserState                                    : loaded 2 times (x 72B)
Class org.gradle.cli.CommandLineParser$OptionString                                   : loaded 2 times (x 69B)
Class org.gradle.internal.installation.CurrentGradleInstallationLocator               : loaded 2 times (x 67B)
Class org.gradle.internal.installation.CurrentGradleInstallation                      : loaded 2 times (x 69B)
Class org.gradle.util.internal.GUtil                                                  : loaded 2 times (x 67B)
Class org.gradle.cli.CommandLineParser$AfterOptions                                   : loaded 2 times (x 73B)
Class org.gradle.internal.installation.GradleInstallation                             : loaded 2 times (x 71B)

---------------  S Y S T E M  ---------------

OS:
 Windows 11 , 64 bit Build 22621 (10.0.22621.4974)
OS uptime: 8 days 11:43 hours
Hyper-V role detected

CPU: total 12 (initial active 12) (12 cores per cpu, 2 threads per core) family 25 model 80 stepping 0 microcode 0x0, cx8, cmov, fxsr, ht, mmx, 3dnowpref, sse, sse2, sse3, ssse3, sse4a, sse4.1, sse4.2, popcnt, lzcnt, tsc, tscinvbit, avx, avx2, aes, erms, clmul, bmi1, bmi2, adx, sha, fma, vzeroupper, clflush, clflushopt, hv, rdtscp, rdpid, fsrm, f16c, cet_ss
Processor Information for processor 0
  Max Mhz: 3301, Current Mhz: 3301, Mhz Limit: 3301
Processor Information for processor 1
  Max Mhz: 3301, Current Mhz: 1805, Mhz Limit: 3301
Processor Information for processor 2
  Max Mhz: 3301, Current Mhz: 3301, Mhz Limit: 3301
Processor Information for processor 3
  Max Mhz: 3301, Current Mhz: 3301, Mhz Limit: 3301
Processor Information for processor 4
  Max Mhz: 3301, Current Mhz: 3301, Mhz Limit: 3301
Processor Information for processor 5
  Max Mhz: 3301, Current Mhz: 1805, Mhz Limit: 3301
Processor Information for processor 6
  Max Mhz: 3301, Current Mhz: 1805, Mhz Limit: 3301
Processor Information for processor 7
  Max Mhz: 3301, Current Mhz: 3301, Mhz Limit: 3301
Processor Information for processor 8
  Max Mhz: 3301, Current Mhz: 1805, Mhz Limit: 3301
Processor Information for processor 9
  Max Mhz: 3301, Current Mhz: 1805, Mhz Limit: 3301
Processor Information for processor 10
  Max Mhz: 3301, Current Mhz: 1805, Mhz Limit: 3301
Processor Information for processor 11
  Max Mhz: 3301, Current Mhz: 1805, Mhz Limit: 3301

Memory: 4k page, system-wide physical 5996M (82M free)
TotalPageFile size 24428M (AvailPageFile size 0M)
current process WorkingSet (physical memory assigned to process): 20M, peak: 92M
current process commit charge ("private bytes"): 196M, peak: 198M

vm_info: OpenJDK 64-Bit Server VM (21.0.4+-12508038-b607.1) for windows-amd64 JRE (21.0.4+-12508038-b607.1), built on 2024-10-16T17:23:34Z by "builder" with MS VC++ 16.10 / 16.11 (VS2019)

END.
