#
# There is insufficient memory for the Java Runtime Environment to continue.
# Native memory allocation (malloc) failed to allocate 2047376 bytes. Error detail: Chunk::new
# Possible reasons:
#   The system is out of physical RAM or swap space
#   This process is running with CompressedOops enabled, and the Java Heap may be blocking the growth of the native heap
# Possible solutions:
#   Reduce memory load on the system
#   Increase physical memory or swap space
#   Check if swap backing store is full
#   Decrease Java heap size (-Xmx/-Xms)
#   Decrease number of Java threads
#   Decrease Java thread stack sizes (-Xss)
#   Set larger code cache with -XX:ReservedCodeCacheSize=
#   JVM is running with Unscaled Compressed Oops mode in which the Java heap is
#     placed in the first 4GB address space. The Java Heap base address is the
#     maximum limit for the native heap growth. Please use -XX:HeapBaseMinAddress
#     to set the Java Heap base and to place the Java Heap above 4GB virtual address.
# This output file may be truncated or incomplete.
#
#  Out of Memory Error (arena.cpp:168), pid=16092, tid=3644
#
# JRE version: OpenJDK Runtime Environment (21.0.4) (build 21.0.4+-12508038-b607.1)
# Java VM: OpenJDK 64-Bit Server VM (21.0.4+-12508038-b607.1, mixed mode, tiered, compressed oops, compressed class ptrs, g1 gc, windows-amd64)
# No core dump will be written. Minidumps are not enabled by default on client versions of Windows
#

---------------  S U M M A R Y ------------

Command Line: org.jetbrains.kotlin.cli.jvm.K2JVMCompiler @D:\React Projects\HRDesk\hrm06022025\hrm\build\android_id\20250303_12527275515191777921.compiler.options

Host: AMD Ryzen 5 5600H with Radeon Graphics         , 12 cores, 5G,  Windows 11 , 64 bit Build 22621 (10.0.22621.4974)
Time: Mon Mar  3 23:49:41 2025 India Standard Time elapsed time: 4.066318 seconds (0d 0h 0m 4s)

---------------  T H R E A D  ---------------

Current thread (0x000002ecb9abd120):  JavaThread "C2 CompilerThread0" daemon [_thread_in_native, id=3644, stack(0x000000fb78f00000,0x000000fb79000000) (1024K)]


Current CompileTask:
C2:   4066 3648   !   4       org.jetbrains.kotlin.metadata.ProtoBuf$Function::<init> (1410 bytes)

Stack: [0x000000fb78f00000,0x000000fb79000000]
Native frames: (J=compiled Java code, j=interpreted, Vv=VM code, C=native code)
V  [jvm.dll+0x6ce539]
V  [jvm.dll+0x85bf03]
V  [jvm.dll+0x85e45e]
V  [jvm.dll+0x85eb43]
V  [jvm.dll+0x27dd06]
V  [jvm.dll+0xbf9cd]
V  [jvm.dll+0xbff03]
V  [jvm.dll+0x3b4db1]
V  [jvm.dll+0x380f07]
V  [jvm.dll+0x38037a]
V  [jvm.dll+0x2473f2]
V  [jvm.dll+0x2469c1]
V  [jvm.dll+0x1c58a4]
V  [jvm.dll+0x255fec]
V  [jvm.dll+0x254536]
V  [jvm.dll+0x3efab6]
V  [jvm.dll+0x804418]
V  [jvm.dll+0x6cce0d]
C  [ucrtbase.dll+0x29333]
C  [KERNEL32.DLL+0x1259d]
C  [ntdll.dll+0x5af38]


---------------  P R O C E S S  ---------------

Threads class SMR info:
_java_thread_list=0x000002ecb9c13ef0, length=11, elements={
0x000002eca0541d50, 0x000002ecb9a8c5d0, 0x000002ecb9a8d4f0, 0x000002ecb9aa8d70,
0x000002ecb9aa97d0, 0x000002ecb9ab2250, 0x000002ecb9ab82c0, 0x000002ecb9abd120,
0x000002ecb9abd900, 0x000002ecb9ab6f10, 0x000002ecb9ab4e40
}

Java Threads: ( => current thread )
  0x000002eca0541d50 JavaThread "main"                              [_thread_in_vm, id=20260, stack(0x000000fb78100000,0x000000fb78200000) (1024K)]
  0x000002ecb9a8c5d0 JavaThread "Reference Handler"          daemon [_thread_blocked, id=3320, stack(0x000000fb78900000,0x000000fb78a00000) (1024K)]
  0x000002ecb9a8d4f0 JavaThread "Finalizer"                  daemon [_thread_blocked, id=24420, stack(0x000000fb78a00000,0x000000fb78b00000) (1024K)]
  0x000002ecb9aa8d70 JavaThread "Signal Dispatcher"          daemon [_thread_blocked, id=25420, stack(0x000000fb78b00000,0x000000fb78c00000) (1024K)]
  0x000002ecb9aa97d0 JavaThread "Attach Listener"            daemon [_thread_blocked, id=22796, stack(0x000000fb78c00000,0x000000fb78d00000) (1024K)]
  0x000002ecb9ab2250 JavaThread "Service Thread"             daemon [_thread_blocked, id=10580, stack(0x000000fb78d00000,0x000000fb78e00000) (1024K)]
  0x000002ecb9ab82c0 JavaThread "Monitor Deflation Thread"   daemon [_thread_blocked, id=26780, stack(0x000000fb78e00000,0x000000fb78f00000) (1024K)]
=>0x000002ecb9abd120 JavaThread "C2 CompilerThread0"         daemon [_thread_in_native, id=3644, stack(0x000000fb78f00000,0x000000fb79000000) (1024K)]
  0x000002ecb9abd900 JavaThread "C1 CompilerThread0"         daemon [_thread_blocked, id=22488, stack(0x000000fb79000000,0x000000fb79100000) (1024K)]
  0x000002ecb9ab6f10 JavaThread "Notification Thread"        daemon [_thread_blocked, id=20728, stack(0x000000fb79100000,0x000000fb79200000) (1024K)]
  0x000002ecb9ab4e40 JavaThread "Common-Cleaner"             daemon [_thread_blocked, id=6484, stack(0x000000fb79200000,0x000000fb79300000) (1024K)]
Total: 11

Other Threads:
  0x000002ecb97a81b0 VMThread "VM Thread"                           [id=13436, stack(0x000000fb78800000,0x000000fb78900000) (1024K)]
  0x000002ecb975def0 WatcherThread "VM Periodic Task Thread"        [id=2904, stack(0x000000fb78700000,0x000000fb78800000) (1024K)]
  0x000002eca27d3670 WorkerThread "GC Thread#0"                     [id=20520, stack(0x000000fb78200000,0x000000fb78300000) (1024K)]
  0x000002ecbe5375d0 WorkerThread "GC Thread#1"                     [id=4388, stack(0x000000fb79300000,0x000000fb79400000) (1024K)]
  0x000002ecbe52cb70 WorkerThread "GC Thread#2"                     [id=26956, stack(0x000000fb79400000,0x000000fb79500000) (1024K)]
  0x000002ecbe52cf10 WorkerThread "GC Thread#3"                     [id=13952, stack(0x000000fb79500000,0x000000fb79600000) (1024K)]
  0x000002ecbe517c90 WorkerThread "GC Thread#4"                     [id=27172, stack(0x000000fb79600000,0x000000fb79700000) (1024K)]
  0x000002ecbe518030 WorkerThread "GC Thread#5"                     [id=7636, stack(0x000000fb79700000,0x000000fb79800000) (1024K)]
  0x000002ecbe7b1220 WorkerThread "GC Thread#6"                     [id=23268, stack(0x000000fb79800000,0x000000fb79900000) (1024K)]
  0x000002ecbe7b1960 WorkerThread "GC Thread#7"                     [id=10092, stack(0x000000fb79900000,0x000000fb79a00000) (1024K)]
  0x000002ecbe7b0ae0 WorkerThread "GC Thread#8"                     [id=26884, stack(0x000000fb79c00000,0x000000fb79d00000) (1024K)]
  0x000002ecbeb989e0 WorkerThread "GC Thread#9"                     [id=16460, stack(0x000000fb79d00000,0x000000fb79e00000) (1024K)]
  0x000002eca27e0340 ConcurrentGCThread "G1 Main Marker"            [id=21448, stack(0x000000fb78300000,0x000000fb78400000) (1024K)]
  0x000002eca27e1650 WorkerThread "G1 Conc#0"                       [id=27008, stack(0x000000fb78400000,0x000000fb78500000) (1024K)]
  0x000002ecbe7b1d00 WorkerThread "G1 Conc#1"                       [id=22900, stack(0x000000fb79a00000,0x000000fb79b00000) (1024K)]
  0x000002ecbe7b20a0 WorkerThread "G1 Conc#2"                       [id=7088, stack(0x000000fb79b00000,0x000000fb79c00000) (1024K)]
  0x000002eca284e290 ConcurrentGCThread "G1 Refine#0"               [id=8040, stack(0x000000fb78500000,0x000000fb78600000) (1024K)]
  0x000002ecb96340d0 ConcurrentGCThread "G1 Service"                [id=26704, stack(0x000000fb78600000,0x000000fb78700000) (1024K)]
Total: 18

Threads with active compile tasks:
C2 CompilerThread0     4103 3648   !   4       org.jetbrains.kotlin.metadata.ProtoBuf$Function::<init> (1410 bytes)
Total: 1

VM state: not at safepoint (normal execution)

VM Mutex/Monitor currently owned by a thread:  ([mutex/lock_event])
[0x00007ffb7bb650f8] Metaspace_lock - owner thread: 0x000002eca0541d50

Heap address: 0x00000000a2400000, size: 1500 MB, Compressed Oops mode: 32-bit

CDS archive(s) not mapped
Compressed class space mapped at: 0x0000000100000000-0x0000000140000000, reserved size: 1073741824
Narrow klass base: 0x0000000000000000, Narrow klass shift: 3, Narrow klass range: 0x140000000

GC Precious Log:
 CardTable entry size: 512
 Card Set container configuration: InlinePtr #cards 5 size 8 Array Of Cards #cards 12 size 40 Howl #buckets 4 coarsen threshold 1843 Howl Bitmap #cards 512 size 80 coarsen threshold 460 Card regions per heap region 1 cards per card region 2048
 CPUs: 12 total, 12 available
 Memory: 5996M
 Large Page Support: Disabled
 NUMA Support: Disabled
 Compressed Oops: Enabled (32-bit)
 Heap Region Size: 1M
 Heap Min Capacity: 8M
 Heap Initial Capacity: 94M
 Heap Max Capacity: 1500M
 Pre-touch: Disabled
 Parallel Workers: 10
 Concurrent Workers: 3
 Concurrent Refinement Workers: 10
 Periodic GC: Disabled

Heap:
 garbage-first heap   total 52224K, used 42914K [0x00000000a2400000, 0x0000000100000000)
  region size 1024K, 19 young (19456K), 2 survivors (2048K)
 Metaspace       used 50975K, committed 51648K, reserved 1114112K
  class space    used 6087K, committed 6400K, reserved 1048576K

Heap Regions: E=young(eden), S=young(survivor), O=old, HS=humongous(starts), HC=humongous(continues), CS=collection set, F=free, TAMS=top-at-mark-start, PB=parsable bottom
|   0|0x00000000a2400000, 0x00000000a2500000, 0x00000000a2500000|100%|HS|  |TAMS 0x00000000a2400000| PB 0x00000000a2400000| Complete 
|   1|0x00000000a2500000, 0x00000000a2600000, 0x00000000a2600000|100%|HC|  |TAMS 0x00000000a2500000| PB 0x00000000a2500000| Complete 
|   2|0x00000000a2600000, 0x00000000a2700000, 0x00000000a2700000|100%|HC|  |TAMS 0x00000000a2600000| PB 0x00000000a2600000| Complete 
|   3|0x00000000a2700000, 0x00000000a2800000, 0x00000000a2800000|100%|HC|  |TAMS 0x00000000a2700000| PB 0x00000000a2700000| Complete 
|   4|0x00000000a2800000, 0x00000000a2900000, 0x00000000a2900000|100%| O|  |TAMS 0x00000000a2800000| PB 0x00000000a2800000| Untracked 
|   5|0x00000000a2900000, 0x00000000a2a00000, 0x00000000a2a00000|100%| O|  |TAMS 0x00000000a2900000| PB 0x00000000a2900000| Untracked 
|   6|0x00000000a2a00000, 0x00000000a2b00000, 0x00000000a2b00000|100%| O|  |TAMS 0x00000000a2a00000| PB 0x00000000a2a00000| Untracked 
|   7|0x00000000a2b00000, 0x00000000a2c00000, 0x00000000a2c00000|100%| O|  |TAMS 0x00000000a2b00000| PB 0x00000000a2b00000| Untracked 
|   8|0x00000000a2c00000, 0x00000000a2d00000, 0x00000000a2d00000|100%| O|  |TAMS 0x00000000a2c00000| PB 0x00000000a2c00000| Untracked 
|   9|0x00000000a2d00000, 0x00000000a2e00000, 0x00000000a2e00000|100%| O|  |TAMS 0x00000000a2d00000| PB 0x00000000a2d00000| Untracked 
|  10|0x00000000a2e00000, 0x00000000a2f00000, 0x00000000a2f00000|100%| O|  |TAMS 0x00000000a2e00000| PB 0x00000000a2e00000| Untracked 
|  11|0x00000000a2f00000, 0x00000000a2f00000, 0x00000000a3000000|  0%| F|  |TAMS 0x00000000a2f00000| PB 0x00000000a2f00000| Untracked 
|  12|0x00000000a3000000, 0x00000000a3100000, 0x00000000a3100000|100%| O|  |TAMS 0x00000000a3000000| PB 0x00000000a3000000| Untracked 
|  13|0x00000000a3100000, 0x00000000a3200000, 0x00000000a3200000|100%| O|  |TAMS 0x00000000a3100000| PB 0x00000000a3100000| Untracked 
|  14|0x00000000a3200000, 0x00000000a3300000, 0x00000000a3300000|100%| O|  |TAMS 0x00000000a3200000| PB 0x00000000a3200000| Untracked 
|  15|0x00000000a3300000, 0x00000000a3400000, 0x00000000a3400000|100%| O|  |TAMS 0x00000000a3300000| PB 0x00000000a3300000| Untracked 
|  16|0x00000000a3400000, 0x00000000a3500000, 0x00000000a3500000|100%|HS|  |TAMS 0x00000000a3400000| PB 0x00000000a3400000| Complete 
|  17|0x00000000a3500000, 0x00000000a3600000, 0x00000000a3600000|100%|HC|  |TAMS 0x00000000a3500000| PB 0x00000000a3500000| Complete 
|  18|0x00000000a3600000, 0x00000000a3700000, 0x00000000a3700000|100%| O|  |TAMS 0x00000000a3600000| PB 0x00000000a3600000| Untracked 
|  19|0x00000000a3700000, 0x00000000a3800000, 0x00000000a3800000|100%| O|  |TAMS 0x00000000a3700000| PB 0x00000000a3700000| Untracked 
|  20|0x00000000a3800000, 0x00000000a3900000, 0x00000000a3900000|100%| O|  |TAMS 0x00000000a3800000| PB 0x00000000a3800000| Untracked 
|  21|0x00000000a3900000, 0x00000000a3a00000, 0x00000000a3a00000|100%| O|  |TAMS 0x00000000a3900000| PB 0x00000000a3900000| Untracked 
|  22|0x00000000a3a00000, 0x00000000a3b00000, 0x00000000a3b00000|100%| O|  |TAMS 0x00000000a3a00000| PB 0x00000000a3a00000| Untracked 
|  23|0x00000000a3b00000, 0x00000000a3c00000, 0x00000000a3c00000|100%| O|  |TAMS 0x00000000a3b00000| PB 0x00000000a3b00000| Untracked 
|  24|0x00000000a3c00000, 0x00000000a3d00000, 0x00000000a3d00000|100%| O|  |TAMS 0x00000000a3c00000| PB 0x00000000a3c00000| Untracked 
|  25|0x00000000a3d00000, 0x00000000a3e00000, 0x00000000a3e00000|100%| O|  |TAMS 0x00000000a3d00000| PB 0x00000000a3d00000| Untracked 
|  26|0x00000000a3e00000, 0x00000000a3ea6740, 0x00000000a3f00000| 65%| O|  |TAMS 0x00000000a3e00000| PB 0x00000000a3e00000| Untracked 
|  27|0x00000000a3f00000, 0x00000000a3f00000, 0x00000000a4000000|  0%| F|  |TAMS 0x00000000a3f00000| PB 0x00000000a3f00000| Untracked 
|  28|0x00000000a4000000, 0x00000000a4000000, 0x00000000a4100000|  0%| F|  |TAMS 0x00000000a4000000| PB 0x00000000a4000000| Untracked 
|  29|0x00000000a4100000, 0x00000000a4100000, 0x00000000a4200000|  0%| F|  |TAMS 0x00000000a4100000| PB 0x00000000a4100000| Untracked 
|  30|0x00000000a4200000, 0x00000000a4200000, 0x00000000a4300000|  0%| F|  |TAMS 0x00000000a4200000| PB 0x00000000a4200000| Untracked 
|  31|0x00000000a4300000, 0x00000000a4300000, 0x00000000a4400000|  0%| F|  |TAMS 0x00000000a4300000| PB 0x00000000a4300000| Untracked 
|  32|0x00000000a4400000, 0x00000000a4442470, 0x00000000a4500000| 25%| S|CS|TAMS 0x00000000a4400000| PB 0x00000000a4400000| Complete 
|  33|0x00000000a4500000, 0x00000000a4600000, 0x00000000a4600000|100%| S|CS|TAMS 0x00000000a4500000| PB 0x00000000a4500000| Complete 
|  34|0x00000000a4600000, 0x00000000a4625690, 0x00000000a4700000| 14%| E|  |TAMS 0x00000000a4600000| PB 0x00000000a4600000| Complete 
|  35|0x00000000a4700000, 0x00000000a47f4450, 0x00000000a4800000| 95%| E|  |TAMS 0x00000000a4700000| PB 0x00000000a4700000| Complete 
|  36|0x00000000a4800000, 0x00000000a4900000, 0x00000000a4900000|100%| E|CS|TAMS 0x00000000a4800000| PB 0x00000000a4800000| Complete 
|  37|0x00000000a4900000, 0x00000000a4a00000, 0x00000000a4a00000|100%| E|CS|TAMS 0x00000000a4900000| PB 0x00000000a4900000| Complete 
|  38|0x00000000a4a00000, 0x00000000a4b00000, 0x00000000a4b00000|100%| E|CS|TAMS 0x00000000a4a00000| PB 0x00000000a4a00000| Complete 
|  39|0x00000000a4b00000, 0x00000000a4c00000, 0x00000000a4c00000|100%| E|CS|TAMS 0x00000000a4b00000| PB 0x00000000a4b00000| Complete 
|  40|0x00000000a4c00000, 0x00000000a4d00000, 0x00000000a4d00000|100%| E|CS|TAMS 0x00000000a4c00000| PB 0x00000000a4c00000| Complete 
|  41|0x00000000a4d00000, 0x00000000a4e00000, 0x00000000a4e00000|100%| E|CS|TAMS 0x00000000a4d00000| PB 0x00000000a4d00000| Complete 
|  42|0x00000000a4e00000, 0x00000000a4f00000, 0x00000000a4f00000|100%| E|CS|TAMS 0x00000000a4e00000| PB 0x00000000a4e00000| Complete 
|  43|0x00000000a4f00000, 0x00000000a5000000, 0x00000000a5000000|100%| E|CS|TAMS 0x00000000a4f00000| PB 0x00000000a4f00000| Complete 
|  44|0x00000000a5000000, 0x00000000a5100000, 0x00000000a5100000|100%| E|CS|TAMS 0x00000000a5000000| PB 0x00000000a5000000| Complete 
|  45|0x00000000a5100000, 0x00000000a5200000, 0x00000000a5200000|100%| E|CS|TAMS 0x00000000a5100000| PB 0x00000000a5100000| Complete 
|  46|0x00000000a5200000, 0x00000000a5300000, 0x00000000a5300000|100%| E|CS|TAMS 0x00000000a5200000| PB 0x00000000a5200000| Complete 
|  47|0x00000000a5300000, 0x00000000a5400000, 0x00000000a5400000|100%| E|CS|TAMS 0x00000000a5300000| PB 0x00000000a5300000| Complete 
|  48|0x00000000a5400000, 0x00000000a5500000, 0x00000000a5500000|100%| E|CS|TAMS 0x00000000a5400000| PB 0x00000000a5400000| Complete 
|  74|0x00000000a6e00000, 0x00000000a6f00000, 0x00000000a6f00000|100%| E|CS|TAMS 0x00000000a6e00000| PB 0x00000000a6e00000| Complete 
|  93|0x00000000a8100000, 0x00000000a8200000, 0x00000000a8200000|100%| E|CS|TAMS 0x00000000a8100000| PB 0x00000000a8100000| Complete 

Card table byte_map: [0x000002ecb5110000,0x000002ecb5400000] _byte_map_base: 0x000002ecb4bfe000

Marking Bits: (CMBitMap*) 0x000002eca27d3d70
 Bits: [0x000002ecb5400000, 0x000002ecb6b70000)

Polling page: 0x000002eca0750000

Metaspace:

Usage:
  Non-class:     43.84 MB used.
      Class:      5.95 MB used.
       Both:     49.78 MB used.

Virtual space:
  Non-class space:       64.00 MB reserved,      44.19 MB ( 69%) committed,  1 nodes.
      Class space:        1.00 GB reserved,       6.25 MB ( <1%) committed,  1 nodes.
             Both:        1.06 GB reserved,      50.44 MB (  5%) committed. 

Chunk freelists:
   Non-Class:  3.36 MB
       Class:  9.58 MB
        Both:  12.94 MB

MaxMetaspaceSize: unlimited
CompressedClassSpaceSize: 1.00 GB
Initial GC threshold: 21.00 MB
Current GC threshold: 75.75 MB
CDS: off
 - commit_granule_bytes: 65536.
 - commit_granule_words: 8192.
 - virtual_space_node_default_size: 8388608.
 - enlarge_chunks_in_place: 1.
 - use_allocation_guard: 0.


Internal statistics:

num_allocs_failed_limit: 6.
num_arena_births: 1192.
num_arena_deaths: 0.
num_vsnodes_births: 2.
num_vsnodes_deaths: 0.
num_space_committed: 806.
num_space_uncommitted: 0.
num_chunks_returned_to_freelist: 6.
num_chunks_taken_from_freelist: 2845.
num_chunk_merges: 6.
num_chunk_splits: 2148.
num_chunks_enlarged: 1626.
num_inconsistent_stats: 0.

CodeHeap 'non-profiled nmethods': size=120000Kb used=1567Kb max_used=1567Kb free=118432Kb
 bounds [0x000002ecad3a0000, 0x000002ecad610000, 0x000002ecb48d0000]
CodeHeap 'profiled nmethods': size=120000Kb used=6841Kb max_used=6841Kb free=113158Kb
 bounds [0x000002eca58d0000, 0x000002eca5f80000, 0x000002ecace00000]
CodeHeap 'non-nmethods': size=5760Kb used=1544Kb max_used=1588Kb free=4216Kb
 bounds [0x000002ecace00000, 0x000002ecad070000, 0x000002ecad3a0000]
 total_blobs=4164 nmethods=3545 adapters=523
 compilation: enabled
              stopped_count=0, restarted_count=0
 full_count=0

Compilation events (20 events):
Event: 4.047 Thread 0x000002ecb9abd900 3781       3       org.jetbrains.kotlin.resolve.scopes.AbstractScopeAdapter::getContributedClassifier (24 bytes)
Event: 4.048 Thread 0x000002ecb9abd900 nmethod 3781 0x000002eca5f67f90 code [0x000002eca5f68260, 0x000002eca5f68f48]
Event: 4.048 Thread 0x000002ecb9abd900 3783       1       org.jetbrains.kotlin.load.java.lazy.descriptors.LazyJavaClassDescriptor::getKind (5 bytes)
Event: 4.048 Thread 0x000002ecb9abd900 nmethod 3783 0x000002ecad526290 code [0x000002ecad526420, 0x000002ecad5264e8]
Event: 4.048 Thread 0x000002ecb9abd900 3784       1       org.jetbrains.kotlin.types.expressions.KotlinTypeInfo::getDataFlowInfo (5 bytes)
Event: 4.048 Thread 0x000002ecb9abd900 nmethod 3784 0x000002ecad526590 code [0x000002ecad526720, 0x000002ecad5267e8]
Event: 4.050 Thread 0x000002ecb9abd900 3785       1       org.jetbrains.kotlin.load.java.structure.impl.classFiles.BinaryJavaField::getName (5 bytes)
Event: 4.050 Thread 0x000002ecb9abd900 nmethod 3785 0x000002ecad526890 code [0x000002ecad526a20, 0x000002ecad526ae8]
Event: 4.051 Thread 0x000002ecb9abd900 3786       3       java.lang.Module::implIsExportedOrOpen (92 bytes)
Event: 4.051 Thread 0x000002ecb9abd900 nmethod 3786 0x000002eca5f69410 code [0x000002eca5f69640, 0x000002eca5f69d40]
Event: 4.053 Thread 0x000002ecb9abd900 3787       3       org.jetbrains.kotlin.load.java.structure.impl.classFiles.BinaryJavaMethod::<init> (51 bytes)
Event: 4.055 Thread 0x000002ecb9abd900 nmethod 3787 0x000002eca5f69f10 code [0x000002eca5f6a300, 0x000002eca5f6bad8]
Event: 4.055 Thread 0x000002ecb9abd900 3788       3       org.jetbrains.kotlin.cli.jvm.compiler.KotlinCliJavaFileManagerImpl$findClasses$1$1$2::invoke (13 bytes)
Event: 4.055 Thread 0x000002ecb9abd900 nmethod 3788 0x000002eca5f6c390 code [0x000002eca5f6c540, 0x000002eca5f6c838]
Event: 4.055 Thread 0x000002ecb9abd900 3789       3       org.jetbrains.kotlin.cli.jvm.compiler.KotlinCliJavaFileManagerImpl$findClasses$1$1$2::invoke (108 bytes)
Event: 4.056 Thread 0x000002ecb9abd900 nmethod 3789 0x000002eca5f6c910 code [0x000002eca5f6cc20, 0x000002eca5f6dac8]
Event: 4.056 Thread 0x000002ecb9abd900 3790       3       org.jetbrains.kotlin.load.java.structure.MapBasedJavaAnnotationOwner::findAnnotation (22 bytes)
Event: 4.056 Thread 0x000002ecb9abd900 nmethod 3790 0x000002eca5f6e090 code [0x000002eca5f6e2e0, 0x000002eca5f6eb08]
Event: 4.057 Thread 0x000002ecb9abd900 3791       1       org.jetbrains.kotlin.load.java.lazy.descriptors.LazyJavaClassDescriptor::access$getC$p (5 bytes)
Event: 4.057 Thread 0x000002ecb9abd900 nmethod 3791 0x000002ecad526b90 code [0x000002ecad526d20, 0x000002ecad526dd0]

GC Heap History (20 events):
Event: 1.435 GC heap before
{Heap before GC invocations=3 (full 0):
 garbage-first heap   total 27648K, used 27230K [0x00000000a2400000, 0x0000000100000000)
  region size 1024K, 18 young (18432K), 1 survivors (1024K)
 Metaspace       used 24058K, committed 24256K, reserved 1114112K
  class space    used 2847K, committed 2944K, reserved 1048576K
}
Event: 1.448 GC heap after
{Heap after GC invocations=4 (full 0):
 garbage-first heap   total 32768K, used 13805K [0x00000000a2400000, 0x0000000100000000)
  region size 1024K, 5 young (5120K), 5 survivors (5120K)
 Metaspace       used 24058K, committed 24256K, reserved 1114112K
  class space    used 2847K, committed 2944K, reserved 1048576K
}
Event: 1.638 GC heap before
{Heap before GC invocations=4 (full 0):
 garbage-first heap   total 32768K, used 24045K [0x00000000a2400000, 0x0000000100000000)
  region size 1024K, 15 young (15360K), 5 survivors (5120K)
 Metaspace       used 27749K, committed 27968K, reserved 1114112K
  class space    used 3463K, committed 3584K, reserved 1048576K
}
Event: 1.647 GC heap after
{Heap after GC invocations=5 (full 0):
 garbage-first heap   total 32768K, used 14886K [0x00000000a2400000, 0x0000000100000000)
  region size 1024K, 1 young (1024K), 1 survivors (1024K)
 Metaspace       used 27749K, committed 27968K, reserved 1114112K
  class space    used 3463K, committed 3584K, reserved 1048576K
}
Event: 1.890 GC heap before
{Heap before GC invocations=5 (full 0):
 garbage-first heap   total 32768K, used 27174K [0x00000000a2400000, 0x0000000100000000)
  region size 1024K, 13 young (13312K), 1 survivors (1024K)
 Metaspace       used 30179K, committed 30336K, reserved 1114112K
  class space    used 3717K, committed 3776K, reserved 1048576K
}
Event: 1.895 GC heap after
{Heap after GC invocations=6 (full 0):
 garbage-first heap   total 32768K, used 14707K [0x00000000a2400000, 0x0000000100000000)
  region size 1024K, 2 young (2048K), 2 survivors (2048K)
 Metaspace       used 30179K, committed 30336K, reserved 1114112K
  class space    used 3717K, committed 3776K, reserved 1048576K
}
Event: 2.107 GC heap before
{Heap before GC invocations=6 (full 0):
 garbage-first heap   total 32768K, used 25971K [0x00000000a2400000, 0x0000000100000000)
  region size 1024K, 14 young (14336K), 2 survivors (2048K)
 Metaspace       used 32743K, committed 32896K, reserved 1114112K
  class space    used 3968K, committed 4032K, reserved 1048576K
}
Event: 2.112 GC heap after
{Heap after GC invocations=7 (full 0):
 garbage-first heap   total 43008K, used 16664K [0x00000000a2400000, 0x0000000100000000)
  region size 1024K, 2 young (2048K), 2 survivors (2048K)
 Metaspace       used 32743K, committed 32896K, reserved 1114112K
  class space    used 3968K, committed 4032K, reserved 1048576K
}
Event: 2.305 GC heap before
{Heap before GC invocations=7 (full 0):
 garbage-first heap   total 43008K, used 27928K [0x00000000a2400000, 0x0000000100000000)
  region size 1024K, 15 young (15360K), 2 survivors (2048K)
 Metaspace       used 35675K, committed 35968K, reserved 1114112K
  class space    used 4216K, committed 4352K, reserved 1048576K
}
Event: 2.309 GC heap after
{Heap after GC invocations=8 (full 0):
 garbage-first heap   total 43008K, used 17906K [0x00000000a2400000, 0x0000000100000000)
  region size 1024K, 2 young (2048K), 2 survivors (2048K)
 Metaspace       used 35675K, committed 35968K, reserved 1114112K
  class space    used 4216K, committed 4352K, reserved 1048576K
}
Event: 2.479 GC heap before
{Heap before GC invocations=9 (full 0):
 garbage-first heap   total 43008K, used 35314K [0x00000000a2400000, 0x0000000100000000)
  region size 1024K, 19 young (19456K), 2 survivors (2048K)
 Metaspace       used 37855K, committed 38528K, reserved 1114112K
  class space    used 4572K, committed 4928K, reserved 1048576K
}
Event: 2.483 GC heap after
{Heap after GC invocations=10 (full 0):
 garbage-first heap   total 43008K, used 19146K [0x00000000a2400000, 0x0000000100000000)
  region size 1024K, 3 young (3072K), 3 survivors (3072K)
 Metaspace       used 37855K, committed 38528K, reserved 1114112K
  class space    used 4572K, committed 4928K, reserved 1048576K
}
Event: 2.811 GC heap before
{Heap before GC invocations=10 (full 0):
 garbage-first heap   total 43008K, used 36554K [0x00000000a2400000, 0x0000000100000000)
  region size 1024K, 19 young (19456K), 3 survivors (3072K)
 Metaspace       used 42474K, committed 43200K, reserved 1114112K
  class space    used 5133K, committed 5504K, reserved 1048576K
}
Event: 2.818 GC heap after
{Heap after GC invocations=11 (full 0):
 garbage-first heap   total 43008K, used 22309K [0x00000000a2400000, 0x0000000100000000)
  region size 1024K, 3 young (3072K), 3 survivors (3072K)
 Metaspace       used 42474K, committed 43200K, reserved 1114112K
  class space    used 5133K, committed 5504K, reserved 1048576K
}
Event: 3.102 GC heap before
{Heap before GC invocations=11 (full 0):
 garbage-first heap   total 43008K, used 35621K [0x00000000a2400000, 0x0000000100000000)
  region size 1024K, 17 young (17408K), 3 survivors (3072K)
 Metaspace       used 45808K, committed 46464K, reserved 1114112K
  class space    used 5513K, committed 5824K, reserved 1048576K
}
Event: 3.110 GC heap after
{Heap after GC invocations=12 (full 0):
 garbage-first heap   total 52224K, used 23607K [0x00000000a2400000, 0x0000000100000000)
  region size 1024K, 2 young (2048K), 2 survivors (2048K)
 Metaspace       used 45808K, committed 46464K, reserved 1114112K
  class space    used 5513K, committed 5824K, reserved 1048576K
}
Event: 3.593 GC heap before
{Heap before GC invocations=13 (full 0):
 garbage-first heap   total 52224K, used 44087K [0x00000000a2400000, 0x0000000100000000)
  region size 1024K, 22 young (22528K), 2 survivors (2048K)
 Metaspace       used 48657K, committed 49408K, reserved 1114112K
  class space    used 5861K, committed 6208K, reserved 1048576K
}
Event: 3.603 GC heap after
{Heap after GC invocations=14 (full 0):
 garbage-first heap   total 52224K, used 26844K [0x00000000a2400000, 0x0000000100000000)
  region size 1024K, 3 young (3072K), 3 survivors (3072K)
 Metaspace       used 48657K, committed 49408K, reserved 1114112K
  class space    used 5861K, committed 6208K, reserved 1048576K
}
Event: 3.710 GC heap before
{Heap before GC invocations=14 (full 0):
 garbage-first heap   total 52224K, used 44252K [0x00000000a2400000, 0x0000000100000000)
  region size 1024K, 20 young (20480K), 3 survivors (3072K)
 Metaspace       used 48730K, committed 49472K, reserved 1114112K
  class space    used 5861K, committed 6208K, reserved 1048576K
}
Event: 3.721 GC heap after
{Heap after GC invocations=15 (full 0):
 garbage-first heap   total 52224K, used 27554K [0x00000000a2400000, 0x0000000100000000)
  region size 1024K, 2 young (2048K), 2 survivors (2048K)
 Metaspace       used 48730K, committed 49472K, reserved 1114112K
  class space    used 5861K, committed 6208K, reserved 1048576K
}

Dll operation events (3 events):
Event: 0.007 Loaded shared library C:\Program Files\Android\Android Studio_new\jbr\bin\java.dll
Event: 0.013 Loaded shared library C:\Program Files\Android\Android Studio_new\jbr\bin\zip.dll
Event: 1.050 Loaded shared library C:\Program Files\Android\Android Studio_new\jbr\bin\verify.dll

Deoptimization events (20 events):
Event: 3.842 Thread 0x000002eca0541d50 Uncommon trap: trap_request=0xffffff45 fr.pc=0x000002ecad4ef6d8 relative=0x00000000000007b8
Event: 3.842 Thread 0x000002eca0541d50 Uncommon trap: reason=unstable_if action=reinterpret pc=0x000002ecad4ef6d8 method=java.util.HashMap.putVal(ILjava/lang/Object;Ljava/lang/Object;ZZ)Ljava/lang/Object; @ 94 c2
Event: 3.842 Thread 0x000002eca0541d50 DEOPT PACKING pc=0x000002ecad4ef6d8 sp=0x000000fb781fcc90
Event: 3.842 Thread 0x000002eca0541d50 DEOPT UNPACKING pc=0x000002ecace546a2 sp=0x000000fb781fcc28 mode 2
Event: 3.861 Thread 0x000002eca0541d50 Uncommon trap: trap_request=0xffffff45 fr.pc=0x000002ecad47a704 relative=0x00000000000000e4
Event: 3.861 Thread 0x000002eca0541d50 Uncommon trap: reason=unstable_if action=reinterpret pc=0x000002ecad47a704 method=java.util.Arrays.equals([Ljava/lang/Object;[Ljava/lang/Object;)Z @ 44 c2
Event: 3.861 Thread 0x000002eca0541d50 DEOPT PACKING pc=0x000002ecad47a704 sp=0x000000fb781fc730
Event: 3.861 Thread 0x000002eca0541d50 DEOPT UNPACKING pc=0x000002ecace546a2 sp=0x000000fb781fc6c0 mode 2
Event: 3.903 Thread 0x000002eca0541d50 Uncommon trap: trap_request=0xffffffde fr.pc=0x000002ecad4b4d14 relative=0x0000000000000074
Event: 3.903 Thread 0x000002eca0541d50 Uncommon trap: reason=class_check action=maybe_recompile pc=0x000002ecad4b4d14 method=java.util.Collections$UnmodifiableCollection.size()I @ 4 c2
Event: 3.903 Thread 0x000002eca0541d50 DEOPT PACKING pc=0x000002ecad4b4d14 sp=0x000000fb781fa290
Event: 3.903 Thread 0x000002eca0541d50 DEOPT UNPACKING pc=0x000002ecace546a2 sp=0x000000fb781fa218 mode 2
Event: 3.903 Thread 0x000002eca0541d50 Uncommon trap: trap_request=0xffffffde fr.pc=0x000002ecad4b4d14 relative=0x0000000000000074
Event: 3.903 Thread 0x000002eca0541d50 Uncommon trap: reason=class_check action=maybe_recompile pc=0x000002ecad4b4d14 method=java.util.Collections$UnmodifiableCollection.size()I @ 4 c2
Event: 3.903 Thread 0x000002eca0541d50 DEOPT PACKING pc=0x000002ecad4b4d14 sp=0x000000fb781fa600
Event: 3.903 Thread 0x000002eca0541d50 DEOPT UNPACKING pc=0x000002ecace546a2 sp=0x000000fb781fa588 mode 2
Event: 4.015 Thread 0x000002eca0541d50 Uncommon trap: trap_request=0xffffffc6 fr.pc=0x000002ecad42a35c relative=0x00000000000002fc
Event: 4.015 Thread 0x000002eca0541d50 Uncommon trap: reason=bimorphic_or_optimized_type_check action=maybe_recompile pc=0x000002ecad42a35c method=java.util.HashMap.getNode(Ljava/lang/Object;)Ljava/util/HashMap$Node; @ 128 c2
Event: 4.015 Thread 0x000002eca0541d50 DEOPT PACKING pc=0x000002ecad42a35c sp=0x000000fb781faae0
Event: 4.015 Thread 0x000002eca0541d50 DEOPT UNPACKING pc=0x000002ecace546a2 sp=0x000000fb781fa9e8 mode 2

Classes loaded (20 events):
Event: 2.942 Loading class java/util/stream/ReduceOps$AccumulatingSink done
Event: 2.942 Loading class java/util/stream/ReduceOps$Box
Event: 2.942 Loading class java/util/stream/ReduceOps$Box done
Event: 2.942 Loading class java/util/stream/ReduceOps$3ReducingSink done
Event: 2.942 Loading class java/util/stream/ReferencePipeline$2$1
Event: 2.942 Loading class java/util/stream/ReferencePipeline$2$1 done
Event: 2.942 Loading class java/util/stream/IntPipeline$1$1
Event: 2.942 Loading class java/util/stream/Sink$ChainedInt
Event: 2.942 Loading class java/util/stream/Sink$OfInt
Event: 2.942 Loading class java/util/function/IntConsumer
Event: 2.942 Loading class java/util/function/IntConsumer done
Event: 2.942 Loading class java/util/stream/Sink$OfInt done
Event: 2.942 Loading class java/util/stream/Sink$ChainedInt done
Event: 2.942 Loading class java/util/stream/IntPipeline$1$1 done
Event: 3.170 Loading class java/util/Collections$SingletonMap
Event: 3.170 Loading class java/util/Collections$SingletonMap done
Event: 3.279 Loading class java/util/RegularEnumSet$EnumSetIterator
Event: 3.280 Loading class java/util/RegularEnumSet$EnumSetIterator done
Event: 3.869 Loading class java/util/Collections$CopiesList
Event: 3.869 Loading class java/util/Collections$CopiesList done

Classes unloaded (0 events):
No events

Classes redefined (0 events):
No events

Internal exceptions (20 events):
Event: 2.444 Thread 0x000002eca0541d50 Exception <a 'java/lang/NoSuchMethodError'{0x00000000a41c14f0}: 'java.lang.Object java.lang.invoke.DirectMethodHandle$Holder.invokeSpecial(java.lang.Object, java.lang.Object, java.lang.Object, java.lang.Object, java.lang.Object, java.lang.Object, java.lang.Object, java.lang.Object, java.lang.Object, java.lang.Object, java.lang.Object, java.lang.Object, java.lang.Object, java.lang.Object, java.lang.Object, java.lang.Object, java.lang.Object, java.lang.Object, java.lang.Object, java.lang.Object, java.lang.Ob
Event: 2.444 Thread 0x000002eca0541d50 Exception <a 'java/lang/NoSuchMethodError'{0x00000000a41c6c68}: 'java.lang.Object java.lang.invoke.DelegatingMethodHandle$Holder.reinvoke_L(java.lang.Object, java.lang.Object, java.lang.Object, java.lang.Object, java.lang.Object, java.lang.Object, java.lang.Object, java.lang.Object, java.lang.Object, java.lang.Object, java.lang.Object, java.lang.Object, java.lang.Object, java.lang.Object, java.lang.Object, java.lang.Object, java.lang.Object, java.lang.Object, java.lang.Object, java.lang.Object, java.lang.O
Event: 2.448 Thread 0x000002eca0541d50 Exception <a 'java/lang/NoSuchMethodError'{0x00000000a3e95278}: 'java.lang.Object java.lang.invoke.DirectMethodHandle$Holder.invokeStatic(java.lang.Object, java.lang.Object, java.lang.Object, java.lang.Object, java.lang.Object, java.lang.Object, java.lang.Object, java.lang.Object, java.lang.Object, java.lang.Object, java.lang.Object, java.lang.Object, java.lang.Object, java.lang.Object, java.lang.Object, java.lang.Object, java.lang.Object, java.lang.Object, java.lang.Object, java.lang.Object, java.lang.Obj
Event: 2.449 Thread 0x000002eca0541d50 Exception <a 'java/lang/NoSuchMethodError'{0x00000000a3ec7aa0}: 'java.lang.Object java.lang.invoke.DirectMethodHandle$Holder.invokeStatic(java.lang.Object, java.lang.Object, java.lang.Object, java.lang.Object, java.lang.Object, java.lang.Object, java.lang.Object, java.lang.Object, java.lang.Object, java.lang.Object, java.lang.Object, java.lang.Object, java.lang.Object, java.lang.Object, java.lang.Object, java.lang.Object, java.lang.Object, java.lang.Object, java.lang.Object, java.lang.Object, java.lang.Obj
Event: 2.455 Thread 0x000002eca0541d50 Exception <a 'java/lang/NoSuchMethodError'{0x00000000a3d41238}: 'java.lang.Object java.lang.invoke.DirectMethodHandle$Holder.newInvokeSpecial(java.lang.Object, java.lang.Object, java.lang.Object, java.lang.Object, java.lang.Object, java.lang.Object, java.lang.Object, java.lang.Object, java.lang.Object, java.lang.Object, java.lang.Object, java.lang.Object, java.lang.Object)'> (0x00000000a3d41238) 
thrown [s\src\hotspot\share\interpreter\linkResolver.cpp, line 784]
Event: 2.455 Thread 0x000002eca0541d50 Exception <a 'java/lang/NoSuchMethodError'{0x00000000a3d46248}: 'java.lang.Object java.lang.invoke.DirectMethodHandle$Holder.invokeSpecial(java.lang.Object, java.lang.Object, java.lang.Object, java.lang.Object, java.lang.Object, java.lang.Object, java.lang.Object, java.lang.Object, java.lang.Object, java.lang.Object, java.lang.Object, java.lang.Object, java.lang.Object, java.lang.Object)'> (0x00000000a3d46248) 
thrown [s\src\hotspot\share\interpreter\linkResolver.cpp, line 784]
Event: 2.456 Thread 0x000002eca0541d50 Exception <a 'java/lang/NoSuchMethodError'{0x00000000a3d4a798}: 'java.lang.Object java.lang.invoke.DelegatingMethodHandle$Holder.reinvoke_L(java.lang.Object, java.lang.Object, java.lang.Object, java.lang.Object, java.lang.Object, java.lang.Object, java.lang.Object, java.lang.Object, java.lang.Object, java.lang.Object, java.lang.Object, java.lang.Object, java.lang.Object)'> (0x00000000a3d4a798) 
thrown [s\src\hotspot\share\interpreter\linkResolver.cpp, line 784]
Event: 2.571 Thread 0x000002eca0541d50 Exception <a 'java/lang/NoSuchMethodError'{0x00000000a4942d30}: 'java.lang.Object java.lang.invoke.DirectMethodHandle$Holder.newInvokeSpecial(java.lang.Object, java.lang.Object, int)'> (0x00000000a4942d30) 
thrown [s\src\hotspot\share\interpreter\linkResolver.cpp, line 784]
Event: 2.640 Thread 0x000002eca0541d50 Exception <a 'java/lang/NoSuchMethodError'{0x00000000a463f130}: 'java.lang.Object java.lang.invoke.DirectMethodHandle$Holder.newInvokeSpecial(java.lang.Object, java.lang.Object, java.lang.Object, int)'> (0x00000000a463f130) 
thrown [s\src\hotspot\share\interpreter\linkResolver.cpp, line 784]
Event: 2.640 Thread 0x000002eca0541d50 Exception <a 'java/lang/NoSuchMethodError'{0x00000000a4643330}: 'java.lang.Object java.lang.invoke.DirectMethodHandle$Holder.invokeSpecial(java.lang.Object, java.lang.Object, java.lang.Object, java.lang.Object, int)'> (0x00000000a4643330) 
thrown [s\src\hotspot\share\interpreter\linkResolver.cpp, line 784]
Event: 2.641 Thread 0x000002eca0541d50 Exception <a 'java/lang/NoSuchMethodError'{0x00000000a4646a88}: 'java.lang.Object java.lang.invoke.Invokers$Holder.linkToTargetMethod(java.lang.Object, java.lang.Object, int, java.lang.Object)'> (0x00000000a4646a88) 
thrown [s\src\hotspot\share\interpreter\linkResolver.cpp, line 784]
Event: 2.690 Thread 0x000002eca0541d50 Implicit null exception at 0x000002ecad4599fc to 0x000002ecad459ac4
Event: 3.277 Thread 0x000002eca0541d50 Exception <a 'java/lang/NoSuchMethodError'{0x00000000a512c478}: 'java.lang.Object java.lang.invoke.DirectMethodHandle$Holder.invokeSpecial(java.lang.Object, java.lang.Object, java.lang.Object, java.lang.Object, java.lang.Object, java.lang.Object, int)'> (0x00000000a512c478) 
thrown [s\src\hotspot\share\interpreter\linkResolver.cpp, line 784]
Event: 3.376 Thread 0x000002eca0541d50 Implicit null exception at 0x000002ecad4b249a to 0x000002ecad4b26a8
Event: 3.409 Thread 0x000002eca0541d50 Implicit null exception at 0x000002ecad4cc3cb to 0x000002ecad4cddcc
Event: 3.409 Thread 0x000002eca0541d50 Implicit null exception at 0x000002ecad45888d to 0x000002ecad4590dc
Event: 3.438 Thread 0x000002eca0541d50 Implicit null exception at 0x000002ecad45ebbd to 0x000002ecad45ec39
Event: 3.476 Thread 0x000002eca0541d50 Implicit null exception at 0x000002ecad4d66da to 0x000002ecad4d67d8
Event: 3.503 Thread 0x000002eca0541d50 Exception <a 'java/lang/NoSuchMethodError'{0x00000000a4dce018}: 'java.lang.Object java.lang.invoke.DirectMethodHandle$Holder.invokeInterface(java.lang.Object, java.lang.Object, java.lang.Object)'> (0x00000000a4dce018) 
thrown [s\src\hotspot\share\interpreter\linkResolver.cpp, line 784]
Event: 3.503 Thread 0x000002eca0541d50 Exception <a 'java/lang/IncompatibleClassChangeError'{0x00000000a4dd16c0}: Found class java.lang.Object, but interface was expected> (0x00000000a4dd16c0) 
thrown [s\src\hotspot\share\interpreter\linkResolver.cpp, line 851]

ZGC Phase Switch (0 events):
No events

VM Operations (20 events):
Event: 3.101 Executing VM operation: G1CollectForAllocation (G1 Evacuation Pause)
Event: 3.110 Executing VM operation: G1CollectForAllocation (G1 Evacuation Pause) done
Event: 3.120 Executing VM operation: G1PauseRemark
Event: 3.124 Executing VM operation: G1PauseRemark done
Event: 3.127 Executing VM operation: G1PauseCleanup
Event: 3.127 Executing VM operation: G1PauseCleanup done
Event: 3.326 Executing VM operation: HandshakeAllThreads (Deoptimize)
Event: 3.327 Executing VM operation: HandshakeAllThreads (Deoptimize) done
Event: 3.532 Executing VM operation: HandshakeAllThreads (Deoptimize)
Event: 3.532 Executing VM operation: HandshakeAllThreads (Deoptimize) done
Event: 3.593 Executing VM operation: G1CollectForAllocation (G1 Evacuation Pause)
Event: 3.603 Executing VM operation: G1CollectForAllocation (G1 Evacuation Pause) done
Event: 3.710 Executing VM operation: G1CollectForAllocation (G1 Evacuation Pause)
Event: 3.721 Executing VM operation: G1CollectForAllocation (G1 Evacuation Pause) done
Event: 3.953 Executing VM operation: HandshakeAllThreads (Deoptimize)
Event: 3.953 Executing VM operation: HandshakeAllThreads (Deoptimize) done
Event: 3.989 Executing VM operation: HandshakeAllThreads (Deoptimize)
Event: 3.989 Executing VM operation: HandshakeAllThreads (Deoptimize) done
Event: 3.994 Executing VM operation: ICBufferFull
Event: 3.995 Executing VM operation: ICBufferFull done

Memory protections (0 events):
No events

Nmethod flushes (20 events):
Event: 3.123 Thread 0x000002ecb97a81b0 flushing  nmethod 0x000002eca5a6fb10
Event: 3.123 Thread 0x000002ecb97a81b0 flushing  nmethod 0x000002eca5a7ac10
Event: 3.123 Thread 0x000002ecb97a81b0 flushing  nmethod 0x000002eca5a7ba90
Event: 3.123 Thread 0x000002ecb97a81b0 flushing  nmethod 0x000002eca5a7c990
Event: 3.123 Thread 0x000002ecb97a81b0 flushing  nmethod 0x000002eca5a7cf10
Event: 3.123 Thread 0x000002ecb97a81b0 flushing  nmethod 0x000002eca5a7d490
Event: 3.123 Thread 0x000002ecb97a81b0 flushing  nmethod 0x000002eca5a7da10
Event: 3.123 Thread 0x000002ecb97a81b0 flushing  nmethod 0x000002eca5a7f710
Event: 3.123 Thread 0x000002ecb97a81b0 flushing  nmethod 0x000002eca5a81410
Event: 3.123 Thread 0x000002ecb97a81b0 flushing  nmethod 0x000002eca5ac3110
Event: 3.123 Thread 0x000002ecb97a81b0 flushing  nmethod 0x000002eca5ac3b90
Event: 3.123 Thread 0x000002ecb97a81b0 flushing  nmethod 0x000002eca5ac4a10
Event: 3.123 Thread 0x000002ecb97a81b0 flushing  nmethod 0x000002eca5ac4d10
Event: 3.123 Thread 0x000002ecb97a81b0 flushing  nmethod 0x000002eca5ac5110
Event: 3.123 Thread 0x000002ecb97a81b0 flushing  nmethod 0x000002eca5ac5810
Event: 3.123 Thread 0x000002ecb97a81b0 flushing  nmethod 0x000002eca5ac5f10
Event: 3.123 Thread 0x000002ecb97a81b0 flushing  nmethod 0x000002eca5ad2f90
Event: 3.123 Thread 0x000002ecb97a81b0 flushing  nmethod 0x000002eca5ad7290
Event: 3.123 Thread 0x000002ecb97a81b0 flushing  nmethod 0x000002eca5af1490
Event: 3.123 Thread 0x000002ecb97a81b0 flushing  nmethod 0x000002eca5b7d790

Events (15 events):
Event: 0.011 Thread 0x000002eca0541d50 Thread added: 0x000002eca0541d50
Event: 0.061 Thread 0x000002eca0541d50 Thread added: 0x000002ecb9a8c5d0
Event: 0.061 Thread 0x000002eca0541d50 Thread added: 0x000002ecb9a8d4f0
Event: 0.062 Thread 0x000002eca0541d50 Thread added: 0x000002ecb9aa8d70
Event: 0.062 Thread 0x000002eca0541d50 Thread added: 0x000002ecb9aa97d0
Event: 0.063 Thread 0x000002eca0541d50 Thread added: 0x000002ecb9ab2250
Event: 0.063 Thread 0x000002eca0541d50 Thread added: 0x000002ecb9ab82c0
Event: 0.063 Thread 0x000002eca0541d50 Thread added: 0x000002ecb9abd120
Event: 0.063 Thread 0x000002eca0541d50 Thread added: 0x000002ecb9abd900
Event: 0.108 Thread 0x000002eca0541d50 Thread added: 0x000002ecb9ab6f10
Event: 0.112 Thread 0x000002eca0541d50 Thread added: 0x000002ecb9ab4e40
Event: 0.120 Loaded shared library C:\Program Files\Android\Android Studio_new\jbr\bin\net.dll
Event: 0.123 Loaded shared library C:\Program Files\Android\Android Studio_new\jbr\bin\nio.dll
Event: 0.159 Loaded shared library C:\Program Files\Android\Android Studio_new\jbr\bin\zip.dll
Event: 0.197 Loaded shared library C:\Program Files\Android\Android Studio_new\jbr\bin\jimage.dll


Dynamic libraries:
0x00007ff6180e0000 - 0x00007ff6180ea000 	C:\Program Files\Android\Android Studio_new\jbr\bin\java.exe
0x00007ffc0b510000 - 0x00007ffc0b727000 	C:\WINDOWS\SYSTEM32\ntdll.dll
0x00007ffc0b150000 - 0x00007ffc0b214000 	C:\WINDOWS\System32\KERNEL32.DLL
0x00007ffc08a90000 - 0x00007ffc08e61000 	C:\WINDOWS\System32\KERNELBASE.dll
0x00007ffc08ea0000 - 0x00007ffc08fb1000 	C:\WINDOWS\System32\ucrtbase.dll
0x00007ffc04180000 - 0x00007ffc0419b000 	C:\Program Files\Android\Android Studio_new\jbr\bin\VCRUNTIME140.dll
0x00007ffbe31d0000 - 0x00007ffbe31e8000 	C:\Program Files\Android\Android Studio_new\jbr\bin\jli.dll
0x00007ffc09430000 - 0x00007ffc095e1000 	C:\WINDOWS\System32\USER32.dll
0x00007ffbf8ac0000 - 0x00007ffbf8d52000 	C:\WINDOWS\WinSxS\amd64_microsoft.windows.common-controls_6595b64144ccf1df_6.0.22621.4830_none_270fe7d773858e80\COMCTL32.dll
0x00007ffc08650000 - 0x00007ffc08676000 	C:\WINDOWS\System32\win32u.dll
0x00007ffc097b0000 - 0x00007ffc09857000 	C:\WINDOWS\System32\msvcrt.dll
0x00007ffc098b0000 - 0x00007ffc098d9000 	C:\WINDOWS\System32\GDI32.dll
0x00007ffc08fc0000 - 0x00007ffc090db000 	C:\WINDOWS\System32\gdi32full.dll
0x00007ffc08880000 - 0x00007ffc0891a000 	C:\WINDOWS\System32\msvcp_win.dll
0x00007ffc093f0000 - 0x00007ffc09421000 	C:\WINDOWS\System32\IMM32.DLL
0x00007ffc07e00000 - 0x00007ffc07e0c000 	C:\Program Files\Android\Android Studio_new\jbr\bin\vcruntime140_1.dll
0x00007ffbddeb0000 - 0x00007ffbddf3d000 	C:\Program Files\Android\Android Studio_new\jbr\bin\msvcp140.dll
0x00007ffb7afc0000 - 0x00007ffb7bc43000 	C:\Program Files\Android\Android Studio_new\jbr\bin\server\jvm.dll
0x00007ffc0a270000 - 0x00007ffc0a321000 	C:\WINDOWS\System32\ADVAPI32.dll
0x00007ffc09290000 - 0x00007ffc09337000 	C:\WINDOWS\System32\sechost.dll
0x00007ffc08e70000 - 0x00007ffc08e98000 	C:\WINDOWS\System32\bcrypt.dll
0x00007ffc0ae90000 - 0x00007ffc0afa4000 	C:\WINDOWS\System32\RPCRT4.dll
0x00007ffc0b450000 - 0x00007ffc0b4c1000 	C:\WINDOWS\System32\WS2_32.dll
0x00007ffc08530000 - 0x00007ffc0857d000 	C:\WINDOWS\SYSTEM32\POWRPROF.dll
0x00007ffc037f0000 - 0x00007ffc03824000 	C:\WINDOWS\SYSTEM32\WINMM.dll
0x00007ffc037e0000 - 0x00007ffc037ea000 	C:\WINDOWS\SYSTEM32\VERSION.dll
0x00007ffc08500000 - 0x00007ffc08513000 	C:\WINDOWS\SYSTEM32\UMPDC.dll
0x00007ffc06ed0000 - 0x00007ffc06ee8000 	C:\WINDOWS\SYSTEM32\kernel.appcore.dll
0x00007ffc07b70000 - 0x00007ffc07b7a000 	C:\Program Files\Android\Android Studio_new\jbr\bin\jimage.dll
0x00007ffc07ec0000 - 0x00007ffc080f2000 	C:\WINDOWS\SYSTEM32\DBGHELP.DLL
0x00007ffc0a490000 - 0x00007ffc0a820000 	C:\WINDOWS\System32\combase.dll
0x00007ffc0a190000 - 0x00007ffc0a267000 	C:\WINDOWS\System32\OLEAUT32.dll
0x00007ffc07db0000 - 0x00007ffc07de2000 	C:\WINDOWS\SYSTEM32\dbgcore.DLL
0x00007ffc090e0000 - 0x00007ffc0915b000 	C:\WINDOWS\System32\bcryptPrimitives.dll
0x00007ffc03ec0000 - 0x00007ffc03ee0000 	C:\Program Files\Android\Android Studio_new\jbr\bin\java.dll
0x00007ffc03960000 - 0x00007ffc03978000 	C:\Program Files\Android\Android Studio_new\jbr\bin\zip.dll
0x00007ffc09900000 - 0x00007ffc0a188000 	C:\WINDOWS\System32\SHELL32.dll
0x00007ffc08680000 - 0x00007ffc087bf000 	C:\WINDOWS\System32\wintypes.dll
0x00007ffc05680000 - 0x00007ffc05f8c000 	C:\WINDOWS\SYSTEM32\windows.storage.dll
0x00007ffc0afb0000 - 0x00007ffc0b0ba000 	C:\WINDOWS\System32\SHCORE.dll
0x00007ffc0a830000 - 0x00007ffc0a88e000 	C:\WINDOWS\System32\shlwapi.dll
0x00007ffc08580000 - 0x00007ffc085ab000 	C:\WINDOWS\SYSTEM32\profapi.dll
0x00007ffc03f70000 - 0x00007ffc03f80000 	C:\Program Files\Android\Android Studio_new\jbr\bin\net.dll
0x00007ffc034c0000 - 0x00007ffc035ec000 	C:\WINDOWS\SYSTEM32\WINHTTP.dll
0x00007ffc07390000 - 0x00007ffc073fa000 	C:\WINDOWS\system32\mswsock.dll
0x00007ffbfa0d0000 - 0x00007ffbfa0e6000 	C:\Program Files\Android\Android Studio_new\jbr\bin\nio.dll
0x00007ffbf9340000 - 0x00007ffbf9350000 	C:\Program Files\Android\Android Studio_new\jbr\bin\verify.dll

dbghelp: loaded successfully - version: 4.0.5 - missing functions: none
symbol engine: initialized successfully - sym options: 0x614 - pdb path: .;C:\Program Files\Android\Android Studio_new\jbr\bin;C:\WINDOWS\SYSTEM32;C:\WINDOWS\WinSxS\amd64_microsoft.windows.common-controls_6595b64144ccf1df_6.0.22621.4830_none_270fe7d773858e80;C:\Program Files\Android\Android Studio_new\jbr\bin\server

VM Arguments:
java_command: org.jetbrains.kotlin.cli.jvm.K2JVMCompiler @D:\React Projects\HRDesk\hrm06022025\hrm\build\android_id\20250303_12527275515191777921.compiler.options
java_class_path (initial): C:\Users\lenovo\.gradle\caches\modules-2\files-2.1\org.jetbrains.kotlin\kotlin-compiler-embeddable\1.9.22\9cd4dc7773cf2a99ecd961a88fbbc9a2da3fb5e1\kotlin-compiler-embeddable-1.9.22.jar;C:\Users\lenovo\.gradle\caches\modules-2\files-2.1\org.jetbrains.kotlin\kotlin-stdlib\1.9.22\d6c44cd08d8f3f9bece8101216dbe6553365c6e3\kotlin-stdlib-1.9.22.jar;C:\Users\lenovo\.gradle\caches\modules-2\files-2.1\org.jetbrains.kotlin\kotlin-script-runtime\1.9.22\f8139a46fc677ec9badc49ae954392f4f5e7e7c7\kotlin-script-runtime-1.9.22.jar;C:\Users\lenovo\.gradle\caches\modules-2\files-2.1\org.jetbrains.kotlin\kotlin-reflect\1.6.10\1cbe9c92c12a94eea200d23c2bbaedaf3daf5132\kotlin-reflect-1.6.10.jar;C:\Users\lenovo\.gradle\caches\modules-2\files-2.1\org.jetbrains.kotlin\kotlin-daemon-embeddable\1.9.22\20e2c5df715f3240c765cfc222530e2796542021\kotlin-daemon-embeddable-1.9.22.jar;C:\Users\lenovo\.gradle\caches\modules-2\files-2.1\org.jetbrains.intellij.deps\trove4j\1.0.20200330\3afb14d5f9ceb459d724e907a21145e8ff394f02\trove4j-1.0.20200330.jar;C:\Users\lenovo\.gradle\caches\modules-2\files-2.1\org.jetbrains\annotations\13.0\919f0dfe192fb4e063e7dacadee7f8bb9a2672a9\annotations-13.0.jar
Launcher Type: SUN_STANDARD

[Global flags]
     intx CICompilerCount                          = 4                                         {product} {ergonomic}
     uint ConcGCThreads                            = 3                                         {product} {ergonomic}
     uint G1ConcRefinementThreads                  = 10                                        {product} {ergonomic}
   size_t G1HeapRegionSize                         = 1048576                                   {product} {ergonomic}
    uintx GCDrainStackTargetSize                   = 64                                        {product} {ergonomic}
   size_t InitialHeapSize                          = 98566144                                  {product} {ergonomic}
   size_t MarkStackSize                            = 4194304                                   {product} {ergonomic}
   size_t MaxHeapSize                              = 1572864000                                {product} {ergonomic}
   size_t MaxNewSize                               = 943718400                                 {product} {ergonomic}
   size_t MinHeapDeltaBytes                        = 1048576                                   {product} {ergonomic}
   size_t MinHeapSize                              = 8388608                                   {product} {ergonomic}
    uintx NonNMethodCodeHeapSize                   = 5839372                                {pd product} {ergonomic}
    uintx NonProfiledCodeHeapSize                  = 122909434                              {pd product} {ergonomic}
    uintx ProfiledCodeHeapSize                     = 122909434                              {pd product} {ergonomic}
    uintx ReservedCodeCacheSize                    = 251658240                              {pd product} {ergonomic}
     bool SegmentedCodeCache                       = true                                      {product} {ergonomic}
   size_t SoftMaxHeapSize                          = 1572864000                             {manageable} {ergonomic}
     bool UseCompressedOops                        = true                           {product lp64_product} {ergonomic}
     bool UseG1GC                                  = true                                      {product} {ergonomic}
     bool UseLargePagesIndividualAllocation        = false                                  {pd product} {ergonomic}

Logging:
Log output configuration:
 #0: stdout all=warning uptime,level,tags foldmultilines=false
 #1: stderr all=off uptime,level,tags foldmultilines=false

Environment Variables:
JAVA_HOME=C:\Program Files\Android\Android Studio_new\jbr
CLASSPATH=D:\React Projects\HRDesk\hrm06022025\hrm\android\\gradle\wrapper\gradle-wrapper.jar
PATH=C:\Program Files\Android\Android Studio_new\jbr\bin;C:\Python313\Scripts\;C:\Python313\;C:\Program Files\Common Files\Oracle\Java\javapath;C:\Windows\system32;C:\Windows;C:\Windows\System32\Wbem;C:\Windows\System32\WindowsPowerShell\v1.0\;C:\Windows\System32\OpenSSH\;C:\Program Files (x86)\NVIDIA Corporation\PhysX\Common;C:\Program Files\Java\jdk-17.0.2\bin;C:\Program Files\Git\cmd;C:\Program Files\NVIDIA Corporation\NVIDIA NvDLISR;D:\flutter_windows_2.10.0-stable\flutter\bin;C:\WINDOWS\system32;C:\WINDOWS;C:\WINDOWS\System32\Wbem;C:\WINDOWS\System32\WindowsPowerShell\v1.0\;C:\WINDOWS\System32\OpenSSH\;%NVM_HOME%;%NVM_SYMLINK%;C:\Program Files\MySQL\MySQL Shell 8.0\bin\;C:\Users\lenovo\AppData\Local\Microsoft\WindowsApps;D:\flutter_windows_2.10.0-stable\flutter\bin;C:\Program Files\JetBrains\IntelliJ IDEA Community Edition 2022.3.2\bin;C:\Users\lenovo\AppData\Local\Programs\Microsoft VS Code\bin;C:\Users\lenovo\AppData\Roaming\npm;C:\Users\lenovo\AppData\Roaming\nvm;C:\Program Files\nodejs;C:\Users\lenovo\AppData\Local\JetBrains\Toolbox\scripts;;D:\flutter_windows_2.10.0-stable\flutter\bin\mingit\cmd
USERNAME=lenovo
OS=Windows_NT
PROCESSOR_IDENTIFIER=AMD64 Family 25 Model 80 Stepping 0, AuthenticAMD
TMP=C:\Users\lenovo\AppData\Local\Temp
TEMP=C:\Users\lenovo\AppData\Local\Temp




Periodic native trim disabled

JNI global refs:
JNI global refs: 9, weak refs: 10

JNI global refs memory usage: 835, weak refs: 833

Process memory usage:
Resident Set Size: 197660K (3% of 6139972K total physical memory with 42320K free physical memory)

OOME stack traces (most recent first):
Classloader memory used:
